info|2020-11-25 04:49:40.574082|[INITIALIZER][initGlobalConfig],enableCompress=true,compatibilityVersion=2.6.0,versionNumber=33947648,enableStat=false,chainId=1,useSMCrypto=false
info|2020-11-25 04:49:40.576762|[INITIALIZER][SecureInitializer]loading privateKey
info|2020-11-25 04:49:40.671308|[INITIALIZER][SecureInitializer]get pub of node,nodeID=2fba64b0e957aa63f4fe34a6e01bda1e7c3cde666f7675b1985bb6c6f478a76b839242c0b4c0827c30e43b3d1e946c863eb58a7dc8e4eae3e3dd439a78bba140
info|2020-11-25 04:49:40.679207|[INITIALIZER][SecureInitializer]use user certificate,file=conf//node.crt
info|2020-11-25 04:49:40.679923|[INITIALIZER][SecureInitializer]use ca certificate,file=conf//ca.crt
info|2020-11-25 04:49:40.680008|[INITIALIZER][SecureInitializer]use ca,file=conf//
info|2020-11-25 04:49:40.688171|[NETWORK][Host]Connecting to node,endpoint=127.0.0.1:30300
info|2020-11-25 04:49:40.689088|[NETWORK][Host]P2P StartAccept,Host=0.0.0.0:30300
info|2020-11-25 04:49:40.693497|[NETWORK][Host]Connecting to node,endpoint=127.0.0.1:30301
info|2020-11-25 04:49:40.693538|[NETWORK][Host]Connecting to node,endpoint=127.0.0.1:30302
info|2020-11-25 04:49:40.693563|[NETWORK][Host]Connecting to node,endpoint=127.0.0.1:30303
info|2020-11-25 04:49:40.693594|[P2P][Service] heartBeat,connected count=0
info|2020-11-25 04:49:40.693619|[INITIALIZER][RPCInitializer],network_security.check_cert_issuer=true
info|2020-11-25 04:49:40.694772|[CHANNEL]ChannelRPCServer started
info|2020-11-25 04:49:40.694781|[INITIALIZER][RPCInitializer]ChannelRPCHttpServer started.
info|2020-11-25 04:49:40.694786|[INITIALIZER][LedgerInitializer]initConfig
info|2020-11-25 04:49:40.694798|[LedgerInitializer],groupConfigPath=conf/
info|2020-11-25 04:49:40.702836|[NETWORK][Host]P2P Recv Connect, From=127.0.0.1:46462
info|2020-11-25 04:49:40.702919|[NETWORK][Host]P2P StartAccept,Host=0.0.0.0:30300
info|2020-11-25 04:49:40.705021|[INITIALIZER][initSingleLedger] [GroupId], LedgerConstructor:  1,configFileName=conf/group.1.genesis,dataDir=data/
info|2020-11-25 04:49:40.705516|[NETWORK][Host]P2P Recv Connect, From=127.0.0.1:46470
info|2020-11-25 04:49:40.705566|[NETWORK][Host]P2P StartAccept,Host=0.0.0.0:30300
info|2020-11-25 04:49:40.706433|[NETWORK][ASIO]asyncResolveConnect,endpoint=127.0.0.1:30300
info|2020-11-25 04:49:40.707737|[g:1][LedgerParam][parseGenesisConfig]initConsensusConfig/initStorageConfig/initTxConfig,configFile=conf/group.1.genesis
info|2020-11-25 04:49:40.707757|[g:1][LedgerParam][initConsensusConfig],type=pbft,consensusTimeout=3,maxTxNum=1000,txGasLimit=300000000
info|2020-11-25 04:49:40.707775|[g:1][LedgerParam][parsePublicKeyListOfSection],sectionName=consensus,it.first=2fba64b0e957aa63f4fe34a6e01bda1e7c3cde666f7675b1985bb6c6f478a76b839242c0b4c0827c30e43b3d1e946c863eb58a7dc8e4eae3e3dd439a78bba140
info|2020-11-25 04:49:40.707790|[g:1][LedgerParam][parsePublicKeyListOfSection],sectionName=consensus,it.first=5ae2db1c257ad0d1f68828d95b30668d270f7da75bd4d0c1aee9d5ada6da0fd0eb53b893d1c8a518e4884ea58fabfa5ea1c62f120045f1e512aa93b7df7a08f6
info|2020-11-25 04:49:40.707805|[g:1][LedgerParam][parsePublicKeyListOfSection],sectionName=consensus,it.first=097c5791ab496e86ce3fca3b4f86fb8044b28d6b79ead1ba3c9c73f2cd1aa0aa5229d968795f246e8d08f9cf8102ed923e5e218f720efbc6c64c796a68837312
info|2020-11-25 04:49:40.707822|[g:1][LedgerParam][parsePublicKeyListOfSection],sectionName=consensus,it.first=e323692331103d8387a51144a6a7aa96a40fbad612530e7563d7ea6a82261a995a4cac54ceb5c1c3ab0574eefb91d2d8cca3f4ae7286b13173001d0568620385
info|2020-11-25 04:49:40.707828|[g:1][LedgerParam][parsePublicKeyListOfSection],totalPubKeySize=4
info|2020-11-25 04:49:40.707843|[g:1][LedgerParam][max_block_range],maxBlockRange=0,maxBlockPerProcess=3
info|2020-11-25 04:49:40.707850|[g:1][LedgerParam][parseGenesisConfig],timestamp=1605763987000
info|2020-11-25 04:49:40.707859|[g:1][LedgerParam]setEVMFlags,enableFreeStorageVMSchedule=false,evmFlags=0
info|2020-11-25 04:49:40.707871|[g:1][LedgerParam]store evmFlag,evmFlag=0
info|2020-11-25 04:49:40.707876|[g:1][LedgerParam]store consensus time,consensusTimeout=3
info|2020-11-25 04:49:40.707881|[g:1][LedgerParam][initMark],genesisMark=1-2fba64b0e957aa63f4fe34a6e01bda1e7c3cde666f7675b1985bb6c6f478a76b839242c0b4c0827c30e43b3d1e946c863eb58a7dc8e4eae3e3dd439a78bba140,5ae2db1c257ad0d1f68828d95b30668d270f7da75bd4d0c1aee9d5ada6da0fd0eb53b893d1c8a518e4884ea58fabfa5ea1c62f120045f1e512aa93b7df7a08f6,097c5791ab496e86ce3fca3b4f86fb8044b28d6b79ead1ba3c9c73f2cd1aa0aa5229d968795f246e8d08f9cf8102ed923e5e218f720efbc6c64c796a68837312,e323692331103d8387a51144a6a7aa96a40fbad612530e7563d7ea6a82261a995a4cac54ceb5c1c3ab0574eefb91d2d8cca3f4ae7286b13173001d0568620385,-pbft-storage-0-1000-300000000-3
info|2020-11-25 04:49:40.707887|[g:1][LedgerParam][initIniConfig]initTxPoolConfig/initSyncConfig/initTxExecuteConfig,configFile=conf/group.1.ini
info|2020-11-25 04:49:40.708071|[g:1][LedgerParam][initStorageConfig],stateType=storage,storageDB=rocksdb,storagePath=data//group1/block/RocksDB,baseDir=data//group1,dbtype=mysql,dbip=127.0.0.1,dbport=3306,dbcharset=utf8mb4,initconnections=15,maxconnections=50,scrollThreshold=2000
info|2020-11-25 04:49:40.708086|[g:1][LedgerParam][initTxPoolConfig],txPoolLimit=150000,memorySizeLimit(MB)=512,notifyWorkerNum=2
info|2020-11-25 04:49:40.708097|[g:1][LedgerParam][initSyncConfig],idleWaitMs=200
info|2020-11-25 04:49:40.708106|[g:1][LedgerParam][initSyncConfig],enableSendTxsByTree=true,enableSendBlockStatusByTree=true
info|2020-11-25 04:49:40.708113|[g:1][LedgerParam][initSyncConfig],gossipInterval=1000
info|2020-11-25 04:49:40.708123|[g:1][LedgerParam][initSyncConfig],enableSendBlockStatusByTree=true,gossipInterval=1000,gossipPeers=3,syncTreeWidth=3,maxQueueSizeForBlockSync=536870912,txsStatusGossipMaxPeers=5
info|2020-11-25 04:49:40.708129|[g:1][LedgerParam][InitTxExecuteConfig],enableParallel=true
info|2020-11-25 04:49:40.708145|[g:1][LedgerParam][initConsensusIniConfig],maxTTL=2,minBlockGenerationTime=500,enablDynamicBlockSize=true,blockSizeIncreaseRatio=0.5,enableTTLOptimize=true,enablePrepareWithTxsHash=true
info|2020-11-25 04:49:40.708165|[g:1][LedgerParam][initRPBFTConsensusIniConfig],broadcastPrepareByTree=true,prepareStatusBroadcastPercent=33,maxRequestMissedTxsWaitTime=100,maxRequestPrepareWaitTime=100
info|2020-11-25 04:49:40.708175|[g:1][LedgerParam][initFlowControlConfig],maxQPS=9223372036854775807,outGoingBandwidth(Bytes)=9223372036854775807
info|2020-11-25 04:49:40.708180|[g:1][LedgerParam]parseSDKAllowList,sdkAllowList=[],enableSDKAllowListControl=false
info|2020-11-25 04:49:40.708195|[g:1][LEDGER][initLedger][DBInitializer]
info|2020-11-25 04:49:40.709102|[g:1][LEDGER]setSDKAllowList,groupId=1,sdkAllowListSize=0
info|2020-11-25 04:49:40.709118|[g:1][CHANNEL]registerSDKAllowListByGroupId,groupId=1,size=0
info|2020-11-25 04:49:40.709123|[g:1][CHANNEL]Disable group-level sdk permission control for sdk allowlist is empty
info|2020-11-25 04:49:40.709127|[g:1][DBINITIALIZER] [initStorageDB]
info|2020-11-25 04:49:40.709131|[g:1][DBINITIALIZER] [initRocksDBStorage]
info|2020-11-25 04:49:40.712767|[NETWORK][Host]P2P Recv Connect, From=127.0.0.1:46478
info|2020-11-25 04:49:40.712806|[NETWORK][Host]P2P StartAccept,Host=0.0.0.0:30300
info|2020-11-25 04:49:40.712892|[NETWORK][ASIO]asyncResolveConnect,endpoint=127.0.0.1:30301
info|2020-11-25 04:49:40.712926|[NETWORK][ASIO]asyncResolveConnect,endpoint=127.0.0.1:30302
info|2020-11-25 04:49:40.712956|[NETWORK][ASIO]asyncResolveConnect,endpoint=127.0.0.1:30303
info|2020-11-25 04:49:40.713688|[NETWORK][Host]P2P Recv Connect, From=127.0.0.1:46480
info|2020-11-25 04:49:40.713719|[NETWORK][Host]P2P StartAccept,Host=0.0.0.0:30300
info|2020-11-25 04:49:40.714426|[NETWORK][Host]P2P Recv Connect, From=127.0.0.1:46482
info|2020-11-25 04:49:40.714452|[NETWORK][Host]P2P StartAccept,Host=0.0.0.0:30300
info|2020-11-25 04:49:40.723842|[g:1][ROCKSDB]open rocksDB handler,path=data//group1/block/RocksDB
info|2020-11-25 04:49:40.823613|[g:1][g:1][STORAGE][CachedStorage]Init flushStorage thread
info|2020-11-25 04:49:40.823708|[g:1][DBINITIALIZER] [init CachedStorage],maxCapacity=32,maxForwardBlock=10
info|2020-11-25 04:49:40.823730|[g:1][LEDGER][initLedger][initBlockChain]
info|2020-11-25 04:49:40.838874|[g:1][LEDGER]set enableHexBlock to be false,version=33947648
info|2020-11-25 04:49:40.839960|[g:1][BLOCKCHAIN][#checkAndBuildGenesisBlock],shouldBuild=false
info|2020-11-25 04:49:40.851097|[g:1][BLOCKCHAIN][#checkAndBuildGenesisBlock]Already have the 0th block, 0th groupMark is equal to file groupMark.
info|2020-11-25 04:49:40.851106|[g:1][LEDGER][initLedger]initBlockChain SUCC
info|2020-11-25 04:49:40.851150|[g:1][DBINITIALIZER] [createStateFactory],type=storage
info|2020-11-25 04:49:40.851154|[g:1][DBINITIALIZER] createStorageState SUCC
info|2020-11-25 04:49:40.851157|[g:1][DBINITIALIZER] [createStateFactory SUCC]
info|2020-11-25 04:49:40.851198|[g:1][DBINITIALIZER] createExecutiveContext...
info|2020-11-25 04:49:40.851218|[g:1][LEDGER]createGasMetric,vmFlagType=0
info|2020-11-25 04:49:40.851222|[g:1][LEDGER]createGasMetric
info|2020-11-25 04:49:40.851233|[g:1][DBINITIALIZER] create precompiledGasFactory and precompiledResultFactory
info|2020-11-25 04:49:40.851236|[g:1][DBINITIALIZER] createExecutiveContext SUCC
info|2020-11-25 04:49:40.851244|[g:1][DBINITIALIZER] [setSyncNumForCachedStorage],syncNum=159
info|2020-11-25 04:49:40.851248|[g:1][LEDGER][initNetworkBandWidthLimiter: outGoingBandwidthLimit has been disabled],groupId=1
info|2020-11-25 04:49:40.851252|[g:1][LEDGER][QPSLimit has been disabled],groupId=1
info|2020-11-25 04:49:40.851255|[g:1][LEDGER][initLedger][initBlockVerifier]
info|2020-11-25 04:49:40.851260|[g:1][LEDGER][initLedger][initBlockVerifier SUCC],evmFlags=0
info|2020-11-25 04:49:40.851263|[g:1][LEDGER][initLedger][initTxPool],txPoolLimit=150000
info|2020-11-25 04:49:40.886257|[NETWORK][Host]handshakeServer succ,remote endpoint=127.0.0.1:46478
info|2020-11-25 04:49:40.886324|[NETWORK][Host]startPeerSession, Remote=127.0.0.1:46478,local endpoint=127.0.0.1:30300,nodeID=2fba64b0...
info|2020-11-25 04:49:40.944697|[NETWORK][Host]handshakeClient succ,local endpoint=127.0.0.1:46478
info|2020-11-25 04:49:40.944748|[NETWORK][Host]startPeerSession, Remote=127.0.0.1:30300,local endpoint=127.0.0.1:46478,nodeID=2fba64b0...
info|2020-11-25 04:49:40.956357|[g:1][LEDGER][initLedger]initTxPool SUCC
info|2020-11-25 04:49:40.956388|[g:1][LEDGER][initLedger][initSync],idleWaitMs=200,gossipInterval=1000,gossipPeers=3
info|2020-11-25 04:49:40.956403|[g:1][LEDGER]Init sync master,enableSendBlockStatusByTree=true,enableSendTxsByTree=true
info|2020-11-25 04:49:40.978140|[g:1][LEDGER][initLedger]initSync SUCC
info|2020-11-25 04:49:40.978151|[g:1][LEDGER][initLedger][consensusInitFactory]
info|2020-11-25 04:49:40.978156|[g:1][LEDGER][initLedger][createPBFTSealer]
info|2020-11-25 04:49:40.978159|[g:1][LEDGER][initLedger][createPBFTSealer],baseDir=data//group1,Protocol=65544
info|2020-11-25 04:49:40.978169|[g:1][LEDGER][initLedger]createPBFTSealer for PBFT or rPBFT,consensusType=pbft
info|2020-11-25 04:49:40.978172|[g:1][LEDGER]createConsensusEngine: create PBFTEngine
info|2020-11-25 04:49:40.978184|[g:1][CONSENSUS][PBFT]Register handler for PBFTEngine
info|2020-11-25 04:49:40.983737|[g:1][CONSENSUS][PBFT]setMinBlockGenerationTime,minBlockGenerationTime=500,consensusTime=1000
info|2020-11-25 04:49:40.983761|[g:1][LEDGER][initEventLogFilterManager]initEventLogFilterManager SUCC
info|2020-11-25 04:49:40.983776|[LedgerInitializer init group succ],groupID=1
info|2020-11-25 04:49:40.984011|[INITIALIZER][RPCInitializer JsonrpcHttpServer started],jsonrpc_IP=127.0.0.1,jsonrpc_listen_port=8545,ipv6=false
info|2020-11-25 04:49:40.984034|[g:1][LEDGER]startAll...
info|2020-11-25 04:49:40.991503|[NETWORK][Host]handshakeServer succ,remote endpoint=127.0.0.1:46470
info|2020-11-25 04:49:40.991580|[P2P][Service] Connection established,nodeID=e3236923...,endpoint=127.0.0.1:46470
info|2020-11-25 04:49:40.991603|[NETWORK][Host]startPeerSession, Remote=127.0.0.1:46470,local endpoint=127.0.0.1:30300,nodeID=e3236923...
info|2020-11-25 04:49:41.019827|[g:1][GossipBlockStatus]start GossipBlockStatus succ
info|2020-11-25 04:49:41.019840|[g:1][CONSENSUS][ConsensusEngine][Start ConsensusEngineBase]
info|2020-11-25 04:49:41.020504|[g:1][CONSENSUS][PBFT]^^^^^^^^Report,num=159,sealerIdx=3,hash=8a804b61...,next=160,tx=1,nodeIdx=1
info|2020-11-25 04:49:41.023324|[g:1][ROCKSDB]open rocksDB handler,path=data//group1/pbftMsgBackup/RocksDB
info|2020-11-25 04:49:41.075078|[NETWORK][Host]handshakeClient succ,local endpoint=127.0.0.1:51588
info|2020-11-25 04:49:41.075159|[P2P][Service] Connection established,nodeID=5ae2db1c...,endpoint=127.0.0.1:30301
info|2020-11-25 04:49:41.075183|[NETWORK][Host]startPeerSession, Remote=127.0.0.1:30301,local endpoint=127.0.0.1:51588,nodeID=5ae2db1c...
info|2020-11-25 04:49:41.075224|[NETWORK][Host]handshakeServer succ,remote endpoint=127.0.0.1:46480
info|2020-11-25 04:49:41.075256|[NETWORK][Host]startPeerSession, Remote=127.0.0.1:46480,local endpoint=127.0.0.1:30300,nodeID=5ae2db1c...
info|2020-11-25 04:49:41.075388|[NETWORK][Host]handshakeServer succ,remote endpoint=127.0.0.1:46482
info|2020-11-25 04:49:41.075463|[P2P][Service] Connection established,nodeID=07351151...,endpoint=127.0.0.1:46482
info|2020-11-25 04:49:41.075485|[NETWORK][Host]startPeerSession, Remote=127.0.0.1:46482,local endpoint=127.0.0.1:30300,nodeID=07351151...
info|2020-11-25 04:49:41.075564|[NETWORK][Host]handshakeServer succ,remote endpoint=127.0.0.1:46462
info|2020-11-25 04:49:41.075607|[P2P][Service] Connection established,nodeID=097c5791...,endpoint=127.0.0.1:46462
info|2020-11-25 04:49:41.075628|[NETWORK][Host]startPeerSession, Remote=127.0.0.1:46462,local endpoint=127.0.0.1:30300,nodeID=097c5791...
info|2020-11-25 04:49:41.075728|[NETWORK][Host]handshakeClient succ,local endpoint=127.0.0.1:41544
info|2020-11-25 04:49:41.075764|[NETWORK][Host]startPeerSession, Remote=127.0.0.1:30302,local endpoint=127.0.0.1:41544,nodeID=097c5791...
info|2020-11-25 04:49:41.076017|[NETWORK][Host]handshakeClient succ,local endpoint=127.0.0.1:38006
info|2020-11-25 04:49:41.076059|[NETWORK][Host]startPeerSession, Remote=127.0.0.1:30303,local endpoint=127.0.0.1:38006,nodeID=e3236923...
info|2020-11-25 04:49:41.076207|[g:1][NodeTimeMaintenance]updateTimeInfo: update median time offset,updatedMedianTimeOffset=-78,peer=e3236923...,peerTime=1606297780998,peerOffset=-78,utcTime=1606297781076
info|2020-11-25 04:49:41.076402|[g:1][NodeTimeMaintenance]updateTimeInfo: update median time offset,updatedMedianTimeOffset=-78,peer=5ae2db1c...,peerTime=1606297780998,peerOffset=-78,utcTime=1606297781076
info|2020-11-25 04:49:41.077032|[g:1][CONSENSUS][PBFT][PBFT init env successfully]
info|2020-11-25 04:49:41.077055|[g:1][CONSENSUS][PBFT][Start PBFTEngine...]
info|2020-11-25 04:49:41.077070|[g:1][CONSENSUS][SEALER][Start sealer module]
info|2020-11-25 04:49:41.082811|[g:1][EVENT][EventLogFilterManager]start,m_maxBlockRange=0,m_maxBlockPerLoopFilter=3
warning|2020-11-25 04:49:41.131750|[NETWORK][Session]doRead error,endpoint=127.0.0.1:46482,message=short read
info|2020-11-25 04:49:41.131764|[NETWORK][Session]drop, call and erase all callbackFunc in this session!,endpoint=127.0.0.1:46482
warning|2020-11-25 04:49:41.131771|[NETWORK][Session][drop] closing remote 127.0.0.1:46482,reason=Low-level TCP communication error.,endpoint=127.0.0.1:46482
warning|2020-11-25 04:49:41.131801|[NETWORK][Session][drop] shutdown failed ,errorValue=9,message=Bad file descriptor
warning|2020-11-25 04:49:41.131910|[P2P][Service] disconnect error P2PSession,nodeID=07351151...,endpoint=127.0.0.1:46482,errorCode=3,what=Disconnect
warning|2020-11-25 04:49:41.131919|[P2P][Service] onDisconnect,errorCode=3,what=Dynamic exception type: dev::network::NetworkException
std::exception::what: Disconnect

info|2020-11-25 04:49:42.023597|[g:1][NodeTimeMaintenance]updateTimeInfo: update median time offset,updatedMedianTimeOffset=-78,peer=097c5791...,peerTime=1606297782020,peerOffset=-3,utcTime=1606297782023
info|2020-11-25 04:49:42.113471|[g:1][CONSENSUS]addRawPrepare,height=160,reqIdx=3,hash=b7769c1a...,time=0
info|2020-11-25 04:49:42.122051|[g:1][CONSENSUS][PBFT]checkTimeout Succ,view=0,toView=1,nodeIdx=1,changeCycle=1,myNode=2fba64b0...,timecost=1.221
info|2020-11-25 04:49:42.123010|[g:1][CONSENSUS][PBFT]checkAndChangeView: Reach consensus,org_view=0,cur_changeCycle=1,to_view=1
info|2020-11-25 04:49:43.122005|[g:1][CONSENSUS]addRawPrepare,height=160,reqIdx=0,hash=246a3f60...,time=1
info|2020-11-25 04:49:43.122326|[g:1][CONSENSUS][PBFT]checkTimeout Succ,view=1,toView=2,nodeIdx=1,changeCycle=1,myNode=2fba64b0...,timecost=0.283
info|2020-11-25 04:49:43.127795|[g:1][CONSENSUS][PBFT]checkAndChangeView: Reach consensus,org_view=1,cur_changeCycle=1,to_view=2
info|2020-11-25 04:49:44.128146|[g:1][CONSENSUS][SEALER]++++++++++++++++ Generating seal on,blkNum=160,tx=0,nodeIdx=1,hash=0e82c15f...
info|2020-11-25 04:49:44.135593|[g:1][CONSENSUS][PBFT]checkTimeout Succ,view=2,toView=3,nodeIdx=1,changeCycle=1,myNode=2fba64b0...,timecost=0.244
info|2020-11-25 04:49:44.137015|[g:1][CONSENSUS][PBFT]checkAndChangeView: Reach consensus,org_view=2,cur_changeCycle=1,to_view=3
info|2020-11-25 04:49:45.137424|[g:1][CONSENSUS]addRawPrepare,height=160,reqIdx=2,hash=57102373...,time=0
info|2020-11-25 04:49:45.137795|[g:1][CONSENSUS][PBFT]checkTimeout Succ,view=3,toView=4,nodeIdx=1,changeCycle=1,myNode=2fba64b0...,timecost=0.331
info|2020-11-25 04:49:45.141966|[g:1][CONSENSUS][PBFT]checkAndChangeView: Reach consensus,org_view=3,cur_changeCycle=1,to_view=4
info|2020-11-25 04:49:46.149995|[g:1][CONSENSUS][PBFT]Trigger fast-viewchange,view=4,toView=4,minView=5,INFO=,reqNum=159,curNum=159,GenIdx=2,Cview=5,view=4,fromIdx=2,fromNode=5ae2db1c...,fromIp=127.0.0.1:30301,hash=8a804b61...,nodeIdx=1,myNode=2fba64b0...
info|2020-11-25 04:49:46.150250|[g:1][CONSENSUS][PBFT]checkAndChangeView: Reach consensus,org_view=4,cur_changeCycle=2,to_view=5
info|2020-11-25 04:49:46.150262|[g:1][CONSENSUS][PBFT]checkTimeout Succ,view=5,toView=5,nodeIdx=1,changeCycle=2,myNode=2fba64b0...,timecost=0.254
info|2020-11-25 04:49:47.153674|[g:1][CONSENSUS]addRawPrepare,height=160,reqIdx=0,hash=92a2ec66...,time=0
info|2020-11-25 04:49:47.154054|[g:1][CONSENSUS][PBFT]checkTimeout Succ,view=5,toView=6,nodeIdx=1,changeCycle=1,myNode=2fba64b0...,timecost=0.335
info|2020-11-25 04:49:47.159266|[g:1][CONSENSUS][PBFT]checkAndChangeView: Reach consensus,org_view=5,cur_changeCycle=1,to_view=6
info|2020-11-25 04:49:48.161611|[g:1][CONSENSUS][SEALER]++++++++++++++++ Generating seal on,blkNum=160,tx=0,nodeIdx=1,hash=b4ddaf7b...
info|2020-11-25 04:49:48.169161|[g:1][CONSENSUS][PBFT]checkTimeout Succ,view=6,toView=7,nodeIdx=1,changeCycle=1,myNode=2fba64b0...,timecost=0.253
info|2020-11-25 04:49:48.170634|[g:1][CONSENSUS][PBFT]checkAndChangeView: Reach consensus,org_view=6,cur_changeCycle=1,to_view=7
info|2020-11-25 04:49:49.172684|[g:1][CONSENSUS]addRawPrepare,height=160,reqIdx=2,hash=1bff84d0...,time=0
info|2020-11-25 04:49:49.173119|[g:1][CONSENSUS][PBFT]checkTimeout Succ,view=7,toView=8,nodeIdx=1,changeCycle=1,myNode=2fba64b0...,timecost=0.317
info|2020-11-25 04:49:49.178489|[g:1][CONSENSUS][PBFT]checkAndChangeView: Reach consensus,org_view=7,cur_changeCycle=1,to_view=8
info|2020-11-25 04:49:50.181490|[g:1][CONSENSUS]addRawPrepare,height=160,reqIdx=3,hash=708e2d0f...,time=0
info|2020-11-25 04:49:50.181814|[g:1][CONSENSUS][PBFT]checkTimeout Succ,view=8,toView=9,nodeIdx=1,changeCycle=1,myNode=2fba64b0...,timecost=0.281
info|2020-11-25 04:49:50.186306|[g:1][CONSENSUS][PBFT]checkAndChangeView: Reach consensus,org_view=8,cur_changeCycle=1,to_view=9
info|2020-11-25 04:49:50.693648|[P2P][Service] heartBeat,connected count=3
info|2020-11-25 04:49:51.191280|[g:1][CONSENSUS]addRawPrepare,height=160,reqIdx=0,hash=add321d8...,time=0
info|2020-11-25 04:49:51.191640|[g:1][CONSENSUS][PBFT]checkTimeout Succ,view=9,toView=10,nodeIdx=1,changeCycle=1,myNode=2fba64b0...,timecost=0.324
info|2020-11-25 04:49:51.196880|[g:1][CONSENSUS][PBFT]checkAndChangeView: Reach consensus,org_view=9,cur_changeCycle=1,to_view=10
info|2020-11-25 04:49:52.197669|[g:1][CONSENSUS][SEALER]++++++++++++++++ Generating seal on,blkNum=160,tx=0,nodeIdx=1,hash=7f2a911b...
info|2020-11-25 04:49:52.205413|[g:1][CONSENSUS][PBFT]checkTimeout Succ,view=10,toView=11,nodeIdx=1,changeCycle=1,myNode=2fba64b0...,timecost=0.249
info|2020-11-25 04:49:52.206914|[g:1][CONSENSUS][PBFT]checkAndChangeView: Reach consensus,org_view=10,cur_changeCycle=1,to_view=11
info|2020-11-25 04:49:53.209849|[g:1][CONSENSUS]addRawPrepare,height=160,reqIdx=2,hash=a22c0560...,time=0
info|2020-11-25 04:49:53.210142|[g:1][CONSENSUS][PBFT]checkTimeout Succ,view=11,toView=12,nodeIdx=1,changeCycle=1,myNode=2fba64b0...,timecost=0.259
info|2020-11-25 04:49:53.210912|[g:1][CONSENSUS][PBFT]checkAndChangeView: Reach consensus,org_view=11,cur_changeCycle=1,to_view=12
info|2020-11-25 04:49:54.217692|[g:1][CONSENSUS]addRawPrepare,height=160,reqIdx=3,hash=13b9621e...,time=0
info|2020-11-25 04:49:54.217981|[g:1][CONSENSUS][PBFT]checkTimeout Succ,view=12,toView=13,nodeIdx=1,changeCycle=1,myNode=2fba64b0...,timecost=0.247
info|2020-11-25 04:49:54.218750|[g:1][CONSENSUS][PBFT]checkAndChangeView: Reach consensus,org_view=12,cur_changeCycle=1,to_view=13
info|2020-11-25 04:49:55.221497|[g:1][CONSENSUS]addRawPrepare,height=160,reqIdx=0,hash=f9ee8fb7...,time=0
info|2020-11-25 04:49:55.221867|[g:1][CONSENSUS][PBFT]checkTimeout Succ,view=13,toView=14,nodeIdx=1,changeCycle=1,myNode=2fba64b0...,timecost=0.328
info|2020-11-25 04:49:55.227627|[g:1][CONSENSUS][PBFT]checkAndChangeView: Reach consensus,org_view=13,cur_changeCycle=1,to_view=14
info|2020-11-25 04:49:56.230782|[g:1][CONSENSUS][SEALER]++++++++++++++++ Generating seal on,blkNum=160,tx=0,nodeIdx=1,hash=2c971054...
info|2020-11-25 04:49:56.241317|[g:1][CONSENSUS][PBFT]checkTimeout Succ,view=14,toView=15,nodeIdx=1,changeCycle=1,myNode=2fba64b0...,timecost=0.955
info|2020-11-25 04:49:56.243143|[g:1][CONSENSUS][PBFT]checkAndChangeView: Reach consensus,org_view=14,cur_changeCycle=1,to_view=15
info|2020-11-25 04:49:57.242748|[g:1][CONSENSUS]addRawPrepare,height=160,reqIdx=2,hash=23d5c126...,time=0
info|2020-11-25 04:49:57.243063|[g:1][CONSENSUS][PBFT]checkTimeout Succ,view=15,toView=16,nodeIdx=1,changeCycle=1,myNode=2fba64b0...,timecost=0.277
info|2020-11-25 04:49:57.247218|[g:1][CONSENSUS][PBFT]checkAndChangeView: Reach consensus,org_view=15,cur_changeCycle=1,to_view=16
info|2020-11-25 04:49:58.251506|[g:1][CONSENSUS]addRawPrepare,height=160,reqIdx=3,hash=edf667e7...,time=0
info|2020-11-25 04:49:58.251807|[g:1][CONSENSUS][PBFT]checkTimeout Succ,view=16,toView=17,nodeIdx=1,changeCycle=1,myNode=2fba64b0...,timecost=0.264
info|2020-11-25 04:49:58.254755|[g:1][CONSENSUS][PBFT]checkAndChangeView: Reach consensus,org_view=16,cur_changeCycle=1,to_view=17
info|2020-11-25 04:49:59.260851|[g:1][CONSENSUS]addRawPrepare,height=160,reqIdx=0,hash=805bdb3b...,time=0
info|2020-11-25 04:49:59.261219|[g:1][CONSENSUS][PBFT]checkTimeout Succ,view=17,toView=18,nodeIdx=1,changeCycle=1,myNode=2fba64b0...,timecost=0.33
info|2020-11-25 04:49:59.266771|[g:1][CONSENSUS][PBFT]checkAndChangeView: Reach consensus,org_view=17,cur_changeCycle=1,to_view=18
info|2020-11-25 04:50:00.267709|[g:1][CONSENSUS][SEALER]++++++++++++++++ Generating seal on,blkNum=160,tx=0,nodeIdx=1,hash=3ca4859e...
info|2020-11-25 04:50:00.276324|[g:1][CONSENSUS][PBFT]checkTimeout Succ,view=18,toView=19,nodeIdx=1,changeCycle=1,myNode=2fba64b0...,timecost=0.274
info|2020-11-25 04:50:00.277800|[g:1][CONSENSUS][PBFT]checkAndChangeView: Reach consensus,org_view=18,cur_changeCycle=1,to_view=19
info|2020-11-25 04:50:00.693742|[P2P][Service] heartBeat,connected count=3
info|2020-11-25 04:50:01.281826|[g:1][CONSENSUS]addRawPrepare,height=160,reqIdx=2,hash=9817d0ad...,time=0
info|2020-11-25 04:50:01.282280|[g:1][CONSENSUS][PBFT]checkTimeout Succ,view=19,toView=20,nodeIdx=1,changeCycle=1,myNode=2fba64b0...,timecost=0.359
info|2020-11-25 04:50:01.288355|[g:1][CONSENSUS][PBFT]checkAndChangeView: Reach consensus,org_view=19,cur_changeCycle=1,to_view=20
info|2020-11-25 04:50:02.291250|[g:1][CONSENSUS]addRawPrepare,height=160,reqIdx=3,hash=8a0466bc...,time=0
info|2020-11-25 04:50:02.291596|[g:1][CONSENSUS][PBFT]checkTimeout Succ,view=20,toView=21,nodeIdx=1,changeCycle=1,myNode=2fba64b0...,timecost=0.31
info|2020-11-25 04:50:02.295437|[g:1][CONSENSUS][PBFT]checkAndChangeView: Reach consensus,org_view=20,cur_changeCycle=1,to_view=21
info|2020-11-25 04:50:03.297459|[g:1][CONSENSUS]addRawPrepare,height=160,reqIdx=0,hash=bde4a481...,time=0
info|2020-11-25 04:50:03.297803|[g:1][CONSENSUS][PBFT]checkTimeout Succ,view=21,toView=22,nodeIdx=1,changeCycle=1,myNode=2fba64b0...,timecost=0.305
info|2020-11-25 04:50:03.302983|[g:1][CONSENSUS][PBFT]checkAndChangeView: Reach consensus,org_view=21,cur_changeCycle=1,to_view=22
info|2020-11-25 04:50:04.303549|[g:1][CONSENSUS][SEALER]++++++++++++++++ Generating seal on,blkNum=160,tx=0,nodeIdx=1,hash=943b3d29...
info|2020-11-25 04:50:04.311819|[g:1][CONSENSUS][PBFT]checkTimeout Succ,view=22,toView=23,nodeIdx=1,changeCycle=1,myNode=2fba64b0...,timecost=0.298
info|2020-11-25 04:50:04.313406|[g:1][CONSENSUS][PBFT]checkAndChangeView: Reach consensus,org_view=22,cur_changeCycle=1,to_view=23
info|2020-11-25 04:50:05.314381|[g:1][CONSENSUS]addRawPrepare,height=160,reqIdx=2,hash=2c1c9b78...,time=0
info|2020-11-25 04:50:05.314660|[g:1][CONSENSUS][PBFT]checkTimeout Succ,view=23,toView=24,nodeIdx=1,changeCycle=1,myNode=2fba64b0...,timecost=0.244
info|2020-11-25 04:50:05.318894|[g:1][CONSENSUS][PBFT]checkAndChangeView: Reach consensus,org_view=23,cur_changeCycle=1,to_view=24
info|2020-11-25 04:50:06.324207|[g:1][CONSENSUS]addRawPrepare,height=160,reqIdx=3,hash=46dc6562...,time=0
info|2020-11-25 04:50:06.324493|[g:1][CONSENSUS][PBFT]checkTimeout Succ,view=24,toView=25,nodeIdx=1,changeCycle=1,myNode=2fba64b0...,timecost=0.253
info|2020-11-25 04:50:06.328895|[g:1][CONSENSUS][PBFT]checkAndChangeView: Reach consensus,org_view=24,cur_changeCycle=1,to_view=25
info|2020-11-25 04:50:07.327202|[g:1][CONSENSUS]addRawPrepare,height=160,reqIdx=0,hash=17b14d9d...,time=0
info|2020-11-25 04:50:07.327566|[g:1][CONSENSUS][PBFT]checkTimeout Succ,view=25,toView=26,nodeIdx=1,changeCycle=1,myNode=2fba64b0...,timecost=0.293
info|2020-11-25 04:50:07.333859|[g:1][CONSENSUS][PBFT]checkAndChangeView: Reach consensus,org_view=25,cur_changeCycle=1,to_view=26
info|2020-11-25 04:50:08.334639|[g:1][CONSENSUS][SEALER]++++++++++++++++ Generating seal on,blkNum=160,tx=0,nodeIdx=1,hash=25ccacc7...
info|2020-11-25 04:50:08.342521|[g:1][CONSENSUS][PBFT]checkTimeout Succ,view=26,toView=27,nodeIdx=1,changeCycle=1,myNode=2fba64b0...,timecost=0.299
info|2020-11-25 04:50:08.344028|[g:1][CONSENSUS][PBFT]checkAndChangeView: Reach consensus,org_view=26,cur_changeCycle=1,to_view=27
info|2020-11-25 04:50:09.344140|[g:1][CONSENSUS]addRawPrepare,height=160,reqIdx=2,hash=a02c53ff...,time=0
info|2020-11-25 04:50:09.344360|[g:1][CONSENSUS][PBFT]checkTimeout Succ,view=27,toView=28,nodeIdx=1,changeCycle=1,myNode=2fba64b0...,timecost=0.192
info|2020-11-25 04:50:09.350565|[g:1][CONSENSUS][PBFT]checkAndChangeView: Reach consensus,org_view=27,cur_changeCycle=1,to_view=28
info|2020-11-25 04:50:10.353497|[g:1][CONSENSUS]addRawPrepare,height=160,reqIdx=3,hash=32ce5ff2...,time=0
info|2020-11-25 04:50:10.353753|[g:1][CONSENSUS][PBFT]checkTimeout Succ,view=28,toView=29,nodeIdx=1,changeCycle=1,myNode=2fba64b0...,timecost=0.222
info|2020-11-25 04:50:10.359727|[g:1][CONSENSUS][PBFT]checkAndChangeView: Reach consensus,org_view=28,cur_changeCycle=1,to_view=29
info|2020-11-25 04:50:10.693844|[P2P][Service] heartBeat,connected count=3
info|2020-11-25 04:50:11.361160|[g:1][CONSENSUS]addRawPrepare,height=160,reqIdx=0,hash=73b4e53d...,time=0
info|2020-11-25 04:50:11.361473|[g:1][CONSENSUS][PBFT]checkTimeout Succ,view=29,toView=30,nodeIdx=1,changeCycle=1,myNode=2fba64b0...,timecost=0.269
info|2020-11-25 04:50:11.367685|[g:1][CONSENSUS][PBFT]checkAndChangeView: Reach consensus,org_view=29,cur_changeCycle=1,to_view=30
info|2020-11-25 04:50:12.368167|[g:1][CONSENSUS][SEALER]++++++++++++++++ Generating seal on,blkNum=160,tx=0,nodeIdx=1,hash=d4e16811...
info|2020-11-25 04:50:12.377006|[g:1][CONSENSUS][PBFT]checkTimeout Succ,view=30,toView=31,nodeIdx=1,changeCycle=1,myNode=2fba64b0...,timecost=0.252
info|2020-11-25 04:50:12.383615|[g:1][CONSENSUS][PBFT]checkAndChangeView: Reach consensus,org_view=30,cur_changeCycle=1,to_view=31
info|2020-11-25 04:50:13.377190|[g:1][CONSENSUS]addRawPrepare,height=160,reqIdx=2,hash=268e70ae...,time=0
info|2020-11-25 04:50:13.377462|[g:1][CONSENSUS][PBFT]checkTimeout Succ,view=31,toView=32,nodeIdx=1,changeCycle=1,myNode=2fba64b0...,timecost=0.235
info|2020-11-25 04:50:13.381957|[g:1][CONSENSUS][PBFT]checkAndChangeView: Reach consensus,org_view=31,cur_changeCycle=1,to_view=32
info|2020-11-25 04:50:14.384195|[g:1][CONSENSUS]addRawPrepare,height=160,reqIdx=3,hash=6cdbca95...,time=0
info|2020-11-25 04:50:14.384472|[g:1][CONSENSUS][PBFT]checkTimeout Succ,view=32,toView=33,nodeIdx=1,changeCycle=1,myNode=2fba64b0...,timecost=0.247
info|2020-11-25 04:50:14.391450|[g:1][CONSENSUS][PBFT]checkAndChangeView: Reach consensus,org_view=32,cur_changeCycle=1,to_view=33
info|2020-11-25 04:50:15.392158|[g:1][CONSENSUS]addRawPrepare,height=160,reqIdx=0,hash=c8aaf402...,time=0
info|2020-11-25 04:50:15.392445|[g:1][CONSENSUS][PBFT]checkTimeout Succ,view=33,toView=34,nodeIdx=1,changeCycle=1,myNode=2fba64b0...,timecost=0.249
info|2020-11-25 04:50:15.401243|[g:1][CONSENSUS][PBFT]checkAndChangeView: Reach consensus,org_view=33,cur_changeCycle=1,to_view=34
info|2020-11-25 04:50:16.404812|[g:1][CONSENSUS][SEALER]++++++++++++++++ Generating seal on,blkNum=160,tx=0,nodeIdx=1,hash=8f700636...
info|2020-11-25 04:50:16.419570|[g:1][CONSENSUS][PBFT]checkTimeout Succ,view=34,toView=35,nodeIdx=1,changeCycle=1,myNode=2fba64b0...,timecost=0.539
info|2020-11-25 04:50:16.423060|[g:1][CONSENSUS][PBFT]checkAndChangeView: Reach consensus,org_view=34,cur_changeCycle=1,to_view=35
info|2020-11-25 04:50:17.426258|[g:1][CONSENSUS]addRawPrepare,height=160,reqIdx=2,hash=5a57192f...,time=0
info|2020-11-25 04:50:17.426572|[g:1][CONSENSUS][PBFT]checkTimeout Succ,view=35,toView=36,nodeIdx=1,changeCycle=1,myNode=2fba64b0...,timecost=0.279
info|2020-11-25 04:50:17.431184|[g:1][CONSENSUS][PBFT]checkAndChangeView: Reach consensus,org_view=35,cur_changeCycle=1,to_view=36
info|2020-11-25 04:50:18.433291|[g:1][CONSENSUS]addRawPrepare,height=160,reqIdx=3,hash=b4078859...,time=0
info|2020-11-25 04:50:18.433576|[g:1][CONSENSUS][PBFT]checkTimeout Succ,view=36,toView=37,nodeIdx=1,changeCycle=1,myNode=2fba64b0...,timecost=0.25
info|2020-11-25 04:50:18.437188|[g:1][CONSENSUS][PBFT]checkAndChangeView: Reach consensus,org_view=36,cur_changeCycle=1,to_view=37
info|2020-11-25 04:50:19.439156|[g:1][CONSENSUS]addRawPrepare,height=160,reqIdx=0,hash=9292dec6...,time=0
info|2020-11-25 04:50:19.441853|[g:1][CONSENSUS][PBFT]checkTimeout Succ,view=37,toView=38,nodeIdx=1,changeCycle=1,myNode=2fba64b0...,timecost=2.663
info|2020-11-25 04:50:19.447207|[g:1][CONSENSUS][PBFT]checkAndChangeView: Reach consensus,org_view=37,cur_changeCycle=1,to_view=38
info|2020-11-25 04:50:20.447617|[g:1][CONSENSUS][SEALER]++++++++++++++++ Generating seal on,blkNum=160,tx=0,nodeIdx=1,hash=4d7db231...
info|2020-11-25 04:50:20.457074|[g:1][CONSENSUS][PBFT]checkTimeout Succ,view=38,toView=39,nodeIdx=1,changeCycle=1,myNode=2fba64b0...,timecost=0.671
info|2020-11-25 04:50:20.458783|[g:1][CONSENSUS][PBFT]checkAndChangeView: Reach consensus,org_view=38,cur_changeCycle=1,to_view=39
info|2020-11-25 04:50:20.695602|[P2P][Service] heartBeat,connected count=3
info|2020-11-25 04:50:21.464013|[g:1][CONSENSUS]addRawPrepare,height=160,reqIdx=2,hash=7bd5717b...,time=0
info|2020-11-25 04:50:21.464348|[g:1][CONSENSUS][PBFT]checkTimeout Succ,view=39,toView=40,nodeIdx=1,changeCycle=1,myNode=2fba64b0...,timecost=0.286
info|2020-11-25 04:50:21.468695|[g:1][CONSENSUS][PBFT]checkAndChangeView: Reach consensus,org_view=39,cur_changeCycle=1,to_view=40
info|2020-11-25 04:50:22.472096|[g:1][CONSENSUS]addRawPrepare,height=160,reqIdx=3,hash=0488ddb0...,time=0
info|2020-11-25 04:50:22.472362|[g:1][CONSENSUS][PBFT]checkTimeout Succ,view=40,toView=41,nodeIdx=1,changeCycle=1,myNode=2fba64b0...,timecost=0.224
info|2020-11-25 04:50:22.484348|[g:1][CONSENSUS][PBFT]checkAndChangeView: Reach consensus,org_view=40,cur_changeCycle=1,to_view=41
info|2020-11-25 04:50:23.476756|[g:1][CONSENSUS]addRawPrepare,height=160,reqIdx=0,hash=80ff0a9c...,time=0
info|2020-11-25 04:50:23.477017|[g:1][CONSENSUS][PBFT]checkTimeout Succ,view=41,toView=42,nodeIdx=1,changeCycle=1,myNode=2fba64b0...,timecost=0.224
info|2020-11-25 04:50:23.485815|[g:1][CONSENSUS][PBFT]checkAndChangeView: Reach consensus,org_view=41,cur_changeCycle=1,to_view=42
info|2020-11-25 04:50:24.487102|[g:1][CONSENSUS][SEALER]++++++++++++++++ Generating seal on,blkNum=160,tx=0,nodeIdx=1,hash=90f3dfd4...
info|2020-11-25 04:50:24.499915|[g:1][CONSENSUS][PBFT]checkTimeout Succ,view=42,toView=43,nodeIdx=1,changeCycle=1,myNode=2fba64b0...,timecost=0.269
info|2020-11-25 04:50:24.501352|[g:1][CONSENSUS][PBFT]checkAndChangeView: Reach consensus,org_view=42,cur_changeCycle=1,to_view=43
info|2020-11-25 04:50:25.505246|[g:1][CONSENSUS]addRawPrepare,height=160,reqIdx=2,hash=cab72631...,time=0
info|2020-11-25 04:50:25.508937|[g:1][CONSENSUS][PBFT]checkTimeout Succ,view=43,toView=44,nodeIdx=1,changeCycle=1,myNode=2fba64b0...,timecost=3.645
info|2020-11-25 04:50:25.510303|[g:1][CONSENSUS][PBFT]checkAndChangeView: Reach consensus,org_view=43,cur_changeCycle=1,to_view=44
info|2020-11-25 04:50:26.512149|[g:1][CONSENSUS]addRawPrepare,height=160,reqIdx=3,hash=a4977b79...,time=0
info|2020-11-25 04:50:26.512482|[g:1][CONSENSUS][PBFT]checkTimeout Succ,view=44,toView=45,nodeIdx=1,changeCycle=1,myNode=2fba64b0...,timecost=0.298
info|2020-11-25 04:50:26.517321|[g:1][CONSENSUS][PBFT]checkAndChangeView: Reach consensus,org_view=44,cur_changeCycle=1,to_view=45
info|2020-11-25 04:50:27.519646|[g:1][CONSENSUS]addRawPrepare,height=160,reqIdx=0,hash=9becb766...,time=0
info|2020-11-25 04:50:27.519910|[g:1][CONSENSUS][PBFT]checkTimeout Succ,view=45,toView=46,nodeIdx=1,changeCycle=1,myNode=2fba64b0...,timecost=3.057
info|2020-11-25 04:50:27.525069|[g:1][CONSENSUS][PBFT]checkAndChangeView: Reach consensus,org_view=45,cur_changeCycle=1,to_view=46
info|2020-11-25 04:50:28.525499|[g:1][CONSENSUS][SEALER]++++++++++++++++ Generating seal on,blkNum=160,tx=0,nodeIdx=1,hash=61bfde44...
info|2020-11-25 04:50:28.533820|[g:1][CONSENSUS][PBFT]checkTimeout Succ,view=46,toView=47,nodeIdx=1,changeCycle=1,myNode=2fba64b0...,timecost=0.268
info|2020-11-25 04:50:28.535174|[g:1][CONSENSUS][PBFT]checkAndChangeView: Reach consensus,org_view=46,cur_changeCycle=1,to_view=47
info|2020-11-25 04:50:29.535123|[g:1][CONSENSUS]addRawPrepare,height=160,reqIdx=2,hash=e644b7ef...,time=0
info|2020-11-25 04:50:29.535420|[g:1][CONSENSUS][PBFT]checkTimeout Succ,view=47,toView=48,nodeIdx=1,changeCycle=1,myNode=2fba64b0...,timecost=0.266
info|2020-11-25 04:50:29.540079|[g:1][CONSENSUS][PBFT]checkAndChangeView: Reach consensus,org_view=47,cur_changeCycle=1,to_view=48
info|2020-11-25 04:50:30.544431|[g:1][CONSENSUS]addRawPrepare,height=160,reqIdx=3,hash=352231ae...,time=0
info|2020-11-25 04:50:30.544726|[g:1][CONSENSUS][PBFT]checkTimeout Succ,view=48,toView=49,nodeIdx=1,changeCycle=1,myNode=2fba64b0...,timecost=0.255
info|2020-11-25 04:50:30.548516|[g:1][CONSENSUS][PBFT]checkAndChangeView: Reach consensus,org_view=48,cur_changeCycle=1,to_view=49
info|2020-11-25 04:50:30.695858|[P2P][Service] heartBeat,connected count=3
info|2020-11-25 04:50:31.550270|[g:1][CONSENSUS]addRawPrepare,height=160,reqIdx=0,hash=8f1832af...,time=0
info|2020-11-25 04:50:31.550568|[g:1][CONSENSUS][PBFT]checkTimeout Succ,view=49,toView=50,nodeIdx=1,changeCycle=1,myNode=2fba64b0...,timecost=0.264
info|2020-11-25 04:50:31.559377|[g:1][CONSENSUS][PBFT]checkAndChangeView: Reach consensus,org_view=49,cur_changeCycle=1,to_view=50
info|2020-11-25 04:50:32.559803|[g:1][CONSENSUS][SEALER]++++++++++++++++ Generating seal on,blkNum=160,tx=0,nodeIdx=1,hash=8522c8a0...
info|2020-11-25 04:50:32.569309|[g:1][CONSENSUS][PBFT]checkTimeout Succ,view=50,toView=51,nodeIdx=1,changeCycle=1,myNode=2fba64b0...,timecost=0.278
info|2020-11-25 04:50:32.571129|[g:1][CONSENSUS][PBFT]checkAndChangeView: Reach consensus,org_view=50,cur_changeCycle=1,to_view=51
info|2020-11-25 04:50:33.571943|[g:1][CONSENSUS]addRawPrepare,height=160,reqIdx=2,hash=1c2f6b20...,time=0
info|2020-11-25 04:50:33.572191|[g:1][CONSENSUS][PBFT]checkTimeout Succ,view=51,toView=52,nodeIdx=1,changeCycle=1,myNode=2fba64b0...,timecost=0.214
info|2020-11-25 04:50:33.574736|[g:1][CONSENSUS][PBFT]checkAndChangeView: Reach consensus,org_view=51,cur_changeCycle=1,to_view=52
info|2020-11-25 04:50:34.576484|[g:1][CONSENSUS]addRawPrepare,height=160,reqIdx=3,hash=987d6428...,time=0
info|2020-11-25 04:50:34.576822|[g:1][CONSENSUS][PBFT]checkTimeout Succ,view=52,toView=53,nodeIdx=1,changeCycle=1,myNode=2fba64b0...,timecost=0.303
info|2020-11-25 04:50:34.585840|[g:1][CONSENSUS][PBFT]checkAndChangeView: Reach consensus,org_view=52,cur_changeCycle=1,to_view=53
info|2020-11-25 04:50:35.594352|[g:1][CONSENSUS]addRawPrepare,height=160,reqIdx=0,hash=74b9faf4...,time=0
info|2020-11-25 04:50:35.595177|[g:1][CONSENSUS][PBFT]checkTimeout Succ,view=53,toView=54,nodeIdx=1,changeCycle=1,myNode=2fba64b0...,timecost=0.787
info|2020-11-25 04:50:35.598543|[g:1][CONSENSUS][PBFT]checkAndChangeView: Reach consensus,org_view=53,cur_changeCycle=1,to_view=54
info|2020-11-25 04:50:36.599614|[g:1][CONSENSUS][SEALER]++++++++++++++++ Generating seal on,blkNum=160,tx=0,nodeIdx=1,hash=9f92dd6d...
info|2020-11-25 04:50:36.621906|[g:1][CONSENSUS][PBFT]checkTimeout Succ,view=54,toView=55,nodeIdx=1,changeCycle=1,myNode=2fba64b0...,timecost=3.094
info|2020-11-25 04:50:36.624545|[g:1][CONSENSUS][PBFT]checkAndChangeView: Reach consensus,org_view=54,cur_changeCycle=1,to_view=55
info|2020-11-25 04:50:37.620072|[g:1][CONSENSUS]addRawPrepare,height=160,reqIdx=2,hash=e22d5deb...,time=0
info|2020-11-25 04:50:37.620366|[g:1][CONSENSUS][PBFT]checkTimeout Succ,view=55,toView=56,nodeIdx=1,changeCycle=1,myNode=2fba64b0...,timecost=0.246
info|2020-11-25 04:50:37.624528|[g:1][CONSENSUS][PBFT]checkAndChangeView: Reach consensus,org_view=55,cur_changeCycle=1,to_view=56
info|2020-11-25 04:50:38.626881|[g:1][CONSENSUS]addRawPrepare,height=160,reqIdx=3,hash=cd6681cc...,time=0
info|2020-11-25 04:50:38.627196|[g:1][CONSENSUS][PBFT]checkTimeout Succ,view=56,toView=57,nodeIdx=1,changeCycle=1,myNode=2fba64b0...,timecost=0.26
info|2020-11-25 04:50:38.633074|[g:1][CONSENSUS][PBFT]checkAndChangeView: Reach consensus,org_view=56,cur_changeCycle=1,to_view=57
info|2020-11-25 04:50:39.632635|[g:1][CONSENSUS]addRawPrepare,height=160,reqIdx=0,hash=f727bcf8...,time=0
info|2020-11-25 04:50:39.633078|[g:1][CONSENSUS][PBFT]checkTimeout Succ,view=57,toView=58,nodeIdx=1,changeCycle=1,myNode=2fba64b0...,timecost=0.355
info|2020-11-25 04:50:39.642217|[g:1][CONSENSUS][PBFT]checkAndChangeView: Reach consensus,org_view=57,cur_changeCycle=1,to_view=58
info|2020-11-25 04:50:40.642842|[g:1][CONSENSUS][SEALER]++++++++++++++++ Generating seal on,blkNum=160,tx=0,nodeIdx=1,hash=6880f622...
info|2020-11-25 04:50:40.650832|[g:1][CONSENSUS][PBFT]checkTimeout Succ,view=58,toView=59,nodeIdx=1,changeCycle=1,myNode=2fba64b0...,timecost=0.274
info|2020-11-25 04:50:40.652413|[g:1][CONSENSUS][PBFT]checkAndChangeView: Reach consensus,org_view=58,cur_changeCycle=1,to_view=59
info|2020-11-25 04:50:40.695963|[P2P][Service] heartBeat,connected count=3
info|2020-11-25 04:50:41.652171|[g:1][CONSENSUS]addRawPrepare,height=160,reqIdx=2,hash=11cfe6cc...,time=0
info|2020-11-25 04:50:41.652507|[g:1][CONSENSUS][PBFT]checkTimeout Succ,view=59,toView=60,nodeIdx=1,changeCycle=1,myNode=2fba64b0...,timecost=0.3
info|2020-11-25 04:50:41.657059|[g:1][CONSENSUS][PBFT]checkAndChangeView: Reach consensus,org_view=59,cur_changeCycle=1,to_view=60
info|2020-11-25 04:50:42.659696|[g:1][CONSENSUS]addRawPrepare,height=160,reqIdx=3,hash=31f394bf...,time=0
info|2020-11-25 04:50:42.660034|[g:1][CONSENSUS][PBFT]checkTimeout Succ,view=60,toView=61,nodeIdx=1,changeCycle=1,myNode=2fba64b0...,timecost=0.305
info|2020-11-25 04:50:42.668927|[g:1][CONSENSUS][PBFT]checkAndChangeView: Reach consensus,org_view=60,cur_changeCycle=1,to_view=61
info|2020-11-25 04:50:43.669189|[g:1][CONSENSUS]addRawPrepare,height=160,reqIdx=0,hash=1425c479...,time=0
info|2020-11-25 04:50:43.669452|[g:1][CONSENSUS][PBFT]checkTimeout Succ,view=61,toView=62,nodeIdx=1,changeCycle=1,myNode=2fba64b0...,timecost=0.225
info|2020-11-25 04:50:43.676255|[g:1][CONSENSUS][PBFT]checkAndChangeView: Reach consensus,org_view=61,cur_changeCycle=1,to_view=62
info|2020-11-25 04:50:44.677150|[g:1][CONSENSUS][SEALER]++++++++++++++++ Generating seal on,blkNum=160,tx=0,nodeIdx=1,hash=737ee13c...
info|2020-11-25 04:50:44.687035|[g:1][CONSENSUS][PBFT]checkTimeout Succ,view=62,toView=63,nodeIdx=1,changeCycle=1,myNode=2fba64b0...,timecost=1.58
info|2020-11-25 04:50:44.687996|[g:1][CONSENSUS][PBFT]checkAndChangeView: Reach consensus,org_view=62,cur_changeCycle=1,to_view=63
info|2020-11-25 04:50:45.687551|[g:1][CONSENSUS]addRawPrepare,height=160,reqIdx=2,hash=57cf51d0...,time=0
info|2020-11-25 04:50:45.687828|[g:1][CONSENSUS][PBFT]checkTimeout Succ,view=63,toView=64,nodeIdx=1,changeCycle=1,myNode=2fba64b0...,timecost=0.236
info|2020-11-25 04:50:45.692521|[g:1][CONSENSUS][PBFT]checkAndChangeView: Reach consensus,org_view=63,cur_changeCycle=1,to_view=64
info|2020-11-25 04:50:46.692375|[g:1][CONSENSUS]addRawPrepare,height=160,reqIdx=3,hash=6038159d...,time=0
info|2020-11-25 04:50:46.692628|[g:1][CONSENSUS][PBFT]checkTimeout Succ,view=64,toView=65,nodeIdx=1,changeCycle=1,myNode=2fba64b0...,timecost=0.222
info|2020-11-25 04:50:46.698345|[g:1][CONSENSUS][PBFT]checkAndChangeView: Reach consensus,org_view=64,cur_changeCycle=1,to_view=65
info|2020-11-25 04:50:47.701561|[g:1][CONSENSUS]addRawPrepare,height=160,reqIdx=0,hash=2e134e7f...,time=0
info|2020-11-25 04:50:47.701859|[g:1][CONSENSUS][PBFT]checkTimeout Succ,view=65,toView=66,nodeIdx=1,changeCycle=1,myNode=2fba64b0...,timecost=0.257
info|2020-11-25 04:50:47.705453|[g:1][CONSENSUS][PBFT]checkAndChangeView: Reach consensus,org_view=65,cur_changeCycle=1,to_view=66
info|2020-11-25 04:50:48.708061|[g:1][CONSENSUS][SEALER]++++++++++++++++ Generating seal on,blkNum=160,tx=0,nodeIdx=1,hash=bd8fd6cc...
info|2020-11-25 04:50:48.717921|[g:1][CONSENSUS][PBFT]checkTimeout Succ,view=66,toView=67,nodeIdx=1,changeCycle=1,myNode=2fba64b0...,timecost=0.264
info|2020-11-25 04:50:48.719802|[g:1][CONSENSUS][PBFT]checkAndChangeView: Reach consensus,org_view=66,cur_changeCycle=1,to_view=67
info|2020-11-25 04:50:49.719422|[g:1][CONSENSUS]addRawPrepare,height=160,reqIdx=2,hash=e6b9997e...,time=0
info|2020-11-25 04:50:49.719717|[g:1][CONSENSUS][PBFT]checkTimeout Succ,view=67,toView=68,nodeIdx=1,changeCycle=1,myNode=2fba64b0...,timecost=0.3
info|2020-11-25 04:50:49.724544|[g:1][CONSENSUS][PBFT]checkAndChangeView: Reach consensus,org_view=67,cur_changeCycle=1,to_view=68
info|2020-11-25 04:50:50.696054|[P2P][Service] heartBeat,connected count=3
info|2020-11-25 04:50:50.726313|[g:1][CONSENSUS]addRawPrepare,height=160,reqIdx=3,hash=f5d260d0...,time=0
info|2020-11-25 04:50:50.726579|[g:1][CONSENSUS][PBFT]checkTimeout Succ,view=68,toView=69,nodeIdx=1,changeCycle=1,myNode=2fba64b0...,timecost=0.229
info|2020-11-25 04:50:50.730322|[g:1][CONSENSUS][PBFT]checkAndChangeView: Reach consensus,org_view=68,cur_changeCycle=1,to_view=69
info|2020-11-25 04:50:51.733001|[g:1][CONSENSUS]addRawPrepare,height=160,reqIdx=0,hash=2f906293...,time=1
info|2020-11-25 04:50:51.733358|[g:1][CONSENSUS][PBFT]checkTimeout Succ,view=69,toView=70,nodeIdx=1,changeCycle=1,myNode=2fba64b0...,timecost=0.322
info|2020-11-25 04:50:51.739074|[g:1][CONSENSUS][PBFT]checkAndChangeView: Reach consensus,org_view=69,cur_changeCycle=1,to_view=70
info|2020-11-25 04:50:52.739542|[g:1][CONSENSUS][SEALER]++++++++++++++++ Generating seal on,blkNum=160,tx=0,nodeIdx=1,hash=9a224a16...
info|2020-11-25 04:50:52.748956|[g:1][CONSENSUS][PBFT]checkTimeout Succ,view=70,toView=71,nodeIdx=1,changeCycle=1,myNode=2fba64b0...,timecost=0.272
info|2020-11-25 04:50:52.750564|[g:1][CONSENSUS][PBFT]checkAndChangeView: Reach consensus,org_view=70,cur_changeCycle=1,to_view=71
info|2020-11-25 04:50:53.749812|[g:1][CONSENSUS]addRawPrepare,height=160,reqIdx=2,hash=3ddeb622...,time=0
info|2020-11-25 04:50:53.750087|[g:1][CONSENSUS][PBFT]checkTimeout Succ,view=71,toView=72,nodeIdx=1,changeCycle=1,myNode=2fba64b0...,timecost=0.244
info|2020-11-25 04:50:53.755432|[g:1][CONSENSUS][PBFT]checkAndChangeView: Reach consensus,org_view=71,cur_changeCycle=1,to_view=72
info|2020-11-25 04:50:54.756251|[g:1][CONSENSUS]addRawPrepare,height=160,reqIdx=3,hash=287f217f...,time=0
info|2020-11-25 04:50:54.756529|[g:1][CONSENSUS][PBFT]checkTimeout Succ,view=72,toView=73,nodeIdx=1,changeCycle=1,myNode=2fba64b0...,timecost=0.245
info|2020-11-25 04:50:54.762331|[g:1][CONSENSUS][PBFT]checkAndChangeView: Reach consensus,org_view=72,cur_changeCycle=1,to_view=73
info|2020-11-25 04:50:55.763863|[g:1][CONSENSUS]addRawPrepare,height=160,reqIdx=0,hash=e67244d1...,time=0
info|2020-11-25 04:50:55.764150|[g:1][CONSENSUS][PBFT]checkTimeout Succ,view=73,toView=74,nodeIdx=1,changeCycle=1,myNode=2fba64b0...,timecost=0.248
info|2020-11-25 04:50:55.770093|[g:1][CONSENSUS][PBFT]checkAndChangeView: Reach consensus,org_view=73,cur_changeCycle=1,to_view=74
info|2020-11-25 04:50:56.771042|[g:1][CONSENSUS][SEALER]++++++++++++++++ Generating seal on,blkNum=160,tx=0,nodeIdx=1,hash=9e686add...
info|2020-11-25 04:50:56.782986|[g:1][CONSENSUS][PBFT]checkTimeout Succ,view=74,toView=75,nodeIdx=1,changeCycle=1,myNode=2fba64b0...,timecost=0.256
info|2020-11-25 04:50:56.784305|[g:1][CONSENSUS][PBFT]checkAndChangeView: Reach consensus,org_view=74,cur_changeCycle=1,to_view=75
info|2020-11-25 04:50:57.785898|[g:1][CONSENSUS]addRawPrepare,height=160,reqIdx=2,hash=23d19bbd...,time=0
info|2020-11-25 04:50:57.786260|[g:1][CONSENSUS][PBFT]checkTimeout Succ,view=75,toView=76,nodeIdx=1,changeCycle=1,myNode=2fba64b0...,timecost=0.326
info|2020-11-25 04:50:57.789944|[g:1][CONSENSUS][PBFT]checkAndChangeView: Reach consensus,org_view=75,cur_changeCycle=1,to_view=76
info|2020-11-25 04:50:58.793746|[g:1][CONSENSUS]addRawPrepare,height=160,reqIdx=3,hash=65f7c9ce...,time=0
info|2020-11-25 04:50:58.794121|[g:1][CONSENSUS][PBFT]checkTimeout Succ,view=76,toView=77,nodeIdx=1,changeCycle=1,myNode=2fba64b0...,timecost=0.347
info|2020-11-25 04:50:58.800935|[g:1][CONSENSUS][PBFT]checkAndChangeView: Reach consensus,org_view=76,cur_changeCycle=1,to_view=77
info|2020-11-25 04:50:59.802261|[g:1][CONSENSUS]addRawPrepare,height=160,reqIdx=0,hash=137e649e...,time=0
info|2020-11-25 04:50:59.802599|[g:1][CONSENSUS][PBFT]checkTimeout Succ,view=77,toView=78,nodeIdx=1,changeCycle=1,myNode=2fba64b0...,timecost=0.299
info|2020-11-25 04:50:59.807805|[g:1][CONSENSUS][PBFT]checkAndChangeView: Reach consensus,org_view=77,cur_changeCycle=1,to_view=78
info|2020-11-25 04:51:00.696445|[P2P][Service] heartBeat,connected count=3
info|2020-11-25 04:51:00.808535|[g:1][CONSENSUS][SEALER]++++++++++++++++ Generating seal on,blkNum=160,tx=0,nodeIdx=1,hash=f443d093...
info|2020-11-25 04:51:00.823297|[g:1][CONSENSUS][PBFT]checkTimeout Succ,view=78,toView=79,nodeIdx=1,changeCycle=1,myNode=2fba64b0...,timecost=0.26
info|2020-11-25 04:51:00.825188|[g:1][CONSENSUS][PBFT]checkAndChangeView: Reach consensus,org_view=78,cur_changeCycle=1,to_view=79
info|2020-11-25 04:51:01.824161|[g:1][CONSENSUS]addRawPrepare,height=160,reqIdx=2,hash=30ce5e63...,time=0
info|2020-11-25 04:51:01.824450|[g:1][CONSENSUS][PBFT]checkTimeout Succ,view=79,toView=80,nodeIdx=1,changeCycle=1,myNode=2fba64b0...,timecost=0.251
info|2020-11-25 04:51:01.828902|[g:1][CONSENSUS][PBFT]checkAndChangeView: Reach consensus,org_view=79,cur_changeCycle=1,to_view=80
info|2020-11-25 04:51:02.832961|[g:1][CONSENSUS]addRawPrepare,height=160,reqIdx=3,hash=fe28c5d6...,time=0
info|2020-11-25 04:51:02.836931|[g:1][CONSENSUS][PBFT]checkTimeout Succ,view=80,toView=81,nodeIdx=1,changeCycle=1,myNode=2fba64b0...,timecost=3.942
info|2020-11-25 04:51:02.845777|[g:1][CONSENSUS][PBFT]checkAndChangeView: Reach consensus,org_view=80,cur_changeCycle=1,to_view=81
info|2020-11-25 04:51:03.847026|[g:1][CONSENSUS]addRawPrepare,height=160,reqIdx=0,hash=387eaea9...,time=0
info|2020-11-25 04:51:03.847328|[g:1][CONSENSUS][PBFT]checkTimeout Succ,view=81,toView=82,nodeIdx=1,changeCycle=1,myNode=2fba64b0...,timecost=0.265
info|2020-11-25 04:51:03.854092|[g:1][CONSENSUS][PBFT]checkAndChangeView: Reach consensus,org_view=81,cur_changeCycle=1,to_view=82
info|2020-11-25 04:51:04.856478|[g:1][CONSENSUS][SEALER]++++++++++++++++ Generating seal on,blkNum=160,tx=0,nodeIdx=1,hash=be2b7a20...
info|2020-11-25 04:51:04.864695|[g:1][CONSENSUS][PBFT]checkTimeout Succ,view=82,toView=83,nodeIdx=1,changeCycle=1,myNode=2fba64b0...,timecost=0.268
info|2020-11-25 04:51:04.866194|[g:1][CONSENSUS][PBFT]checkAndChangeView: Reach consensus,org_view=82,cur_changeCycle=1,to_view=83
info|2020-11-25 04:51:05.866180|[g:1][CONSENSUS]addRawPrepare,height=160,reqIdx=2,hash=9a7f15ab...,time=0
info|2020-11-25 04:51:05.872141|[g:1][CONSENSUS][PBFT]checkTimeout Succ,view=83,toView=84,nodeIdx=1,changeCycle=1,myNode=2fba64b0...,timecost=0.247
info|2020-11-25 04:51:05.877794|[g:1][CONSENSUS][PBFT]checkAndChangeView: Reach consensus,org_view=83,cur_changeCycle=1,to_view=84
info|2020-11-25 04:51:06.880785|[g:1][CONSENSUS]addRawPrepare,height=160,reqIdx=3,hash=eb755c19...,time=0
info|2020-11-25 04:51:06.885610|[g:1][CONSENSUS][PBFT]checkTimeout Succ,view=84,toView=85,nodeIdx=1,changeCycle=1,myNode=2fba64b0...,timecost=4.777
info|2020-11-25 04:51:06.886790|[g:1][CONSENSUS][PBFT]checkAndChangeView: Reach consensus,org_view=84,cur_changeCycle=1,to_view=85
info|2020-11-25 04:51:07.895725|[g:1][CONSENSUS]addRawPrepare,height=160,reqIdx=0,hash=a1459dfd...,time=0
info|2020-11-25 04:51:07.895989|[g:1][CONSENSUS][PBFT]checkTimeout Succ,view=85,toView=86,nodeIdx=1,changeCycle=1,myNode=2fba64b0...,timecost=0.225
info|2020-11-25 04:51:07.898883|[g:1][CONSENSUS][PBFT]checkAndChangeView: Reach consensus,org_view=85,cur_changeCycle=1,to_view=86
info|2020-11-25 04:51:08.900484|[g:1][CONSENSUS][SEALER]++++++++++++++++ Generating seal on,blkNum=160,tx=0,nodeIdx=1,hash=d5824d10...
info|2020-11-25 04:51:08.908548|[g:1][CONSENSUS][PBFT]checkTimeout Succ,view=86,toView=87,nodeIdx=1,changeCycle=1,myNode=2fba64b0...,timecost=0.35
info|2020-11-25 04:51:08.910631|[g:1][CONSENSUS][PBFT]checkAndChangeView: Reach consensus,org_view=86,cur_changeCycle=1,to_view=87
info|2020-11-25 04:51:09.909436|[g:1][CONSENSUS]addRawPrepare,height=160,reqIdx=2,hash=5a94ea16...,time=0
info|2020-11-25 04:51:09.909787|[g:1][CONSENSUS][PBFT]checkTimeout Succ,view=87,toView=88,nodeIdx=1,changeCycle=1,myNode=2fba64b0...,timecost=0.313
info|2020-11-25 04:51:09.914667|[g:1][CONSENSUS][PBFT]checkAndChangeView: Reach consensus,org_view=87,cur_changeCycle=1,to_view=88
info|2020-11-25 04:51:10.696530|[P2P][Service] heartBeat,connected count=3
info|2020-11-25 04:51:10.918415|[g:1][CONSENSUS]addRawPrepare,height=160,reqIdx=3,hash=6c82906f...,time=0
info|2020-11-25 04:51:10.918707|[g:1][CONSENSUS][PBFT]checkTimeout Succ,view=88,toView=89,nodeIdx=1,changeCycle=1,myNode=2fba64b0...,timecost=0.254
info|2020-11-25 04:51:10.921598|[g:1][CONSENSUS][PBFT]checkAndChangeView: Reach consensus,org_view=88,cur_changeCycle=1,to_view=89
info|2020-11-25 04:51:11.924719|[g:1][CONSENSUS]addRawPrepare,height=160,reqIdx=0,hash=a3e689eb...,time=0
info|2020-11-25 04:51:11.925072|[g:1][CONSENSUS][PBFT]checkTimeout Succ,view=89,toView=90,nodeIdx=1,changeCycle=1,myNode=2fba64b0...,timecost=0.315
info|2020-11-25 04:51:11.931429|[g:1][CONSENSUS][PBFT]checkAndChangeView: Reach consensus,org_view=89,cur_changeCycle=1,to_view=90
info|2020-11-25 04:51:12.932280|[g:1][CONSENSUS][SEALER]++++++++++++++++ Generating seal on,blkNum=160,tx=0,nodeIdx=1,hash=35ae956c...
info|2020-11-25 04:51:12.941822|[g:1][CONSENSUS][PBFT]checkTimeout Succ,view=90,toView=91,nodeIdx=1,changeCycle=1,myNode=2fba64b0...,timecost=0.284
info|2020-11-25 04:51:12.943458|[g:1][CONSENSUS][PBFT]checkAndChangeView: Reach consensus,org_view=90,cur_changeCycle=1,to_view=91
info|2020-11-25 04:51:13.945173|[g:1][CONSENSUS]addRawPrepare,height=160,reqIdx=2,hash=b4e4ea68...,time=0
info|2020-11-25 04:51:13.945517|[g:1][CONSENSUS][PBFT]checkTimeout Succ,view=91,toView=92,nodeIdx=1,changeCycle=1,myNode=2fba64b0...,timecost=0.309
info|2020-11-25 04:51:13.949818|[g:1][CONSENSUS][PBFT]checkAndChangeView: Reach consensus,org_view=91,cur_changeCycle=1,to_view=92
info|2020-11-25 04:51:14.953247|[g:1][CONSENSUS]addRawPrepare,height=160,reqIdx=3,hash=9ebf19ac...,time=0
info|2020-11-25 04:51:14.953584|[g:1][CONSENSUS][PBFT]checkTimeout Succ,view=92,toView=93,nodeIdx=1,changeCycle=1,myNode=2fba64b0...,timecost=0.307
info|2020-11-25 04:51:14.956194|[g:1][CONSENSUS][PBFT]checkAndChangeView: Reach consensus,org_view=92,cur_changeCycle=1,to_view=93
info|2020-11-25 04:51:15.959052|[g:1][CONSENSUS]addRawPrepare,height=160,reqIdx=0,hash=626c687c...,time=0
info|2020-11-25 04:51:15.959346|[g:1][CONSENSUS][PBFT]checkTimeout Succ,view=93,toView=94,nodeIdx=1,changeCycle=1,myNode=2fba64b0...,timecost=0.254
info|2020-11-25 04:51:15.964677|[g:1][CONSENSUS][PBFT]checkAndChangeView: Reach consensus,org_view=93,cur_changeCycle=1,to_view=94
info|2020-11-25 04:51:16.964170|[g:1][CONSENSUS][SEALER]++++++++++++++++ Generating seal on,blkNum=160,tx=0,nodeIdx=1,hash=b4a96df5...
info|2020-11-25 04:51:16.973689|[g:1][CONSENSUS][PBFT]checkTimeout Succ,view=94,toView=95,nodeIdx=1,changeCycle=1,myNode=2fba64b0...,timecost=0.285
info|2020-11-25 04:51:16.975299|[g:1][CONSENSUS][PBFT]checkAndChangeView: Reach consensus,org_view=94,cur_changeCycle=1,to_view=95
info|2020-11-25 04:51:17.976132|[g:1][CONSENSUS]addRawPrepare,height=160,reqIdx=2,hash=c318d75a...,time=0
info|2020-11-25 04:51:17.976451|[g:1][CONSENSUS][PBFT]checkTimeout Succ,view=95,toView=96,nodeIdx=1,changeCycle=1,myNode=2fba64b0...,timecost=0.283
info|2020-11-25 04:51:17.980194|[g:1][CONSENSUS][PBFT]checkAndChangeView: Reach consensus,org_view=95,cur_changeCycle=1,to_view=96
info|2020-11-25 04:51:18.982496|[g:1][CONSENSUS]addRawPrepare,height=160,reqIdx=3,hash=016de1f3...,time=0
info|2020-11-25 04:51:18.982767|[g:1][CONSENSUS][PBFT]checkTimeout Succ,view=96,toView=97,nodeIdx=1,changeCycle=1,myNode=2fba64b0...,timecost=0.235
info|2020-11-25 04:51:18.986426|[g:1][CONSENSUS][PBFT]checkAndChangeView: Reach consensus,org_view=96,cur_changeCycle=1,to_view=97
info|2020-11-25 04:51:19.988794|[g:1][CONSENSUS]addRawPrepare,height=160,reqIdx=0,hash=33b59f89...,time=0
info|2020-11-25 04:51:19.989076|[g:1][CONSENSUS][PBFT]checkTimeout Succ,view=97,toView=98,nodeIdx=1,changeCycle=1,myNode=2fba64b0...,timecost=0.243
info|2020-11-25 04:51:19.994153|[g:1][CONSENSUS][PBFT]checkAndChangeView: Reach consensus,org_view=97,cur_changeCycle=1,to_view=98
info|2020-11-25 04:51:20.696609|[P2P][Service] heartBeat,connected count=3
info|2020-11-25 04:51:20.994345|[g:1][CONSENSUS][SEALER]++++++++++++++++ Generating seal on,blkNum=160,tx=0,nodeIdx=1,hash=99b8605e...
info|2020-11-25 04:51:21.001692|[g:1][CONSENSUS][PBFT]checkTimeout Succ,view=98,toView=99,nodeIdx=1,changeCycle=1,myNode=2fba64b0...,timecost=0.242
info|2020-11-25 04:51:21.003028|[g:1][CONSENSUS][PBFT]checkAndChangeView: Reach consensus,org_view=98,cur_changeCycle=1,to_view=99
info|2020-11-25 04:51:22.005974|[g:1][CONSENSUS]addRawPrepare,height=160,reqIdx=2,hash=7a49d21c...,time=0
info|2020-11-25 04:51:22.006319|[g:1][CONSENSUS][PBFT]checkTimeout Succ,view=99,toView=100,nodeIdx=1,changeCycle=1,myNode=2fba64b0...,timecost=0.31
info|2020-11-25 04:51:22.007079|[g:1][CONSENSUS][PBFT]checkAndChangeView: Reach consensus,org_view=99,cur_changeCycle=1,to_view=100
info|2020-11-25 04:51:23.011036|[g:1][CONSENSUS]addRawPrepare,height=160,reqIdx=3,hash=7f4541d5...,time=0
info|2020-11-25 04:51:23.011228|[g:1][CONSENSUS][PBFT]checkTimeout Succ,view=100,toView=101,nodeIdx=1,changeCycle=1,myNode=2fba64b0...,timecost=0.168
info|2020-11-25 04:51:23.013339|[g:1][CONSENSUS][PBFT]checkAndChangeView: Reach consensus,org_view=100,cur_changeCycle=1,to_view=101
info|2020-11-25 04:51:24.016361|[g:1][CONSENSUS]addRawPrepare,height=160,reqIdx=0,hash=b56829d5...,time=0
info|2020-11-25 04:51:24.019881|[g:1][CONSENSUS][PBFT]checkTimeout Succ,view=101,toView=102,nodeIdx=1,changeCycle=1,myNode=2fba64b0...,timecost=3.481
info|2020-11-25 04:51:24.020633|[g:1][CONSENSUS][PBFT]checkAndChangeView: Reach consensus,org_view=101,cur_changeCycle=1,to_view=102
info|2020-11-25 04:51:25.021195|[g:1][CONSENSUS][SEALER]++++++++++++++++ Generating seal on,blkNum=160,tx=0,nodeIdx=1,hash=774cc7d3...
info|2020-11-25 04:51:25.028908|[g:1][CONSENSUS][PBFT]checkTimeout Succ,view=102,toView=103,nodeIdx=1,changeCycle=1,myNode=2fba64b0...,timecost=0.277
info|2020-11-25 04:51:25.030366|[g:1][CONSENSUS][PBFT]checkAndChangeView: Reach consensus,org_view=102,cur_changeCycle=1,to_view=103
info|2020-11-25 04:51:26.030456|[g:1][CONSENSUS]addRawPrepare,height=160,reqIdx=2,hash=a36e528b...,time=0
info|2020-11-25 04:51:26.030754|[g:1][CONSENSUS][PBFT]checkTimeout Succ,view=103,toView=104,nodeIdx=1,changeCycle=1,myNode=2fba64b0...,timecost=0.267
info|2020-11-25 04:51:26.034188|[g:1][CONSENSUS][PBFT]checkAndChangeView: Reach consensus,org_view=103,cur_changeCycle=1,to_view=104
info|2020-11-25 04:51:27.037268|[g:1][CONSENSUS]addRawPrepare,height=160,reqIdx=3,hash=a94c3459...,time=0
info|2020-11-25 04:51:27.037571|[g:1][CONSENSUS][PBFT]checkTimeout Succ,view=104,toView=105,nodeIdx=1,changeCycle=1,myNode=2fba64b0...,timecost=0.274
info|2020-11-25 04:51:27.041731|[g:1][CONSENSUS][PBFT]checkAndChangeView: Reach consensus,org_view=104,cur_changeCycle=1,to_view=105
info|2020-11-25 04:51:28.044547|[g:1][CONSENSUS]addRawPrepare,height=160,reqIdx=0,hash=13d89328...,time=0
info|2020-11-25 04:51:28.044859|[g:1][CONSENSUS][PBFT]checkTimeout Succ,view=105,toView=106,nodeIdx=1,changeCycle=1,myNode=2fba64b0...,timecost=0.268
info|2020-11-25 04:51:28.050106|[g:1][CONSENSUS][PBFT]checkAndChangeView: Reach consensus,org_view=105,cur_changeCycle=1,to_view=106
info|2020-11-25 04:51:29.051276|[g:1][CONSENSUS][SEALER]++++++++++++++++ Generating seal on,blkNum=160,tx=0,nodeIdx=1,hash=030c2e5d...
info|2020-11-25 04:51:29.060818|[g:1][CONSENSUS][PBFT]checkTimeout Succ,view=106,toView=107,nodeIdx=1,changeCycle=1,myNode=2fba64b0...,timecost=0.264
info|2020-11-25 04:51:29.062230|[g:1][CONSENSUS][PBFT]checkAndChangeView: Reach consensus,org_view=106,cur_changeCycle=1,to_view=107
info|2020-11-25 04:51:30.061712|[g:1][CONSENSUS]addRawPrepare,height=160,reqIdx=2,hash=3b66aa87...,time=0
info|2020-11-25 04:51:30.061987|[g:1][CONSENSUS][PBFT]checkTimeout Succ,view=107,toView=108,nodeIdx=1,changeCycle=1,myNode=2fba64b0...,timecost=0.243
info|2020-11-25 04:51:30.065523|[g:1][CONSENSUS][PBFT]checkAndChangeView: Reach consensus,org_view=107,cur_changeCycle=1,to_view=108
info|2020-11-25 04:51:30.696698|[P2P][Service] heartBeat,connected count=3
info|2020-11-25 04:51:31.070015|[g:1][CONSENSUS]addRawPrepare,height=160,reqIdx=3,hash=845362a9...,time=0
info|2020-11-25 04:51:31.070287|[g:1][CONSENSUS][PBFT]checkTimeout Succ,view=108,toView=109,nodeIdx=1,changeCycle=1,myNode=2fba64b0...,timecost=0.236
info|2020-11-25 04:51:31.073022|[g:1][CONSENSUS][PBFT]checkAndChangeView: Reach consensus,org_view=108,cur_changeCycle=1,to_view=109
info|2020-11-25 04:51:32.075900|[g:1][CONSENSUS]addRawPrepare,height=160,reqIdx=0,hash=96472794...,time=0
info|2020-11-25 04:51:32.076238|[g:1][CONSENSUS][PBFT]checkTimeout Succ,view=109,toView=110,nodeIdx=1,changeCycle=1,myNode=2fba64b0...,timecost=0.294
info|2020-11-25 04:51:32.082498|[g:1][CONSENSUS][PBFT]checkAndChangeView: Reach consensus,org_view=109,cur_changeCycle=1,to_view=110
info|2020-11-25 04:51:33.084104|[g:1][CONSENSUS][SEALER]++++++++++++++++ Generating seal on,blkNum=160,tx=0,nodeIdx=1,hash=3acd1ea9...
info|2020-11-25 04:51:33.089460|[g:1][CONSENSUS][PBFT]checkTimeout Succ,view=110,toView=111,nodeIdx=1,changeCycle=1,myNode=2fba64b0...,timecost=0.253
info|2020-11-25 04:51:33.091603|[g:1][CONSENSUS][PBFT]checkAndChangeView: Reach consensus,org_view=110,cur_changeCycle=1,to_view=111
info|2020-11-25 04:51:34.095508|[g:1][CONSENSUS][PBFT]Trigger fast-viewchange,view=111,toView=111,minView=112,INFO=,reqNum=159,curNum=159,GenIdx=3,Cview=112,view=111,fromIdx=3,fromNode=e3236923...,fromIp=127.0.0.1:46470,hash=8a804b61...,nodeIdx=1,myNode=2fba64b0...
info|2020-11-25 04:51:34.095764|[g:1][CONSENSUS][PBFT]checkAndChangeView: Reach consensus,org_view=111,cur_changeCycle=2,to_view=112
info|2020-11-25 04:51:34.095778|[g:1][CONSENSUS][PBFT]checkTimeout Succ,view=112,toView=112,nodeIdx=1,changeCycle=2,myNode=2fba64b0...,timecost=0.257
info|2020-11-25 04:51:35.100283|[g:1][CONSENSUS]addRawPrepare,height=160,reqIdx=3,hash=9fc9d32b...,time=0
info|2020-11-25 04:51:35.100601|[g:1][CONSENSUS][PBFT]checkTimeout Succ,view=112,toView=113,nodeIdx=1,changeCycle=1,myNode=2fba64b0...,timecost=0.281
info|2020-11-25 04:51:35.102884|[g:1][CONSENSUS][PBFT]checkAndChangeView: Reach consensus,org_view=112,cur_changeCycle=1,to_view=113
info|2020-11-25 04:51:36.106331|[g:1][CONSENSUS]addRawPrepare,height=160,reqIdx=0,hash=a1214246...,time=0
info|2020-11-25 04:51:36.106661|[g:1][CONSENSUS][PBFT]checkTimeout Succ,view=113,toView=114,nodeIdx=1,changeCycle=1,myNode=2fba64b0...,timecost=0.29
info|2020-11-25 04:51:36.111684|[g:1][CONSENSUS][PBFT]checkAndChangeView: Reach consensus,org_view=113,cur_changeCycle=1,to_view=114
info|2020-11-25 04:51:37.112303|[g:1][CONSENSUS][SEALER]++++++++++++++++ Generating seal on,blkNum=160,tx=0,nodeIdx=1,hash=8b07d04a...
info|2020-11-25 04:51:37.121185|[g:1][CONSENSUS][PBFT]checkTimeout Succ,view=114,toView=115,nodeIdx=1,changeCycle=1,myNode=2fba64b0...,timecost=0.252
info|2020-11-25 04:51:37.122878|[g:1][CONSENSUS][PBFT]checkAndChangeView: Reach consensus,org_view=114,cur_changeCycle=1,to_view=115
info|2020-11-25 04:51:38.124519|[g:1][CONSENSUS]addRawPrepare,height=160,reqIdx=2,hash=23736f97...,time=0
info|2020-11-25 04:51:38.124794|[g:1][CONSENSUS][PBFT]checkTimeout Succ,view=115,toView=116,nodeIdx=1,changeCycle=1,myNode=2fba64b0...,timecost=0.242
info|2020-11-25 04:51:38.127567|[g:1][CONSENSUS][PBFT]checkAndChangeView: Reach consensus,org_view=115,cur_changeCycle=1,to_view=116
info|2020-11-25 04:51:39.131558|[g:1][CONSENSUS]addRawPrepare,height=160,reqIdx=3,hash=4a2c533c...,time=0
info|2020-11-25 04:51:39.131836|[g:1][CONSENSUS][PBFT]checkTimeout Succ,view=116,toView=117,nodeIdx=1,changeCycle=1,myNode=2fba64b0...,timecost=0.245
info|2020-11-25 04:51:39.134858|[g:1][CONSENSUS][PBFT]checkAndChangeView: Reach consensus,org_view=116,cur_changeCycle=1,to_view=117
info|2020-11-25 04:51:40.137753|[g:1][CONSENSUS]addRawPrepare,height=160,reqIdx=0,hash=aeaf3bbc...,time=0
info|2020-11-25 04:51:40.138041|[g:1][CONSENSUS][PBFT]checkTimeout Succ,view=117,toView=118,nodeIdx=1,changeCycle=1,myNode=2fba64b0...,timecost=0.246
info|2020-11-25 04:51:40.143158|[g:1][CONSENSUS][PBFT]checkAndChangeView: Reach consensus,org_view=117,cur_changeCycle=1,to_view=118
info|2020-11-25 04:51:40.696776|[P2P][Service] heartBeat,connected count=3
info|2020-11-25 04:51:41.144762|[g:1][CONSENSUS][SEALER]++++++++++++++++ Generating seal on,blkNum=160,tx=0,nodeIdx=1,hash=1b46ba74...
info|2020-11-25 04:51:41.152844|[g:1][CONSENSUS][PBFT]checkTimeout Succ,view=118,toView=119,nodeIdx=1,changeCycle=1,myNode=2fba64b0...,timecost=0.297
info|2020-11-25 04:51:41.153872|[g:1][CONSENSUS][PBFT]checkAndChangeView: Reach consensus,org_view=118,cur_changeCycle=1,to_view=119
info|2020-11-25 04:51:42.153935|[g:1][CONSENSUS]addRawPrepare,height=160,reqIdx=2,hash=53e3c6fa...,time=0
info|2020-11-25 04:51:42.156863|[g:1][CONSENSUS][PBFT]checkTimeout Succ,view=119,toView=120,nodeIdx=1,changeCycle=1,myNode=2fba64b0...,timecost=2.894
info|2020-11-25 04:51:42.157634|[g:1][CONSENSUS][PBFT]checkAndChangeView: Reach consensus,org_view=119,cur_changeCycle=1,to_view=120
info|2020-11-25 04:51:43.162009|[g:1][CONSENSUS]addRawPrepare,height=160,reqIdx=3,hash=201b3e32...,time=0
info|2020-11-25 04:51:43.162277|[g:1][CONSENSUS][PBFT]checkTimeout Succ,view=120,toView=121,nodeIdx=1,changeCycle=1,myNode=2fba64b0...,timecost=0.235
info|2020-11-25 04:51:43.165267|[g:1][CONSENSUS][PBFT]checkAndChangeView: Reach consensus,org_view=120,cur_changeCycle=1,to_view=121
info|2020-11-25 04:51:44.171565|[g:1][CONSENSUS]addRawPrepare,height=160,reqIdx=0,hash=7f284355...,time=0
info|2020-11-25 04:51:44.171871|[g:1][CONSENSUS][PBFT]checkTimeout Succ,view=121,toView=122,nodeIdx=1,changeCycle=1,myNode=2fba64b0...,timecost=0.274
info|2020-11-25 04:51:44.172543|[g:1][CONSENSUS][PBFT]checkAndChangeView: Reach consensus,org_view=121,cur_changeCycle=1,to_view=122
info|2020-11-25 04:51:45.172974|[g:1][CONSENSUS][SEALER]++++++++++++++++ Generating seal on,blkNum=160,tx=0,nodeIdx=1,hash=59767c86...
info|2020-11-25 04:51:45.179883|[g:1][CONSENSUS][PBFT]checkTimeout Succ,view=122,toView=123,nodeIdx=1,changeCycle=1,myNode=2fba64b0...,timecost=0.242
info|2020-11-25 04:51:45.181263|[g:1][CONSENSUS][PBFT]checkAndChangeView: Reach consensus,org_view=122,cur_changeCycle=1,to_view=123
info|2020-11-25 04:51:46.181133|[g:1][CONSENSUS]addRawPrepare,height=160,reqIdx=2,hash=03813d00...,time=0
info|2020-11-25 04:51:46.181380|[g:1][CONSENSUS][PBFT]checkTimeout Succ,view=123,toView=124,nodeIdx=1,changeCycle=1,myNode=2fba64b0...,timecost=0.222
info|2020-11-25 04:51:46.184658|[g:1][CONSENSUS][PBFT]checkAndChangeView: Reach consensus,org_view=123,cur_changeCycle=1,to_view=124
info|2020-11-25 04:51:47.187715|[g:1][CONSENSUS]addRawPrepare,height=160,reqIdx=3,hash=ffed4187...,time=0
info|2020-11-25 04:51:47.188001|[g:1][CONSENSUS][PBFT]checkTimeout Succ,view=124,toView=125,nodeIdx=1,changeCycle=1,myNode=2fba64b0...,timecost=0.246
info|2020-11-25 04:51:47.192418|[g:1][CONSENSUS][PBFT]checkAndChangeView: Reach consensus,org_view=124,cur_changeCycle=1,to_view=125
info|2020-11-25 04:51:48.197753|[g:1][CONSENSUS]addRawPrepare,height=160,reqIdx=0,hash=336d4b38...,time=0
info|2020-11-25 04:51:48.198093|[g:1][CONSENSUS][PBFT]checkTimeout Succ,view=125,toView=126,nodeIdx=1,changeCycle=1,myNode=2fba64b0...,timecost=0.293
info|2020-11-25 04:51:48.203315|[g:1][CONSENSUS][PBFT]checkAndChangeView: Reach consensus,org_view=125,cur_changeCycle=1,to_view=126
info|2020-11-25 04:51:49.204193|[g:1][CONSENSUS][SEALER]++++++++++++++++ Generating seal on,blkNum=160,tx=0,nodeIdx=1,hash=2d9595d6...
info|2020-11-25 04:51:49.212108|[g:1][CONSENSUS][PBFT]checkTimeout Succ,view=126,toView=127,nodeIdx=1,changeCycle=1,myNode=2fba64b0...,timecost=0.265
info|2020-11-25 04:51:49.213669|[g:1][CONSENSUS][PBFT]checkAndChangeView: Reach consensus,org_view=126,cur_changeCycle=1,to_view=127
info|2020-11-25 04:51:50.214791|[g:1][CONSENSUS]addRawPrepare,height=160,reqIdx=2,hash=08d60acb...,time=0
info|2020-11-25 04:51:50.215108|[g:1][CONSENSUS][PBFT]checkTimeout Succ,view=127,toView=128,nodeIdx=1,changeCycle=1,myNode=2fba64b0...,timecost=0.285
info|2020-11-25 04:51:50.218598|[g:1][CONSENSUS][PBFT]checkAndChangeView: Reach consensus,org_view=127,cur_changeCycle=1,to_view=128
info|2020-11-25 04:51:50.696840|[P2P][Service] heartBeat,connected count=3
info|2020-11-25 04:51:51.223661|[g:1][CONSENSUS]addRawPrepare,height=160,reqIdx=3,hash=c6285465...,time=0
info|2020-11-25 04:51:51.223970|[g:1][CONSENSUS][PBFT]checkTimeout Succ,view=128,toView=129,nodeIdx=1,changeCycle=1,myNode=2fba64b0...,timecost=0.279
info|2020-11-25 04:51:51.227318|[g:1][CONSENSUS][PBFT]checkAndChangeView: Reach consensus,org_view=128,cur_changeCycle=1,to_view=129
info|2020-11-25 04:51:52.230588|[g:1][CONSENSUS]addRawPrepare,height=160,reqIdx=0,hash=20ab27f6...,time=0
info|2020-11-25 04:51:52.230873|[g:1][CONSENSUS][PBFT]checkTimeout Succ,view=129,toView=130,nodeIdx=1,changeCycle=1,myNode=2fba64b0...,timecost=0.245
info|2020-11-25 04:51:52.235437|[g:1][CONSENSUS][PBFT]checkAndChangeView: Reach consensus,org_view=129,cur_changeCycle=1,to_view=130
info|2020-11-25 04:51:53.238141|[g:1][CONSENSUS][SEALER]++++++++++++++++ Generating seal on,blkNum=160,tx=0,nodeIdx=1,hash=3e64fb43...
info|2020-11-25 04:51:53.247590|[g:1][CONSENSUS][PBFT]checkTimeout Succ,view=130,toView=131,nodeIdx=1,changeCycle=1,myNode=2fba64b0...,timecost=0.251
info|2020-11-25 04:51:53.248708|[g:1][CONSENSUS][PBFT]checkAndChangeView: Reach consensus,org_view=130,cur_changeCycle=1,to_view=131
info|2020-11-25 04:51:54.248233|[g:1][CONSENSUS]addRawPrepare,height=160,reqIdx=2,hash=e5939bd7...,time=0
info|2020-11-25 04:51:54.248573|[g:1][CONSENSUS][PBFT]checkTimeout Succ,view=131,toView=132,nodeIdx=1,changeCycle=1,myNode=2fba64b0...,timecost=0.302
info|2020-11-25 04:51:54.252597|[g:1][CONSENSUS][PBFT]checkAndChangeView: Reach consensus,org_view=131,cur_changeCycle=1,to_view=132
info|2020-11-25 04:51:55.255575|[g:1][CONSENSUS]addRawPrepare,height=160,reqIdx=3,hash=4ade2113...,time=0
info|2020-11-25 04:51:55.256016|[g:1][CONSENSUS][PBFT]checkTimeout Succ,view=132,toView=133,nodeIdx=1,changeCycle=1,myNode=2fba64b0...,timecost=0.409
info|2020-11-25 04:51:55.261121|[g:1][CONSENSUS][PBFT]checkAndChangeView: Reach consensus,org_view=132,cur_changeCycle=1,to_view=133
info|2020-11-25 04:51:56.264591|[g:1][CONSENSUS]addRawPrepare,height=160,reqIdx=0,hash=8e0006cd...,time=0
info|2020-11-25 04:51:56.264895|[g:1][CONSENSUS][PBFT]checkTimeout Succ,view=133,toView=134,nodeIdx=1,changeCycle=1,myNode=2fba64b0...,timecost=0.289
info|2020-11-25 04:51:56.269614|[g:1][CONSENSUS][PBFT]checkAndChangeView: Reach consensus,org_view=133,cur_changeCycle=1,to_view=134
info|2020-11-25 04:51:57.271619|[g:1][CONSENSUS][SEALER]++++++++++++++++ Generating seal on,blkNum=160,tx=0,nodeIdx=1,hash=22e9b867...
info|2020-11-25 04:51:57.279862|[g:1][CONSENSUS][PBFT]checkTimeout Succ,view=134,toView=135,nodeIdx=1,changeCycle=1,myNode=2fba64b0...,timecost=0.249
info|2020-11-25 04:51:57.281163|[g:1][CONSENSUS][PBFT]checkAndChangeView: Reach consensus,org_view=134,cur_changeCycle=1,to_view=135
info|2020-11-25 04:51:58.282503|[g:1][CONSENSUS]addRawPrepare,height=160,reqIdx=2,hash=dd040c6b...,time=0
info|2020-11-25 04:51:58.282748|[g:1][CONSENSUS][PBFT]checkTimeout Succ,view=135,toView=136,nodeIdx=1,changeCycle=1,myNode=2fba64b0...,timecost=0.214
info|2020-11-25 04:51:58.286593|[g:1][CONSENSUS][PBFT]checkAndChangeView: Reach consensus,org_view=135,cur_changeCycle=1,to_view=136
info|2020-11-25 04:51:59.289511|[g:1][CONSENSUS]addRawPrepare,height=160,reqIdx=3,hash=0c6db3c1...,time=0
info|2020-11-25 04:51:59.289892|[g:1][CONSENSUS][PBFT]checkTimeout Succ,view=136,toView=137,nodeIdx=1,changeCycle=1,myNode=2fba64b0...,timecost=0.348
info|2020-11-25 04:51:59.294209|[g:1][CONSENSUS][PBFT]checkAndChangeView: Reach consensus,org_view=136,cur_changeCycle=1,to_view=137
info|2020-11-25 04:52:00.298155|[g:1][CONSENSUS]addRawPrepare,height=160,reqIdx=0,hash=b1699ecf...,time=0
info|2020-11-25 04:52:00.298509|[g:1][CONSENSUS][PBFT]checkTimeout Succ,view=137,toView=138,nodeIdx=1,changeCycle=1,myNode=2fba64b0...,timecost=0.315
info|2020-11-25 04:52:00.303926|[g:1][CONSENSUS][PBFT]checkAndChangeView: Reach consensus,org_view=137,cur_changeCycle=1,to_view=138
info|2020-11-25 04:52:00.696928|[P2P][Service] heartBeat,connected count=3
info|2020-11-25 04:52:01.304268|[g:1][CONSENSUS][SEALER]++++++++++++++++ Generating seal on,blkNum=160,tx=0,nodeIdx=1,hash=ef67615e...
info|2020-11-25 04:52:01.314651|[g:1][CONSENSUS][PBFT]checkTimeout Succ,view=138,toView=139,nodeIdx=1,changeCycle=1,myNode=2fba64b0...,timecost=0.321
info|2020-11-25 04:52:01.316154|[g:1][CONSENSUS][PBFT]checkAndChangeView: Reach consensus,org_view=138,cur_changeCycle=1,to_view=139
info|2020-11-25 04:52:02.319830|[g:1][CONSENSUS]addRawPrepare,height=160,reqIdx=2,hash=b62fb7a7...,time=0
info|2020-11-25 04:52:02.320122|[g:1][CONSENSUS][PBFT]checkTimeout Succ,view=139,toView=140,nodeIdx=1,changeCycle=1,myNode=2fba64b0...,timecost=0.255
info|2020-11-25 04:52:02.325240|[g:1][CONSENSUS][PBFT]checkAndChangeView: Reach consensus,org_view=139,cur_changeCycle=1,to_view=140
info|2020-11-25 04:52:03.327825|[g:1][CONSENSUS]addRawPrepare,height=160,reqIdx=3,hash=e77cdafe...,time=0
info|2020-11-25 04:52:03.328179|[g:1][CONSENSUS][PBFT]checkTimeout Succ,view=140,toView=141,nodeIdx=1,changeCycle=1,myNode=2fba64b0...,timecost=0.322
info|2020-11-25 04:52:03.332684|[g:1][CONSENSUS][PBFT]checkAndChangeView: Reach consensus,org_view=140,cur_changeCycle=1,to_view=141
info|2020-11-25 04:52:04.338443|[g:1][CONSENSUS]addRawPrepare,height=160,reqIdx=0,hash=db6c08e0...,time=0
info|2020-11-25 04:52:04.338778|[g:1][CONSENSUS][PBFT]checkTimeout Succ,view=141,toView=142,nodeIdx=1,changeCycle=1,myNode=2fba64b0...,timecost=0.299
info|2020-11-25 04:52:04.341657|[g:1][CONSENSUS][PBFT]checkAndChangeView: Reach consensus,org_view=141,cur_changeCycle=1,to_view=142
info|2020-11-25 04:52:05.342171|[g:1][CONSENSUS][SEALER]++++++++++++++++ Generating seal on,blkNum=160,tx=0,nodeIdx=1,hash=2c5038c9...
info|2020-11-25 04:52:05.350167|[g:1][CONSENSUS][PBFT]checkTimeout Succ,view=142,toView=143,nodeIdx=1,changeCycle=1,myNode=2fba64b0...,timecost=0.32
info|2020-11-25 04:52:05.351680|[g:1][CONSENSUS][PBFT]checkAndChangeView: Reach consensus,org_view=142,cur_changeCycle=1,to_view=143
info|2020-11-25 04:52:06.351547|[g:1][CONSENSUS]addRawPrepare,height=160,reqIdx=2,hash=5ef2074a...,time=0
info|2020-11-25 04:52:06.351843|[g:1][CONSENSUS][PBFT]checkTimeout Succ,view=143,toView=144,nodeIdx=1,changeCycle=1,myNode=2fba64b0...,timecost=0.257
info|2020-11-25 04:52:06.354862|[g:1][CONSENSUS][PBFT]checkAndChangeView: Reach consensus,org_view=143,cur_changeCycle=1,to_view=144
info|2020-11-25 04:52:07.357602|[g:1][CONSENSUS]addRawPrepare,height=160,reqIdx=3,hash=c642dde3...,time=0
info|2020-11-25 04:52:07.357907|[g:1][CONSENSUS][PBFT]checkTimeout Succ,view=144,toView=145,nodeIdx=1,changeCycle=1,myNode=2fba64b0...,timecost=0.264
info|2020-11-25 04:52:07.364399|[g:1][CONSENSUS][PBFT]checkAndChangeView: Reach consensus,org_view=144,cur_changeCycle=1,to_view=145
info|2020-11-25 04:52:08.366715|[g:1][CONSENSUS]addRawPrepare,height=160,reqIdx=0,hash=abf63840...,time=0
info|2020-11-25 04:52:08.367067|[g:1][CONSENSUS][PBFT]checkTimeout Succ,view=145,toView=146,nodeIdx=1,changeCycle=1,myNode=2fba64b0...,timecost=0.307
info|2020-11-25 04:52:08.372295|[g:1][CONSENSUS][PBFT]checkAndChangeView: Reach consensus,org_view=145,cur_changeCycle=1,to_view=146
info|2020-11-25 04:52:09.372461|[g:1][CONSENSUS][SEALER]++++++++++++++++ Generating seal on,blkNum=160,tx=0,nodeIdx=1,hash=ad70c4fa...
info|2020-11-25 04:52:09.380046|[g:1][CONSENSUS][PBFT]checkTimeout Succ,view=146,toView=147,nodeIdx=1,changeCycle=1,myNode=2fba64b0...,timecost=0.288
info|2020-11-25 04:52:09.381311|[g:1][CONSENSUS][PBFT]checkAndChangeView: Reach consensus,org_view=146,cur_changeCycle=1,to_view=147
info|2020-11-25 04:52:10.381511|[g:1][CONSENSUS]addRawPrepare,height=160,reqIdx=2,hash=472b148d...,time=0
info|2020-11-25 04:52:10.381812|[g:1][CONSENSUS][PBFT]checkTimeout Succ,view=147,toView=148,nodeIdx=1,changeCycle=1,myNode=2fba64b0...,timecost=0.266
info|2020-11-25 04:52:10.391122|[g:1][CONSENSUS][PBFT]checkAndChangeView: Reach consensus,org_view=147,cur_changeCycle=1,to_view=148
info|2020-11-25 04:52:10.697191|[P2P][Service] heartBeat,connected count=3
info|2020-11-25 04:52:11.392619|[g:1][CONSENSUS]addRawPrepare,height=160,reqIdx=3,hash=d4c207d6...,time=0
info|2020-11-25 04:52:11.394639|[g:1][CONSENSUS][PBFT]checkTimeout Succ,view=148,toView=149,nodeIdx=1,changeCycle=1,myNode=2fba64b0...,timecost=1.992
info|2020-11-25 04:52:11.395357|[g:1][CONSENSUS][PBFT]checkAndChangeView: Reach consensus,org_view=148,cur_changeCycle=1,to_view=149
info|2020-11-25 04:52:12.405028|[g:1][CONSENSUS]addRawPrepare,height=160,reqIdx=0,hash=09de29e5...,time=0
info|2020-11-25 04:52:12.405318|[g:1][CONSENSUS][PBFT]checkTimeout Succ,view=149,toView=150,nodeIdx=1,changeCycle=1,myNode=2fba64b0...,timecost=0.256
info|2020-11-25 04:52:12.412894|[g:1][CONSENSUS][PBFT]checkAndChangeView: Reach consensus,org_view=149,cur_changeCycle=1,to_view=150
info|2020-11-25 04:52:13.413280|[g:1][CONSENSUS][SEALER]++++++++++++++++ Generating seal on,blkNum=160,tx=0,nodeIdx=1,hash=be1ff4f1...
info|2020-11-25 04:52:13.424710|[g:1][CONSENSUS][PBFT]checkTimeout Succ,view=150,toView=151,nodeIdx=1,changeCycle=1,myNode=2fba64b0...,timecost=0.296
info|2020-11-25 04:52:13.426374|[g:1][CONSENSUS][PBFT]checkAndChangeView: Reach consensus,org_view=150,cur_changeCycle=1,to_view=151
info|2020-11-25 04:52:14.427076|[g:1][CONSENSUS]addRawPrepare,height=160,reqIdx=2,hash=d9c38eda...,time=0
info|2020-11-25 04:52:14.427361|[g:1][CONSENSUS][PBFT]checkTimeout Succ,view=151,toView=152,nodeIdx=1,changeCycle=1,myNode=2fba64b0...,timecost=0.249
info|2020-11-25 04:52:14.432206|[g:1][CONSENSUS][PBFT]checkAndChangeView: Reach consensus,org_view=151,cur_changeCycle=1,to_view=152
info|2020-11-25 04:52:15.434745|[g:1][CONSENSUS]addRawPrepare,height=160,reqIdx=3,hash=a0bad4e7...,time=0
info|2020-11-25 04:52:15.434989|[g:1][CONSENSUS][PBFT]checkTimeout Succ,view=152,toView=153,nodeIdx=1,changeCycle=1,myNode=2fba64b0...,timecost=0.214
info|2020-11-25 04:52:15.439991|[g:1][CONSENSUS][PBFT]checkAndChangeView: Reach consensus,org_view=152,cur_changeCycle=1,to_view=153
info|2020-11-25 04:52:16.443427|[g:1][CONSENSUS]addRawPrepare,height=160,reqIdx=0,hash=1aa81830...,time=0
info|2020-11-25 04:52:16.443775|[g:1][CONSENSUS][PBFT]checkTimeout Succ,view=153,toView=154,nodeIdx=1,changeCycle=1,myNode=2fba64b0...,timecost=0.299
info|2020-11-25 04:52:16.449260|[g:1][CONSENSUS][PBFT]checkAndChangeView: Reach consensus,org_view=153,cur_changeCycle=1,to_view=154
info|2020-11-25 04:52:17.450719|[g:1][CONSENSUS][SEALER]++++++++++++++++ Generating seal on,blkNum=160,tx=0,nodeIdx=1,hash=f26c58af...
info|2020-11-25 04:52:17.459170|[g:1][CONSENSUS][PBFT]checkTimeout Succ,view=154,toView=155,nodeIdx=1,changeCycle=1,myNode=2fba64b0...,timecost=0.245
info|2020-11-25 04:52:17.460486|[g:1][CONSENSUS][PBFT]checkAndChangeView: Reach consensus,org_view=154,cur_changeCycle=1,to_view=155
info|2020-11-25 04:52:18.500986|[g:1][CONSENSUS]addRawPrepare,height=160,reqIdx=2,hash=26f54e4a...,time=0
info|2020-11-25 04:52:18.501261|[g:1][CONSENSUS][PBFT]checkTimeout Succ,view=155,toView=156,nodeIdx=1,changeCycle=1,myNode=2fba64b0...,timecost=0.219
info|2020-11-25 04:52:18.504626|[g:1][CONSENSUS][PBFT]checkAndChangeView: Reach consensus,org_view=155,cur_changeCycle=1,to_view=156
info|2020-11-25 04:52:19.506133|[g:1][CONSENSUS]addRawPrepare,height=160,reqIdx=3,hash=f8af0775...,time=0
info|2020-11-25 04:52:19.506457|[g:1][CONSENSUS][PBFT]checkTimeout Succ,view=156,toView=157,nodeIdx=1,changeCycle=1,myNode=2fba64b0...,timecost=0.289
info|2020-11-25 04:52:19.513174|[g:1][CONSENSUS][PBFT]checkAndChangeView: Reach consensus,org_view=156,cur_changeCycle=1,to_view=157
info|2020-11-25 04:52:20.514241|[g:1][CONSENSUS]addRawPrepare,height=160,reqIdx=0,hash=ada0b13b...,time=0
info|2020-11-25 04:52:20.514581|[g:1][CONSENSUS][PBFT]checkTimeout Succ,view=157,toView=158,nodeIdx=1,changeCycle=1,myNode=2fba64b0...,timecost=0.302
info|2020-11-25 04:52:20.520441|[g:1][CONSENSUS][PBFT]checkAndChangeView: Reach consensus,org_view=157,cur_changeCycle=1,to_view=158
info|2020-11-25 04:52:20.697274|[P2P][Service] heartBeat,connected count=3
info|2020-11-25 04:52:21.520628|[g:1][CONSENSUS][SEALER]++++++++++++++++ Generating seal on,blkNum=160,tx=0,nodeIdx=1,hash=ba9dc9cb...
info|2020-11-25 04:52:21.530617|[g:1][CONSENSUS][PBFT]checkTimeout Succ,view=158,toView=159,nodeIdx=1,changeCycle=1,myNode=2fba64b0...,timecost=0.252
info|2020-11-25 04:52:21.534291|[g:1][CONSENSUS][PBFT]checkAndChangeView: Reach consensus,org_view=158,cur_changeCycle=1,to_view=159
info|2020-11-25 04:52:22.532882|[g:1][CONSENSUS]addRawPrepare,height=160,reqIdx=2,hash=cb7c557b...,time=0
info|2020-11-25 04:52:22.533171|[g:1][CONSENSUS][PBFT]checkTimeout Succ,view=159,toView=160,nodeIdx=1,changeCycle=1,myNode=2fba64b0...,timecost=0.251
info|2020-11-25 04:52:22.536712|[g:1][CONSENSUS][PBFT]checkAndChangeView: Reach consensus,org_view=159,cur_changeCycle=1,to_view=160
info|2020-11-25 04:52:23.543228|[g:1][CONSENSUS]addRawPrepare,height=160,reqIdx=3,hash=b3b754fa...,time=0
info|2020-11-25 04:52:23.543625|[g:1][CONSENSUS][PBFT]checkTimeout Succ,view=160,toView=161,nodeIdx=1,changeCycle=1,myNode=2fba64b0...,timecost=0.346
info|2020-11-25 04:52:23.548468|[g:1][CONSENSUS][PBFT]checkAndChangeView: Reach consensus,org_view=160,cur_changeCycle=1,to_view=161
info|2020-11-25 04:52:23.945788|[NETWORK][Host]P2P Recv Connect, From=127.0.0.1:46504
info|2020-11-25 04:52:23.945830|[NETWORK][Host]P2P StartAccept,Host=0.0.0.0:30300
info|2020-11-25 04:52:23.965716|[NETWORK][Host]handshakeServer succ,remote endpoint=127.0.0.1:46504
info|2020-11-25 04:52:23.965825|[P2P][Service] Connection established,nodeID=07351151...,endpoint=127.0.0.1:46504
info|2020-11-25 04:52:23.965851|[NETWORK][Host]startPeerSession, Remote=127.0.0.1:46504,local endpoint=127.0.0.1:30300,nodeID=07351151...
info|2020-11-25 04:52:24.550798|[g:1][CONSENSUS]addRawPrepare,height=160,reqIdx=0,hash=a1d1e9af...,time=0
info|2020-11-25 04:52:24.551122|[g:1][CONSENSUS][PBFT]checkTimeout Succ,view=161,toView=162,nodeIdx=1,changeCycle=1,myNode=2fba64b0...,timecost=0.257
info|2020-11-25 04:52:24.556446|[g:1][CONSENSUS][PBFT]checkAndChangeView: Reach consensus,org_view=161,cur_changeCycle=1,to_view=162
info|2020-11-25 04:52:24.993203|[g:1][NodeTimeMaintenance]updateTimeInfo: update median time offset,updatedMedianTimeOffset=-40,peer=07351151...,peerTime=1606297944992,peerOffset=-1,utcTime=1606297944993
info|2020-11-25 04:52:25.556714|[g:1][CONSENSUS][SEALER]++++++++++++++++ Generating seal on,blkNum=160,tx=0,nodeIdx=1,hash=1fe3db56...
info|2020-11-25 04:52:25.563318|[g:1][CONSENSUS][PBFT]checkTimeout Succ,view=162,toView=163,nodeIdx=1,changeCycle=1,myNode=2fba64b0...,timecost=0.237
info|2020-11-25 04:52:25.564944|[g:1][CONSENSUS][PBFT]checkAndChangeView: Reach consensus,org_view=162,cur_changeCycle=1,to_view=163
info|2020-11-25 04:52:26.565253|[g:1][CONSENSUS]addRawPrepare,height=160,reqIdx=2,hash=7c6d966a...,time=0
info|2020-11-25 04:52:26.565539|[g:1][CONSENSUS][PBFT]checkTimeout Succ,view=163,toView=164,nodeIdx=1,changeCycle=1,myNode=2fba64b0...,timecost=0.251
info|2020-11-25 04:52:26.567865|[g:1][CONSENSUS][PBFT]checkAndChangeView: Reach consensus,org_view=163,cur_changeCycle=1,to_view=164
info|2020-11-25 04:52:27.571593|[g:1][CONSENSUS]addRawPrepare,height=160,reqIdx=3,hash=52f7fd52...,time=0
info|2020-11-25 04:52:27.571906|[g:1][CONSENSUS][PBFT]checkTimeout Succ,view=164,toView=165,nodeIdx=1,changeCycle=1,myNode=2fba64b0...,timecost=0.277
info|2020-11-25 04:52:27.576321|[g:1][CONSENSUS][PBFT]checkAndChangeView: Reach consensus,org_view=164,cur_changeCycle=1,to_view=165
info|2020-11-25 04:52:28.578871|[g:1][CONSENSUS]addRawPrepare,height=160,reqIdx=0,hash=ac4fd7af...,time=0
info|2020-11-25 04:52:28.579111|[g:1][CONSENSUS][PBFT]checkTimeout Succ,view=165,toView=166,nodeIdx=1,changeCycle=1,myNode=2fba64b0...,timecost=0.204
info|2020-11-25 04:52:28.585006|[g:1][CONSENSUS][PBFT]checkAndChangeView: Reach consensus,org_view=165,cur_changeCycle=1,to_view=166
info|2020-11-25 04:52:29.586713|[g:1][CONSENSUS][SEALER]++++++++++++++++ Generating seal on,blkNum=160,tx=0,nodeIdx=1,hash=31b0775c...
info|2020-11-25 04:52:29.595699|[g:1][CONSENSUS][PBFT]checkTimeout Succ,view=166,toView=167,nodeIdx=1,changeCycle=1,myNode=2fba64b0...,timecost=0.262
info|2020-11-25 04:52:29.596790|[g:1][CONSENSUS][PBFT]checkAndChangeView: Reach consensus,org_view=166,cur_changeCycle=1,to_view=167
info|2020-11-25 04:52:30.597398|[g:1][CONSENSUS]addRawPrepare,height=160,reqIdx=2,hash=7a07d964...,time=0
info|2020-11-25 04:52:30.597682|[g:1][CONSENSUS][PBFT]checkTimeout Succ,view=167,toView=168,nodeIdx=1,changeCycle=1,myNode=2fba64b0...,timecost=0.249
info|2020-11-25 04:52:30.601960|[g:1][CONSENSUS][PBFT]checkAndChangeView: Reach consensus,org_view=167,cur_changeCycle=1,to_view=168
info|2020-11-25 04:52:30.697350|[P2P][Service] heartBeat,connected count=4
info|2020-11-25 04:52:31.604988|[g:1][CONSENSUS]addRawPrepare,height=160,reqIdx=3,hash=459a9855...,time=0
info|2020-11-25 04:52:31.605257|[g:1][CONSENSUS][PBFT]checkTimeout Succ,view=168,toView=169,nodeIdx=1,changeCycle=1,myNode=2fba64b0...,timecost=0.237
info|2020-11-25 04:52:31.608194|[g:1][CONSENSUS][PBFT]checkAndChangeView: Reach consensus,org_view=168,cur_changeCycle=1,to_view=169
info|2020-11-25 04:52:32.611425|[g:1][CONSENSUS]addRawPrepare,height=160,reqIdx=0,hash=a39b5d73...,time=0
info|2020-11-25 04:52:32.611782|[g:1][CONSENSUS][PBFT]checkTimeout Succ,view=169,toView=170,nodeIdx=1,changeCycle=1,myNode=2fba64b0...,timecost=0.264
info|2020-11-25 04:52:32.618183|[g:1][CONSENSUS][PBFT]checkAndChangeView: Reach consensus,org_view=169,cur_changeCycle=1,to_view=170
info|2020-11-25 04:52:33.618991|[g:1][CONSENSUS][SEALER]++++++++++++++++ Generating seal on,blkNum=160,tx=0,nodeIdx=1,hash=6ccc31e9...
info|2020-11-25 04:52:33.625735|[g:1][CONSENSUS][PBFT]checkTimeout Succ,view=170,toView=171,nodeIdx=1,changeCycle=1,myNode=2fba64b0...,timecost=0.261
info|2020-11-25 04:52:33.627056|[g:1][CONSENSUS][PBFT]checkAndChangeView: Reach consensus,org_view=170,cur_changeCycle=1,to_view=171
info|2020-11-25 04:52:34.627430|[g:1][CONSENSUS]addRawPrepare,height=160,reqIdx=2,hash=a7e276b3...,time=0
info|2020-11-25 04:52:34.627732|[g:1][CONSENSUS][PBFT]checkTimeout Succ,view=171,toView=172,nodeIdx=1,changeCycle=1,myNode=2fba64b0...,timecost=0.262
info|2020-11-25 04:52:34.632516|[g:1][CONSENSUS][PBFT]checkAndChangeView: Reach consensus,org_view=171,cur_changeCycle=1,to_view=172
info|2020-11-25 04:52:35.493740|[LEDGER]stop sealer,groupID=1
info|2020-11-25 04:52:35.493763|[CONSENSUS][SEALER]Stop sealer module...
info|2020-11-25 04:52:35.496912|[CONSENSUS][ConsensusEngine][Stop ConsensusEngineBase]
info|2020-11-25 04:52:35.498719|[CONSENSUS][ConsensusEngine]ConsensusEngineBase stopped
info|2020-11-25 04:52:35.498729|[LEDGER]sealer stopped. stop sync,groupID=1
info|2020-11-25 04:52:35.498960|[g:1] [SYNC][id:2fba64b0...]SyncMsgEngine stopped
info|2020-11-25 04:52:35.563365|[GossipBlockStatus]stop GossipBlockStatus succ
info|2020-11-25 04:52:36.236850|[SYNC][id:2fba64b0...][g:1]SyncMaster stopped
info|2020-11-25 04:52:36.236873|[LEDGER]sync stopped. stop event filter manager,groupID=1
info|2020-11-25 04:52:36.295988|[EVENT][EventLogFilterManager]stop
info|2020-11-25 04:52:36.296004|[LEDGER]event filter manager stopped. stop tx pool,groupID=1
info|2020-11-25 04:52:36.296606|[LEDGER]removeNetworkStatHandlerByGroupID and removeGroupBandwidthLimiter for service,groupID=1
info|2020-11-25 04:52:36.296625|[CHANNEL]removeSDKAllowListByGroupId,groupId=1
info|2020-11-25 04:52:36.296637|[INITIALIZER]ledgerInitializer stopped
info|2020-11-25 04:52:37.298203|[INITIALIZER]ChannelRPCHttpServer deleted.
info|2020-11-25 04:52:37.298522|[INITIALIZER]JsonrpcHttpServer deleted.
info|2020-11-25 04:52:37.298538|[INITIALIZER]RPCInitializer stopped
info|2020-11-25 04:52:37.298578|[NETWORK][Host]Host exit
info|2020-11-25 04:52:37.299786|[INITIALIZER]P2PInitializer stopped
info|2020-11-25 04:52:37.299806|[LEDGER]stop sealer,groupID=1
info|2020-11-25 04:52:37.299816|[LEDGER]sealer stopped. stop sync,groupID=1
info|2020-11-25 04:52:37.299828|[g:1] [SYNC][id:2fba64b0...]SyncMsgEngine stopped
info|2020-11-25 04:52:37.299842|[GossipBlockStatus]GossipBlockStatus already stopped
info|2020-11-25 04:52:37.299848|[SYNC][id:2fba64b0...][g:1]SyncMaster stopped
info|2020-11-25 04:52:37.299855|[LEDGER]sync stopped. stop event filter manager,groupID=1
info|2020-11-25 04:52:37.299862|[LEDGER]event filter manager stopped. stop tx pool,groupID=1
info|2020-11-25 04:52:37.299870|[LEDGER]removeNetworkStatHandlerByGroupID and removeGroupBandwidthLimiter for service,groupID=1
info|2020-11-25 04:52:37.299883|[STORAGE]Stopping flushStorage thread
info|2020-11-25 04:52:37.885029|[STORAGE]flushStorage thread stopped.
info|2020-11-25 04:52:37.885054|[DBINITIALIZER] storage stopped
info|2020-11-25 04:52:37.888247|[g:1] [SYNC][id:2fba64b0...]SyncMsgEngine stopped
info|2020-11-25 04:52:37.888333|[GossipBlockStatus]GossipBlockStatus already stopped
info|2020-11-25 04:52:37.888374|[SYNC][id:2fba64b0...][g:1]SyncMaster stopped
info|2020-11-25 04:52:37.888418|[g:1] [SYNC][id:2fba64b0...]SyncMsgEngine stopped
