config file path : config.ini
[2020-11-19 00:38:20] Initializing...
FISCO-BCOS Version : 2.6.0
Build Time         : 20200814 08:45:06
Build Type         : Linux/clang/Release
Git Branch         : HEAD
Git Commit Hash    : e4a5ef2ef64d1943fccc4ebc61467a91779fb1c0
[2020-11-19 00:38:21] The FISCO-BCOS is running...
[2020-11-19 02:20:17] FISCO-BCOS program exit normally.
config file path : config.ini
[2020-11-19 06:24:20] Initializing...
FISCO-BCOS Version : 2.6.0
Build Time         : 20200814 08:45:06
Build Type         : Linux/clang/Release
Git Branch         : HEAD
Git Commit Hash    : e4a5ef2ef64d1943fccc4ebc61467a91779fb1c0
[2020-11-19 06:24:20] The FISCO-BCOS is running...
[2020-11-19 10:34:37] FISCO-BCOS program exit normally.
config file path : config.ini
[2020-11-19 19:54:18] Initializing...
FISCO-BCOS Version : 2.6.0
Build Time         : 20200814 08:45:06
Build Type         : Linux/clang/Release
Git Branch         : HEAD
Git Commit Hash    : e4a5ef2ef64d1943fccc4ebc61467a91779fb1c0
[2020-11-19 19:54:18] The FISCO-BCOS is running...
[2020-11-19 20:35:42] FISCO-BCOS program exit normally.
config file path : config.ini
[2020-11-19 20:59:09] Initializing...
FISCO-BCOS Version : 2.6.0
Build Time         : 20200814 08:45:06
Build Type         : Linux/clang/Release
Git Branch         : HEAD
Git Commit Hash    : e4a5ef2ef64d1943fccc4ebc61467a91779fb1c0
[2020-11-19 20:59:10] The FISCO-BCOS is running...
[2020-11-19 22:10:25] FISCO-BCOS program exit normally.
config file path : config.ini
[2020-11-20 06:10:18] Initializing...
FISCO-BCOS Version : 2.6.0
Build Time         : 20200814 08:45:06
Build Type         : Linux/clang/Release
Git Branch         : HEAD
Git Commit Hash    : e4a5ef2ef64d1943fccc4ebc61467a91779fb1c0
[2020-11-20 06:10:18] The FISCO-BCOS is running...
[2020-11-20 21:19:23] FISCO-BCOS program exit normally.
config file path : config.ini
[2020-11-25 04:49:40] Initializing...
FISCO-BCOS Version : 2.6.0
Build Time         : 20200814 08:45:06
Build Type         : Linux/clang/Release
Git Branch         : HEAD
Git Commit Hash    : e4a5ef2ef64d1943fccc4ebc61467a91779fb1c0
[2020-11-25 04:49:41] The FISCO-BCOS is running...
[2020-11-25 04:52:37] FISCO-BCOS program exit normally.
config file path : config.ini
[2020-11-25 04:52:58] Initializing...
FISCO-BCOS Version : 2.6.0
Build Time         : 20200814 08:45:06
Build Type         : Linux/clang/Release
Git Branch         : HEAD
Git Commit Hash    : e4a5ef2ef64d1943fccc4ebc61467a91779fb1c0
[2020-11-25 04:52:58] The FISCO-BCOS is running...
