[DEBUG] [2020-11-25 04:56:35] CryptoMaterialConfig.<init>(69) | Load cryptoMaterial, caCertPath: conf/ca.crt, sdkCertPath: conf/sdk.crt, sdkPrivateKeyPath:conf/sdk.key, enSSLCertPath: null, enSSLPrivateKeyPath:null
[DEBUG] [2020-11-25 04:56:36] InternalLoggerFactory.newDefaultFactory(45) | Using SLF4J as the default logging framework
[DEBUG] [2020-11-25 04:56:36] NetUtil.<clinit>(139) | -Djava.net.preferIPv4Stack: false
[DEBUG] [2020-11-25 04:56:36] NetUtil.<clinit>(140) | -Djava.net.preferIPv6Addresses: false
[DEBUG] [2020-11-25 04:56:36] NetUtil.<clinit>(224) | Loopback interface: lo (lo, 0:0:0:0:0:0:0:1%lo)
[DEBUG] [2020-11-25 04:56:36] PlatformDependent0.explicitNoUnsafeCause0(417) | -Dio.netty.noUnsafe: false
[DEBUG] [2020-11-25 04:56:36] PlatformDependent0.javaVersion0(889) | Java version: 8
[DEBUG] [2020-11-25 04:56:36] PlatformDependent0.<clinit>(130) | sun.misc.Unsafe.theUnsafe: available
[DEBUG] [2020-11-25 04:56:36] PlatformDependent0.<clinit>(154) | sun.misc.Unsafe.copyMemory: available
[DEBUG] [2020-11-25 04:56:36] PlatformDependent0.<clinit>(192) | java.nio.Buffer.address: available
[DEBUG] [2020-11-25 04:56:36] PlatformDependent0.<clinit>(257) | direct buffer constructor: available
[DEBUG] [2020-11-25 04:56:36] PlatformDependent0.<clinit>(331) | java.nio.Bits.unaligned: available, true
[DEBUG] [2020-11-25 04:56:36] PlatformDependent0.<clinit>(396) | jdk.internal.misc.Unsafe.allocateUninitializedArray(int): unavailable prior to Java9
[DEBUG] [2020-11-25 04:56:36] PlatformDependent0.<clinit>(403) | java.nio.DirectByteBuffer.<init>(long, int): available
[DEBUG] [2020-11-25 04:56:36] PlatformDependent.unsafeUnavailabilityCause0(1071) | sun.misc.Unsafe: available
[DEBUG] [2020-11-25 04:56:36] PlatformDependent.tmpdir0(1192) | -Dio.netty.tmpdir: /tmp (java.io.tmpdir)
[DEBUG] [2020-11-25 04:56:36] PlatformDependent.bitMode0(1271) | -Dio.netty.bitMode: 64 (sun.arch.data.model)
[DEBUG] [2020-11-25 04:56:36] PlatformDependent.<clinit>(177) | -Dio.netty.maxDirectMemory: 760217600 bytes
[DEBUG] [2020-11-25 04:56:36] PlatformDependent.<clinit>(184) | -Dio.netty.uninitializedArrayAllocationThreshold: -1
[DEBUG] [2020-11-25 04:56:36] CleanerJava6.<clinit>(92) | java.nio.ByteBuffer.cleaner(): available
[DEBUG] [2020-11-25 04:56:36] PlatformDependent.<clinit>(204) | -Dio.netty.noPreferDirect: false
[DEBUG] [2020-11-25 04:56:36] NetUtil$1.run(271) | /proc/sys/net/core/somaxconn: 4096
[DEBUG] [2020-11-25 04:56:36] ThreadPoolConfig.<init>(53) | Init ThreadPoolConfig, channelProcessorThreadSize: 1, receiptProcessorThreadSize: 1, maxBlockingQueueSize: 102400
[INFO] [2020-11-25 04:56:36] BcosSDK.build(51) | create BcosSDK, configPath: /home/zzm99/fisco/console/conf/config.toml
[DEBUG] [2020-11-25 04:56:36] ResourceLeakDetector.<clinit>(130) | -Dio.netty.leakDetection.level: simple
[DEBUG] [2020-11-25 04:56:36] ResourceLeakDetector.<clinit>(131) | -Dio.netty.leakDetection.targetRecords: 4
[DEBUG] [2020-11-25 04:56:36] ResourceLeakDetectorFactory$DefaultResourceLeakDetectorFactory.newResourceLeakDetector(196) | Loaded default ResourceLeakDetector: io.netty.util.ResourceLeakDetector@13fee20c
[DEBUG] [2020-11-25 04:56:36] PlatformDependent$Mpsc.<clinit>(932) | org.jctools-core.MpscChunkedArrayQueue: available
[DEBUG] [2020-11-25 04:56:36] InternalThreadLocalMap.<clinit>(56) | -Dio.netty.threadLocalMap.stringBuilder.initialSize: 1024
[DEBUG] [2020-11-25 04:56:36] InternalThreadLocalMap.<clinit>(59) | -Dio.netty.threadLocalMap.stringBuilder.maxSize: 4096
[INFO] [2020-11-25 04:56:36] ConnectionManager.<init>(83) |  all connections: [ConnectionInfo{host='127.0.0.1', port=20200}, ConnectionInfo{host='127.0.0.1', port=20201}]
[DEBUG] [2020-11-25 04:56:36] NetworkImp.start(159) | start connManager with ECDSA sslContext
[DEBUG] [2020-11-25 04:56:36] ConnectionManager.startConnect(91) |  start connect. 
[DEBUG] [2020-11-25 04:56:36] MultithreadEventLoopGroup.<clinit>(44) | -Dio.netty.eventLoopThreads: 2
[DEBUG] [2020-11-25 04:56:36] NioEventLoop.<clinit>(106) | -Dio.netty.noKeySetOptimization: false
[DEBUG] [2020-11-25 04:56:36] NioEventLoop.<clinit>(107) | -Dio.netty.selectorAutoRebuildThreshold: 512
[INFO] [2020-11-25 04:56:36] ConnectionManager.initSslContext(225) |  build ECDSA ssl context with configured certificates 
[DEBUG] [2020-11-25 04:56:36] AbstractByteBuf.<clinit>(63) | -Dio.netty.buffer.checkAccessible: true
[DEBUG] [2020-11-25 04:56:36] AbstractByteBuf.<clinit>(64) | -Dio.netty.buffer.checkBounds: true
[DEBUG] [2020-11-25 04:56:36] ResourceLeakDetectorFactory$DefaultResourceLeakDetectorFactory.newResourceLeakDetector(196) | Loaded default ResourceLeakDetector: io.netty.util.ResourceLeakDetector@197d671
[DEBUG] [2020-11-25 04:56:36] PooledByteBufAllocator.<clinit>(154) | -Dio.netty.allocator.numHeapArenas: 2
[DEBUG] [2020-11-25 04:56:36] PooledByteBufAllocator.<clinit>(155) | -Dio.netty.allocator.numDirectArenas: 2
[DEBUG] [2020-11-25 04:56:36] PooledByteBufAllocator.<clinit>(157) | -Dio.netty.allocator.pageSize: 8192
[DEBUG] [2020-11-25 04:56:36] PooledByteBufAllocator.<clinit>(162) | -Dio.netty.allocator.maxOrder: 11
[DEBUG] [2020-11-25 04:56:36] PooledByteBufAllocator.<clinit>(166) | -Dio.netty.allocator.chunkSize: 16777216
[DEBUG] [2020-11-25 04:56:36] PooledByteBufAllocator.<clinit>(167) | -Dio.netty.allocator.smallCacheSize: 256
[DEBUG] [2020-11-25 04:56:36] PooledByteBufAllocator.<clinit>(168) | -Dio.netty.allocator.normalCacheSize: 64
[DEBUG] [2020-11-25 04:56:36] PooledByteBufAllocator.<clinit>(169) | -Dio.netty.allocator.maxCachedBufferCapacity: 32768
[DEBUG] [2020-11-25 04:56:36] PooledByteBufAllocator.<clinit>(170) | -Dio.netty.allocator.cacheTrimInterval: 8192
[DEBUG] [2020-11-25 04:56:36] PooledByteBufAllocator.<clinit>(171) | -Dio.netty.allocator.cacheTrimIntervalMillis: 0
[DEBUG] [2020-11-25 04:56:36] PooledByteBufAllocator.<clinit>(172) | -Dio.netty.allocator.useCacheForAllThreads: true
[DEBUG] [2020-11-25 04:56:36] PooledByteBufAllocator.<clinit>(173) | -Dio.netty.allocator.maxCachedByteBuffersPerChunk: 1023
[DEBUG] [2020-11-25 04:56:36] ByteBufUtil.<clinit>(87) | -Dio.netty.allocator.type: pooled
[DEBUG] [2020-11-25 04:56:36] ByteBufUtil.<clinit>(96) | -Dio.netty.threadLocalDirectBufferSize: 0
[DEBUG] [2020-11-25 04:56:36] ByteBufUtil.<clinit>(99) | -Dio.netty.maxThreadLocalCharBufferSize: 16384
[DEBUG] [2020-11-25 04:56:36] ResourceLeakDetectorFactory$DefaultResourceLeakDetectorFactory.newResourceLeakDetector(196) | Loaded default ResourceLeakDetector: io.netty.util.ResourceLeakDetector@1ed1993a
[DEBUG] [2020-11-25 04:56:36] NativeLibraryLoader.<clinit>(73) | -Dio.netty.native.workdir: /tmp (io.netty.tmpdir)
[DEBUG] [2020-11-25 04:56:36] NativeLibraryLoader.<clinit>(78) | -Dio.netty.native.deleteLibAfterLoading: true
[DEBUG] [2020-11-25 04:56:36] NativeLibraryLoader.<clinit>(82) | -Dio.netty.native.tryPatchShadedId: true
[DEBUG] [2020-11-25 04:56:36] NativeLibraryLoader.loadLibrary(346) | Unable to load the library 'netty_tcnative_linux_x86_64_arch', trying other loading mechanism.
java.lang.UnsatisfiedLinkError: no netty_tcnative_linux_x86_64_arch in java.library.path
	at java.lang.ClassLoader.loadLibrary(ClassLoader.java:1860)
	at java.lang.Runtime.loadLibrary0(Runtime.java:871)
	at java.lang.System.loadLibrary(System.java:1124)
	at io.netty.util.internal.NativeLibraryUtil.loadLibrary(NativeLibraryUtil.java:38)
	at sun.reflect.NativeMethodAccessorImpl.invoke0(Native Method)
	at sun.reflect.NativeMethodAccessorImpl.invoke(NativeMethodAccessorImpl.java:62)
	at sun.reflect.DelegatingMethodAccessorImpl.invoke(DelegatingMethodAccessorImpl.java:43)
	at java.lang.reflect.Method.invoke(Method.java:498)
	at io.netty.util.internal.NativeLibraryLoader$1.run(NativeLibraryLoader.java:371)
	at java.security.AccessController.doPrivileged(Native Method)
	at io.netty.util.internal.NativeLibraryLoader.loadLibraryByHelper(NativeLibraryLoader.java:363)
	at io.netty.util.internal.NativeLibraryLoader.loadLibrary(NativeLibraryLoader.java:341)
	at io.netty.util.internal.NativeLibraryLoader.load(NativeLibraryLoader.java:136)
	at io.netty.util.internal.NativeLibraryLoader.loadFirstAvailable(NativeLibraryLoader.java:96)
	at io.netty.handler.ssl.OpenSsl.loadTcNative(OpenSsl.java:590)
	at io.netty.handler.ssl.OpenSsl.<clinit>(OpenSsl.java:136)
	at io.netty.handler.ssl.ReferenceCountedOpenSslContext.<init>(ReferenceCountedOpenSslContext.java:196)
	at io.netty.handler.ssl.ReferenceCountedOpenSslContext.<init>(ReferenceCountedOpenSslContext.java:185)
	at io.netty.handler.ssl.OpenSslContext.<init>(OpenSslContext.java:34)
	at io.netty.handler.ssl.OpenSslClientContext.<init>(OpenSslClientContext.java:189)
	at io.netty.handler.ssl.SslContext.newClientContextInternal(SslContext.java:827)
	at io.netty.handler.ssl.SslContextBuilder.build(SslContextBuilder.java:576)
	at org.fisco.bcos.sdk.network.ConnectionManager.initSslContext(ConnectionManager.java:232)
	at org.fisco.bcos.sdk.network.ConnectionManager.initNetty(ConnectionManager.java:311)
	at org.fisco.bcos.sdk.network.ConnectionManager.startConnect(ConnectionManager.java:93)
	at org.fisco.bcos.sdk.network.NetworkImp.start(NetworkImp.java:160)
	at org.fisco.bcos.sdk.channel.ChannelImp.start(ChannelImp.java:89)
	at org.fisco.bcos.sdk.BcosSDK.<init>(BcosSDK.java:62)
	at org.fisco.bcos.sdk.BcosSDK.build(BcosSDK.java:52)
	at console.ConsoleInitializer.init(ConsoleInitializer.java:57)
	at console.Console.main(Console.java:46)
[DEBUG] [2020-11-25 04:56:36] NativeLibraryLoader.load(141) | netty_tcnative_linux_x86_64_arch cannot be loaded from java.library.path, now trying export to -Dio.netty.native.workdir: /tmp
java.lang.UnsatisfiedLinkError: no netty_tcnative_linux_x86_64_arch in java.library.path
	at java.lang.ClassLoader.loadLibrary(ClassLoader.java:1860)
	at java.lang.Runtime.loadLibrary0(Runtime.java:871)
	at java.lang.System.loadLibrary(System.java:1124)
	at io.netty.util.internal.NativeLibraryUtil.loadLibrary(NativeLibraryUtil.java:38)
	at io.netty.util.internal.NativeLibraryLoader.loadLibrary(NativeLibraryLoader.java:351)
	at io.netty.util.internal.NativeLibraryLoader.load(NativeLibraryLoader.java:136)
	at io.netty.util.internal.NativeLibraryLoader.loadFirstAvailable(NativeLibraryLoader.java:96)
	at io.netty.handler.ssl.OpenSsl.loadTcNative(OpenSsl.java:590)
	at io.netty.handler.ssl.OpenSsl.<clinit>(OpenSsl.java:136)
	at io.netty.handler.ssl.ReferenceCountedOpenSslContext.<init>(ReferenceCountedOpenSslContext.java:196)
	at io.netty.handler.ssl.ReferenceCountedOpenSslContext.<init>(ReferenceCountedOpenSslContext.java:185)
	at io.netty.handler.ssl.OpenSslContext.<init>(OpenSslContext.java:34)
	at io.netty.handler.ssl.OpenSslClientContext.<init>(OpenSslClientContext.java:189)
	at io.netty.handler.ssl.SslContext.newClientContextInternal(SslContext.java:827)
	at io.netty.handler.ssl.SslContextBuilder.build(SslContextBuilder.java:576)
	at org.fisco.bcos.sdk.network.ConnectionManager.initSslContext(ConnectionManager.java:232)
	at org.fisco.bcos.sdk.network.ConnectionManager.initNetty(ConnectionManager.java:311)
	at org.fisco.bcos.sdk.network.ConnectionManager.startConnect(ConnectionManager.java:93)
	at org.fisco.bcos.sdk.network.NetworkImp.start(NetworkImp.java:160)
	at org.fisco.bcos.sdk.channel.ChannelImp.start(ChannelImp.java:89)
	at org.fisco.bcos.sdk.BcosSDK.<init>(BcosSDK.java:62)
	at org.fisco.bcos.sdk.BcosSDK.build(BcosSDK.java:52)
	at console.ConsoleInitializer.init(ConsoleInitializer.java:57)
	at console.Console.main(Console.java:46)
	Suppressed: java.lang.UnsatisfiedLinkError: no netty_tcnative_linux_x86_64_arch in java.library.path
		at java.lang.ClassLoader.loadLibrary(ClassLoader.java:1860)
		at java.lang.Runtime.loadLibrary0(Runtime.java:871)
		at java.lang.System.loadLibrary(System.java:1124)
		at io.netty.util.internal.NativeLibraryUtil.loadLibrary(NativeLibraryUtil.java:38)
		at sun.reflect.NativeMethodAccessorImpl.invoke0(Native Method)
		at sun.reflect.NativeMethodAccessorImpl.invoke(NativeMethodAccessorImpl.java:62)
		at sun.reflect.DelegatingMethodAccessorImpl.invoke(DelegatingMethodAccessorImpl.java:43)
		at java.lang.reflect.Method.invoke(Method.java:498)
		at io.netty.util.internal.NativeLibraryLoader$1.run(NativeLibraryLoader.java:371)
		at java.security.AccessController.doPrivileged(Native Method)
		at io.netty.util.internal.NativeLibraryLoader.loadLibraryByHelper(NativeLibraryLoader.java:363)
		at io.netty.util.internal.NativeLibraryLoader.loadLibrary(NativeLibraryLoader.java:341)
		... 19 more
[DEBUG] [2020-11-25 04:56:36] NativeLibraryLoader.loadFirstAvailable(100) | Unable to load the library 'netty_tcnative_linux_x86_64_arch', trying next name...
java.lang.UnsatisfiedLinkError: could not load a native library: netty_tcnative_linux_x86_64_arch
	at io.netty.util.internal.NativeLibraryLoader.load(NativeLibraryLoader.java:226)
	at io.netty.util.internal.NativeLibraryLoader.loadFirstAvailable(NativeLibraryLoader.java:96)
	at io.netty.handler.ssl.OpenSsl.loadTcNative(OpenSsl.java:590)
	at io.netty.handler.ssl.OpenSsl.<clinit>(OpenSsl.java:136)
	at io.netty.handler.ssl.ReferenceCountedOpenSslContext.<init>(ReferenceCountedOpenSslContext.java:196)
	at io.netty.handler.ssl.ReferenceCountedOpenSslContext.<init>(ReferenceCountedOpenSslContext.java:185)
	at io.netty.handler.ssl.OpenSslContext.<init>(OpenSslContext.java:34)
	at io.netty.handler.ssl.OpenSslClientContext.<init>(OpenSslClientContext.java:189)
	at io.netty.handler.ssl.SslContext.newClientContextInternal(SslContext.java:827)
	at io.netty.handler.ssl.SslContextBuilder.build(SslContextBuilder.java:576)
	at org.fisco.bcos.sdk.network.ConnectionManager.initSslContext(ConnectionManager.java:232)
	at org.fisco.bcos.sdk.network.ConnectionManager.initNetty(ConnectionManager.java:311)
	at org.fisco.bcos.sdk.network.ConnectionManager.startConnect(ConnectionManager.java:93)
	at org.fisco.bcos.sdk.network.NetworkImp.start(NetworkImp.java:160)
	at org.fisco.bcos.sdk.channel.ChannelImp.start(ChannelImp.java:89)
	at org.fisco.bcos.sdk.BcosSDK.<init>(BcosSDK.java:62)
	at org.fisco.bcos.sdk.BcosSDK.build(BcosSDK.java:52)
	at console.ConsoleInitializer.init(ConsoleInitializer.java:57)
	at console.Console.main(Console.java:46)
Caused by: java.io.FileNotFoundException: META-INF/native/libnetty_tcnative_linux_x86_64_arch.so
	at io.netty.util.internal.NativeLibraryLoader.load(NativeLibraryLoader.java:175)
	... 18 more
	Suppressed: java.lang.UnsatisfiedLinkError: no netty_tcnative_linux_x86_64_arch in java.library.path
		at java.lang.ClassLoader.loadLibrary(ClassLoader.java:1860)
		at java.lang.Runtime.loadLibrary0(Runtime.java:871)
		at java.lang.System.loadLibrary(System.java:1124)
		at io.netty.util.internal.NativeLibraryUtil.loadLibrary(NativeLibraryUtil.java:38)
		at io.netty.util.internal.NativeLibraryLoader.loadLibrary(NativeLibraryLoader.java:351)
		at io.netty.util.internal.NativeLibraryLoader.load(NativeLibraryLoader.java:136)
		... 18 more
		Suppressed: java.lang.UnsatisfiedLinkError: no netty_tcnative_linux_x86_64_arch in java.library.path
			at java.lang.ClassLoader.loadLibrary(ClassLoader.java:1860)
			at java.lang.Runtime.loadLibrary0(Runtime.java:871)
			at java.lang.System.loadLibrary(System.java:1124)
			at io.netty.util.internal.NativeLibraryUtil.loadLibrary(NativeLibraryUtil.java:38)
			at sun.reflect.NativeMethodAccessorImpl.invoke0(Native Method)
			at sun.reflect.NativeMethodAccessorImpl.invoke(NativeMethodAccessorImpl.java:62)
			at sun.reflect.DelegatingMethodAccessorImpl.invoke(DelegatingMethodAccessorImpl.java:43)
			at java.lang.reflect.Method.invoke(Method.java:498)
			at io.netty.util.internal.NativeLibraryLoader$1.run(NativeLibraryLoader.java:371)
			at java.security.AccessController.doPrivileged(Native Method)
			at io.netty.util.internal.NativeLibraryLoader.loadLibraryByHelper(NativeLibraryLoader.java:363)
			at io.netty.util.internal.NativeLibraryLoader.loadLibrary(NativeLibraryLoader.java:341)
			... 19 more
[DEBUG] [2020-11-25 04:56:36] NativeLibraryLoader.loadLibrary(346) | Unable to load the library 'netty_tcnative_linux_x86_64', trying other loading mechanism.
java.lang.UnsatisfiedLinkError: no netty_tcnative_linux_x86_64 in java.library.path
	at java.lang.ClassLoader.loadLibrary(ClassLoader.java:1860)
	at java.lang.Runtime.loadLibrary0(Runtime.java:871)
	at java.lang.System.loadLibrary(System.java:1124)
	at io.netty.util.internal.NativeLibraryUtil.loadLibrary(NativeLibraryUtil.java:38)
	at sun.reflect.NativeMethodAccessorImpl.invoke0(Native Method)
	at sun.reflect.NativeMethodAccessorImpl.invoke(NativeMethodAccessorImpl.java:62)
	at sun.reflect.DelegatingMethodAccessorImpl.invoke(DelegatingMethodAccessorImpl.java:43)
	at java.lang.reflect.Method.invoke(Method.java:498)
	at io.netty.util.internal.NativeLibraryLoader$1.run(NativeLibraryLoader.java:371)
	at java.security.AccessController.doPrivileged(Native Method)
	at io.netty.util.internal.NativeLibraryLoader.loadLibraryByHelper(NativeLibraryLoader.java:363)
	at io.netty.util.internal.NativeLibraryLoader.loadLibrary(NativeLibraryLoader.java:341)
	at io.netty.util.internal.NativeLibraryLoader.load(NativeLibraryLoader.java:136)
	at io.netty.util.internal.NativeLibraryLoader.loadFirstAvailable(NativeLibraryLoader.java:96)
	at io.netty.handler.ssl.OpenSsl.loadTcNative(OpenSsl.java:590)
	at io.netty.handler.ssl.OpenSsl.<clinit>(OpenSsl.java:136)
	at io.netty.handler.ssl.ReferenceCountedOpenSslContext.<init>(ReferenceCountedOpenSslContext.java:196)
	at io.netty.handler.ssl.ReferenceCountedOpenSslContext.<init>(ReferenceCountedOpenSslContext.java:185)
	at io.netty.handler.ssl.OpenSslContext.<init>(OpenSslContext.java:34)
	at io.netty.handler.ssl.OpenSslClientContext.<init>(OpenSslClientContext.java:189)
	at io.netty.handler.ssl.SslContext.newClientContextInternal(SslContext.java:827)
	at io.netty.handler.ssl.SslContextBuilder.build(SslContextBuilder.java:576)
	at org.fisco.bcos.sdk.network.ConnectionManager.initSslContext(ConnectionManager.java:232)
	at org.fisco.bcos.sdk.network.ConnectionManager.initNetty(ConnectionManager.java:311)
	at org.fisco.bcos.sdk.network.ConnectionManager.startConnect(ConnectionManager.java:93)
	at org.fisco.bcos.sdk.network.NetworkImp.start(NetworkImp.java:160)
	at org.fisco.bcos.sdk.channel.ChannelImp.start(ChannelImp.java:89)
	at org.fisco.bcos.sdk.BcosSDK.<init>(BcosSDK.java:62)
	at org.fisco.bcos.sdk.BcosSDK.build(BcosSDK.java:52)
	at console.ConsoleInitializer.init(ConsoleInitializer.java:57)
	at console.Console.main(Console.java:46)
[DEBUG] [2020-11-25 04:56:36] NativeLibraryLoader.load(141) | netty_tcnative_linux_x86_64 cannot be loaded from java.library.path, now trying export to -Dio.netty.native.workdir: /tmp
java.lang.UnsatisfiedLinkError: no netty_tcnative_linux_x86_64 in java.library.path
	at java.lang.ClassLoader.loadLibrary(ClassLoader.java:1860)
	at java.lang.Runtime.loadLibrary0(Runtime.java:871)
	at java.lang.System.loadLibrary(System.java:1124)
	at io.netty.util.internal.NativeLibraryUtil.loadLibrary(NativeLibraryUtil.java:38)
	at io.netty.util.internal.NativeLibraryLoader.loadLibrary(NativeLibraryLoader.java:351)
	at io.netty.util.internal.NativeLibraryLoader.load(NativeLibraryLoader.java:136)
	at io.netty.util.internal.NativeLibraryLoader.loadFirstAvailable(NativeLibraryLoader.java:96)
	at io.netty.handler.ssl.OpenSsl.loadTcNative(OpenSsl.java:590)
	at io.netty.handler.ssl.OpenSsl.<clinit>(OpenSsl.java:136)
	at io.netty.handler.ssl.ReferenceCountedOpenSslContext.<init>(ReferenceCountedOpenSslContext.java:196)
	at io.netty.handler.ssl.ReferenceCountedOpenSslContext.<init>(ReferenceCountedOpenSslContext.java:185)
	at io.netty.handler.ssl.OpenSslContext.<init>(OpenSslContext.java:34)
	at io.netty.handler.ssl.OpenSslClientContext.<init>(OpenSslClientContext.java:189)
	at io.netty.handler.ssl.SslContext.newClientContextInternal(SslContext.java:827)
	at io.netty.handler.ssl.SslContextBuilder.build(SslContextBuilder.java:576)
	at org.fisco.bcos.sdk.network.ConnectionManager.initSslContext(ConnectionManager.java:232)
	at org.fisco.bcos.sdk.network.ConnectionManager.initNetty(ConnectionManager.java:311)
	at org.fisco.bcos.sdk.network.ConnectionManager.startConnect(ConnectionManager.java:93)
	at org.fisco.bcos.sdk.network.NetworkImp.start(NetworkImp.java:160)
	at org.fisco.bcos.sdk.channel.ChannelImp.start(ChannelImp.java:89)
	at org.fisco.bcos.sdk.BcosSDK.<init>(BcosSDK.java:62)
	at org.fisco.bcos.sdk.BcosSDK.build(BcosSDK.java:52)
	at console.ConsoleInitializer.init(ConsoleInitializer.java:57)
	at console.Console.main(Console.java:46)
	Suppressed: java.lang.UnsatisfiedLinkError: no netty_tcnative_linux_x86_64 in java.library.path
		at java.lang.ClassLoader.loadLibrary(ClassLoader.java:1860)
		at java.lang.Runtime.loadLibrary0(Runtime.java:871)
		at java.lang.System.loadLibrary(System.java:1124)
		at io.netty.util.internal.NativeLibraryUtil.loadLibrary(NativeLibraryUtil.java:38)
		at sun.reflect.NativeMethodAccessorImpl.invoke0(Native Method)
		at sun.reflect.NativeMethodAccessorImpl.invoke(NativeMethodAccessorImpl.java:62)
		at sun.reflect.DelegatingMethodAccessorImpl.invoke(DelegatingMethodAccessorImpl.java:43)
		at java.lang.reflect.Method.invoke(Method.java:498)
		at io.netty.util.internal.NativeLibraryLoader$1.run(NativeLibraryLoader.java:371)
		at java.security.AccessController.doPrivileged(Native Method)
		at io.netty.util.internal.NativeLibraryLoader.loadLibraryByHelper(NativeLibraryLoader.java:363)
		at io.netty.util.internal.NativeLibraryLoader.loadLibrary(NativeLibraryLoader.java:341)
		... 19 more
[DEBUG] [2020-11-25 04:56:37] NativeLibraryLoader.loadLibrary(342) | Successfully loaded the library /tmp/libnetty_tcnative_linux_x86_647155111996278654029.so
[DEBUG] [2020-11-25 04:56:37] OpenSsl.<clinit>(149) | Initialize netty-tcnative using engine: 'default'
[DEBUG] [2020-11-25 04:56:37] OpenSsl.<clinit>(174) | netty-tcnative using native library: OpenSSL/TaSSL 1.0.2o  27 Mar 2018
[DEBUG] [2020-11-25 04:56:37] Recycler.<clinit>(100) | -Dio.netty.recycler.maxCapacityPerThread: 4096
[DEBUG] [2020-11-25 04:56:37] Recycler.<clinit>(101) | -Dio.netty.recycler.maxSharedCapacityFactor: 2
[DEBUG] [2020-11-25 04:56:37] Recycler.<clinit>(102) | -Dio.netty.recycler.linkCapacity: 16
[DEBUG] [2020-11-25 04:56:37] Recycler.<clinit>(103) | -Dio.netty.recycler.ratio: 8
[DEBUG] [2020-11-25 04:56:37] Recycler.<clinit>(104) | -Dio.netty.recycler.delayedQueue.ratio: 8
[DEBUG] [2020-11-25 04:56:37] CipherSuiteConverter.cacheFromOpenSsl(330) | Cipher suite mapping: TLS_ECDHE_RSA_WITH_AES_256_GCM_SHA384 => ECDHE-RSA-AES256-GCM-SHA384
[DEBUG] [2020-11-25 04:56:37] CipherSuiteConverter.cacheFromOpenSsl(331) | Cipher suite mapping: SSL_ECDHE_RSA_WITH_AES_256_GCM_SHA384 => ECDHE-RSA-AES256-GCM-SHA384
[DEBUG] [2020-11-25 04:56:37] CipherSuiteConverter.cacheFromOpenSsl(330) | Cipher suite mapping: TLS_ECDHE_ECDSA_WITH_AES_256_GCM_SHA384 => ECDHE-ECDSA-AES256-GCM-SHA384
[DEBUG] [2020-11-25 04:56:37] CipherSuiteConverter.cacheFromOpenSsl(331) | Cipher suite mapping: SSL_ECDHE_ECDSA_WITH_AES_256_GCM_SHA384 => ECDHE-ECDSA-AES256-GCM-SHA384
[DEBUG] [2020-11-25 04:56:37] CipherSuiteConverter.cacheFromOpenSsl(330) | Cipher suite mapping: TLS_ECDHE_RSA_WITH_AES_256_CBC_SHA384 => ECDHE-RSA-AES256-SHA384
[DEBUG] [2020-11-25 04:56:37] CipherSuiteConverter.cacheFromOpenSsl(331) | Cipher suite mapping: SSL_ECDHE_RSA_WITH_AES_256_CBC_SHA384 => ECDHE-RSA-AES256-SHA384
[DEBUG] [2020-11-25 04:56:37] CipherSuiteConverter.cacheFromOpenSsl(330) | Cipher suite mapping: TLS_ECDHE_ECDSA_WITH_AES_256_CBC_SHA384 => ECDHE-ECDSA-AES256-SHA384
[DEBUG] [2020-11-25 04:56:37] CipherSuiteConverter.cacheFromOpenSsl(331) | Cipher suite mapping: SSL_ECDHE_ECDSA_WITH_AES_256_CBC_SHA384 => ECDHE-ECDSA-AES256-SHA384
[DEBUG] [2020-11-25 04:56:37] CipherSuiteConverter.cacheFromOpenSsl(330) | Cipher suite mapping: TLS_ECDHE_RSA_WITH_AES_256_CBC_SHA => ECDHE-RSA-AES256-SHA
[DEBUG] [2020-11-25 04:56:37] CipherSuiteConverter.cacheFromOpenSsl(331) | Cipher suite mapping: SSL_ECDHE_RSA_WITH_AES_256_CBC_SHA => ECDHE-RSA-AES256-SHA
[DEBUG] [2020-11-25 04:56:37] CipherSuiteConverter.cacheFromOpenSsl(330) | Cipher suite mapping: TLS_ECDHE_ECDSA_WITH_AES_256_CBC_SHA => ECDHE-ECDSA-AES256-SHA
[DEBUG] [2020-11-25 04:56:37] CipherSuiteConverter.cacheFromOpenSsl(331) | Cipher suite mapping: SSL_ECDHE_ECDSA_WITH_AES_256_CBC_SHA => ECDHE-ECDSA-AES256-SHA
[DEBUG] [2020-11-25 04:56:37] CipherSuiteConverter.cacheFromOpenSsl(330) | Cipher suite mapping: TLS_SRP_DSS_WITH_AES_256_CBC_SHA => SRP-DSS-AES-256-CBC-SHA
[DEBUG] [2020-11-25 04:56:37] CipherSuiteConverter.cacheFromOpenSsl(331) | Cipher suite mapping: SSL_SRP_DSS_WITH_AES_256_CBC_SHA => SRP-DSS-AES-256-CBC-SHA
[DEBUG] [2020-11-25 04:56:37] CipherSuiteConverter.cacheFromOpenSsl(330) | Cipher suite mapping: TLS_SRP_RSA_WITH_AES_256_CBC_SHA => SRP-RSA-AES-256-CBC-SHA
[DEBUG] [2020-11-25 04:56:37] CipherSuiteConverter.cacheFromOpenSsl(331) | Cipher suite mapping: SSL_SRP_RSA_WITH_AES_256_CBC_SHA => SRP-RSA-AES-256-CBC-SHA
[DEBUG] [2020-11-25 04:56:37] CipherSuiteConverter.cacheFromOpenSsl(330) | Cipher suite mapping: TLS_SRP_WITH_AES_256_CBC_SHA => SRP-AES-256-CBC-SHA
[DEBUG] [2020-11-25 04:56:37] CipherSuiteConverter.cacheFromOpenSsl(331) | Cipher suite mapping: SSL_SRP_WITH_AES_256_CBC_SHA => SRP-AES-256-CBC-SHA
[DEBUG] [2020-11-25 04:56:37] CipherSuiteConverter.cacheFromOpenSsl(330) | Cipher suite mapping: TLS_RSA_WITH_DH_DSS_AES256_GCM_SHA384 => DH-DSS-AES256-GCM-SHA384
[DEBUG] [2020-11-25 04:56:37] CipherSuiteConverter.cacheFromOpenSsl(331) | Cipher suite mapping: SSL_RSA_WITH_DH_DSS_AES256_GCM_SHA384 => DH-DSS-AES256-GCM-SHA384
[DEBUG] [2020-11-25 04:56:37] CipherSuiteConverter.cacheFromOpenSsl(330) | Cipher suite mapping: TLS_DHE_DSS_WITH_AES_256_GCM_SHA384 => DHE-DSS-AES256-GCM-SHA384
[DEBUG] [2020-11-25 04:56:37] CipherSuiteConverter.cacheFromOpenSsl(331) | Cipher suite mapping: SSL_DHE_DSS_WITH_AES_256_GCM_SHA384 => DHE-DSS-AES256-GCM-SHA384
[DEBUG] [2020-11-25 04:56:37] CipherSuiteConverter.cacheFromOpenSsl(330) | Cipher suite mapping: TLS_RSA_WITH_DH_RSA_AES256_GCM_SHA384 => DH-RSA-AES256-GCM-SHA384
[DEBUG] [2020-11-25 04:56:37] CipherSuiteConverter.cacheFromOpenSsl(331) | Cipher suite mapping: SSL_RSA_WITH_DH_RSA_AES256_GCM_SHA384 => DH-RSA-AES256-GCM-SHA384
[DEBUG] [2020-11-25 04:56:37] CipherSuiteConverter.cacheFromOpenSsl(330) | Cipher suite mapping: TLS_DHE_RSA_WITH_AES_256_GCM_SHA384 => DHE-RSA-AES256-GCM-SHA384
[DEBUG] [2020-11-25 04:56:37] CipherSuiteConverter.cacheFromOpenSsl(331) | Cipher suite mapping: SSL_DHE_RSA_WITH_AES_256_GCM_SHA384 => DHE-RSA-AES256-GCM-SHA384
[DEBUG] [2020-11-25 04:56:37] CipherSuiteConverter.cacheFromOpenSsl(330) | Cipher suite mapping: TLS_DHE_RSA_WITH_AES_256_CBC_SHA256 => DHE-RSA-AES256-SHA256
[DEBUG] [2020-11-25 04:56:37] CipherSuiteConverter.cacheFromOpenSsl(331) | Cipher suite mapping: SSL_DHE_RSA_WITH_AES_256_CBC_SHA256 => DHE-RSA-AES256-SHA256
[DEBUG] [2020-11-25 04:56:37] CipherSuiteConverter.cacheFromOpenSsl(330) | Cipher suite mapping: TLS_DHE_DSS_WITH_AES_256_CBC_SHA256 => DHE-DSS-AES256-SHA256
[DEBUG] [2020-11-25 04:56:37] CipherSuiteConverter.cacheFromOpenSsl(331) | Cipher suite mapping: SSL_DHE_DSS_WITH_AES_256_CBC_SHA256 => DHE-DSS-AES256-SHA256
[DEBUG] [2020-11-25 04:56:37] CipherSuiteConverter.cacheFromOpenSsl(330) | Cipher suite mapping: TLS_RSA_WITH_DH_RSA_AES256_SHA256 => DH-RSA-AES256-SHA256
[DEBUG] [2020-11-25 04:56:37] CipherSuiteConverter.cacheFromOpenSsl(331) | Cipher suite mapping: SSL_RSA_WITH_DH_RSA_AES256_SHA256 => DH-RSA-AES256-SHA256
[DEBUG] [2020-11-25 04:56:37] CipherSuiteConverter.cacheFromOpenSsl(330) | Cipher suite mapping: TLS_RSA_WITH_DH_DSS_AES256_SHA256 => DH-DSS-AES256-SHA256
[DEBUG] [2020-11-25 04:56:37] CipherSuiteConverter.cacheFromOpenSsl(331) | Cipher suite mapping: SSL_RSA_WITH_DH_DSS_AES256_SHA256 => DH-DSS-AES256-SHA256
[DEBUG] [2020-11-25 04:56:37] CipherSuiteConverter.cacheFromOpenSsl(330) | Cipher suite mapping: TLS_DHE_RSA_WITH_AES_256_CBC_SHA => DHE-RSA-AES256-SHA
[DEBUG] [2020-11-25 04:56:37] CipherSuiteConverter.cacheFromOpenSsl(331) | Cipher suite mapping: SSL_DHE_RSA_WITH_AES_256_CBC_SHA => DHE-RSA-AES256-SHA
[DEBUG] [2020-11-25 04:56:37] CipherSuiteConverter.cacheFromOpenSsl(330) | Cipher suite mapping: TLS_DHE_DSS_WITH_AES_256_CBC_SHA => DHE-DSS-AES256-SHA
[DEBUG] [2020-11-25 04:56:37] CipherSuiteConverter.cacheFromOpenSsl(331) | Cipher suite mapping: SSL_DHE_DSS_WITH_AES_256_CBC_SHA => DHE-DSS-AES256-SHA
[DEBUG] [2020-11-25 04:56:37] CipherSuiteConverter.cacheFromOpenSsl(330) | Cipher suite mapping: TLS_RSA_WITH_DH_RSA_AES256_SHA => DH-RSA-AES256-SHA
[DEBUG] [2020-11-25 04:56:37] CipherSuiteConverter.cacheFromOpenSsl(331) | Cipher suite mapping: SSL_RSA_WITH_DH_RSA_AES256_SHA => DH-RSA-AES256-SHA
[DEBUG] [2020-11-25 04:56:37] CipherSuiteConverter.cacheFromOpenSsl(330) | Cipher suite mapping: TLS_RSA_WITH_DH_DSS_AES256_SHA => DH-DSS-AES256-SHA
[DEBUG] [2020-11-25 04:56:37] CipherSuiteConverter.cacheFromOpenSsl(331) | Cipher suite mapping: SSL_RSA_WITH_DH_DSS_AES256_SHA => DH-DSS-AES256-SHA
[DEBUG] [2020-11-25 04:56:37] CipherSuiteConverter.cacheFromOpenSsl(330) | Cipher suite mapping: TLS_DHE_RSA_WITH_CAMELLIA256_SHA => DHE-RSA-CAMELLIA256-SHA
[DEBUG] [2020-11-25 04:56:37] CipherSuiteConverter.cacheFromOpenSsl(331) | Cipher suite mapping: SSL_DHE_RSA_WITH_CAMELLIA256_SHA => DHE-RSA-CAMELLIA256-SHA
[DEBUG] [2020-11-25 04:56:37] CipherSuiteConverter.cacheFromOpenSsl(330) | Cipher suite mapping: TLS_DHE_DSS_WITH_CAMELLIA256_SHA => DHE-DSS-CAMELLIA256-SHA
[DEBUG] [2020-11-25 04:56:37] CipherSuiteConverter.cacheFromOpenSsl(331) | Cipher suite mapping: SSL_DHE_DSS_WITH_CAMELLIA256_SHA => DHE-DSS-CAMELLIA256-SHA
[DEBUG] [2020-11-25 04:56:37] CipherSuiteConverter.cacheFromOpenSsl(330) | Cipher suite mapping: TLS_RSA_WITH_DH_RSA_CAMELLIA256_SHA => DH-RSA-CAMELLIA256-SHA
[DEBUG] [2020-11-25 04:56:37] CipherSuiteConverter.cacheFromOpenSsl(331) | Cipher suite mapping: SSL_RSA_WITH_DH_RSA_CAMELLIA256_SHA => DH-RSA-CAMELLIA256-SHA
[DEBUG] [2020-11-25 04:56:37] CipherSuiteConverter.cacheFromOpenSsl(330) | Cipher suite mapping: TLS_RSA_WITH_DH_DSS_CAMELLIA256_SHA => DH-DSS-CAMELLIA256-SHA
[DEBUG] [2020-11-25 04:56:37] CipherSuiteConverter.cacheFromOpenSsl(331) | Cipher suite mapping: SSL_RSA_WITH_DH_DSS_CAMELLIA256_SHA => DH-DSS-CAMELLIA256-SHA
[DEBUG] [2020-11-25 04:56:37] CipherSuiteConverter.cacheFromOpenSsl(330) | Cipher suite mapping: TLS_ECDH_anon_WITH_AES_256_CBC_SHA => AECDH-AES256-SHA
[DEBUG] [2020-11-25 04:56:37] CipherSuiteConverter.cacheFromOpenSsl(331) | Cipher suite mapping: SSL_ECDH_anon_WITH_AES_256_CBC_SHA => AECDH-AES256-SHA
[DEBUG] [2020-11-25 04:56:37] CipherSuiteConverter.cacheFromOpenSsl(330) | Cipher suite mapping: TLS_DH_anon_WITH_AES_256_GCM_SHA384 => ADH-AES256-GCM-SHA384
[DEBUG] [2020-11-25 04:56:37] CipherSuiteConverter.cacheFromOpenSsl(331) | Cipher suite mapping: SSL_DH_anon_WITH_AES_256_GCM_SHA384 => ADH-AES256-GCM-SHA384
[DEBUG] [2020-11-25 04:56:37] CipherSuiteConverter.cacheFromOpenSsl(330) | Cipher suite mapping: TLS_DH_anon_WITH_AES_256_CBC_SHA256 => ADH-AES256-SHA256
[DEBUG] [2020-11-25 04:56:37] CipherSuiteConverter.cacheFromOpenSsl(331) | Cipher suite mapping: SSL_DH_anon_WITH_AES_256_CBC_SHA256 => ADH-AES256-SHA256
[DEBUG] [2020-11-25 04:56:37] CipherSuiteConverter.cacheFromOpenSsl(330) | Cipher suite mapping: TLS_DH_anon_WITH_AES_256_CBC_SHA => ADH-AES256-SHA
[DEBUG] [2020-11-25 04:56:37] CipherSuiteConverter.cacheFromOpenSsl(331) | Cipher suite mapping: SSL_DH_anon_WITH_AES_256_CBC_SHA => ADH-AES256-SHA
[DEBUG] [2020-11-25 04:56:37] CipherSuiteConverter.cacheFromOpenSsl(330) | Cipher suite mapping: TLS_DH_anon_WITH_CAMELLIA256_SHA => ADH-CAMELLIA256-SHA
[DEBUG] [2020-11-25 04:56:37] CipherSuiteConverter.cacheFromOpenSsl(331) | Cipher suite mapping: SSL_DH_anon_WITH_CAMELLIA256_SHA => ADH-CAMELLIA256-SHA
[DEBUG] [2020-11-25 04:56:37] CipherSuiteConverter.cacheFromOpenSsl(330) | Cipher suite mapping: TLS_ECDH_RSA_WITH_AES_256_GCM_SHA384 => ECDH-RSA-AES256-GCM-SHA384
[DEBUG] [2020-11-25 04:56:37] CipherSuiteConverter.cacheFromOpenSsl(331) | Cipher suite mapping: SSL_ECDH_RSA_WITH_AES_256_GCM_SHA384 => ECDH-RSA-AES256-GCM-SHA384
[DEBUG] [2020-11-25 04:56:37] CipherSuiteConverter.cacheFromOpenSsl(330) | Cipher suite mapping: TLS_ECDH_ECDSA_WITH_AES_256_GCM_SHA384 => ECDH-ECDSA-AES256-GCM-SHA384
[DEBUG] [2020-11-25 04:56:37] CipherSuiteConverter.cacheFromOpenSsl(331) | Cipher suite mapping: SSL_ECDH_ECDSA_WITH_AES_256_GCM_SHA384 => ECDH-ECDSA-AES256-GCM-SHA384
[DEBUG] [2020-11-25 04:56:37] CipherSuiteConverter.cacheFromOpenSsl(330) | Cipher suite mapping: TLS_ECDH_RSA_WITH_AES_256_CBC_SHA384 => ECDH-RSA-AES256-SHA384
[DEBUG] [2020-11-25 04:56:37] CipherSuiteConverter.cacheFromOpenSsl(331) | Cipher suite mapping: SSL_ECDH_RSA_WITH_AES_256_CBC_SHA384 => ECDH-RSA-AES256-SHA384
[DEBUG] [2020-11-25 04:56:37] CipherSuiteConverter.cacheFromOpenSsl(330) | Cipher suite mapping: TLS_ECDH_ECDSA_WITH_AES_256_CBC_SHA384 => ECDH-ECDSA-AES256-SHA384
[DEBUG] [2020-11-25 04:56:37] CipherSuiteConverter.cacheFromOpenSsl(331) | Cipher suite mapping: SSL_ECDH_ECDSA_WITH_AES_256_CBC_SHA384 => ECDH-ECDSA-AES256-SHA384
[DEBUG] [2020-11-25 04:56:37] CipherSuiteConverter.cacheFromOpenSsl(330) | Cipher suite mapping: TLS_ECDH_RSA_WITH_AES_256_CBC_SHA => ECDH-RSA-AES256-SHA
[DEBUG] [2020-11-25 04:56:37] CipherSuiteConverter.cacheFromOpenSsl(331) | Cipher suite mapping: SSL_ECDH_RSA_WITH_AES_256_CBC_SHA => ECDH-RSA-AES256-SHA
[DEBUG] [2020-11-25 04:56:37] CipherSuiteConverter.cacheFromOpenSsl(330) | Cipher suite mapping: TLS_ECDH_ECDSA_WITH_AES_256_CBC_SHA => ECDH-ECDSA-AES256-SHA
[DEBUG] [2020-11-25 04:56:37] CipherSuiteConverter.cacheFromOpenSsl(331) | Cipher suite mapping: SSL_ECDH_ECDSA_WITH_AES_256_CBC_SHA => ECDH-ECDSA-AES256-SHA
[DEBUG] [2020-11-25 04:56:37] CipherSuiteConverter.cacheFromOpenSsl(330) | Cipher suite mapping: TLS_RSA_WITH_AES_256_GCM_SHA384 => AES256-GCM-SHA384
[DEBUG] [2020-11-25 04:56:37] CipherSuiteConverter.cacheFromOpenSsl(331) | Cipher suite mapping: SSL_RSA_WITH_AES_256_GCM_SHA384 => AES256-GCM-SHA384
[DEBUG] [2020-11-25 04:56:37] CipherSuiteConverter.cacheFromOpenSsl(330) | Cipher suite mapping: TLS_RSA_WITH_AES_256_CBC_SHA256 => AES256-SHA256
[DEBUG] [2020-11-25 04:56:37] CipherSuiteConverter.cacheFromOpenSsl(331) | Cipher suite mapping: SSL_RSA_WITH_AES_256_CBC_SHA256 => AES256-SHA256
[DEBUG] [2020-11-25 04:56:37] CipherSuiteConverter.cacheFromOpenSsl(330) | Cipher suite mapping: TLS_RSA_WITH_AES_256_CBC_SHA => AES256-SHA
[DEBUG] [2020-11-25 04:56:37] CipherSuiteConverter.cacheFromOpenSsl(331) | Cipher suite mapping: SSL_RSA_WITH_AES_256_CBC_SHA => AES256-SHA
[DEBUG] [2020-11-25 04:56:37] CipherSuiteConverter.cacheFromOpenSsl(330) | Cipher suite mapping: TLS_RSA_WITH_CAMELLIA256_SHA => CAMELLIA256-SHA
[DEBUG] [2020-11-25 04:56:37] CipherSuiteConverter.cacheFromOpenSsl(331) | Cipher suite mapping: SSL_RSA_WITH_CAMELLIA256_SHA => CAMELLIA256-SHA
[DEBUG] [2020-11-25 04:56:37] CipherSuiteConverter.cacheFromOpenSsl(330) | Cipher suite mapping: TLS_PSK_WITH_AES_256_CBC_SHA => PSK-AES256-CBC-SHA
[DEBUG] [2020-11-25 04:56:37] CipherSuiteConverter.cacheFromOpenSsl(331) | Cipher suite mapping: SSL_PSK_WITH_AES_256_CBC_SHA => PSK-AES256-CBC-SHA
[DEBUG] [2020-11-25 04:56:37] CipherSuiteConverter.cacheFromOpenSsl(330) | Cipher suite mapping: TLS_ECDHE_RSA_WITH_AES_128_GCM_SHA256 => ECDHE-RSA-AES128-GCM-SHA256
[DEBUG] [2020-11-25 04:56:37] CipherSuiteConverter.cacheFromOpenSsl(331) | Cipher suite mapping: SSL_ECDHE_RSA_WITH_AES_128_GCM_SHA256 => ECDHE-RSA-AES128-GCM-SHA256
[DEBUG] [2020-11-25 04:56:37] CipherSuiteConverter.cacheFromOpenSsl(330) | Cipher suite mapping: TLS_ECDHE_ECDSA_WITH_AES_128_GCM_SHA256 => ECDHE-ECDSA-AES128-GCM-SHA256
[DEBUG] [2020-11-25 04:56:37] CipherSuiteConverter.cacheFromOpenSsl(331) | Cipher suite mapping: SSL_ECDHE_ECDSA_WITH_AES_128_GCM_SHA256 => ECDHE-ECDSA-AES128-GCM-SHA256
[DEBUG] [2020-11-25 04:56:37] CipherSuiteConverter.cacheFromOpenSsl(330) | Cipher suite mapping: TLS_ECDHE_RSA_WITH_AES_128_CBC_SHA256 => ECDHE-RSA-AES128-SHA256
[DEBUG] [2020-11-25 04:56:37] CipherSuiteConverter.cacheFromOpenSsl(331) | Cipher suite mapping: SSL_ECDHE_RSA_WITH_AES_128_CBC_SHA256 => ECDHE-RSA-AES128-SHA256
[DEBUG] [2020-11-25 04:56:37] CipherSuiteConverter.cacheFromOpenSsl(330) | Cipher suite mapping: TLS_ECDHE_ECDSA_WITH_AES_128_CBC_SHA256 => ECDHE-ECDSA-AES128-SHA256
[DEBUG] [2020-11-25 04:56:37] CipherSuiteConverter.cacheFromOpenSsl(331) | Cipher suite mapping: SSL_ECDHE_ECDSA_WITH_AES_128_CBC_SHA256 => ECDHE-ECDSA-AES128-SHA256
[DEBUG] [2020-11-25 04:56:37] CipherSuiteConverter.cacheFromOpenSsl(330) | Cipher suite mapping: TLS_ECDHE_RSA_WITH_AES_128_CBC_SHA => ECDHE-RSA-AES128-SHA
[DEBUG] [2020-11-25 04:56:37] CipherSuiteConverter.cacheFromOpenSsl(331) | Cipher suite mapping: SSL_ECDHE_RSA_WITH_AES_128_CBC_SHA => ECDHE-RSA-AES128-SHA
[DEBUG] [2020-11-25 04:56:37] CipherSuiteConverter.cacheFromOpenSsl(330) | Cipher suite mapping: TLS_ECDHE_ECDSA_WITH_AES_128_CBC_SHA => ECDHE-ECDSA-AES128-SHA
[DEBUG] [2020-11-25 04:56:37] CipherSuiteConverter.cacheFromOpenSsl(331) | Cipher suite mapping: SSL_ECDHE_ECDSA_WITH_AES_128_CBC_SHA => ECDHE-ECDSA-AES128-SHA
[DEBUG] [2020-11-25 04:56:37] CipherSuiteConverter.cacheFromOpenSsl(330) | Cipher suite mapping: TLS_SRP_DSS_WITH_AES_128_CBC_SHA => SRP-DSS-AES-128-CBC-SHA
[DEBUG] [2020-11-25 04:56:37] CipherSuiteConverter.cacheFromOpenSsl(331) | Cipher suite mapping: SSL_SRP_DSS_WITH_AES_128_CBC_SHA => SRP-DSS-AES-128-CBC-SHA
[DEBUG] [2020-11-25 04:56:37] CipherSuiteConverter.cacheFromOpenSsl(330) | Cipher suite mapping: TLS_SRP_RSA_WITH_AES_128_CBC_SHA => SRP-RSA-AES-128-CBC-SHA
[DEBUG] [2020-11-25 04:56:37] CipherSuiteConverter.cacheFromOpenSsl(331) | Cipher suite mapping: SSL_SRP_RSA_WITH_AES_128_CBC_SHA => SRP-RSA-AES-128-CBC-SHA
[DEBUG] [2020-11-25 04:56:37] CipherSuiteConverter.cacheFromOpenSsl(330) | Cipher suite mapping: TLS_SRP_WITH_AES_128_CBC_SHA => SRP-AES-128-CBC-SHA
[DEBUG] [2020-11-25 04:56:37] CipherSuiteConverter.cacheFromOpenSsl(331) | Cipher suite mapping: SSL_SRP_WITH_AES_128_CBC_SHA => SRP-AES-128-CBC-SHA
[DEBUG] [2020-11-25 04:56:37] CipherSuiteConverter.cacheFromOpenSsl(330) | Cipher suite mapping: TLS_RSA_WITH_DH_DSS_AES128_GCM_SHA256 => DH-DSS-AES128-GCM-SHA256
[DEBUG] [2020-11-25 04:56:37] CipherSuiteConverter.cacheFromOpenSsl(331) | Cipher suite mapping: SSL_RSA_WITH_DH_DSS_AES128_GCM_SHA256 => DH-DSS-AES128-GCM-SHA256
[DEBUG] [2020-11-25 04:56:37] CipherSuiteConverter.cacheFromOpenSsl(330) | Cipher suite mapping: TLS_DHE_DSS_WITH_AES_128_GCM_SHA256 => DHE-DSS-AES128-GCM-SHA256
[DEBUG] [2020-11-25 04:56:37] CipherSuiteConverter.cacheFromOpenSsl(331) | Cipher suite mapping: SSL_DHE_DSS_WITH_AES_128_GCM_SHA256 => DHE-DSS-AES128-GCM-SHA256
[DEBUG] [2020-11-25 04:56:37] CipherSuiteConverter.cacheFromOpenSsl(330) | Cipher suite mapping: TLS_RSA_WITH_DH_RSA_AES128_GCM_SHA256 => DH-RSA-AES128-GCM-SHA256
[DEBUG] [2020-11-25 04:56:37] CipherSuiteConverter.cacheFromOpenSsl(331) | Cipher suite mapping: SSL_RSA_WITH_DH_RSA_AES128_GCM_SHA256 => DH-RSA-AES128-GCM-SHA256
[DEBUG] [2020-11-25 04:56:37] CipherSuiteConverter.cacheFromOpenSsl(330) | Cipher suite mapping: TLS_DHE_RSA_WITH_AES_128_GCM_SHA256 => DHE-RSA-AES128-GCM-SHA256
[DEBUG] [2020-11-25 04:56:37] CipherSuiteConverter.cacheFromOpenSsl(331) | Cipher suite mapping: SSL_DHE_RSA_WITH_AES_128_GCM_SHA256 => DHE-RSA-AES128-GCM-SHA256
[DEBUG] [2020-11-25 04:56:37] CipherSuiteConverter.cacheFromOpenSsl(330) | Cipher suite mapping: TLS_DHE_RSA_WITH_AES_128_CBC_SHA256 => DHE-RSA-AES128-SHA256
[DEBUG] [2020-11-25 04:56:37] CipherSuiteConverter.cacheFromOpenSsl(331) | Cipher suite mapping: SSL_DHE_RSA_WITH_AES_128_CBC_SHA256 => DHE-RSA-AES128-SHA256
[DEBUG] [2020-11-25 04:56:37] CipherSuiteConverter.cacheFromOpenSsl(330) | Cipher suite mapping: TLS_DHE_DSS_WITH_AES_128_CBC_SHA256 => DHE-DSS-AES128-SHA256
[DEBUG] [2020-11-25 04:56:37] CipherSuiteConverter.cacheFromOpenSsl(331) | Cipher suite mapping: SSL_DHE_DSS_WITH_AES_128_CBC_SHA256 => DHE-DSS-AES128-SHA256
[DEBUG] [2020-11-25 04:56:37] CipherSuiteConverter.cacheFromOpenSsl(330) | Cipher suite mapping: TLS_RSA_WITH_DH_RSA_AES128_SHA256 => DH-RSA-AES128-SHA256
[DEBUG] [2020-11-25 04:56:37] CipherSuiteConverter.cacheFromOpenSsl(331) | Cipher suite mapping: SSL_RSA_WITH_DH_RSA_AES128_SHA256 => DH-RSA-AES128-SHA256
[DEBUG] [2020-11-25 04:56:37] CipherSuiteConverter.cacheFromOpenSsl(330) | Cipher suite mapping: TLS_RSA_WITH_DH_DSS_AES128_SHA256 => DH-DSS-AES128-SHA256
[DEBUG] [2020-11-25 04:56:37] CipherSuiteConverter.cacheFromOpenSsl(331) | Cipher suite mapping: SSL_RSA_WITH_DH_DSS_AES128_SHA256 => DH-DSS-AES128-SHA256
[DEBUG] [2020-11-25 04:56:37] CipherSuiteConverter.cacheFromOpenSsl(330) | Cipher suite mapping: TLS_DHE_RSA_WITH_AES_128_CBC_SHA => DHE-RSA-AES128-SHA
[DEBUG] [2020-11-25 04:56:37] CipherSuiteConverter.cacheFromOpenSsl(331) | Cipher suite mapping: SSL_DHE_RSA_WITH_AES_128_CBC_SHA => DHE-RSA-AES128-SHA
[DEBUG] [2020-11-25 04:56:37] CipherSuiteConverter.cacheFromOpenSsl(330) | Cipher suite mapping: TLS_DHE_DSS_WITH_AES_128_CBC_SHA => DHE-DSS-AES128-SHA
[DEBUG] [2020-11-25 04:56:37] CipherSuiteConverter.cacheFromOpenSsl(331) | Cipher suite mapping: SSL_DHE_DSS_WITH_AES_128_CBC_SHA => DHE-DSS-AES128-SHA
[DEBUG] [2020-11-25 04:56:37] CipherSuiteConverter.cacheFromOpenSsl(330) | Cipher suite mapping: TLS_RSA_WITH_DH_RSA_AES128_SHA => DH-RSA-AES128-SHA
[DEBUG] [2020-11-25 04:56:37] CipherSuiteConverter.cacheFromOpenSsl(331) | Cipher suite mapping: SSL_RSA_WITH_DH_RSA_AES128_SHA => DH-RSA-AES128-SHA
[DEBUG] [2020-11-25 04:56:37] CipherSuiteConverter.cacheFromOpenSsl(330) | Cipher suite mapping: TLS_RSA_WITH_DH_DSS_AES128_SHA => DH-DSS-AES128-SHA
[DEBUG] [2020-11-25 04:56:37] CipherSuiteConverter.cacheFromOpenSsl(331) | Cipher suite mapping: SSL_RSA_WITH_DH_DSS_AES128_SHA => DH-DSS-AES128-SHA
[DEBUG] [2020-11-25 04:56:37] CipherSuiteConverter.cacheFromOpenSsl(330) | Cipher suite mapping: TLS_RSA_WITH_ECC_SM4_SM3 => ECC-SM4-SM3
[DEBUG] [2020-11-25 04:56:37] CipherSuiteConverter.cacheFromOpenSsl(331) | Cipher suite mapping: SSL_RSA_WITH_ECC_SM4_SM3 => ECC-SM4-SM3
[DEBUG] [2020-11-25 04:56:37] CipherSuiteConverter.cacheFromOpenSsl(330) | Cipher suite mapping: TLS_RSA_WITH_ECDHE_SM4_SM3 => ECDHE-SM4-SM3
[DEBUG] [2020-11-25 04:56:37] CipherSuiteConverter.cacheFromOpenSsl(331) | Cipher suite mapping: SSL_RSA_WITH_ECDHE_SM4_SM3 => ECDHE-SM4-SM3
[DEBUG] [2020-11-25 04:56:37] CipherSuiteConverter.cacheFromOpenSsl(330) | Cipher suite mapping: TLS_DHE_RSA_WITH_SEED_SHA => DHE-RSA-SEED-SHA
[DEBUG] [2020-11-25 04:56:37] CipherSuiteConverter.cacheFromOpenSsl(331) | Cipher suite mapping: SSL_DHE_RSA_WITH_SEED_SHA => DHE-RSA-SEED-SHA
[DEBUG] [2020-11-25 04:56:37] CipherSuiteConverter.cacheFromOpenSsl(330) | Cipher suite mapping: TLS_DHE_DSS_WITH_SEED_SHA => DHE-DSS-SEED-SHA
[DEBUG] [2020-11-25 04:56:37] CipherSuiteConverter.cacheFromOpenSsl(331) | Cipher suite mapping: SSL_DHE_DSS_WITH_SEED_SHA => DHE-DSS-SEED-SHA
[DEBUG] [2020-11-25 04:56:37] CipherSuiteConverter.cacheFromOpenSsl(330) | Cipher suite mapping: TLS_RSA_WITH_DH_RSA_SEED_SHA => DH-RSA-SEED-SHA
[DEBUG] [2020-11-25 04:56:37] CipherSuiteConverter.cacheFromOpenSsl(331) | Cipher suite mapping: SSL_RSA_WITH_DH_RSA_SEED_SHA => DH-RSA-SEED-SHA
[DEBUG] [2020-11-25 04:56:37] CipherSuiteConverter.cacheFromOpenSsl(330) | Cipher suite mapping: TLS_RSA_WITH_DH_DSS_SEED_SHA => DH-DSS-SEED-SHA
[DEBUG] [2020-11-25 04:56:37] CipherSuiteConverter.cacheFromOpenSsl(331) | Cipher suite mapping: SSL_RSA_WITH_DH_DSS_SEED_SHA => DH-DSS-SEED-SHA
[DEBUG] [2020-11-25 04:56:37] CipherSuiteConverter.cacheFromOpenSsl(330) | Cipher suite mapping: TLS_DHE_RSA_WITH_CAMELLIA128_SHA => DHE-RSA-CAMELLIA128-SHA
[DEBUG] [2020-11-25 04:56:37] CipherSuiteConverter.cacheFromOpenSsl(331) | Cipher suite mapping: SSL_DHE_RSA_WITH_CAMELLIA128_SHA => DHE-RSA-CAMELLIA128-SHA
[DEBUG] [2020-11-25 04:56:37] CipherSuiteConverter.cacheFromOpenSsl(330) | Cipher suite mapping: TLS_DHE_DSS_WITH_CAMELLIA128_SHA => DHE-DSS-CAMELLIA128-SHA
[DEBUG] [2020-11-25 04:56:37] CipherSuiteConverter.cacheFromOpenSsl(331) | Cipher suite mapping: SSL_DHE_DSS_WITH_CAMELLIA128_SHA => DHE-DSS-CAMELLIA128-SHA
[DEBUG] [2020-11-25 04:56:37] CipherSuiteConverter.cacheFromOpenSsl(330) | Cipher suite mapping: TLS_RSA_WITH_DH_RSA_CAMELLIA128_SHA => DH-RSA-CAMELLIA128-SHA
[DEBUG] [2020-11-25 04:56:37] CipherSuiteConverter.cacheFromOpenSsl(331) | Cipher suite mapping: SSL_RSA_WITH_DH_RSA_CAMELLIA128_SHA => DH-RSA-CAMELLIA128-SHA
[DEBUG] [2020-11-25 04:56:37] CipherSuiteConverter.cacheFromOpenSsl(330) | Cipher suite mapping: TLS_RSA_WITH_DH_DSS_CAMELLIA128_SHA => DH-DSS-CAMELLIA128-SHA
[DEBUG] [2020-11-25 04:56:37] CipherSuiteConverter.cacheFromOpenSsl(331) | Cipher suite mapping: SSL_RSA_WITH_DH_DSS_CAMELLIA128_SHA => DH-DSS-CAMELLIA128-SHA
[DEBUG] [2020-11-25 04:56:37] CipherSuiteConverter.cacheFromOpenSsl(330) | Cipher suite mapping: TLS_ECDH_anon_WITH_AES_128_CBC_SHA => AECDH-AES128-SHA
[DEBUG] [2020-11-25 04:56:37] CipherSuiteConverter.cacheFromOpenSsl(331) | Cipher suite mapping: SSL_ECDH_anon_WITH_AES_128_CBC_SHA => AECDH-AES128-SHA
[DEBUG] [2020-11-25 04:56:37] CipherSuiteConverter.cacheFromOpenSsl(330) | Cipher suite mapping: TLS_DH_anon_WITH_AES_128_GCM_SHA256 => ADH-AES128-GCM-SHA256
[DEBUG] [2020-11-25 04:56:37] CipherSuiteConverter.cacheFromOpenSsl(331) | Cipher suite mapping: SSL_DH_anon_WITH_AES_128_GCM_SHA256 => ADH-AES128-GCM-SHA256
[DEBUG] [2020-11-25 04:56:37] CipherSuiteConverter.cacheFromOpenSsl(330) | Cipher suite mapping: TLS_DH_anon_WITH_AES_128_CBC_SHA256 => ADH-AES128-SHA256
[DEBUG] [2020-11-25 04:56:37] CipherSuiteConverter.cacheFromOpenSsl(331) | Cipher suite mapping: SSL_DH_anon_WITH_AES_128_CBC_SHA256 => ADH-AES128-SHA256
[DEBUG] [2020-11-25 04:56:37] CipherSuiteConverter.cacheFromOpenSsl(330) | Cipher suite mapping: TLS_DH_anon_WITH_AES_128_CBC_SHA => ADH-AES128-SHA
[DEBUG] [2020-11-25 04:56:37] CipherSuiteConverter.cacheFromOpenSsl(331) | Cipher suite mapping: SSL_DH_anon_WITH_AES_128_CBC_SHA => ADH-AES128-SHA
[DEBUG] [2020-11-25 04:56:37] CipherSuiteConverter.cacheFromOpenSsl(330) | Cipher suite mapping: TLS_DH_anon_WITH_SEED_SHA => ADH-SEED-SHA
[DEBUG] [2020-11-25 04:56:37] CipherSuiteConverter.cacheFromOpenSsl(331) | Cipher suite mapping: SSL_DH_anon_WITH_SEED_SHA => ADH-SEED-SHA
[DEBUG] [2020-11-25 04:56:37] CipherSuiteConverter.cacheFromOpenSsl(330) | Cipher suite mapping: TLS_DH_anon_WITH_CAMELLIA128_SHA => ADH-CAMELLIA128-SHA
[DEBUG] [2020-11-25 04:56:37] CipherSuiteConverter.cacheFromOpenSsl(331) | Cipher suite mapping: SSL_DH_anon_WITH_CAMELLIA128_SHA => ADH-CAMELLIA128-SHA
[DEBUG] [2020-11-25 04:56:37] CipherSuiteConverter.cacheFromOpenSsl(330) | Cipher suite mapping: TLS_ECDH_RSA_WITH_AES_128_GCM_SHA256 => ECDH-RSA-AES128-GCM-SHA256
[DEBUG] [2020-11-25 04:56:37] CipherSuiteConverter.cacheFromOpenSsl(331) | Cipher suite mapping: SSL_ECDH_RSA_WITH_AES_128_GCM_SHA256 => ECDH-RSA-AES128-GCM-SHA256
[DEBUG] [2020-11-25 04:56:37] CipherSuiteConverter.cacheFromOpenSsl(330) | Cipher suite mapping: TLS_ECDH_ECDSA_WITH_AES_128_GCM_SHA256 => ECDH-ECDSA-AES128-GCM-SHA256
[DEBUG] [2020-11-25 04:56:37] CipherSuiteConverter.cacheFromOpenSsl(331) | Cipher suite mapping: SSL_ECDH_ECDSA_WITH_AES_128_GCM_SHA256 => ECDH-ECDSA-AES128-GCM-SHA256
[DEBUG] [2020-11-25 04:56:37] CipherSuiteConverter.cacheFromOpenSsl(330) | Cipher suite mapping: TLS_ECDH_RSA_WITH_AES_128_CBC_SHA256 => ECDH-RSA-AES128-SHA256
[DEBUG] [2020-11-25 04:56:37] CipherSuiteConverter.cacheFromOpenSsl(331) | Cipher suite mapping: SSL_ECDH_RSA_WITH_AES_128_CBC_SHA256 => ECDH-RSA-AES128-SHA256
[DEBUG] [2020-11-25 04:56:37] CipherSuiteConverter.cacheFromOpenSsl(330) | Cipher suite mapping: TLS_ECDH_ECDSA_WITH_AES_128_CBC_SHA256 => ECDH-ECDSA-AES128-SHA256
[DEBUG] [2020-11-25 04:56:37] CipherSuiteConverter.cacheFromOpenSsl(331) | Cipher suite mapping: SSL_ECDH_ECDSA_WITH_AES_128_CBC_SHA256 => ECDH-ECDSA-AES128-SHA256
[DEBUG] [2020-11-25 04:56:37] CipherSuiteConverter.cacheFromOpenSsl(330) | Cipher suite mapping: TLS_ECDH_RSA_WITH_AES_128_CBC_SHA => ECDH-RSA-AES128-SHA
[DEBUG] [2020-11-25 04:56:37] CipherSuiteConverter.cacheFromOpenSsl(331) | Cipher suite mapping: SSL_ECDH_RSA_WITH_AES_128_CBC_SHA => ECDH-RSA-AES128-SHA
[DEBUG] [2020-11-25 04:56:37] CipherSuiteConverter.cacheFromOpenSsl(330) | Cipher suite mapping: TLS_ECDH_ECDSA_WITH_AES_128_CBC_SHA => ECDH-ECDSA-AES128-SHA
[DEBUG] [2020-11-25 04:56:37] CipherSuiteConverter.cacheFromOpenSsl(331) | Cipher suite mapping: SSL_ECDH_ECDSA_WITH_AES_128_CBC_SHA => ECDH-ECDSA-AES128-SHA
[DEBUG] [2020-11-25 04:56:37] CipherSuiteConverter.cacheFromOpenSsl(330) | Cipher suite mapping: TLS_RSA_WITH_AES_128_GCM_SHA256 => AES128-GCM-SHA256
[DEBUG] [2020-11-25 04:56:37] CipherSuiteConverter.cacheFromOpenSsl(331) | Cipher suite mapping: SSL_RSA_WITH_AES_128_GCM_SHA256 => AES128-GCM-SHA256
[DEBUG] [2020-11-25 04:56:37] CipherSuiteConverter.cacheFromOpenSsl(330) | Cipher suite mapping: TLS_RSA_WITH_AES_128_CBC_SHA256 => AES128-SHA256
[DEBUG] [2020-11-25 04:56:37] CipherSuiteConverter.cacheFromOpenSsl(331) | Cipher suite mapping: SSL_RSA_WITH_AES_128_CBC_SHA256 => AES128-SHA256
[DEBUG] [2020-11-25 04:56:37] CipherSuiteConverter.cacheFromOpenSsl(330) | Cipher suite mapping: TLS_RSA_WITH_AES_128_CBC_SHA => AES128-SHA
[DEBUG] [2020-11-25 04:56:37] CipherSuiteConverter.cacheFromOpenSsl(331) | Cipher suite mapping: SSL_RSA_WITH_AES_128_CBC_SHA => AES128-SHA
[DEBUG] [2020-11-25 04:56:37] CipherSuiteConverter.cacheFromOpenSsl(330) | Cipher suite mapping: TLS_RSA_WITH_SEED_SHA => SEED-SHA
[DEBUG] [2020-11-25 04:56:37] CipherSuiteConverter.cacheFromOpenSsl(331) | Cipher suite mapping: SSL_RSA_WITH_SEED_SHA => SEED-SHA
[DEBUG] [2020-11-25 04:56:37] CipherSuiteConverter.cacheFromOpenSsl(330) | Cipher suite mapping: TLS_RSA_WITH_CAMELLIA128_SHA => CAMELLIA128-SHA
[DEBUG] [2020-11-25 04:56:37] CipherSuiteConverter.cacheFromOpenSsl(331) | Cipher suite mapping: SSL_RSA_WITH_CAMELLIA128_SHA => CAMELLIA128-SHA
[DEBUG] [2020-11-25 04:56:37] CipherSuiteConverter.cacheFromOpenSsl(330) | Cipher suite mapping: TLS_RSA_WITH_IDEA_CBC_SHA => IDEA-CBC-SHA
[DEBUG] [2020-11-25 04:56:37] CipherSuiteConverter.cacheFromOpenSsl(331) | Cipher suite mapping: SSL_RSA_WITH_IDEA_CBC_SHA => IDEA-CBC-SHA
[DEBUG] [2020-11-25 04:56:37] CipherSuiteConverter.cacheFromOpenSsl(330) | Cipher suite mapping: TLS_PSK_WITH_AES_128_CBC_SHA => PSK-AES128-CBC-SHA
[DEBUG] [2020-11-25 04:56:37] CipherSuiteConverter.cacheFromOpenSsl(331) | Cipher suite mapping: SSL_PSK_WITH_AES_128_CBC_SHA => PSK-AES128-CBC-SHA
[DEBUG] [2020-11-25 04:56:37] CipherSuiteConverter.cacheFromOpenSsl(330) | Cipher suite mapping: TLS_ECDHE_RSA_WITH_RC4_128_SHA => ECDHE-RSA-RC4-SHA
[DEBUG] [2020-11-25 04:56:37] CipherSuiteConverter.cacheFromOpenSsl(331) | Cipher suite mapping: SSL_ECDHE_RSA_WITH_RC4_128_SHA => ECDHE-RSA-RC4-SHA
[DEBUG] [2020-11-25 04:56:37] CipherSuiteConverter.cacheFromOpenSsl(330) | Cipher suite mapping: TLS_ECDHE_ECDSA_WITH_RC4_128_SHA => ECDHE-ECDSA-RC4-SHA
[DEBUG] [2020-11-25 04:56:37] CipherSuiteConverter.cacheFromOpenSsl(331) | Cipher suite mapping: SSL_ECDHE_ECDSA_WITH_RC4_128_SHA => ECDHE-ECDSA-RC4-SHA
[DEBUG] [2020-11-25 04:56:37] CipherSuiteConverter.cacheFromOpenSsl(330) | Cipher suite mapping: TLS_ECDH_anon_WITH_RC4_128_SHA => AECDH-RC4-SHA
[DEBUG] [2020-11-25 04:56:37] CipherSuiteConverter.cacheFromOpenSsl(331) | Cipher suite mapping: SSL_ECDH_anon_WITH_RC4_128_SHA => AECDH-RC4-SHA
[DEBUG] [2020-11-25 04:56:37] CipherSuiteConverter.cacheFromOpenSsl(330) | Cipher suite mapping: TLS_DH_anon_WITH_RC4_128_MD5 => ADH-RC4-MD5
[DEBUG] [2020-11-25 04:56:37] CipherSuiteConverter.cacheFromOpenSsl(331) | Cipher suite mapping: SSL_DH_anon_WITH_RC4_128_MD5 => ADH-RC4-MD5
[DEBUG] [2020-11-25 04:56:37] CipherSuiteConverter.cacheFromOpenSsl(330) | Cipher suite mapping: TLS_ECDH_RSA_WITH_RC4_128_SHA => ECDH-RSA-RC4-SHA
[DEBUG] [2020-11-25 04:56:37] CipherSuiteConverter.cacheFromOpenSsl(331) | Cipher suite mapping: SSL_ECDH_RSA_WITH_RC4_128_SHA => ECDH-RSA-RC4-SHA
[DEBUG] [2020-11-25 04:56:37] CipherSuiteConverter.cacheFromOpenSsl(330) | Cipher suite mapping: TLS_ECDH_ECDSA_WITH_RC4_128_SHA => ECDH-ECDSA-RC4-SHA
[DEBUG] [2020-11-25 04:56:37] CipherSuiteConverter.cacheFromOpenSsl(331) | Cipher suite mapping: SSL_ECDH_ECDSA_WITH_RC4_128_SHA => ECDH-ECDSA-RC4-SHA
[DEBUG] [2020-11-25 04:56:37] CipherSuiteConverter.cacheFromOpenSsl(330) | Cipher suite mapping: TLS_RSA_WITH_RC4_128_SHA => RC4-SHA
[DEBUG] [2020-11-25 04:56:37] CipherSuiteConverter.cacheFromOpenSsl(331) | Cipher suite mapping: SSL_RSA_WITH_RC4_128_SHA => RC4-SHA
[DEBUG] [2020-11-25 04:56:37] CipherSuiteConverter.cacheFromOpenSsl(330) | Cipher suite mapping: TLS_RSA_WITH_RC4_128_MD5 => RC4-MD5
[DEBUG] [2020-11-25 04:56:37] CipherSuiteConverter.cacheFromOpenSsl(331) | Cipher suite mapping: SSL_RSA_WITH_RC4_128_MD5 => RC4-MD5
[DEBUG] [2020-11-25 04:56:37] CipherSuiteConverter.cacheFromOpenSsl(330) | Cipher suite mapping: TLS_PSK_WITH_RC4_128_SHA => PSK-RC4-SHA
[DEBUG] [2020-11-25 04:56:37] CipherSuiteConverter.cacheFromOpenSsl(331) | Cipher suite mapping: SSL_PSK_WITH_RC4_128_SHA => PSK-RC4-SHA
[DEBUG] [2020-11-25 04:56:37] CipherSuiteConverter.cacheFromOpenSsl(330) | Cipher suite mapping: TLS_ECDHE_RSA_WITH_3DES_EDE_CBC_SHA => ECDHE-RSA-DES-CBC3-SHA
[DEBUG] [2020-11-25 04:56:37] CipherSuiteConverter.cacheFromOpenSsl(331) | Cipher suite mapping: SSL_ECDHE_RSA_WITH_3DES_EDE_CBC_SHA => ECDHE-RSA-DES-CBC3-SHA
[DEBUG] [2020-11-25 04:56:37] CipherSuiteConverter.cacheFromOpenSsl(330) | Cipher suite mapping: TLS_ECDHE_ECDSA_WITH_3DES_EDE_CBC_SHA => ECDHE-ECDSA-DES-CBC3-SHA
[DEBUG] [2020-11-25 04:56:37] CipherSuiteConverter.cacheFromOpenSsl(331) | Cipher suite mapping: SSL_ECDHE_ECDSA_WITH_3DES_EDE_CBC_SHA => ECDHE-ECDSA-DES-CBC3-SHA
[DEBUG] [2020-11-25 04:56:37] CipherSuiteConverter.cacheFromOpenSsl(330) | Cipher suite mapping: TLS_SRP_DSS_WITH_3DES_EDE_CBC_SHA => SRP-DSS-3DES-EDE-CBC-SHA
[DEBUG] [2020-11-25 04:56:37] CipherSuiteConverter.cacheFromOpenSsl(331) | Cipher suite mapping: SSL_SRP_DSS_WITH_3DES_EDE_CBC_SHA => SRP-DSS-3DES-EDE-CBC-SHA
[DEBUG] [2020-11-25 04:56:37] CipherSuiteConverter.cacheFromOpenSsl(330) | Cipher suite mapping: TLS_SRP_RSA_WITH_3DES_EDE_CBC_SHA => SRP-RSA-3DES-EDE-CBC-SHA
[DEBUG] [2020-11-25 04:56:37] CipherSuiteConverter.cacheFromOpenSsl(331) | Cipher suite mapping: SSL_SRP_RSA_WITH_3DES_EDE_CBC_SHA => SRP-RSA-3DES-EDE-CBC-SHA
[DEBUG] [2020-11-25 04:56:37] CipherSuiteConverter.cacheFromOpenSsl(330) | Cipher suite mapping: TLS_SRP_WITH_3DES_EDE_CBC_SHA => SRP-3DES-EDE-CBC-SHA
[DEBUG] [2020-11-25 04:56:37] CipherSuiteConverter.cacheFromOpenSsl(331) | Cipher suite mapping: SSL_SRP_WITH_3DES_EDE_CBC_SHA => SRP-3DES-EDE-CBC-SHA
[DEBUG] [2020-11-25 04:56:37] CipherSuiteConverter.cacheFromOpenSsl(330) | Cipher suite mapping: TLS_EDH_RSA_WITH_3DES_EDE_CBC_SHA => EDH-RSA-DES-CBC3-SHA
[DEBUG] [2020-11-25 04:56:37] CipherSuiteConverter.cacheFromOpenSsl(331) | Cipher suite mapping: SSL_EDH_RSA_WITH_3DES_EDE_CBC_SHA => EDH-RSA-DES-CBC3-SHA
[DEBUG] [2020-11-25 04:56:37] CipherSuiteConverter.cacheFromOpenSsl(330) | Cipher suite mapping: TLS_EDH_DSS_WITH_3DES_EDE_CBC_SHA => EDH-DSS-DES-CBC3-SHA
[DEBUG] [2020-11-25 04:56:37] CipherSuiteConverter.cacheFromOpenSsl(331) | Cipher suite mapping: SSL_EDH_DSS_WITH_3DES_EDE_CBC_SHA => EDH-DSS-DES-CBC3-SHA
[DEBUG] [2020-11-25 04:56:37] CipherSuiteConverter.cacheFromOpenSsl(330) | Cipher suite mapping: TLS_RSA_WITH_DH_RSA_DES_CBC3_SHA => DH-RSA-DES-CBC3-SHA
[DEBUG] [2020-11-25 04:56:37] CipherSuiteConverter.cacheFromOpenSsl(331) | Cipher suite mapping: SSL_RSA_WITH_DH_RSA_DES_CBC3_SHA => DH-RSA-DES-CBC3-SHA
[DEBUG] [2020-11-25 04:56:37] CipherSuiteConverter.cacheFromOpenSsl(330) | Cipher suite mapping: TLS_RSA_WITH_DH_DSS_DES_CBC3_SHA => DH-DSS-DES-CBC3-SHA
[DEBUG] [2020-11-25 04:56:37] CipherSuiteConverter.cacheFromOpenSsl(331) | Cipher suite mapping: SSL_RSA_WITH_DH_DSS_DES_CBC3_SHA => DH-DSS-DES-CBC3-SHA
[DEBUG] [2020-11-25 04:56:37] CipherSuiteConverter.cacheFromOpenSsl(330) | Cipher suite mapping: TLS_ECDH_anon_WITH_3DES_EDE_CBC_SHA => AECDH-DES-CBC3-SHA
[DEBUG] [2020-11-25 04:56:37] CipherSuiteConverter.cacheFromOpenSsl(331) | Cipher suite mapping: SSL_ECDH_anon_WITH_3DES_EDE_CBC_SHA => AECDH-DES-CBC3-SHA
[DEBUG] [2020-11-25 04:56:37] CipherSuiteConverter.cacheFromOpenSsl(330) | Cipher suite mapping: TLS_DH_anon_WITH_3DES_EDE_CBC_SHA => ADH-DES-CBC3-SHA
[DEBUG] [2020-11-25 04:56:37] CipherSuiteConverter.cacheFromOpenSsl(331) | Cipher suite mapping: SSL_DH_anon_WITH_3DES_EDE_CBC_SHA => ADH-DES-CBC3-SHA
[DEBUG] [2020-11-25 04:56:37] CipherSuiteConverter.cacheFromOpenSsl(330) | Cipher suite mapping: TLS_ECDH_RSA_WITH_3DES_EDE_CBC_SHA => ECDH-RSA-DES-CBC3-SHA
[DEBUG] [2020-11-25 04:56:37] CipherSuiteConverter.cacheFromOpenSsl(331) | Cipher suite mapping: SSL_ECDH_RSA_WITH_3DES_EDE_CBC_SHA => ECDH-RSA-DES-CBC3-SHA
[DEBUG] [2020-11-25 04:56:37] CipherSuiteConverter.cacheFromOpenSsl(330) | Cipher suite mapping: TLS_ECDH_ECDSA_WITH_3DES_EDE_CBC_SHA => ECDH-ECDSA-DES-CBC3-SHA
[DEBUG] [2020-11-25 04:56:37] CipherSuiteConverter.cacheFromOpenSsl(331) | Cipher suite mapping: SSL_ECDH_ECDSA_WITH_3DES_EDE_CBC_SHA => ECDH-ECDSA-DES-CBC3-SHA
[DEBUG] [2020-11-25 04:56:37] CipherSuiteConverter.cacheFromOpenSsl(330) | Cipher suite mapping: TLS_RSA_WITH_3DES_EDE_CBC_SHA => DES-CBC3-SHA
[DEBUG] [2020-11-25 04:56:37] CipherSuiteConverter.cacheFromOpenSsl(331) | Cipher suite mapping: SSL_RSA_WITH_3DES_EDE_CBC_SHA => DES-CBC3-SHA
[DEBUG] [2020-11-25 04:56:37] CipherSuiteConverter.cacheFromOpenSsl(330) | Cipher suite mapping: TLS_PSK_WITH_3DES_EDE_CBC_SHA => PSK-3DES-EDE-CBC-SHA
[DEBUG] [2020-11-25 04:56:37] CipherSuiteConverter.cacheFromOpenSsl(331) | Cipher suite mapping: SSL_PSK_WITH_3DES_EDE_CBC_SHA => PSK-3DES-EDE-CBC-SHA
[DEBUG] [2020-11-25 04:56:37] OpenSsl.<clinit>(369) | Supported protocols (OpenSSL): [SSLv2Hello, TLSv1, TLSv1.1, TLSv1.2] 
[DEBUG] [2020-11-25 04:56:37] OpenSsl.<clinit>(370) | Default cipher suites (OpenSSL): [TLS_ECDHE_ECDSA_WITH_AES_256_GCM_SHA384, TLS_ECDHE_ECDSA_WITH_AES_128_GCM_SHA256, TLS_ECDHE_RSA_WITH_AES_128_GCM_SHA256, TLS_ECDHE_RSA_WITH_AES_256_GCM_SHA384, TLS_ECDHE_RSA_WITH_AES_128_CBC_SHA, TLS_ECDHE_RSA_WITH_AES_256_CBC_SHA, TLS_RSA_WITH_AES_128_GCM_SHA256, TLS_RSA_WITH_AES_128_CBC_SHA, TLS_RSA_WITH_AES_256_CBC_SHA]
[DEBUG] [2020-11-25 04:56:37] ResourceLeakDetectorFactory$DefaultResourceLeakDetectorFactory.newResourceLeakDetector(196) | Loaded default ResourceLeakDetector: io.netty.util.ResourceLeakDetector@6b927fb
[DEBUG] [2020-11-25 04:56:37] ConnectionManager.startConnect(99) | startConnect to 127.0.0.1:20200
[DEBUG] [2020-11-25 04:56:37] DefaultChannelId.<clinit>(79) | -Dio.netty.processId: 2850 (auto-detected)
[DEBUG] [2020-11-25 04:56:37] DefaultChannelId.<clinit>(101) | -Dio.netty.machineId: 08:00:27:ff:fe:d7:ea:69 (auto-detected)
[DEBUG] [2020-11-25 04:56:37] ConnectionManager.startConnect(99) | startConnect to 127.0.0.1:20201
[DEBUG] [2020-11-25 04:56:37] ResourceLeakDetectorFactory$DefaultResourceLeakDetectorFactory.newResourceLeakDetector(196) | Loaded default ResourceLeakDetector: io.netty.util.ResourceLeakDetector@23315cce
[DEBUG] [2020-11-25 04:56:37] ConnectionManager.startConnect(134) |  start connect end. 
[DEBUG] [2020-11-25 04:56:37] ConnectionManager.startReconnectSchedule(138) |  start reconnect schedule
[DEBUG] [2020-11-25 04:56:37] SslHandler.setHandshakeSuccess(1807) | [id: 0xfbb4b56f, L:/127.0.0.1:55270 - R:/127.0.0.1:20201] HANDSHAKEN: protocol:TLSv1.2 cipher suite:TLS_ECDHE_ECDSA_WITH_AES_256_GCM_SHA384
[INFO] [2020-11-25 04:56:37] ChannelHandler.userEventTriggered(73) |  handshake success, host: 127.0.0.1, port: 20201, ctx: 904004734
[DEBUG] [2020-11-25 04:56:37] ConnectionManager.addConnectionContext(408) | addConnectionContext, endpoint: 127.0.0.1:20201, ctx:ChannelHandlerContext(ChannelHandler#0, [id: 0xfbb4b56f, L:/127.0.0.1:55270 - R:/127.0.0.1:20201])
[DEBUG] [2020-11-25 04:56:37] ChannelMsgHandler.onConnect(112) | onConnect in ChannelMsgHandler called, host : 127.0.0.1:20201
[DEBUG] [2020-11-25 04:56:37] SslHandler.setHandshakeSuccess(1807) | [id: 0x5900d295, L:/127.0.0.1:48944 - R:/127.0.0.1:20200] HANDSHAKEN: protocol:TLSv1.2 cipher suite:TLS_ECDHE_ECDSA_WITH_AES_256_GCM_SHA384
[INFO] [2020-11-25 04:56:37] ChannelHandler.userEventTriggered(73) |  handshake success, host: 127.0.0.1, port: 20200, ctx: 258901255
[DEBUG] [2020-11-25 04:56:37] ConnectionManager.addConnectionContext(408) | addConnectionContext, endpoint: 127.0.0.1:20200, ctx:ChannelHandlerContext(ChannelHandler#0, [id: 0x5900d295, L:/127.0.0.1:48944 - R:/127.0.0.1:20200])
[DEBUG] [2020-11-25 04:56:37] ChannelMsgHandler.onConnect(112) | onConnect in ChannelMsgHandler called, host : 127.0.0.1:20200
[INFO] [2020-11-25 04:56:38] ChannelMsgHandler$1.onResponse(224) |  node: ClientVersion{version='2.6.0', supportedVersion='2.6.0', chainId='1', buildTime='20200814 08:45:06', buildType='Linux/clang/Release', gitBranch='HEAD', gitCommitHash='e4a5ef2ef64d1943fccc4ebc61467a91779fb1c0'}, content: {"id":0,"jsonrpc":"2.0","result":{"Build Time":"20200814 08:45:06","Build Type":"Linux/clang/Release","Chain Id":"1","FISCO-BCOS Version":"2.6.0","Git Branch":"HEAD","Git Commit Hash":"e4a5ef2ef64d1943fccc4ebc61467a91779fb1c0","Supported Version":"2.6.0"}}

[INFO] [2020-11-25 04:56:38] ChannelMsgHandler$1.onResponse(232) |  support channel handshake node
[INFO] [2020-11-25 04:56:38] ChannelMsgHandler$1.onResponse(224) |  node: ClientVersion{version='2.6.0', supportedVersion='2.6.0', chainId='1', buildTime='20200814 08:45:06', buildType='Linux/clang/Release', gitBranch='HEAD', gitCommitHash='e4a5ef2ef64d1943fccc4ebc61467a91779fb1c0'}, content: {"id":1,"jsonrpc":"2.0","result":{"Build Time":"20200814 08:45:06","Build Type":"Linux/clang/Release","Chain Id":"1","FISCO-BCOS Version":"2.6.0","Git Branch":"HEAD","Git Commit Hash":"e4a5ef2ef64d1943fccc4ebc61467a91779fb1c0","Supported Version":"2.6.0"}}

[INFO] [2020-11-25 04:56:38] ChannelMsgHandler$1.onResponse(232) |  support channel handshake node
[INFO] [2020-11-25 04:56:38] ChannelMsgHandler$2.onResponse(308) |  channel protocol handshake success, set socket channel protocol, host: 127.0.0.1:20200, channel protocol: ChannelProtocol [protocol=3, nodeVersion=2.6.0, EnumProtocol=VERSION_3]
[INFO] [2020-11-25 04:56:38] ChannelMsgHandler$2.onResponse(308) |  channel protocol handshake success, set socket channel protocol, host: 127.0.0.1:20201, channel protocol: ChannelProtocol [protocol=3, nodeVersion=2.6.0, EnumProtocol=VERSION_3]
[INFO] [2020-11-25 04:56:38] ChannelImp.checkConnectionsToStartPeriodTask(132) |  Connect to  nodes: 127.0.0.1:20200, 127.0.0.1:20201, java version: 1.8.0_265 ,java vendor: Oracle Corporation
[DEBUG] [2020-11-25 04:56:38] ChannelImp.start(92) | Start the channel success
[INFO] [2020-11-25 04:56:38] BcosSDK.<init>(64) | create BcosSDK, start channel success, cryptoType: 0
[DEBUG] [2020-11-25 04:56:38] ThreadPoolService.<init>(37) | Create ThreadPoolService, threadName: channelProcessor, corePoolSize: 1, maxBlockingQueueSize: 102400
[INFO] [2020-11-25 04:56:38] BcosSDK.<init>(74) | create BcosSDK, start channel succ, channelProcessorThreadSize: 1, receiptProcessorThreadSize: 1
[DEBUG] [2020-11-25 04:56:38] ThreadPoolService.<init>(37) | Create ThreadPoolService, threadName: GroupManagerServiceImpl, corePoolSize: 1, maxBlockingQueueSize: 102400
[INFO] [2020-11-25 04:56:38] GroupManagerServiceImpl.registerBlockNumberNotifyHandler(259) | registerBlockNumberNotifyHandler
[INFO] [2020-11-25 04:56:38] GroupManagerServiceImpl.registerTransactionNotifyHandler(281) | registerTransactionNotifyHandler
[DEBUG] [2020-11-25 04:56:38] GroupServiceImpl.<init>(45) | insert group: 1 for peer 127.0.0.1:20200
[DEBUG] [2020-11-25 04:56:38] GroupManagerServiceImpl.getAndUpdateBlockNumberForAllPeers(528) | g: 1, getAndUpdateBlockNumberForAllPeers, group availablePeers:[127.0.0.1:20200]
[DEBUG] [2020-11-25 04:56:38] GroupServiceImpl.updatePeersBlockNumberInfo(104) | updatePeersBlockNumberInfo for 127.0.0.1:20200, updated blockNumber: 159, groupId: 1
[DEBUG] [2020-11-25 04:56:38] GroupServiceImpl.updateLatestBlockNumber(127) | g:1, updateLatestBlockNumber, latestBlockNumber: 159, nodeWithLatestBlockNumber:[127.0.0.1:20200]
[DEBUG] [2020-11-25 04:56:38] GroupManagerServiceImpl.fetchAndUpdateBlockNumberInfo(542) | fetch and update the blockNumber information, groupId: 1, peer:127.0.0.1:20200, blockNumber: 159
[DEBUG] [2020-11-25 04:56:38] GroupServiceImpl.insertNode(84) | g:1, insertNode=127.0.0.1:20201, nodeSize=2, blockNumberInfoSize=1
[DEBUG] [2020-11-25 04:56:38] GroupServiceImpl.updatePeersBlockNumberInfo(104) | updatePeersBlockNumberInfo for 127.0.0.1:20201, updated blockNumber: 159, groupId: 1
[DEBUG] [2020-11-25 04:56:38] GroupServiceImpl.updateLatestBlockNumber(127) | g:1, updateLatestBlockNumber, latestBlockNumber: 159, nodeWithLatestBlockNumber:[127.0.0.1:20200, 127.0.0.1:20201]
[DEBUG] [2020-11-25 04:56:38] GroupManagerServiceImpl.fetchAndUpdateBlockNumberInfo(542) | fetch and update the blockNumber information, groupId: 1, peer:127.0.0.1:20201, blockNumber: 159
[DEBUG] [2020-11-25 04:56:38] GroupManagerServiceImpl.start(445) | start GroupManagerService...
[INFO] [2020-11-25 04:56:38] BcosSDK.<init>(85) | create BcosSDK, create groupManagerService success
[DEBUG] [2020-11-25 04:56:38] GroupManagerServiceImpl.setAmop(806) | register blockNotify for 127.0.0.1:20200, groupList: [1]
[DEBUG] [2020-11-25 04:56:38] TopicManager.updateBlockNotify(139) | update block notify, peer: 127.0.0.1:20200, groupInfo: [1]
[DEBUG] [2020-11-25 04:56:38] TopicManager.updateBlockNotify(144) | add block notify, peer: 127.0.0.1:20200, topic: _block_notify_1
[INFO] [2020-11-25 04:56:38] AmopImp.sendSubscribe(188) | update subscribe inform 2 peers
[DEBUG] [2020-11-25 04:56:38] AmopImp.updateSubscribeToPeer(210) | update topics to node, node:127.0.0.1:20200, topics:["_block_notify_1"]
[DEBUG] [2020-11-25 04:56:38] AmopImp.updateSubscribeToPeer(210) | update topics to node, node:127.0.0.1:20201, topics:[]
[DEBUG] [2020-11-25 04:56:38] GroupManagerServiceImpl.setAmop(806) | register blockNotify for 127.0.0.1:20201, groupList: [1]
[DEBUG] [2020-11-25 04:56:38] TopicManager.updateBlockNotify(139) | update block notify, peer: 127.0.0.1:20201, groupInfo: [1]
[DEBUG] [2020-11-25 04:56:38] TopicManager.updateBlockNotify(144) | add block notify, peer: 127.0.0.1:20201, topic: _block_notify_1
[INFO] [2020-11-25 04:56:38] AmopImp.sendSubscribe(188) | update subscribe inform 2 peers
[DEBUG] [2020-11-25 04:56:38] AmopImp.updateSubscribeToPeer(210) | update topics to node, node:127.0.0.1:20200, topics:["_block_notify_1"]
[DEBUG] [2020-11-25 04:56:38] AmopImp.updateSubscribeToPeer(210) | update topics to node, node:127.0.0.1:20201, topics:["_block_notify_1"]
[INFO] [2020-11-25 04:56:38] AmopImp.start(160) | amop module started
[INFO] [2020-11-25 04:56:38] AmopImp.sendSubscribe(188) | update subscribe inform 2 peers
[DEBUG] [2020-11-25 04:56:38] AmopImp.updateSubscribeToPeer(210) | update topics to node, node:127.0.0.1:20200, topics:["_block_notify_1"]
[DEBUG] [2020-11-25 04:56:38] AmopImp.updateSubscribeToPeer(210) | update topics to node, node:127.0.0.1:20201, topics:["_block_notify_1"]
[INFO] [2020-11-25 04:56:38] BcosSDK.<init>(90) | create BcosSDK, create Amop success
[INFO] [2020-11-25 04:56:38] CryptoSuite.<init>(52) | init CryptoSuite, cryptoType: 0
[INFO] [2020-11-25 04:56:38] Client.build(109) | build client success for group 1
[INFO] [2020-11-25 04:56:38] BcosSDK.getClient(149) | create client for group 1 success
[DEBUG] [2020-11-25 04:56:38] ConsoleInitializer.loadAccountRandomly(177) | loadAccountRandomly, keyStoreFileDirPath:account/ecdsa
[DEBUG] [2020-11-25 04:56:38] ConsoleInitializer.loadAccountRandomly(186) | load pem account from /home/zzm99/fisco/console/account/ecdsa/0xbb14f02e39851ade663937f1895df6d03aefdb1f.pem
[DEBUG] [2020-11-25 04:56:39] CryptoSuite.loadAccount(102) | Load account from /home/zzm99/fisco/console/account/ecdsa/0xbb14f02e39851ade663937f1895df6d03aefdb1f.pem
[WARN] [2020-11-25 04:56:39] KeyTool.getMethod(217) | get method for EC5Util failed, method name: convertSpec
[WARN] [2020-11-25 04:56:39] KeyTool.getMethod(217) | get method for EC5Util failed, method name: convertSpec
[DEBUG] [2020-11-25 04:56:40] TransactionProcessorFactory.getChainIdAndGroupId(34) | getNodeVersion before createTransactionManager, binaryVerison: 2.6.0, supportedVersion:2.6.0
[DEBUG] [2020-11-25 04:56:40] TransactionProcessorFactory.getChainIdAndGroupId(48) | createTransactionManager for >=rc2 node, chainId: 1, groupId: 1
[DEBUG] [2020-11-25 04:56:40] TransactionProcessorFactory.getChainIdAndGroupId(34) | getNodeVersion before createTransactionManager, binaryVerison: 2.6.0, supportedVersion:2.6.0
[DEBUG] [2020-11-25 04:56:40] TransactionProcessorFactory.getChainIdAndGroupId(48) | createTransactionManager for >=rc2 node, chainId: 1, groupId: 1
[DEBUG] [2020-11-25 04:56:40] TransactionProcessorFactory.getChainIdAndGroupId(34) | getNodeVersion before createTransactionManager, binaryVerison: 2.6.0, supportedVersion:2.6.0
[DEBUG] [2020-11-25 04:56:40] TransactionProcessorFactory.getChainIdAndGroupId(48) | createTransactionManager for >=rc2 node, chainId: 1, groupId: 1
[DEBUG] [2020-11-25 04:56:40] TransactionProcessorFactory.getChainIdAndGroupId(34) | getNodeVersion before createTransactionManager, binaryVerison: 2.6.0, supportedVersion:2.6.0
[DEBUG] [2020-11-25 04:56:40] TransactionProcessorFactory.getChainIdAndGroupId(48) | createTransactionManager for >=rc2 node, chainId: 1, groupId: 1
[DEBUG] [2020-11-25 04:56:40] TransactionProcessorFactory.getChainIdAndGroupId(34) | getNodeVersion before createTransactionManager, binaryVerison: 2.6.0, supportedVersion:2.6.0
[DEBUG] [2020-11-25 04:56:40] TransactionProcessorFactory.getChainIdAndGroupId(48) | createTransactionManager for >=rc2 node, chainId: 1, groupId: 1
[DEBUG] [2020-11-25 04:56:40] TransactionProcessorFactory.getChainIdAndGroupId(34) | getNodeVersion before createTransactionManager, binaryVerison: 2.6.0, supportedVersion:2.6.0
[DEBUG] [2020-11-25 04:56:40] TransactionProcessorFactory.getChainIdAndGroupId(48) | createTransactionManager for >=rc2 node, chainId: 1, groupId: 1
[DEBUG] [2020-11-25 04:56:40] TransactionProcessorFactory.getChainIdAndGroupId(34) | getNodeVersion before createTransactionManager, binaryVerison: 2.6.0, supportedVersion:2.6.0
[DEBUG] [2020-11-25 04:56:40] TransactionProcessorFactory.getChainIdAndGroupId(48) | createTransactionManager for >=rc2 node, chainId: 1, groupId: 1
[DEBUG] [2020-11-25 04:56:40] TransactionProcessorFactory.getChainIdAndGroupId(34) | getNodeVersion before createTransactionManager, binaryVerison: 2.6.0, supportedVersion:2.6.0
[DEBUG] [2020-11-25 04:56:40] TransactionProcessorFactory.getChainIdAndGroupId(48) | createTransactionManager for >=rc2 node, chainId: 1, groupId: 1
[DEBUG] [2020-11-25 04:56:40] TransactionProcessorFactory.getChainIdAndGroupId(34) | getNodeVersion before createTransactionManager, binaryVerison: 2.6.0, supportedVersion:2.6.0
[DEBUG] [2020-11-25 04:56:40] TransactionProcessorFactory.getChainIdAndGroupId(48) | createTransactionManager for >=rc2 node, chainId: 1, groupId: 1
[DEBUG] [2020-11-25 04:56:40] TransactionProcessorFactory.getChainIdAndGroupId(34) | getNodeVersion before createTransactionManager, binaryVerison: 2.6.0, supportedVersion:2.6.0
[DEBUG] [2020-11-25 04:56:40] TransactionProcessorFactory.getChainIdAndGroupId(48) | createTransactionManager for >=rc2 node, chainId: 1, groupId: 1
[DEBUG] [2020-11-25 04:57:44] GroupServiceImpl.updatePeersBlockNumberInfo(104) | updatePeersBlockNumberInfo for 127.0.0.1:20201, updated blockNumber: 160, groupId: 1
[DEBUG] [2020-11-25 04:57:44] GroupServiceImpl.updateLatestBlockNumber(127) | g:1, updateLatestBlockNumber, latestBlockNumber: 160, nodeWithLatestBlockNumber:[127.0.0.1:20201]
[DEBUG] [2020-11-25 04:57:44] GroupServiceImpl.updatePeersBlockNumberInfo(104) | updatePeersBlockNumberInfo for 127.0.0.1:20200, updated blockNumber: 160, groupId: 1
[DEBUG] [2020-11-25 04:57:44] GroupServiceImpl.updateLatestBlockNumber(127) | g:1, updateLatestBlockNumber, latestBlockNumber: 160, nodeWithLatestBlockNumber:[127.0.0.1:20201, 127.0.0.1:20200]
