info|2020-11-25 05:00:00.895362|[g:1][CONSENSUS]addRawPrepare,height=161,reqIdx=3,hash=25e6f7e4...,time=0
info|2020-11-25 05:00:00.895673|[g:1][CONSENSUS][PBFT]checkTimeout Succ,view=133,toView=134,nodeIdx=4,changeCycle=1,myNode=e3236923...,timecost=0.272
info|2020-11-25 05:00:00.901567|[g:1][CONSENSUS][PBFT]checkAndChangeView: Reach consensus,org_view=133,cur_changeCycle=1,to_view=134
info|2020-11-25 05:00:01.902670|[g:1][CONSENSUS][SEALER]++++++++++++++++ Generating seal on,blkNum=161,tx=0,nodeIdx=4,hash=4def0d1c...
info|2020-11-25 05:00:01.913713|[g:1][CONSENSUS][PBFT]checkTimeout Succ,view=134,toView=135,nodeIdx=4,changeCycle=1,myNode=e3236923...,timecost=0.236
info|2020-11-25 05:00:01.915519|[g:1][CONSENSUS][PBFT]checkAndChangeView: Reach consensus,org_view=134,cur_changeCycle=1,to_view=135
info|2020-11-25 05:00:02.917446|[g:1][CONSENSUS]addRawPrepare,height=161,reqIdx=0,hash=32476993...,time=0
info|2020-11-25 05:00:02.922719|[g:1][CONSENSUS][PBFT]checkTimeout Succ,view=135,toView=136,nodeIdx=4,changeCycle=1,myNode=e3236923...,timecost=5.234
info|2020-11-25 05:00:02.923895|[g:1][CONSENSUS][PBFT]checkAndChangeView: Reach consensus,org_view=135,cur_changeCycle=1,to_view=136
info|2020-11-25 05:00:03.931579|[g:1][CONSENSUS]addRawPrepare,height=161,reqIdx=1,hash=9000e3fc...,time=0
info|2020-11-25 05:00:03.931898|[g:1][CONSENSUS][PBFT]checkTimeout Succ,view=136,toView=137,nodeIdx=4,changeCycle=1,myNode=e3236923...,timecost=0.276
info|2020-11-25 05:00:03.936688|[g:1][CONSENSUS][PBFT]checkAndChangeView: Reach consensus,org_view=136,cur_changeCycle=1,to_view=137
info|2020-11-25 05:00:04.944921|[g:1][CONSENSUS]addRawPrepare,height=161,reqIdx=2,hash=236182b9...,time=0
info|2020-11-25 05:00:04.945238|[g:1][CONSENSUS][PBFT]checkTimeout Succ,view=137,toView=138,nodeIdx=4,changeCycle=1,myNode=e3236923...,timecost=0.278
info|2020-11-25 05:00:04.949379|[g:1][CONSENSUS][PBFT]checkAndChangeView: Reach consensus,org_view=137,cur_changeCycle=1,to_view=138
info|2020-11-25 05:00:05.959591|[g:1][CONSENSUS]addRawPrepare,height=161,reqIdx=3,hash=8ecda295...,time=0
info|2020-11-25 05:00:05.963253|[g:1][CONSENSUS][PBFT]checkTimeout Succ,view=138,toView=139,nodeIdx=4,changeCycle=1,myNode=e3236923...,timecost=3.625
info|2020-11-25 05:00:05.969804|[g:1][CONSENSUS][PBFT]checkAndChangeView: Reach consensus,org_view=138,cur_changeCycle=1,to_view=139
info|2020-11-25 05:00:06.971257|[g:1][CONSENSUS][SEALER]++++++++++++++++ Generating seal on,blkNum=161,tx=0,nodeIdx=4,hash=71b671b9...
info|2020-11-25 05:00:06.983273|[g:1][CONSENSUS][PBFT]checkTimeout Succ,view=139,toView=140,nodeIdx=4,changeCycle=1,myNode=e3236923...,timecost=0.266
info|2020-11-25 05:00:06.985405|[g:1][CONSENSUS][PBFT]checkAndChangeView: Reach consensus,org_view=139,cur_changeCycle=1,to_view=140
info|2020-11-25 05:00:07.985093|[g:1][CONSENSUS]addRawPrepare,height=161,reqIdx=0,hash=374d70b4...,time=0
info|2020-11-25 05:00:07.985534|[g:1][CONSENSUS][PBFT]checkTimeout Succ,view=140,toView=141,nodeIdx=4,changeCycle=1,myNode=e3236923...,timecost=0.405
info|2020-11-25 05:00:07.995702|[g:1][CONSENSUS][PBFT]checkAndChangeView: Reach consensus,org_view=140,cur_changeCycle=1,to_view=141
info|2020-11-25 05:00:08.362218|[P2P][Service] heartBeat,connected count=4
info|2020-11-25 05:00:09.000346|[g:1][CONSENSUS]addRawPrepare,height=161,reqIdx=1,hash=dfc1fc78...,time=0
info|2020-11-25 05:00:09.000658|[g:1][CONSENSUS][PBFT]checkTimeout Succ,view=141,toView=142,nodeIdx=4,changeCycle=1,myNode=e3236923...,timecost=0.273
info|2020-11-25 05:00:09.008574|[g:1][CONSENSUS][PBFT]checkAndChangeView: Reach consensus,org_view=141,cur_changeCycle=1,to_view=142
info|2020-11-25 05:00:10.015581|[g:1][CONSENSUS]addRawPrepare,height=161,reqIdx=2,hash=802ab707...,time=0
info|2020-11-25 05:00:10.015969|[g:1][CONSENSUS][PBFT]checkTimeout Succ,view=142,toView=143,nodeIdx=4,changeCycle=1,myNode=e3236923...,timecost=0.353
info|2020-11-25 05:00:10.021165|[g:1][CONSENSUS][PBFT]checkAndChangeView: Reach consensus,org_view=142,cur_changeCycle=1,to_view=143
info|2020-11-25 05:00:11.025556|[g:1][CONSENSUS]addRawPrepare,height=161,reqIdx=3,hash=80d45121...,time=0
info|2020-11-25 05:00:11.025944|[g:1][CONSENSUS][PBFT]checkTimeout Succ,view=143,toView=144,nodeIdx=4,changeCycle=1,myNode=e3236923...,timecost=0.346
info|2020-11-25 05:00:11.035300|[g:1][CONSENSUS][PBFT]checkAndChangeView: Reach consensus,org_view=143,cur_changeCycle=1,to_view=144
info|2020-11-25 05:00:12.035398|[g:1][CONSENSUS][SEALER]++++++++++++++++ Generating seal on,blkNum=161,tx=0,nodeIdx=4,hash=4e751901...
info|2020-11-25 05:00:12.053636|[g:1][CONSENSUS][PBFT]checkTimeout Succ,view=144,toView=145,nodeIdx=4,changeCycle=1,myNode=e3236923...,timecost=0.418
info|2020-11-25 05:00:12.056847|[g:1][CONSENSUS][PBFT]checkAndChangeView: Reach consensus,org_view=144,cur_changeCycle=1,to_view=145
info|2020-11-25 05:00:13.059185|[g:1][CONSENSUS]addRawPrepare,height=161,reqIdx=0,hash=ba18d07e...,time=0
info|2020-11-25 05:00:13.059554|[g:1][CONSENSUS][PBFT]checkTimeout Succ,view=145,toView=146,nodeIdx=4,changeCycle=1,myNode=e3236923...,timecost=0.336
info|2020-11-25 05:00:13.065517|[g:1][CONSENSUS][PBFT]checkAndChangeView: Reach consensus,org_view=145,cur_changeCycle=1,to_view=146
info|2020-11-25 05:00:14.069004|[g:1][CONSENSUS]addRawPrepare,height=161,reqIdx=1,hash=72398f6a...,time=1
info|2020-11-25 05:00:14.069337|[g:1][CONSENSUS][PBFT]checkTimeout Succ,view=146,toView=147,nodeIdx=4,changeCycle=1,myNode=e3236923...,timecost=0.287
info|2020-11-25 05:00:14.077143|[g:1][CONSENSUS][PBFT]checkAndChangeView: Reach consensus,org_view=146,cur_changeCycle=1,to_view=147
info|2020-11-25 05:00:15.080563|[g:1][CONSENSUS]addRawPrepare,height=161,reqIdx=2,hash=8d58a0da...,time=0
info|2020-11-25 05:00:15.080870|[g:1][CONSENSUS][PBFT]checkTimeout Succ,view=147,toView=148,nodeIdx=4,changeCycle=1,myNode=e3236923...,timecost=0.271
info|2020-11-25 05:00:15.085214|[g:1][CONSENSUS][PBFT]checkAndChangeView: Reach consensus,org_view=147,cur_changeCycle=1,to_view=148
info|2020-11-25 05:00:16.091735|[g:1][CONSENSUS]addRawPrepare,height=161,reqIdx=3,hash=475ba398...,time=0
info|2020-11-25 05:00:16.092217|[g:1][CONSENSUS][PBFT]checkTimeout Succ,view=148,toView=149,nodeIdx=4,changeCycle=1,myNode=e3236923...,timecost=0.447
info|2020-11-25 05:00:16.104151|[g:1][CONSENSUS][PBFT]checkAndChangeView: Reach consensus,org_view=148,cur_changeCycle=1,to_view=149
info|2020-11-25 05:00:17.107480|[g:1][CONSENSUS][SEALER]++++++++++++++++ Generating seal on,blkNum=161,tx=0,nodeIdx=4,hash=84a8ed20...
info|2020-11-25 05:00:17.118653|[g:1][CONSENSUS][PBFT]checkTimeout Succ,view=149,toView=150,nodeIdx=4,changeCycle=1,myNode=e3236923...,timecost=0.307
info|2020-11-25 05:00:17.120501|[g:1][CONSENSUS][PBFT]checkAndChangeView: Reach consensus,org_view=149,cur_changeCycle=1,to_view=150
info|2020-11-25 05:00:18.123142|[g:1][CONSENSUS]addRawPrepare,height=161,reqIdx=0,hash=33e6755f...,time=0
info|2020-11-25 05:00:18.123432|[g:1][CONSENSUS][PBFT]checkTimeout Succ,view=150,toView=151,nodeIdx=4,changeCycle=1,myNode=e3236923...,timecost=0.256
info|2020-11-25 05:00:18.128485|[g:1][CONSENSUS][PBFT]checkAndChangeView: Reach consensus,org_view=150,cur_changeCycle=1,to_view=151
info|2020-11-25 05:00:18.362297|[P2P][Service] heartBeat,connected count=4
info|2020-11-25 05:00:19.136259|[g:1][CONSENSUS]addRawPrepare,height=161,reqIdx=1,hash=f23b5bbb...,time=0
info|2020-11-25 05:00:19.136537|[g:1][CONSENSUS][PBFT]checkTimeout Succ,view=151,toView=152,nodeIdx=4,changeCycle=1,myNode=e3236923...,timecost=0.245
info|2020-11-25 05:00:19.140212|[g:1][CONSENSUS][PBFT]checkAndChangeView: Reach consensus,org_view=151,cur_changeCycle=1,to_view=152
info|2020-11-25 05:00:20.148511|[g:1][CONSENSUS]addRawPrepare,height=161,reqIdx=2,hash=123234f9...,time=0
info|2020-11-25 05:00:20.148842|[g:1][CONSENSUS][PBFT]checkTimeout Succ,view=152,toView=153,nodeIdx=4,changeCycle=1,myNode=e3236923...,timecost=0.299
info|2020-11-25 05:00:20.156163|[g:1][CONSENSUS][PBFT]checkAndChangeView: Reach consensus,org_view=152,cur_changeCycle=1,to_view=153
info|2020-11-25 05:00:21.155214|[g:1][CONSENSUS]addRawPrepare,height=161,reqIdx=3,hash=e29bf3dd...,time=0
info|2020-11-25 05:00:21.155547|[g:1][CONSENSUS][PBFT]checkTimeout Succ,view=153,toView=154,nodeIdx=4,changeCycle=1,myNode=e3236923...,timecost=0.299
info|2020-11-25 05:00:21.163987|[g:1][CONSENSUS][PBFT]checkAndChangeView: Reach consensus,org_view=153,cur_changeCycle=1,to_view=154
info|2020-11-25 05:00:22.167586|[g:1][CONSENSUS][SEALER]++++++++++++++++ Generating seal on,blkNum=161,tx=0,nodeIdx=4,hash=fb94f60b...
info|2020-11-25 05:00:22.186261|[g:1][CONSENSUS][PBFT]checkTimeout Succ,view=154,toView=155,nodeIdx=4,changeCycle=1,myNode=e3236923...,timecost=0.371
info|2020-11-25 05:00:22.188343|[g:1][CONSENSUS][PBFT]checkAndChangeView: Reach consensus,org_view=154,cur_changeCycle=1,to_view=155
info|2020-11-25 05:00:23.191274|[g:1][CONSENSUS]addRawPrepare,height=161,reqIdx=0,hash=77caa14c...,time=0
info|2020-11-25 05:00:23.191613|[g:1][CONSENSUS][PBFT]checkTimeout Succ,view=155,toView=156,nodeIdx=4,changeCycle=1,myNode=e3236923...,timecost=0.305
info|2020-11-25 05:00:23.197752|[g:1][CONSENSUS][PBFT]checkAndChangeView: Reach consensus,org_view=155,cur_changeCycle=1,to_view=156
info|2020-11-25 05:00:24.203612|[g:1][CONSENSUS]addRawPrepare,height=161,reqIdx=1,hash=13ba0bfa...,time=0
info|2020-11-25 05:00:24.203970|[g:1][CONSENSUS][PBFT]checkTimeout Succ,view=156,toView=157,nodeIdx=4,changeCycle=1,myNode=e3236923...,timecost=0.268
info|2020-11-25 05:00:24.210322|[g:1][CONSENSUS][PBFT]checkAndChangeView: Reach consensus,org_view=156,cur_changeCycle=1,to_view=157
info|2020-11-25 05:00:25.216982|[g:1][CONSENSUS]addRawPrepare,height=161,reqIdx=2,hash=efc2d5e2...,time=0
info|2020-11-25 05:00:25.217316|[g:1][CONSENSUS][PBFT]checkTimeout Succ,view=157,toView=158,nodeIdx=4,changeCycle=1,myNode=e3236923...,timecost=0.276
info|2020-11-25 05:00:25.221682|[g:1][CONSENSUS][PBFT]checkAndChangeView: Reach consensus,org_view=157,cur_changeCycle=1,to_view=158
info|2020-11-25 05:00:26.228028|[g:1][CONSENSUS]addRawPrepare,height=161,reqIdx=3,hash=b6667714...,time=0
info|2020-11-25 05:00:26.228320|[g:1][CONSENSUS][PBFT]checkTimeout Succ,view=158,toView=159,nodeIdx=4,changeCycle=1,myNode=e3236923...,timecost=0.255
info|2020-11-25 05:00:26.237974|[g:1][CONSENSUS][PBFT]checkAndChangeView: Reach consensus,org_view=158,cur_changeCycle=1,to_view=159
info|2020-11-25 05:00:27.238688|[g:1][CONSENSUS][SEALER]++++++++++++++++ Generating seal on,blkNum=161,tx=0,nodeIdx=4,hash=06e5f3b8...
info|2020-11-25 05:00:27.253506|[g:1][CONSENSUS][PBFT]checkTimeout Succ,view=159,toView=160,nodeIdx=4,changeCycle=1,myNode=e3236923...,timecost=0.315
info|2020-11-25 05:00:27.255535|[g:1][CONSENSUS][PBFT]checkAndChangeView: Reach consensus,org_view=159,cur_changeCycle=1,to_view=160
info|2020-11-25 05:00:28.256384|[g:1][CONSENSUS]addRawPrepare,height=161,reqIdx=0,hash=e10e8d06...,time=0
info|2020-11-25 05:00:28.256787|[g:1][CONSENSUS][PBFT]checkTimeout Succ,view=160,toView=161,nodeIdx=4,changeCycle=1,myNode=e3236923...,timecost=0.351
info|2020-11-25 05:00:28.266616|[g:1][CONSENSUS][PBFT]checkAndChangeView: Reach consensus,org_view=160,cur_changeCycle=1,to_view=161
info|2020-11-25 05:00:28.362383|[P2P][Service] heartBeat,connected count=4
info|2020-11-25 05:00:29.271307|[g:1][CONSENSUS]addRawPrepare,height=161,reqIdx=1,hash=1861a9c2...,time=0
info|2020-11-25 05:00:29.271620|[g:1][CONSENSUS][PBFT]checkTimeout Succ,view=161,toView=162,nodeIdx=4,changeCycle=1,myNode=e3236923...,timecost=0.281
info|2020-11-25 05:00:29.282505|[g:1][CONSENSUS][PBFT]checkAndChangeView: Reach consensus,org_view=161,cur_changeCycle=1,to_view=162
info|2020-11-25 05:00:30.288089|[g:1][CONSENSUS]addRawPrepare,height=161,reqIdx=2,hash=3545f6df...,time=0
info|2020-11-25 05:00:30.288407|[g:1][CONSENSUS][PBFT]checkTimeout Succ,view=162,toView=163,nodeIdx=4,changeCycle=1,myNode=e3236923...,timecost=0.274
info|2020-11-25 05:00:30.300023|[g:1][CONSENSUS][PBFT]checkAndChangeView: Reach consensus,org_view=162,cur_changeCycle=1,to_view=163
info|2020-11-25 05:00:31.303373|[g:1][CONSENSUS]addRawPrepare,height=161,reqIdx=3,hash=c28ffe8f...,time=0
info|2020-11-25 05:00:31.303683|[g:1][CONSENSUS][PBFT]checkTimeout Succ,view=163,toView=164,nodeIdx=4,changeCycle=1,myNode=e3236923...,timecost=0.269
info|2020-11-25 05:00:31.309752|[g:1][CONSENSUS][PBFT]checkAndChangeView: Reach consensus,org_view=163,cur_changeCycle=1,to_view=164
info|2020-11-25 05:00:32.314513|[g:1][CONSENSUS][SEALER]++++++++++++++++ Generating seal on,blkNum=161,tx=0,nodeIdx=4,hash=dee7ec44...
info|2020-11-25 05:00:32.329448|[g:1][CONSENSUS][PBFT]checkTimeout Succ,view=164,toView=165,nodeIdx=4,changeCycle=1,myNode=e3236923...,timecost=0.395
info|2020-11-25 05:00:32.331517|[g:1][CONSENSUS][PBFT]checkAndChangeView: Reach consensus,org_view=164,cur_changeCycle=1,to_view=165
info|2020-11-25 05:00:33.332496|[g:1][CONSENSUS]addRawPrepare,height=161,reqIdx=0,hash=1d71b82b...,time=0
info|2020-11-25 05:00:33.336633|[g:1][CONSENSUS][PBFT]checkTimeout Succ,view=165,toView=166,nodeIdx=4,changeCycle=1,myNode=e3236923...,timecost=4.107
info|2020-11-25 05:00:33.337628|[g:1][CONSENSUS][PBFT]checkAndChangeView: Reach consensus,org_view=165,cur_changeCycle=1,to_view=166
info|2020-11-25 05:00:33.544226|[NETWORK][Session]Received topic: [4] from 2fba64b0e957aa63f4fe34a6e01bda1e7c3cde666f7675b1985bb6c6f478a76b839242c0b4c0827c30e43b3d1e946c863eb58a7dc8e4eae3e3dd439a78bba140
info|2020-11-25 05:00:33.613337|[NETWORK][Session]Received topic: [4] from 5ae2db1c257ad0d1f68828d95b30668d270f7da75bd4d0c1aee9d5ada6da0fd0eb53b893d1c8a518e4884ea58fabfa5ea1c62f120045f1e512aa93b7df7a08f6
info|2020-11-25 05:00:34.345175|[g:1][CONSENSUS]addRawPrepare,height=161,reqIdx=1,hash=5dfaadd8...,time=0
info|2020-11-25 05:00:34.345524|[g:1][CONSENSUS][PBFT]checkTimeout Succ,view=166,toView=167,nodeIdx=4,changeCycle=1,myNode=e3236923...,timecost=0.316
info|2020-11-25 05:00:34.351384|[g:1][CONSENSUS][PBFT]checkAndChangeView: Reach consensus,org_view=166,cur_changeCycle=1,to_view=167
info|2020-11-25 05:00:35.356646|[g:1][CONSENSUS]addRawPrepare,height=161,reqIdx=2,hash=4af36536...,time=0
info|2020-11-25 05:00:35.356945|[g:1][CONSENSUS][PBFT]checkTimeout Succ,view=167,toView=168,nodeIdx=4,changeCycle=1,myNode=e3236923...,timecost=0.264
info|2020-11-25 05:00:35.360986|[g:1][CONSENSUS][PBFT]checkAndChangeView: Reach consensus,org_view=167,cur_changeCycle=1,to_view=168
info|2020-11-25 05:00:36.366400|[g:1][CONSENSUS]addRawPrepare,height=161,reqIdx=3,hash=4427bc95...,time=0
info|2020-11-25 05:00:36.366753|[g:1][CONSENSUS][PBFT]checkTimeout Succ,view=168,toView=169,nodeIdx=4,changeCycle=1,myNode=e3236923...,timecost=0.315
info|2020-11-25 05:00:36.375252|[g:1][CONSENSUS][PBFT]checkAndChangeView: Reach consensus,org_view=168,cur_changeCycle=1,to_view=169
info|2020-11-25 05:00:37.377376|[g:1][CONSENSUS][SEALER]++++++++++++++++ Generating seal on,blkNum=161,tx=0,nodeIdx=4,hash=ded0b114...
info|2020-11-25 05:00:37.389963|[g:1][CONSENSUS][PBFT]checkTimeout Succ,view=169,toView=170,nodeIdx=4,changeCycle=1,myNode=e3236923...,timecost=0.288
info|2020-11-25 05:00:37.391959|[g:1][CONSENSUS][PBFT]checkAndChangeView: Reach consensus,org_view=169,cur_changeCycle=1,to_view=170
info|2020-11-25 05:00:38.362936|[P2P][Service] heartBeat,connected count=4
info|2020-11-25 05:00:38.391341|[g:1][CONSENSUS]addRawPrepare,height=161,reqIdx=0,hash=34f0ecea...,time=0
info|2020-11-25 05:00:38.391569|[g:1][CONSENSUS][PBFT]checkTimeout Succ,view=170,toView=171,nodeIdx=4,changeCycle=1,myNode=e3236923...,timecost=0.199
info|2020-11-25 05:00:38.396652|[g:1][CONSENSUS][PBFT]checkAndChangeView: Reach consensus,org_view=170,cur_changeCycle=1,to_view=171
info|2020-11-25 05:00:39.400734|[g:1][CONSENSUS]addRawPrepare,height=161,reqIdx=1,hash=8a75b27b...,time=0
info|2020-11-25 05:00:39.400987|[g:1][CONSENSUS][PBFT]checkTimeout Succ,view=171,toView=172,nodeIdx=4,changeCycle=1,myNode=e3236923...,timecost=0.22
info|2020-11-25 05:00:39.406164|[g:1][CONSENSUS][PBFT]checkAndChangeView: Reach consensus,org_view=171,cur_changeCycle=1,to_view=172
info|2020-11-25 05:00:40.406833|[g:1][CONSENSUS]addRawPrepare,height=161,reqIdx=2,hash=95eeacfb...,time=0
info|2020-11-25 05:00:40.407140|[g:1][CONSENSUS][PBFT]checkTimeout Succ,view=172,toView=173,nodeIdx=4,changeCycle=1,myNode=e3236923...,timecost=0.27
info|2020-11-25 05:00:40.414641|[g:1][CONSENSUS][PBFT]checkAndChangeView: Reach consensus,org_view=172,cur_changeCycle=1,to_view=173
info|2020-11-25 05:00:41.418043|[g:1][CONSENSUS]addRawPrepare,height=161,reqIdx=3,hash=15d70067...,time=0
info|2020-11-25 05:00:41.418342|[g:1][CONSENSUS][PBFT]checkTimeout Succ,view=173,toView=174,nodeIdx=4,changeCycle=1,myNode=e3236923...,timecost=0.264
info|2020-11-25 05:00:41.424510|[g:1][CONSENSUS][PBFT]checkAndChangeView: Reach consensus,org_view=173,cur_changeCycle=1,to_view=174
info|2020-11-25 05:00:42.429140|[g:1][CONSENSUS][SEALER]++++++++++++++++ Generating seal on,blkNum=161,tx=0,nodeIdx=4,hash=e576bf5e...
info|2020-11-25 05:00:42.446298|[g:1][CONSENSUS][PBFT]checkTimeout Succ,view=174,toView=175,nodeIdx=4,changeCycle=1,myNode=e3236923...,timecost=0.367
info|2020-11-25 05:00:42.448577|[g:1][CONSENSUS][PBFT]checkAndChangeView: Reach consensus,org_view=174,cur_changeCycle=1,to_view=175
info|2020-11-25 05:00:43.449308|[g:1][CONSENSUS]addRawPrepare,height=161,reqIdx=0,hash=e02416f1...,time=0
info|2020-11-25 05:00:43.449691|[g:1][CONSENSUS][PBFT]checkTimeout Succ,view=175,toView=176,nodeIdx=4,changeCycle=1,myNode=e3236923...,timecost=0.35
info|2020-11-25 05:00:43.455683|[g:1][CONSENSUS][PBFT]checkAndChangeView: Reach consensus,org_view=175,cur_changeCycle=1,to_view=176
info|2020-11-25 05:00:44.461226|[g:1][CONSENSUS]addRawPrepare,height=161,reqIdx=1,hash=58eb0d1f...,time=0
info|2020-11-25 05:00:44.461545|[g:1][CONSENSUS][PBFT]checkTimeout Succ,view=176,toView=177,nodeIdx=4,changeCycle=1,myNode=e3236923...,timecost=0.283
info|2020-11-25 05:00:44.466996|[g:1][CONSENSUS][PBFT]checkAndChangeView: Reach consensus,org_view=176,cur_changeCycle=1,to_view=177
info|2020-11-25 05:00:45.471618|[g:1][CONSENSUS]addRawPrepare,height=161,reqIdx=2,hash=78dfef6b...,time=0
info|2020-11-25 05:00:45.471926|[g:1][CONSENSUS][PBFT]checkTimeout Succ,view=177,toView=178,nodeIdx=4,changeCycle=1,myNode=e3236923...,timecost=0.278
info|2020-11-25 05:00:45.477524|[g:1][CONSENSUS][PBFT]checkAndChangeView: Reach consensus,org_view=177,cur_changeCycle=1,to_view=178
info|2020-11-25 05:00:46.481955|[g:1][CONSENSUS]addRawPrepare,height=161,reqIdx=3,hash=d806ed16...,time=0
info|2020-11-25 05:00:46.482392|[g:1][CONSENSUS][PBFT]checkTimeout Succ,view=178,toView=179,nodeIdx=4,changeCycle=1,myNode=e3236923...,timecost=0.392
info|2020-11-25 05:00:46.491151|[g:1][CONSENSUS][PBFT]checkAndChangeView: Reach consensus,org_view=178,cur_changeCycle=1,to_view=179
info|2020-11-25 05:00:47.494567|[g:1][CONSENSUS][SEALER]++++++++++++++++ Generating seal on,blkNum=161,tx=0,nodeIdx=4,hash=cef73570...
info|2020-11-25 05:00:47.505937|[g:1][CONSENSUS][PBFT]checkTimeout Succ,view=179,toView=180,nodeIdx=4,changeCycle=1,myNode=e3236923...,timecost=0.313
info|2020-11-25 05:00:47.507735|[g:1][CONSENSUS][PBFT]checkAndChangeView: Reach consensus,org_view=179,cur_changeCycle=1,to_view=180
info|2020-11-25 05:00:48.363024|[P2P][Service] heartBeat,connected count=4
info|2020-11-25 05:00:48.511319|[g:1][CONSENSUS]addRawPrepare,height=161,reqIdx=0,hash=2297ebbd...,time=0
info|2020-11-25 05:00:48.511606|[g:1][CONSENSUS][PBFT]checkTimeout Succ,view=180,toView=181,nodeIdx=4,changeCycle=1,myNode=e3236923...,timecost=0.253
info|2020-11-25 05:00:48.514101|[g:1][CONSENSUS][PBFT]checkAndChangeView: Reach consensus,org_view=180,cur_changeCycle=1,to_view=181
info|2020-11-25 05:00:49.523317|[g:1][CONSENSUS]addRawPrepare,height=161,reqIdx=1,hash=d4b1ddfa...,time=0
info|2020-11-25 05:00:49.523711|[g:1][CONSENSUS][PBFT]checkTimeout Succ,view=181,toView=182,nodeIdx=4,changeCycle=1,myNode=e3236923...,timecost=0.349
info|2020-11-25 05:00:49.533860|[g:1][CONSENSUS][PBFT]checkAndChangeView: Reach consensus,org_view=181,cur_changeCycle=1,to_view=182
info|2020-11-25 05:00:50.532032|[g:1][CONSENSUS]addRawPrepare,height=161,reqIdx=2,hash=7bd6eb5c...,time=0
info|2020-11-25 05:00:50.532348|[g:1][CONSENSUS][PBFT]checkTimeout Succ,view=182,toView=183,nodeIdx=4,changeCycle=1,myNode=e3236923...,timecost=0.284
info|2020-11-25 05:00:50.537314|[g:1][CONSENSUS][PBFT]checkAndChangeView: Reach consensus,org_view=182,cur_changeCycle=1,to_view=183
info|2020-11-25 05:00:51.541687|[g:1][CONSENSUS]addRawPrepare,height=161,reqIdx=3,hash=7483a998...,time=0
info|2020-11-25 05:00:51.541942|[g:1][CONSENSUS][PBFT]checkTimeout Succ,view=183,toView=184,nodeIdx=4,changeCycle=1,myNode=e3236923...,timecost=0.223
info|2020-11-25 05:00:51.549651|[g:1][CONSENSUS][PBFT]checkAndChangeView: Reach consensus,org_view=183,cur_changeCycle=1,to_view=184
info|2020-11-25 05:00:52.550768|[g:1][CONSENSUS][SEALER]++++++++++++++++ Generating seal on,blkNum=161,tx=0,nodeIdx=4,hash=cabeda4e...
info|2020-11-25 05:00:52.561851|[g:1][CONSENSUS][PBFT]checkTimeout Succ,view=184,toView=185,nodeIdx=4,changeCycle=1,myNode=e3236923...,timecost=0.272
info|2020-11-25 05:00:52.563636|[g:1][CONSENSUS][PBFT]checkAndChangeView: Reach consensus,org_view=184,cur_changeCycle=1,to_view=185
info|2020-11-25 05:00:53.566842|[g:1][CONSENSUS]addRawPrepare,height=161,reqIdx=0,hash=abe8b4ba...,time=0
info|2020-11-25 05:00:53.567283|[g:1][CONSENSUS][PBFT]checkTimeout Succ,view=185,toView=186,nodeIdx=4,changeCycle=1,myNode=e3236923...,timecost=0.381
info|2020-11-25 05:00:53.574211|[g:1][CONSENSUS][PBFT]checkAndChangeView: Reach consensus,org_view=185,cur_changeCycle=1,to_view=186
info|2020-11-25 05:00:54.582128|[g:1][CONSENSUS]addRawPrepare,height=161,reqIdx=1,hash=ef267ff0...,time=0
info|2020-11-25 05:00:54.582681|[g:1][CONSENSUS][PBFT]checkTimeout Succ,view=186,toView=187,nodeIdx=4,changeCycle=1,myNode=e3236923...,timecost=0.5
info|2020-11-25 05:00:54.596370|[g:1][CONSENSUS][PBFT]checkAndChangeView: Reach consensus,org_view=186,cur_changeCycle=1,to_view=187
info|2020-11-25 05:00:55.602891|[g:1][CONSENSUS]addRawPrepare,height=161,reqIdx=2,hash=010d1ad4...,time=0
info|2020-11-25 05:00:55.603412|[g:1][CONSENSUS][PBFT]checkTimeout Succ,view=187,toView=188,nodeIdx=4,changeCycle=1,myNode=e3236923...,timecost=0.472
info|2020-11-25 05:00:55.615599|[g:1][CONSENSUS][PBFT]checkAndChangeView: Reach consensus,org_view=187,cur_changeCycle=1,to_view=188
info|2020-11-25 05:00:56.622477|[g:1][CONSENSUS]addRawPrepare,height=161,reqIdx=3,hash=6f6409ad...,time=0
info|2020-11-25 05:00:56.622961|[g:1][CONSENSUS][PBFT]checkTimeout Succ,view=188,toView=189,nodeIdx=4,changeCycle=1,myNode=e3236923...,timecost=0.407
info|2020-11-25 05:00:56.637230|[g:1][CONSENSUS][PBFT]checkAndChangeView: Reach consensus,org_view=188,cur_changeCycle=1,to_view=189
info|2020-11-25 05:00:57.638995|[g:1][CONSENSUS][SEALER]++++++++++++++++ Generating seal on,blkNum=161,tx=0,nodeIdx=4,hash=014a7479...
info|2020-11-25 05:00:57.661963|[g:1][CONSENSUS][PBFT]checkTimeout Succ,view=189,toView=190,nodeIdx=4,changeCycle=1,myNode=e3236923...,timecost=0.326
info|2020-11-25 05:00:57.664490|[g:1][CONSENSUS][PBFT]checkAndChangeView: Reach consensus,org_view=189,cur_changeCycle=1,to_view=190
info|2020-11-25 05:00:58.363120|[P2P][Service] heartBeat,connected count=4
info|2020-11-25 05:00:58.670658|[g:1][CONSENSUS][PBFT]Trigger fast-viewchange,view=190,toView=190,minView=191,INFO=,reqNum=160,curNum=160,GenIdx=3,Cview=191,view=190,fromIdx=3,fromNode=5ae2db1c...,fromIp=127.0.0.1:38064,hash=c713ae67...,nodeIdx=4,myNode=e3236923...
info|2020-11-25 05:00:58.674810|[g:1][CONSENSUS][PBFT]checkTimeout Succ,view=190,toView=191,nodeIdx=4,changeCycle=2,myNode=e3236923...,timecost=1.279
info|2020-11-25 05:00:58.676398|[g:1][CONSENSUS][PBFT]checkAndChangeView: Reach consensus,org_view=190,cur_changeCycle=2,to_view=191
info|2020-11-25 05:00:59.687046|[g:1][CONSENSUS]addRawPrepare,height=161,reqIdx=1,hash=a9e23155...,time=0
info|2020-11-25 05:00:59.687528|[g:1][CONSENSUS][PBFT]checkTimeout Succ,view=191,toView=192,nodeIdx=4,changeCycle=1,myNode=e3236923...,timecost=0.434
info|2020-11-25 05:00:59.697507|[g:1][CONSENSUS][PBFT]checkAndChangeView: Reach consensus,org_view=191,cur_changeCycle=1,to_view=192
info|2020-11-25 05:01:00.703428|[g:1][CONSENSUS]addRawPrepare,height=161,reqIdx=2,hash=6063248d...,time=0
info|2020-11-25 05:01:00.703862|[g:1][CONSENSUS][PBFT]checkTimeout Succ,view=192,toView=193,nodeIdx=4,changeCycle=1,myNode=e3236923...,timecost=0.384
info|2020-11-25 05:01:00.714737|[g:1][CONSENSUS][PBFT]checkAndChangeView: Reach consensus,org_view=192,cur_changeCycle=1,to_view=193
info|2020-11-25 05:01:01.719501|[g:1][CONSENSUS]addRawPrepare,height=161,reqIdx=3,hash=39de5ee3...,time=0
info|2020-11-25 05:01:01.720119|[g:1][CONSENSUS][PBFT]checkTimeout Succ,view=193,toView=194,nodeIdx=4,changeCycle=1,myNode=e3236923...,timecost=0.387
info|2020-11-25 05:01:01.739355|[g:1][CONSENSUS][PBFT]checkAndChangeView: Reach consensus,org_view=193,cur_changeCycle=1,to_view=194
info|2020-11-25 05:01:02.741165|[g:1][CONSENSUS][SEALER]++++++++++++++++ Generating seal on,blkNum=161,tx=0,nodeIdx=4,hash=c10be247...
info|2020-11-25 05:01:02.761833|[g:1][CONSENSUS][PBFT]checkTimeout Succ,view=194,toView=195,nodeIdx=4,changeCycle=1,myNode=e3236923...,timecost=0.668
info|2020-11-25 05:01:02.764528|[g:1][CONSENSUS][PBFT]checkAndChangeView: Reach consensus,org_view=194,cur_changeCycle=1,to_view=195
info|2020-11-25 05:01:03.769934|[g:1][CONSENSUS]addRawPrepare,height=161,reqIdx=0,hash=f6609321...,time=0
info|2020-11-25 05:01:03.770218|[g:1][CONSENSUS][PBFT]checkTimeout Succ,view=195,toView=196,nodeIdx=4,changeCycle=1,myNode=e3236923...,timecost=0.25
info|2020-11-25 05:01:03.776425|[g:1][CONSENSUS][PBFT]checkAndChangeView: Reach consensus,org_view=195,cur_changeCycle=1,to_view=196
info|2020-11-25 05:01:04.779621|[g:1][CONSENSUS]addRawPrepare,height=161,reqIdx=1,hash=d8aa6d2b...,time=0
info|2020-11-25 05:01:04.779966|[g:1][CONSENSUS][PBFT]checkTimeout Succ,view=196,toView=197,nodeIdx=4,changeCycle=1,myNode=e3236923...,timecost=0.241
info|2020-11-25 05:01:04.789277|[g:1][CONSENSUS][PBFT]checkAndChangeView: Reach consensus,org_view=196,cur_changeCycle=1,to_view=197
info|2020-11-25 05:01:05.793215|[g:1][CONSENSUS]addRawPrepare,height=161,reqIdx=2,hash=a29581e5...,time=0
info|2020-11-25 05:01:05.793488|[g:1][CONSENSUS][PBFT]checkTimeout Succ,view=197,toView=198,nodeIdx=4,changeCycle=1,myNode=e3236923...,timecost=0.238
info|2020-11-25 05:01:05.800557|[g:1][CONSENSUS][PBFT]checkAndChangeView: Reach consensus,org_view=197,cur_changeCycle=1,to_view=198
info|2020-11-25 05:01:06.803854|[g:1][CONSENSUS]addRawPrepare,height=161,reqIdx=3,hash=47be9675...,time=0
info|2020-11-25 05:01:06.804191|[g:1][CONSENSUS][PBFT]checkTimeout Succ,view=198,toView=199,nodeIdx=4,changeCycle=1,myNode=e3236923...,timecost=0.295
info|2020-11-25 05:01:06.811746|[g:1][CONSENSUS][PBFT]checkAndChangeView: Reach consensus,org_view=198,cur_changeCycle=1,to_view=199
info|2020-11-25 05:01:07.818327|[g:1][CONSENSUS][SEALER]++++++++++++++++ Generating seal on,blkNum=161,tx=0,nodeIdx=4,hash=4acc5b4e...
info|2020-11-25 05:01:07.835979|[g:1][CONSENSUS][PBFT]checkTimeout Succ,view=199,toView=200,nodeIdx=4,changeCycle=1,myNode=e3236923...,timecost=0.387
info|2020-11-25 05:01:07.839157|[g:1][CONSENSUS][PBFT]checkAndChangeView: Reach consensus,org_view=199,cur_changeCycle=1,to_view=200
info|2020-11-25 05:01:08.363226|[P2P][Service] heartBeat,connected count=4
info|2020-11-25 05:01:08.837330|[g:1][CONSENSUS]addRawPrepare,height=161,reqIdx=0,hash=4562e11a...,time=0
info|2020-11-25 05:01:08.837631|[g:1][CONSENSUS][PBFT]checkTimeout Succ,view=200,toView=201,nodeIdx=4,changeCycle=1,myNode=e3236923...,timecost=0.234
info|2020-11-25 05:01:08.843123|[g:1][CONSENSUS][PBFT]checkAndChangeView: Reach consensus,org_view=200,cur_changeCycle=1,to_view=201
info|2020-11-25 05:01:09.849638|[g:1][CONSENSUS]addRawPrepare,height=161,reqIdx=1,hash=1d72a997...,time=0
info|2020-11-25 05:01:09.850102|[g:1][CONSENSUS][PBFT]checkTimeout Succ,view=201,toView=202,nodeIdx=4,changeCycle=1,myNode=e3236923...,timecost=0.412
info|2020-11-25 05:01:09.861933|[g:1][CONSENSUS][PBFT]checkAndChangeView: Reach consensus,org_view=201,cur_changeCycle=1,to_view=202
info|2020-11-25 05:01:10.871056|[g:1][CONSENSUS]addRawPrepare,height=161,reqIdx=2,hash=3eb825a9...,time=0
info|2020-11-25 05:01:10.871368|[g:1][CONSENSUS][PBFT]checkTimeout Succ,view=202,toView=203,nodeIdx=4,changeCycle=1,myNode=e3236923...,timecost=0.259
info|2020-11-25 05:01:10.879272|[g:1][CONSENSUS][PBFT]checkAndChangeView: Reach consensus,org_view=202,cur_changeCycle=1,to_view=203
info|2020-11-25 05:01:11.881286|[g:1][CONSENSUS]addRawPrepare,height=161,reqIdx=3,hash=2c754711...,time=0
info|2020-11-25 05:01:11.881571|[g:1][CONSENSUS][PBFT]checkTimeout Succ,view=203,toView=204,nodeIdx=4,changeCycle=1,myNode=e3236923...,timecost=0.254
info|2020-11-25 05:01:11.888513|[g:1][CONSENSUS][PBFT]checkAndChangeView: Reach consensus,org_view=203,cur_changeCycle=1,to_view=204
info|2020-11-25 05:01:12.890968|[g:1][CONSENSUS][SEALER]++++++++++++++++ Generating seal on,blkNum=161,tx=0,nodeIdx=4,hash=e72dc297...
info|2020-11-25 05:01:12.903895|[g:1][CONSENSUS][PBFT]checkTimeout Succ,view=204,toView=205,nodeIdx=4,changeCycle=1,myNode=e3236923...,timecost=0.307
info|2020-11-25 05:01:12.906199|[g:1][CONSENSUS][PBFT]checkAndChangeView: Reach consensus,org_view=204,cur_changeCycle=1,to_view=205
info|2020-11-25 05:01:13.906270|[g:1][CONSENSUS]addRawPrepare,height=161,reqIdx=0,hash=32564530...,time=0
info|2020-11-25 05:01:13.906557|[g:1][CONSENSUS][PBFT]checkTimeout Succ,view=205,toView=206,nodeIdx=4,changeCycle=1,myNode=e3236923...,timecost=0.255
info|2020-11-25 05:01:13.910086|[g:1][CONSENSUS][PBFT]checkAndChangeView: Reach consensus,org_view=205,cur_changeCycle=1,to_view=206
info|2020-11-25 05:01:14.917046|[g:1][CONSENSUS]addRawPrepare,height=161,reqIdx=1,hash=1d56b9e0...,time=0
info|2020-11-25 05:01:14.917383|[g:1][CONSENSUS][PBFT]checkTimeout Succ,view=206,toView=207,nodeIdx=4,changeCycle=1,myNode=e3236923...,timecost=0.304
info|2020-11-25 05:01:14.922537|[g:1][CONSENSUS][PBFT]checkAndChangeView: Reach consensus,org_view=206,cur_changeCycle=1,to_view=207
info|2020-11-25 05:01:15.927904|[g:1][CONSENSUS]addRawPrepare,height=161,reqIdx=2,hash=7bd3458a...,time=0
info|2020-11-25 05:01:15.928232|[g:1][CONSENSUS][PBFT]checkTimeout Succ,view=207,toView=208,nodeIdx=4,changeCycle=1,myNode=e3236923...,timecost=0.294
info|2020-11-25 05:01:15.936413|[g:1][CONSENSUS][PBFT]checkAndChangeView: Reach consensus,org_view=207,cur_changeCycle=1,to_view=208
info|2020-11-25 05:01:16.935676|[g:1][CONSENSUS]addRawPrepare,height=161,reqIdx=3,hash=207e2792...,time=0
info|2020-11-25 05:01:16.942287|[g:1][CONSENSUS][PBFT]checkTimeout Succ,view=208,toView=209,nodeIdx=4,changeCycle=1,myNode=e3236923...,timecost=6.563
info|2020-11-25 05:01:16.946560|[g:1][CONSENSUS][PBFT]checkAndChangeView: Reach consensus,org_view=208,cur_changeCycle=1,to_view=209
info|2020-11-25 05:01:17.947100|[g:1][CONSENSUS][SEALER]++++++++++++++++ Generating seal on,blkNum=161,tx=0,nodeIdx=4,hash=7eb818a0...
info|2020-11-25 05:01:17.963777|[g:1][CONSENSUS][PBFT]checkTimeout Succ,view=209,toView=210,nodeIdx=4,changeCycle=1,myNode=e3236923...,timecost=0.303
info|2020-11-25 05:01:17.966732|[g:1][CONSENSUS][PBFT]checkAndChangeView: Reach consensus,org_view=209,cur_changeCycle=1,to_view=210
info|2020-11-25 05:01:18.363459|[P2P][Service] heartBeat,connected count=4
info|2020-11-25 05:01:18.970558|[g:1][CONSENSUS]addRawPrepare,height=161,reqIdx=0,hash=06c97645...,time=0
info|2020-11-25 05:01:18.970827|[g:1][CONSENSUS][PBFT]checkTimeout Succ,view=210,toView=211,nodeIdx=4,changeCycle=1,myNode=e3236923...,timecost=0.236
info|2020-11-25 05:01:18.971525|[g:1][CONSENSUS][PBFT]checkAndChangeView: Reach consensus,org_view=210,cur_changeCycle=1,to_view=211
info|2020-11-25 05:01:19.978936|[g:1][CONSENSUS]addRawPrepare,height=161,reqIdx=1,hash=444b2be8...,time=0
info|2020-11-25 05:01:19.979243|[g:1][CONSENSUS][PBFT]checkTimeout Succ,view=211,toView=212,nodeIdx=4,changeCycle=1,myNode=e3236923...,timecost=0.269
info|2020-11-25 05:01:19.988790|[g:1][CONSENSUS][PBFT]checkAndChangeView: Reach consensus,org_view=211,cur_changeCycle=1,to_view=212
info|2020-11-25 05:01:20.992807|[g:1][CONSENSUS]addRawPrepare,height=161,reqIdx=2,hash=5b49bcfa...,time=0
info|2020-11-25 05:01:20.993134|[g:1][CONSENSUS][PBFT]checkTimeout Succ,view=212,toView=213,nodeIdx=4,changeCycle=1,myNode=e3236923...,timecost=0.291
info|2020-11-25 05:01:21.000359|[g:1][CONSENSUS][PBFT]checkAndChangeView: Reach consensus,org_view=212,cur_changeCycle=1,to_view=213
info|2020-11-25 05:01:22.004343|[g:1][CONSENSUS]addRawPrepare,height=161,reqIdx=3,hash=26cd609b...,time=0
info|2020-11-25 05:01:22.004667|[g:1][CONSENSUS][PBFT]checkTimeout Succ,view=213,toView=214,nodeIdx=4,changeCycle=1,myNode=e3236923...,timecost=0.29
info|2020-11-25 05:01:22.010658|[g:1][CONSENSUS][PBFT]checkAndChangeView: Reach consensus,org_view=213,cur_changeCycle=1,to_view=214
info|2020-11-25 05:01:23.012884|[g:1][CONSENSUS][SEALER]++++++++++++++++ Generating seal on,blkNum=161,tx=0,nodeIdx=4,hash=a3c0efa3...
info|2020-11-25 05:01:23.025382|[g:1][CONSENSUS][PBFT]checkTimeout Succ,view=214,toView=215,nodeIdx=4,changeCycle=1,myNode=e3236923...,timecost=0.273
info|2020-11-25 05:01:23.029968|[g:1][CONSENSUS][PBFT]checkAndChangeView: Reach consensus,org_view=214,cur_changeCycle=1,to_view=215
info|2020-11-25 05:01:24.028438|[g:1][CONSENSUS]addRawPrepare,height=161,reqIdx=0,hash=1b02fe4c...,time=0
info|2020-11-25 05:01:24.028722|[g:1][CONSENSUS][PBFT]checkTimeout Succ,view=215,toView=216,nodeIdx=4,changeCycle=1,myNode=e3236923...,timecost=0.248
info|2020-11-25 05:01:24.037329|[g:1][CONSENSUS][PBFT]checkAndChangeView: Reach consensus,org_view=215,cur_changeCycle=1,to_view=216
info|2020-11-25 05:01:25.040007|[g:1][CONSENSUS]addRawPrepare,height=161,reqIdx=1,hash=1c02c92e...,time=0
info|2020-11-25 05:01:25.040292|[g:1][CONSENSUS][PBFT]checkTimeout Succ,view=216,toView=217,nodeIdx=4,changeCycle=1,myNode=e3236923...,timecost=0.256
info|2020-11-25 05:01:25.048682|[g:1][CONSENSUS][PBFT]checkAndChangeView: Reach consensus,org_view=216,cur_changeCycle=1,to_view=217
info|2020-11-25 05:01:26.052229|[g:1][CONSENSUS]addRawPrepare,height=161,reqIdx=2,hash=af92dd3a...,time=0
info|2020-11-25 05:01:26.052617|[g:1][CONSENSUS][PBFT]checkTimeout Succ,view=217,toView=218,nodeIdx=4,changeCycle=1,myNode=e3236923...,timecost=0.356
info|2020-11-25 05:01:26.067776|[g:1][CONSENSUS][PBFT]checkAndChangeView: Reach consensus,org_view=217,cur_changeCycle=1,to_view=218
info|2020-11-25 05:01:27.069664|[g:1][CONSENSUS]addRawPrepare,height=161,reqIdx=3,hash=6614ad6d...,time=0
info|2020-11-25 05:01:27.069885|[g:1][CONSENSUS][PBFT]checkTimeout Succ,view=218,toView=219,nodeIdx=4,changeCycle=1,myNode=e3236923...,timecost=0.194
info|2020-11-25 05:01:27.080024|[g:1][CONSENSUS][PBFT]checkAndChangeView: Reach consensus,org_view=218,cur_changeCycle=1,to_view=219
info|2020-11-25 05:01:28.089243|[g:1][CONSENSUS][SEALER]++++++++++++++++ Generating seal on,blkNum=161,tx=0,nodeIdx=4,hash=c4d512ea...
info|2020-11-25 05:01:28.107087|[g:1][CONSENSUS][PBFT]checkTimeout Succ,view=219,toView=220,nodeIdx=4,changeCycle=1,myNode=e3236923...,timecost=0.268
info|2020-11-25 05:01:28.110926|[g:1][CONSENSUS][PBFT]checkAndChangeView: Reach consensus,org_view=219,cur_changeCycle=1,to_view=220
info|2020-11-25 05:01:28.363845|[P2P][Service] heartBeat,connected count=4
info|2020-11-25 05:01:29.111094|[g:1][CONSENSUS]addRawPrepare,height=161,reqIdx=0,hash=bf5de9a0...,time=0
info|2020-11-25 05:01:29.111478|[g:1][CONSENSUS][PBFT]checkTimeout Succ,view=220,toView=221,nodeIdx=4,changeCycle=1,myNode=e3236923...,timecost=0.336
info|2020-11-25 05:01:29.122348|[g:1][CONSENSUS][PBFT]checkAndChangeView: Reach consensus,org_view=220,cur_changeCycle=1,to_view=221
info|2020-11-25 05:01:30.124988|[g:1][CONSENSUS]addRawPrepare,height=161,reqIdx=1,hash=80a942d9...,time=0
info|2020-11-25 05:01:30.125265|[g:1][CONSENSUS][PBFT]checkTimeout Succ,view=221,toView=222,nodeIdx=4,changeCycle=1,myNode=e3236923...,timecost=0.245
info|2020-11-25 05:01:30.131923|[g:1][CONSENSUS][PBFT]checkAndChangeView: Reach consensus,org_view=221,cur_changeCycle=1,to_view=222
info|2020-11-25 05:01:31.138244|[g:1][CONSENSUS]addRawPrepare,height=161,reqIdx=2,hash=409b94e5...,time=0
info|2020-11-25 05:01:31.138503|[g:1][CONSENSUS][PBFT]checkTimeout Succ,view=222,toView=223,nodeIdx=4,changeCycle=1,myNode=e3236923...,timecost=0.227
info|2020-11-25 05:01:31.160358|[g:1][CONSENSUS][PBFT]checkAndChangeView: Reach consensus,org_view=222,cur_changeCycle=1,to_view=223
info|2020-11-25 05:01:32.175191|[g:1][CONSENSUS]addRawPrepare,height=161,reqIdx=3,hash=46d49f3a...,time=0
info|2020-11-25 05:01:32.190043|[g:1][CONSENSUS][PBFT]checkTimeout Succ,view=223,toView=224,nodeIdx=4,changeCycle=1,myNode=e3236923...,timecost=10.366
info|2020-11-25 05:01:32.210829|[g:1][CONSENSUS][PBFT]checkAndChangeView: Reach consensus,org_view=223,cur_changeCycle=1,to_view=224
info|2020-11-25 05:01:33.211865|[g:1][CONSENSUS][SEALER]++++++++++++++++ Generating seal on,blkNum=161,tx=0,nodeIdx=4,hash=0d7247be...
info|2020-11-25 05:01:33.223439|[g:1][CONSENSUS][PBFT]checkTimeout Succ,view=224,toView=225,nodeIdx=4,changeCycle=1,myNode=e3236923...,timecost=0.253
info|2020-11-25 05:01:33.225148|[g:1][CONSENSUS][PBFT]checkAndChangeView: Reach consensus,org_view=224,cur_changeCycle=1,to_view=225
info|2020-11-25 05:01:34.224867|[g:1][CONSENSUS]addRawPrepare,height=161,reqIdx=0,hash=b4f1935a...,time=0
info|2020-11-25 05:01:34.225250|[g:1][CONSENSUS][PBFT]checkTimeout Succ,view=225,toView=226,nodeIdx=4,changeCycle=1,myNode=e3236923...,timecost=0.347
info|2020-11-25 05:01:34.233397|[g:1][CONSENSUS][PBFT]checkAndChangeView: Reach consensus,org_view=225,cur_changeCycle=1,to_view=226
info|2020-11-25 05:01:35.235781|[g:1][CONSENSUS]addRawPrepare,height=161,reqIdx=1,hash=59361e34...,time=0
info|2020-11-25 05:01:35.236077|[g:1][CONSENSUS][PBFT]checkTimeout Succ,view=226,toView=227,nodeIdx=4,changeCycle=1,myNode=e3236923...,timecost=0.258
info|2020-11-25 05:01:35.243163|[g:1][CONSENSUS][PBFT]checkAndChangeView: Reach consensus,org_view=226,cur_changeCycle=1,to_view=227
info|2020-11-25 05:01:36.248607|[g:1][CONSENSUS]addRawPrepare,height=161,reqIdx=2,hash=658d7ded...,time=0
info|2020-11-25 05:01:36.249011|[g:1][CONSENSUS][PBFT]checkTimeout Succ,view=227,toView=228,nodeIdx=4,changeCycle=1,myNode=e3236923...,timecost=0.352
info|2020-11-25 05:01:36.254698|[g:1][CONSENSUS][PBFT]checkAndChangeView: Reach consensus,org_view=227,cur_changeCycle=1,to_view=228
info|2020-11-25 05:01:37.264256|[g:1][CONSENSUS]addRawPrepare,height=161,reqIdx=3,hash=fe0f2257...,time=0
info|2020-11-25 05:01:37.264549|[g:1][CONSENSUS][PBFT]checkTimeout Succ,view=228,toView=229,nodeIdx=4,changeCycle=1,myNode=e3236923...,timecost=0.263
info|2020-11-25 05:01:37.269782|[g:1][CONSENSUS][PBFT]checkAndChangeView: Reach consensus,org_view=228,cur_changeCycle=1,to_view=229
info|2020-11-25 05:01:38.272314|[g:1][CONSENSUS][SEALER]++++++++++++++++ Generating seal on,blkNum=161,tx=0,nodeIdx=4,hash=99a9bb80...
info|2020-11-25 05:01:38.292179|[g:1][CONSENSUS][PBFT]checkTimeout Succ,view=229,toView=230,nodeIdx=4,changeCycle=1,myNode=e3236923...,timecost=0.303
info|2020-11-25 05:01:38.295537|[g:1][CONSENSUS][PBFT]checkAndChangeView: Reach consensus,org_view=229,cur_changeCycle=1,to_view=230
info|2020-11-25 05:01:38.363922|[P2P][Service] heartBeat,connected count=4
info|2020-11-25 05:01:39.293388|[g:1][CONSENSUS]addRawPrepare,height=161,reqIdx=0,hash=eebffa2f...,time=0
info|2020-11-25 05:01:39.293684|[g:1][CONSENSUS][PBFT]checkTimeout Succ,view=230,toView=231,nodeIdx=4,changeCycle=1,myNode=e3236923...,timecost=0.258
info|2020-11-25 05:01:39.302732|[g:1][CONSENSUS][PBFT]checkAndChangeView: Reach consensus,org_view=230,cur_changeCycle=1,to_view=231
info|2020-11-25 05:01:40.303759|[g:1][CONSENSUS]addRawPrepare,height=161,reqIdx=1,hash=e4ec04dc...,time=0
info|2020-11-25 05:01:40.304003|[g:1][CONSENSUS][PBFT]checkTimeout Succ,view=231,toView=232,nodeIdx=4,changeCycle=1,myNode=e3236923...,timecost=0.215
info|2020-11-25 05:01:40.314276|[g:1][CONSENSUS][PBFT]checkAndChangeView: Reach consensus,org_view=231,cur_changeCycle=1,to_view=232
info|2020-11-25 05:01:41.325033|[g:1][CONSENSUS]addRawPrepare,height=161,reqIdx=2,hash=d73b521c...,time=0
info|2020-11-25 05:01:41.341391|[g:1][CONSENSUS][PBFT]checkTimeout Succ,view=232,toView=233,nodeIdx=4,changeCycle=1,myNode=e3236923...,timecost=10.685
info|2020-11-25 05:01:41.358311|[g:1][CONSENSUS][PBFT]checkAndChangeView: Reach consensus,org_view=232,cur_changeCycle=1,to_view=233
info|2020-11-25 05:01:42.367083|[g:1][CONSENSUS]addRawPrepare,height=161,reqIdx=3,hash=a248ed5f...,time=0
info|2020-11-25 05:01:42.376979|[g:1][CONSENSUS][PBFT]checkTimeout Succ,view=233,toView=234,nodeIdx=4,changeCycle=1,myNode=e3236923...,timecost=8.873
info|2020-11-25 05:01:42.387684|[g:1][CONSENSUS][PBFT]checkAndChangeView: Reach consensus,org_view=233,cur_changeCycle=1,to_view=234
info|2020-11-25 05:01:43.389623|[g:1][CONSENSUS][SEALER]++++++++++++++++ Generating seal on,blkNum=161,tx=0,nodeIdx=4,hash=654d0d0b...
info|2020-11-25 05:01:43.407230|[g:1][CONSENSUS][PBFT]checkTimeout Succ,view=234,toView=235,nodeIdx=4,changeCycle=1,myNode=e3236923...,timecost=2.406
info|2020-11-25 05:01:43.413680|[g:1][CONSENSUS][PBFT]checkAndChangeView: Reach consensus,org_view=234,cur_changeCycle=1,to_view=235
info|2020-11-25 05:01:44.423022|[g:1][CONSENSUS]addRawPrepare,height=161,reqIdx=0,hash=b0227ae5...,time=0
info|2020-11-25 05:01:44.437273|[g:1][CONSENSUS][PBFT]checkTimeout Succ,view=235,toView=236,nodeIdx=4,changeCycle=1,myNode=e3236923...,timecost=10.184
info|2020-11-25 05:01:44.449268|[g:1][CONSENSUS][PBFT]checkAndChangeView: Reach consensus,org_view=235,cur_changeCycle=1,to_view=236
info|2020-11-25 05:01:45.461921|[g:1][CONSENSUS]addRawPrepare,height=161,reqIdx=1,hash=56510e95...,time=0
info|2020-11-25 05:01:45.478047|[g:1][CONSENSUS][PBFT]checkTimeout Succ,view=236,toView=237,nodeIdx=4,changeCycle=1,myNode=e3236923...,timecost=12.963
info|2020-11-25 05:01:45.485133|[g:1][CONSENSUS][PBFT]checkAndChangeView: Reach consensus,org_view=236,cur_changeCycle=1,to_view=237
info|2020-11-25 05:01:46.483159|[g:1][CONSENSUS]addRawPrepare,height=161,reqIdx=2,hash=04269001...,time=0
info|2020-11-25 05:01:46.491682|[g:1][CONSENSUS][PBFT]checkTimeout Succ,view=237,toView=238,nodeIdx=4,changeCycle=1,myNode=e3236923...,timecost=1.631
info|2020-11-25 05:01:46.499404|[g:1][CONSENSUS][PBFT]checkAndChangeView: Reach consensus,org_view=237,cur_changeCycle=1,to_view=238
info|2020-11-25 05:01:47.501168|[g:1][CONSENSUS]addRawPrepare,height=161,reqIdx=3,hash=29f2f0b0...,time=0
info|2020-11-25 05:01:47.515405|[g:1][CONSENSUS][PBFT]checkTimeout Succ,view=238,toView=239,nodeIdx=4,changeCycle=1,myNode=e3236923...,timecost=3.635
info|2020-11-25 05:01:47.520147|[g:1][CONSENSUS][PBFT]checkAndChangeView: Reach consensus,org_view=238,cur_changeCycle=1,to_view=239
info|2020-11-25 05:01:48.364058|[P2P][Service] heartBeat,connected count=4
info|2020-11-25 05:01:48.520408|[g:1][CONSENSUS][SEALER]++++++++++++++++ Generating seal on,blkNum=161,tx=0,nodeIdx=4,hash=6b8bc2a1...
info|2020-11-25 05:01:48.545063|[g:1][CONSENSUS][PBFT]checkTimeout Succ,view=239,toView=240,nodeIdx=4,changeCycle=1,myNode=e3236923...,timecost=7.223
info|2020-11-25 05:01:48.552854|[g:1][CONSENSUS][PBFT]checkAndChangeView: Reach consensus,org_view=239,cur_changeCycle=1,to_view=240
info|2020-11-25 05:01:49.560491|[g:1][CONSENSUS]addRawPrepare,height=161,reqIdx=0,hash=c50e151d...,time=0
info|2020-11-25 05:01:49.572433|[g:1][CONSENSUS][PBFT]checkTimeout Succ,view=240,toView=241,nodeIdx=4,changeCycle=1,myNode=e3236923...,timecost=5.521
info|2020-11-25 05:01:49.579861|[g:1][CONSENSUS][PBFT]checkAndChangeView: Reach consensus,org_view=240,cur_changeCycle=1,to_view=241
info|2020-11-25 05:01:50.587081|[g:1][CONSENSUS]addRawPrepare,height=161,reqIdx=1,hash=361cffec...,time=0
info|2020-11-25 05:01:50.599289|[g:1][CONSENSUS][PBFT]checkTimeout Succ,view=241,toView=242,nodeIdx=4,changeCycle=1,myNode=e3236923...,timecost=12.042
info|2020-11-25 05:01:50.604019|[g:1][CONSENSUS][PBFT]checkAndChangeView: Reach consensus,org_view=241,cur_changeCycle=1,to_view=242
info|2020-11-25 05:01:51.597686|[g:1][CONSENSUS]addRawPrepare,height=161,reqIdx=2,hash=c47652cc...,time=0
info|2020-11-25 05:01:51.606743|[g:1][CONSENSUS][PBFT]checkTimeout Succ,view=242,toView=243,nodeIdx=4,changeCycle=1,myNode=e3236923...,timecost=6.981
info|2020-11-25 05:01:51.613586|[g:1][CONSENSUS][PBFT]checkAndChangeView: Reach consensus,org_view=242,cur_changeCycle=1,to_view=243
info|2020-11-25 05:01:52.608734|[g:1][CONSENSUS]addRawPrepare,height=161,reqIdx=3,hash=e587b409...,time=0
info|2020-11-25 05:01:52.611994|[g:1][CONSENSUS][PBFT]checkTimeout Succ,view=243,toView=244,nodeIdx=4,changeCycle=1,myNode=e3236923...,timecost=3
info|2020-11-25 05:01:52.623347|[g:1][CONSENSUS][PBFT]checkAndChangeView: Reach consensus,org_view=243,cur_changeCycle=1,to_view=244
info|2020-11-25 05:01:53.629339|[g:1][CONSENSUS][SEALER]++++++++++++++++ Generating seal on,blkNum=161,tx=0,nodeIdx=4,hash=59f0af26...
info|2020-11-25 05:01:53.659021|[g:1][CONSENSUS][PBFT]checkTimeout Succ,view=244,toView=245,nodeIdx=4,changeCycle=1,myNode=e3236923...,timecost=1.201
info|2020-11-25 05:01:53.662113|[g:1][CONSENSUS][PBFT]checkAndChangeView: Reach consensus,org_view=244,cur_changeCycle=1,to_view=245
info|2020-11-25 05:01:54.671018|[g:1][CONSENSUS]addRawPrepare,height=161,reqIdx=0,hash=e410bdfa...,time=0
info|2020-11-25 05:01:54.673924|[g:1][CONSENSUS][PBFT]checkTimeout Succ,view=245,toView=246,nodeIdx=4,changeCycle=1,myNode=e3236923...,timecost=2.537
info|2020-11-25 05:01:54.684198|[g:1][CONSENSUS][PBFT]checkAndChangeView: Reach consensus,org_view=245,cur_changeCycle=1,to_view=246
info|2020-11-25 05:01:55.695481|[g:1][CONSENSUS]addRawPrepare,height=161,reqIdx=1,hash=3d2d9ec3...,time=0
info|2020-11-25 05:01:55.699645|[g:1][CONSENSUS][PBFT]checkTimeout Succ,view=246,toView=247,nodeIdx=4,changeCycle=1,myNode=e3236923...,timecost=3.843
info|2020-11-25 05:01:55.707079|[g:1][CONSENSUS][PBFT]checkAndChangeView: Reach consensus,org_view=246,cur_changeCycle=1,to_view=247
info|2020-11-25 05:01:56.706715|[g:1][CONSENSUS]addRawPrepare,height=161,reqIdx=2,hash=3d91e337...,time=0
info|2020-11-25 05:01:56.707977|[g:1][CONSENSUS][PBFT]checkTimeout Succ,view=247,toView=248,nodeIdx=4,changeCycle=1,myNode=e3236923...,timecost=1.219
info|2020-11-25 05:01:56.719319|[g:1][CONSENSUS][PBFT]checkAndChangeView: Reach consensus,org_view=247,cur_changeCycle=1,to_view=248
info|2020-11-25 05:01:57.720095|[g:1][CONSENSUS]addRawPrepare,height=161,reqIdx=3,hash=ad90f818...,time=0
info|2020-11-25 05:01:57.723684|[g:1][CONSENSUS][PBFT]checkTimeout Succ,view=248,toView=249,nodeIdx=4,changeCycle=1,myNode=e3236923...,timecost=3.495
info|2020-11-25 05:01:57.735655|[g:1][CONSENSUS][PBFT]checkAndChangeView: Reach consensus,org_view=248,cur_changeCycle=1,to_view=249
info|2020-11-25 05:01:58.364392|[P2P][Service] heartBeat,connected count=4
info|2020-11-25 05:01:58.735920|[g:1][CONSENSUS][SEALER]++++++++++++++++ Generating seal on,blkNum=161,tx=0,nodeIdx=4,hash=1dbe4b34...
info|2020-11-25 05:01:58.751528|[g:1][CONSENSUS][PBFT]checkTimeout Succ,view=249,toView=250,nodeIdx=4,changeCycle=1,myNode=e3236923...,timecost=4.011
info|2020-11-25 05:01:58.756607|[g:1][CONSENSUS][PBFT]checkAndChangeView: Reach consensus,org_view=249,cur_changeCycle=1,to_view=250
info|2020-11-25 05:01:59.756413|[g:1][CONSENSUS]addRawPrepare,height=161,reqIdx=0,hash=685a3228...,time=0
info|2020-11-25 05:01:59.758672|[g:1][CONSENSUS][PBFT]checkTimeout Succ,view=250,toView=251,nodeIdx=4,changeCycle=1,myNode=e3236923...,timecost=1.169
info|2020-11-25 05:01:59.768239|[g:1][CONSENSUS][PBFT]checkAndChangeView: Reach consensus,org_view=250,cur_changeCycle=1,to_view=251
info|2020-11-25 05:02:00.778627|[g:1][CONSENSUS]addRawPrepare,height=161,reqIdx=1,hash=44ceb780...,time=0
info|2020-11-25 05:02:00.782984|[g:1][CONSENSUS][PBFT]checkTimeout Succ,view=251,toView=252,nodeIdx=4,changeCycle=1,myNode=e3236923...,timecost=4.063
info|2020-11-25 05:02:00.789853|[g:1][CONSENSUS][PBFT]checkAndChangeView: Reach consensus,org_view=251,cur_changeCycle=1,to_view=252
info|2020-11-25 05:02:01.789767|[g:1][CONSENSUS]addRawPrepare,height=161,reqIdx=2,hash=ddafc8e0...,time=0
info|2020-11-25 05:02:01.791114|[g:1][CONSENSUS][PBFT]checkTimeout Succ,view=252,toView=253,nodeIdx=4,changeCycle=1,myNode=e3236923...,timecost=1.301
info|2020-11-25 05:02:01.802654|[g:1][CONSENSUS][PBFT]checkAndChangeView: Reach consensus,org_view=252,cur_changeCycle=1,to_view=253
info|2020-11-25 05:02:02.810981|[g:1][CONSENSUS]addRawPrepare,height=161,reqIdx=3,hash=5ede23b6...,time=0
info|2020-11-25 05:02:02.813854|[g:1][CONSENSUS][PBFT]checkTimeout Succ,view=253,toView=254,nodeIdx=4,changeCycle=1,myNode=e3236923...,timecost=1.435
info|2020-11-25 05:02:02.823062|[g:1][CONSENSUS][PBFT]checkAndChangeView: Reach consensus,org_view=253,cur_changeCycle=1,to_view=254
info|2020-11-25 05:02:03.826427|[g:1][CONSENSUS][SEALER]++++++++++++++++ Generating seal on,blkNum=161,tx=0,nodeIdx=4,hash=f4ab9995...
info|2020-11-25 05:02:03.838585|[g:1][CONSENSUS][PBFT]checkTimeout Succ,view=254,toView=255,nodeIdx=4,changeCycle=1,myNode=e3236923...,timecost=0.213
info|2020-11-25 05:02:03.846796|[g:1][CONSENSUS][PBFT]checkAndChangeView: Reach consensus,org_view=254,cur_changeCycle=1,to_view=255
info|2020-11-25 05:02:04.847937|[g:1][CONSENSUS]addRawPrepare,height=161,reqIdx=0,hash=b900edbf...,time=0
info|2020-11-25 05:02:04.848204|[g:1][CONSENSUS][PBFT]checkTimeout Succ,view=255,toView=256,nodeIdx=4,changeCycle=1,myNode=e3236923...,timecost=0.238
info|2020-11-25 05:02:04.860284|[g:1][CONSENSUS][PBFT]checkAndChangeView: Reach consensus,org_view=255,cur_changeCycle=1,to_view=256
info|2020-11-25 05:02:05.874584|[g:1][CONSENSUS]addRawPrepare,height=161,reqIdx=1,hash=a2cad699...,time=0
info|2020-11-25 05:02:05.874817|[g:1][CONSENSUS][PBFT]checkTimeout Succ,view=256,toView=257,nodeIdx=4,changeCycle=1,myNode=e3236923...,timecost=0.204
info|2020-11-25 05:02:05.886940|[g:1][CONSENSUS][PBFT]checkAndChangeView: Reach consensus,org_view=256,cur_changeCycle=1,to_view=257
info|2020-11-25 05:02:06.883075|[g:1][CONSENSUS]addRawPrepare,height=161,reqIdx=2,hash=07b0a966...,time=0
info|2020-11-25 05:02:06.887348|[g:1][CONSENSUS][PBFT]checkTimeout Succ,view=257,toView=258,nodeIdx=4,changeCycle=1,myNode=e3236923...,timecost=4.227
info|2020-11-25 05:02:06.894481|[g:1][CONSENSUS][PBFT]checkAndChangeView: Reach consensus,org_view=257,cur_changeCycle=1,to_view=258
info|2020-11-25 05:02:07.903955|[g:1][CONSENSUS]addRawPrepare,height=161,reqIdx=3,hash=12bb8685...,time=0
info|2020-11-25 05:02:07.904241|[g:1][CONSENSUS][PBFT]checkTimeout Succ,view=258,toView=259,nodeIdx=4,changeCycle=1,myNode=e3236923...,timecost=0.254
info|2020-11-25 05:02:07.913685|[g:1][CONSENSUS][PBFT]checkAndChangeView: Reach consensus,org_view=258,cur_changeCycle=1,to_view=259
info|2020-11-25 05:02:08.364962|[P2P][Service] heartBeat,connected count=4
info|2020-11-25 05:02:08.913162|[g:1][CONSENSUS][SEALER]++++++++++++++++ Generating seal on,blkNum=161,tx=0,nodeIdx=4,hash=232bdbe7...
info|2020-11-25 05:02:08.924043|[g:1][CONSENSUS][PBFT]checkTimeout Succ,view=259,toView=260,nodeIdx=4,changeCycle=1,myNode=e3236923...,timecost=0.216
info|2020-11-25 05:02:08.930783|[g:1][CONSENSUS][PBFT]checkAndChangeView: Reach consensus,org_view=259,cur_changeCycle=1,to_view=260
info|2020-11-25 05:02:09.930922|[g:1][CONSENSUS]addRawPrepare,height=161,reqIdx=0,hash=83f124cd...,time=0
info|2020-11-25 05:02:09.931210|[g:1][CONSENSUS][PBFT]checkTimeout Succ,view=260,toView=261,nodeIdx=4,changeCycle=1,myNode=e3236923...,timecost=0.222
info|2020-11-25 05:02:09.943032|[g:1][CONSENSUS][PBFT]checkAndChangeView: Reach consensus,org_view=260,cur_changeCycle=1,to_view=261
info|2020-11-25 05:02:10.954987|[g:1][CONSENSUS]addRawPrepare,height=161,reqIdx=1,hash=67337ddb...,time=0
info|2020-11-25 05:02:10.955204|[g:1][CONSENSUS][PBFT]checkTimeout Succ,view=261,toView=262,nodeIdx=4,changeCycle=1,myNode=e3236923...,timecost=0.189
info|2020-11-25 05:02:10.960531|[g:1][CONSENSUS][PBFT]checkAndChangeView: Reach consensus,org_view=261,cur_changeCycle=1,to_view=262
info|2020-11-25 05:02:11.970592|[g:1][CONSENSUS]addRawPrepare,height=161,reqIdx=2,hash=2c1dc13d...,time=0
info|2020-11-25 05:02:11.970809|[g:1][CONSENSUS][PBFT]checkTimeout Succ,view=262,toView=263,nodeIdx=4,changeCycle=1,myNode=e3236923...,timecost=0.188
info|2020-11-25 05:02:11.978707|[g:1][CONSENSUS][PBFT]checkAndChangeView: Reach consensus,org_view=262,cur_changeCycle=1,to_view=263
info|2020-11-25 05:02:12.987854|[g:1][CONSENSUS]addRawPrepare,height=161,reqIdx=3,hash=80e55373...,time=0
info|2020-11-25 05:02:12.988075|[g:1][CONSENSUS][PBFT]checkTimeout Succ,view=263,toView=264,nodeIdx=4,changeCycle=1,myNode=e3236923...,timecost=0.192
info|2020-11-25 05:02:13.000501|[g:1][CONSENSUS][PBFT]checkAndChangeView: Reach consensus,org_view=263,cur_changeCycle=1,to_view=264
info|2020-11-25 05:02:14.001392|[g:1][CONSENSUS][SEALER]++++++++++++++++ Generating seal on,blkNum=161,tx=0,nodeIdx=4,hash=43c67365...
info|2020-11-25 05:02:14.020486|[g:1][CONSENSUS][PBFT]checkTimeout Succ,view=264,toView=265,nodeIdx=4,changeCycle=1,myNode=e3236923...,timecost=0.224
info|2020-11-25 05:02:14.023915|[g:1][CONSENSUS][PBFT]checkAndChangeView: Reach consensus,org_view=264,cur_changeCycle=1,to_view=265
info|2020-11-25 05:02:15.017907|[g:1][CONSENSUS]addRawPrepare,height=161,reqIdx=0,hash=f518b7f7...,time=0
info|2020-11-25 05:02:15.020266|[g:1][CONSENSUS][PBFT]checkTimeout Succ,view=265,toView=266,nodeIdx=4,changeCycle=1,myNode=e3236923...,timecost=1.619
info|2020-11-25 05:02:15.033115|[g:1][CONSENSUS][PBFT]checkAndChangeView: Reach consensus,org_view=265,cur_changeCycle=1,to_view=266
info|2020-11-25 05:02:16.042964|[g:1][CONSENSUS]addRawPrepare,height=161,reqIdx=1,hash=1234e782...,time=0
info|2020-11-25 05:02:16.044383|[g:1][CONSENSUS][PBFT]checkTimeout Succ,view=266,toView=267,nodeIdx=4,changeCycle=1,myNode=e3236923...,timecost=1.368
info|2020-11-25 05:02:16.061734|[g:1][CONSENSUS][PBFT]checkAndChangeView: Reach consensus,org_view=266,cur_changeCycle=1,to_view=267
info|2020-11-25 05:02:17.066627|[g:1][CONSENSUS]addRawPrepare,height=161,reqIdx=2,hash=8a3820b6...,time=0
info|2020-11-25 05:02:17.068319|[g:1][CONSENSUS][PBFT]checkTimeout Succ,view=267,toView=268,nodeIdx=4,changeCycle=1,myNode=e3236923...,timecost=1.328
info|2020-11-25 05:02:17.088774|[g:1][CONSENSUS][PBFT]checkAndChangeView: Reach consensus,org_view=267,cur_changeCycle=1,to_view=268
info|2020-11-25 05:02:18.097108|[g:1][CONSENSUS]addRawPrepare,height=161,reqIdx=3,hash=e48c02ca...,time=0
info|2020-11-25 05:02:18.100462|[g:1][CONSENSUS][PBFT]checkTimeout Succ,view=268,toView=269,nodeIdx=4,changeCycle=1,myNode=e3236923...,timecost=3.282
info|2020-11-25 05:02:18.114212|[g:1][CONSENSUS][PBFT]checkAndChangeView: Reach consensus,org_view=268,cur_changeCycle=1,to_view=269
info|2020-11-25 05:02:18.365891|[P2P][Service] heartBeat,connected count=4
info|2020-11-25 05:02:19.120510|[g:1][CONSENSUS][SEALER]++++++++++++++++ Generating seal on,blkNum=161,tx=0,nodeIdx=4,hash=37513ae1...
info|2020-11-25 05:02:19.133958|[g:1][CONSENSUS][PBFT]checkTimeout Succ,view=269,toView=270,nodeIdx=4,changeCycle=1,myNode=e3236923...,timecost=1.044
info|2020-11-25 05:02:19.138973|[g:1][CONSENSUS][PBFT]checkAndChangeView: Reach consensus,org_view=269,cur_changeCycle=1,to_view=270
info|2020-11-25 05:02:20.143174|[g:1][CONSENSUS]addRawPrepare,height=161,reqIdx=0,hash=4533d8a6...,time=0
info|2020-11-25 05:02:20.144183|[g:1][CONSENSUS][PBFT]checkTimeout Succ,view=270,toView=271,nodeIdx=4,changeCycle=1,myNode=e3236923...,timecost=0.962
info|2020-11-25 05:02:20.157357|[g:1][CONSENSUS][PBFT]checkAndChangeView: Reach consensus,org_view=270,cur_changeCycle=1,to_view=271
info|2020-11-25 05:02:21.170151|[g:1][CONSENSUS]addRawPrepare,height=161,reqIdx=1,hash=d99e1b88...,time=0
info|2020-11-25 05:02:21.170398|[g:1][CONSENSUS][PBFT]checkTimeout Succ,view=271,toView=272,nodeIdx=4,changeCycle=1,myNode=e3236923...,timecost=0.213
info|2020-11-25 05:02:21.179969|[g:1][CONSENSUS][PBFT]checkAndChangeView: Reach consensus,org_view=271,cur_changeCycle=1,to_view=272
info|2020-11-25 05:02:22.189028|[g:1][CONSENSUS]addRawPrepare,height=161,reqIdx=2,hash=4652a72a...,time=0
info|2020-11-25 05:02:22.189257|[g:1][CONSENSUS][PBFT]checkTimeout Succ,view=272,toView=273,nodeIdx=4,changeCycle=1,myNode=e3236923...,timecost=0.2
info|2020-11-25 05:02:22.203575|[g:1][CONSENSUS][PBFT]checkAndChangeView: Reach consensus,org_view=272,cur_changeCycle=1,to_view=273
info|2020-11-25 05:02:23.201875|[g:1][CONSENSUS]addRawPrepare,height=161,reqIdx=3,hash=761ecf53...,time=0
info|2020-11-25 05:02:23.202104|[g:1][CONSENSUS][PBFT]checkTimeout Succ,view=273,toView=274,nodeIdx=4,changeCycle=1,myNode=e3236923...,timecost=0.199
info|2020-11-25 05:02:23.217168|[g:1][CONSENSUS][PBFT]checkAndChangeView: Reach consensus,org_view=273,cur_changeCycle=1,to_view=274
info|2020-11-25 05:02:24.217994|[g:1][CONSENSUS][SEALER]++++++++++++++++ Generating seal on,blkNum=161,tx=0,nodeIdx=4,hash=8b011ad1...
info|2020-11-25 05:02:24.231723|[g:1][CONSENSUS][PBFT]checkTimeout Succ,view=274,toView=275,nodeIdx=4,changeCycle=1,myNode=e3236923...,timecost=0.224
info|2020-11-25 05:02:24.237597|[g:1][CONSENSUS][PBFT]checkAndChangeView: Reach consensus,org_view=274,cur_changeCycle=1,to_view=275
info|2020-11-25 05:02:25.238659|[g:1][CONSENSUS]addRawPrepare,height=161,reqIdx=0,hash=25e6417b...,time=0
info|2020-11-25 05:02:25.238900|[g:1][CONSENSUS][PBFT]checkTimeout Succ,view=275,toView=276,nodeIdx=4,changeCycle=1,myNode=e3236923...,timecost=0.21
info|2020-11-25 05:02:25.252006|[g:1][CONSENSUS][PBFT]checkAndChangeView: Reach consensus,org_view=275,cur_changeCycle=1,to_view=276
info|2020-11-25 05:02:26.263538|[g:1][CONSENSUS]addRawPrepare,height=161,reqIdx=1,hash=c66f2078...,time=0
info|2020-11-25 05:02:26.263773|[g:1][CONSENSUS][PBFT]checkTimeout Succ,view=276,toView=277,nodeIdx=4,changeCycle=1,myNode=e3236923...,timecost=0.206
info|2020-11-25 05:02:26.274431|[g:1][CONSENSUS][PBFT]checkAndChangeView: Reach consensus,org_view=276,cur_changeCycle=1,to_view=277
info|2020-11-25 05:02:27.275964|[g:1][CONSENSUS]addRawPrepare,height=161,reqIdx=2,hash=3ca32dd7...,time=0
info|2020-11-25 05:02:27.277339|[g:1][CONSENSUS][PBFT]checkTimeout Succ,view=277,toView=278,nodeIdx=4,changeCycle=1,myNode=e3236923...,timecost=1.339
info|2020-11-25 05:02:27.291058|[g:1][CONSENSUS][PBFT]checkAndChangeView: Reach consensus,org_view=277,cur_changeCycle=1,to_view=278
info|2020-11-25 05:02:28.295879|[g:1][CONSENSUS]addRawPrepare,height=161,reqIdx=3,hash=2a57b580...,time=0
info|2020-11-25 05:02:28.296136|[g:1][CONSENSUS][PBFT]checkTimeout Succ,view=278,toView=279,nodeIdx=4,changeCycle=1,myNode=e3236923...,timecost=0.218
info|2020-11-25 05:02:28.311126|[g:1][CONSENSUS][PBFT]checkAndChangeView: Reach consensus,org_view=278,cur_changeCycle=1,to_view=279
info|2020-11-25 05:02:28.366658|[P2P][Service] heartBeat,connected count=4
info|2020-11-25 05:02:29.311595|[g:1][CONSENSUS][SEALER]++++++++++++++++ Generating seal on,blkNum=161,tx=0,nodeIdx=4,hash=ffa77508...
info|2020-11-25 05:02:29.323175|[g:1][CONSENSUS][PBFT]checkTimeout Succ,view=279,toView=280,nodeIdx=4,changeCycle=1,myNode=e3236923...,timecost=0.201
info|2020-11-25 05:02:29.328135|[g:1][CONSENSUS][PBFT]checkAndChangeView: Reach consensus,org_view=279,cur_changeCycle=1,to_view=280
info|2020-11-25 05:02:30.328706|[g:1][CONSENSUS]addRawPrepare,height=161,reqIdx=0,hash=cc7e4aa5...,time=0
info|2020-11-25 05:02:30.328928|[g:1][CONSENSUS][PBFT]checkTimeout Succ,view=280,toView=281,nodeIdx=4,changeCycle=1,myNode=e3236923...,timecost=0.192
info|2020-11-25 05:02:30.339938|[g:1][CONSENSUS][PBFT]checkAndChangeView: Reach consensus,org_view=280,cur_changeCycle=1,to_view=281
info|2020-11-25 05:02:31.352282|[g:1][CONSENSUS]addRawPrepare,height=161,reqIdx=1,hash=8e50b9d2...,time=0
info|2020-11-25 05:02:31.352495|[g:1][CONSENSUS][PBFT]checkTimeout Succ,view=281,toView=282,nodeIdx=4,changeCycle=1,myNode=e3236923...,timecost=0.187
info|2020-11-25 05:02:31.363045|[g:1][CONSENSUS][PBFT]checkAndChangeView: Reach consensus,org_view=281,cur_changeCycle=1,to_view=282
info|2020-11-25 05:02:32.369938|[g:1][CONSENSUS]addRawPrepare,height=161,reqIdx=2,hash=276d4cea...,time=0
info|2020-11-25 05:02:32.370170|[g:1][CONSENSUS][PBFT]checkTimeout Succ,view=282,toView=283,nodeIdx=4,changeCycle=1,myNode=e3236923...,timecost=0.199
info|2020-11-25 05:02:32.384289|[g:1][CONSENSUS][PBFT]checkAndChangeView: Reach consensus,org_view=282,cur_changeCycle=1,to_view=283
info|2020-11-25 05:02:33.389383|[g:1][CONSENSUS]addRawPrepare,height=161,reqIdx=3,hash=1dc49f93...,time=0
info|2020-11-25 05:02:33.389597|[g:1][CONSENSUS][PBFT]checkTimeout Succ,view=283,toView=284,nodeIdx=4,changeCycle=1,myNode=e3236923...,timecost=0.186
info|2020-11-25 05:02:33.402554|[g:1][CONSENSUS][PBFT]checkAndChangeView: Reach consensus,org_view=283,cur_changeCycle=1,to_view=284
info|2020-11-25 05:02:34.402593|[g:1][CONSENSUS][SEALER]++++++++++++++++ Generating seal on,blkNum=161,tx=0,nodeIdx=4,hash=91bd3d1e...
info|2020-11-25 05:02:34.448736|[g:1][CONSENSUS][PBFT]checkTimeout Succ,view=284,toView=285,nodeIdx=4,changeCycle=1,myNode=e3236923...,timecost=0.327
info|2020-11-25 05:02:34.456271|[g:1][CONSENSUS][PBFT]checkAndChangeView: Reach consensus,org_view=284,cur_changeCycle=1,to_view=285
info|2020-11-25 05:02:35.431323|[g:1][CONSENSUS]addRawPrepare,height=161,reqIdx=0,hash=925c3a78...,time=0
info|2020-11-25 05:02:35.431584|[g:1][CONSENSUS][PBFT]checkTimeout Succ,view=285,toView=286,nodeIdx=4,changeCycle=1,myNode=e3236923...,timecost=0.213
info|2020-11-25 05:02:35.441712|[g:1][CONSENSUS][PBFT]checkAndChangeView: Reach consensus,org_view=285,cur_changeCycle=1,to_view=286
info|2020-11-25 05:02:36.450474|[g:1][CONSENSUS]addRawPrepare,height=161,reqIdx=1,hash=7eb3601e...,time=0
info|2020-11-25 05:02:36.467816|[g:1][CONSENSUS][PBFT]checkTimeout Succ,view=286,toView=287,nodeIdx=4,changeCycle=1,myNode=e3236923...,timecost=17.477
info|2020-11-25 05:02:36.481073|[g:1][CONSENSUS][PBFT]checkAndChangeView: Reach consensus,org_view=286,cur_changeCycle=1,to_view=287
info|2020-11-25 05:02:37.477019|[g:1][CONSENSUS]addRawPrepare,height=161,reqIdx=2,hash=4270e03d...,time=0
info|2020-11-25 05:02:37.478567|[g:1][CONSENSUS][PBFT]checkTimeout Succ,view=287,toView=288,nodeIdx=4,changeCycle=1,myNode=e3236923...,timecost=1.25
info|2020-11-25 05:02:37.490501|[g:1][CONSENSUS][PBFT]checkAndChangeView: Reach consensus,org_view=287,cur_changeCycle=1,to_view=288
info|2020-11-25 05:02:38.366827|[P2P][Service] heartBeat,connected count=4
info|2020-11-25 05:02:38.499182|[g:1][CONSENSUS]addRawPrepare,height=161,reqIdx=3,hash=9ffd0410...,time=0
info|2020-11-25 05:02:38.504053|[g:1][CONSENSUS][PBFT]checkTimeout Succ,view=288,toView=289,nodeIdx=4,changeCycle=1,myNode=e3236923...,timecost=4.378
info|2020-11-25 05:02:38.510474|[g:1][CONSENSUS][PBFT]checkAndChangeView: Reach consensus,org_view=288,cur_changeCycle=1,to_view=289
info|2020-11-25 05:02:39.514715|[g:1][CONSENSUS][SEALER]++++++++++++++++ Generating seal on,blkNum=161,tx=0,nodeIdx=4,hash=dcd6487b...
info|2020-11-25 05:02:39.528153|[g:1][CONSENSUS][PBFT]checkTimeout Succ,view=289,toView=290,nodeIdx=4,changeCycle=1,myNode=e3236923...,timecost=3.159
info|2020-11-25 05:02:39.532355|[g:1][CONSENSUS][PBFT]checkAndChangeView: Reach consensus,org_view=289,cur_changeCycle=1,to_view=290
info|2020-11-25 05:02:40.529263|[g:1][CONSENSUS]addRawPrepare,height=161,reqIdx=0,hash=f3f06552...,time=0
info|2020-11-25 05:02:40.533485|[g:1][CONSENSUS][PBFT]checkTimeout Succ,view=290,toView=291,nodeIdx=4,changeCycle=1,myNode=e3236923...,timecost=3.552
info|2020-11-25 05:02:40.539936|[g:1][CONSENSUS][PBFT]checkAndChangeView: Reach consensus,org_view=290,cur_changeCycle=1,to_view=291
info|2020-11-25 05:02:41.557358|[g:1][CONSENSUS]addRawPrepare,height=161,reqIdx=1,hash=278ad408...,time=0
info|2020-11-25 05:02:41.557596|[g:1][CONSENSUS][PBFT]checkTimeout Succ,view=291,toView=292,nodeIdx=4,changeCycle=1,myNode=e3236923...,timecost=0.206
info|2020-11-25 05:02:41.566847|[g:1][CONSENSUS][PBFT]checkAndChangeView: Reach consensus,org_view=291,cur_changeCycle=1,to_view=292
info|2020-11-25 05:02:42.568849|[g:1][CONSENSUS]addRawPrepare,height=161,reqIdx=2,hash=289d8354...,time=0
info|2020-11-25 05:02:42.573028|[g:1][CONSENSUS][PBFT]checkTimeout Succ,view=292,toView=293,nodeIdx=4,changeCycle=1,myNode=e3236923...,timecost=4.153
info|2020-11-25 05:02:42.584103|[g:1][CONSENSUS][PBFT]checkAndChangeView: Reach consensus,org_view=292,cur_changeCycle=1,to_view=293
info|2020-11-25 05:02:43.588851|[g:1][CONSENSUS]addRawPrepare,height=161,reqIdx=3,hash=d1b8624d...,time=0
info|2020-11-25 05:02:43.592431|[g:1][CONSENSUS][PBFT]checkTimeout Succ,view=293,toView=294,nodeIdx=4,changeCycle=1,myNode=e3236923...,timecost=3.552
info|2020-11-25 05:02:43.601299|[g:1][CONSENSUS][PBFT]checkAndChangeView: Reach consensus,org_view=293,cur_changeCycle=1,to_view=294
info|2020-11-25 05:02:44.601168|[g:1][CONSENSUS][SEALER]++++++++++++++++ Generating seal on,blkNum=161,tx=0,nodeIdx=4,hash=43fc0499...
info|2020-11-25 05:02:44.618067|[g:1][CONSENSUS][PBFT]checkTimeout Succ,view=294,toView=295,nodeIdx=4,changeCycle=1,myNode=e3236923...,timecost=0.229
info|2020-11-25 05:02:44.619547|[g:1][CONSENSUS][PBFT]checkAndChangeView: Reach consensus,org_view=294,cur_changeCycle=1,to_view=295
info|2020-11-25 05:02:45.613453|[g:1][CONSENSUS]addRawPrepare,height=161,reqIdx=0,hash=327ca2b3...,time=0
info|2020-11-25 05:02:45.613706|[g:1][CONSENSUS][PBFT]checkTimeout Succ,view=295,toView=296,nodeIdx=4,changeCycle=1,myNode=e3236923...,timecost=0.217
info|2020-11-25 05:02:45.628777|[g:1][CONSENSUS][PBFT]checkAndChangeView: Reach consensus,org_view=295,cur_changeCycle=1,to_view=296
info|2020-11-25 05:02:46.641994|[g:1][CONSENSUS]addRawPrepare,height=161,reqIdx=1,hash=d1fc9682...,time=1
info|2020-11-25 05:02:46.642256|[g:1][CONSENSUS][PBFT]checkTimeout Succ,view=296,toView=297,nodeIdx=4,changeCycle=1,myNode=e3236923...,timecost=0.229
info|2020-11-25 05:02:46.655964|[g:1][CONSENSUS][PBFT]checkAndChangeView: Reach consensus,org_view=296,cur_changeCycle=1,to_view=297
info|2020-11-25 05:02:47.665063|[g:1][CONSENSUS]addRawPrepare,height=161,reqIdx=2,hash=f619362f...,time=0
info|2020-11-25 05:02:47.665357|[g:1][CONSENSUS][PBFT]checkTimeout Succ,view=297,toView=298,nodeIdx=4,changeCycle=1,myNode=e3236923...,timecost=0.256
info|2020-11-25 05:02:47.685528|[g:1][CONSENSUS][PBFT]checkAndChangeView: Reach consensus,org_view=297,cur_changeCycle=1,to_view=298
info|2020-11-25 05:02:48.367514|[P2P][Service] heartBeat,connected count=4
info|2020-11-25 05:02:48.691498|[g:1][CONSENSUS]addRawPrepare,height=161,reqIdx=3,hash=f6b446b6...,time=0
info|2020-11-25 05:02:48.691820|[g:1][CONSENSUS][PBFT]checkTimeout Succ,view=298,toView=299,nodeIdx=4,changeCycle=1,myNode=e3236923...,timecost=0.284
info|2020-11-25 05:02:48.724120|[g:1][CONSENSUS][PBFT]checkAndChangeView: Reach consensus,org_view=298,cur_changeCycle=1,to_view=299
info|2020-11-25 05:02:49.725041|[g:1][CONSENSUS][SEALER]++++++++++++++++ Generating seal on,blkNum=161,tx=0,nodeIdx=4,hash=7e947099...
info|2020-11-25 05:02:49.743618|[g:1][CONSENSUS][PBFT]checkTimeout Succ,view=299,toView=300,nodeIdx=4,changeCycle=1,myNode=e3236923...,timecost=0.288
info|2020-11-25 05:02:49.748081|[g:1][CONSENSUS][PBFT]checkAndChangeView: Reach consensus,org_view=299,cur_changeCycle=1,to_view=300
