info|2020-11-19 20:59:09.691768|[INITIALIZER][initGlobalConfig],enableCompress=true,compatibilityVersion=2.6.0,versionNumber=33947648,enableStat=false,chainId=1,useSMCrypto=false
info|2020-11-19 20:59:09.700988|[INITIALIZER][SecureInitializer]loading privateKey
info|2020-11-19 20:59:09.768989|[INITIALIZER][SecureInitializer]get pub of node,nodeID=e323692331103d8387a51144a6a7aa96a40fbad612530e7563d7ea6a82261a995a4cac54ceb5c1c3ab0574eefb91d2d8cca3f4ae7286b13173001d0568620385
info|2020-11-19 20:59:09.770184|[INITIALIZER][SecureInitializer]use user certificate,file=conf//node.crt
info|2020-11-19 20:59:09.770968|[INITIALIZER][SecureInitializer]use ca certificate,file=conf//ca.crt
info|2020-11-19 20:59:09.771035|[INITIALIZER][SecureInitializer]use ca,file=conf//
info|2020-11-19 20:59:09.777391|[NETWORK][Host]Connecting to node,endpoint=127.0.0.1:30300
info|2020-11-19 20:59:09.778687|[NETWORK][Host]P2P StartAccept,Host=0.0.0.0:30303
info|2020-11-19 20:59:09.781531|[NETWORK][Host]Connecting to node,endpoint=127.0.0.1:30301
info|2020-11-19 20:59:09.781568|[NETWORK][Host]Connecting to node,endpoint=127.0.0.1:30302
info|2020-11-19 20:59:09.781592|[NETWORK][Host]Connecting to node,endpoint=127.0.0.1:30303
info|2020-11-19 20:59:09.781622|[P2P][Service] heartBeat,connected count=0
info|2020-11-19 20:59:09.781651|[INITIALIZER][RPCInitializer],network_security.check_cert_issuer=true
info|2020-11-19 20:59:09.788319|[CHANNEL]ChannelRPCServer started
info|2020-11-19 20:59:09.788353|[INITIALIZER][RPCInitializer]ChannelRPCHttpServer started.
info|2020-11-19 20:59:09.788370|[INITIALIZER][LedgerInitializer]initConfig
info|2020-11-19 20:59:09.788389|[LedgerInitializer],groupConfigPath=conf/
info|2020-11-19 20:59:09.801874|[NETWORK][ASIO]asyncResolveConnect,endpoint=127.0.0.1:30300
info|2020-11-19 20:59:09.805424|[NETWORK][ASIO]asyncResolveConnect,endpoint=127.0.0.1:30301
info|2020-11-19 20:59:09.806730|[NETWORK][ASIO]asyncResolveConnect,endpoint=127.0.0.1:30302
info|2020-11-19 20:59:09.806891|[NETWORK][ASIO]asyncResolveConnect,endpoint=127.0.0.1:30303
info|2020-11-19 20:59:09.806962|[NETWORK][Host]P2P Recv Connect, From=127.0.0.1:33622
info|2020-11-19 20:59:09.806992|[NETWORK][Host]P2P StartAccept,Host=0.0.0.0:30303
info|2020-11-19 20:59:09.810527|[INITIALIZER][initSingleLedger] [GroupId], LedgerConstructor:  1,configFileName=conf/group.1.genesis,dataDir=data/
info|2020-11-19 20:59:09.810651|[g:1][LedgerParam][parseGenesisConfig]initConsensusConfig/initStorageConfig/initTxConfig,configFile=conf/group.1.genesis
info|2020-11-19 20:59:09.810690|[g:1][LedgerParam][initConsensusConfig],type=pbft,consensusTimeout=3,maxTxNum=1000,txGasLimit=300000000
info|2020-11-19 20:59:09.810719|[g:1][LedgerParam][parsePublicKeyListOfSection],sectionName=consensus,it.first=2fba64b0e957aa63f4fe34a6e01bda1e7c3cde666f7675b1985bb6c6f478a76b839242c0b4c0827c30e43b3d1e946c863eb58a7dc8e4eae3e3dd439a78bba140
info|2020-11-19 20:59:09.810765|[g:1][LedgerParam][parsePublicKeyListOfSection],sectionName=consensus,it.first=5ae2db1c257ad0d1f68828d95b30668d270f7da75bd4d0c1aee9d5ada6da0fd0eb53b893d1c8a518e4884ea58fabfa5ea1c62f120045f1e512aa93b7df7a08f6
info|2020-11-19 20:59:09.810790|[g:1][LedgerParam][parsePublicKeyListOfSection],sectionName=consensus,it.first=097c5791ab496e86ce3fca3b4f86fb8044b28d6b79ead1ba3c9c73f2cd1aa0aa5229d968795f246e8d08f9cf8102ed923e5e218f720efbc6c64c796a68837312
info|2020-11-19 20:59:09.810815|[g:1][LedgerParam][parsePublicKeyListOfSection],sectionName=consensus,it.first=e323692331103d8387a51144a6a7aa96a40fbad612530e7563d7ea6a82261a995a4cac54ceb5c1c3ab0574eefb91d2d8cca3f4ae7286b13173001d0568620385
info|2020-11-19 20:59:09.810830|[g:1][LedgerParam][parsePublicKeyListOfSection],totalPubKeySize=4
info|2020-11-19 20:59:09.810855|[g:1][LedgerParam][max_block_range],maxBlockRange=0,maxBlockPerProcess=3
info|2020-11-19 20:59:09.810873|[g:1][LedgerParam][parseGenesisConfig],timestamp=1605763987000
info|2020-11-19 20:59:09.810892|[g:1][LedgerParam]setEVMFlags,enableFreeStorageVMSchedule=false,evmFlags=0
info|2020-11-19 20:59:09.810915|[g:1][LedgerParam]store evmFlag,evmFlag=0
info|2020-11-19 20:59:09.810938|[g:1][LedgerParam]store consensus time,consensusTimeout=3
info|2020-11-19 20:59:09.810954|[g:1][LedgerParam][initMark],genesisMark=1-2fba64b0e957aa63f4fe34a6e01bda1e7c3cde666f7675b1985bb6c6f478a76b839242c0b4c0827c30e43b3d1e946c863eb58a7dc8e4eae3e3dd439a78bba140,5ae2db1c257ad0d1f68828d95b30668d270f7da75bd4d0c1aee9d5ada6da0fd0eb53b893d1c8a518e4884ea58fabfa5ea1c62f120045f1e512aa93b7df7a08f6,097c5791ab496e86ce3fca3b4f86fb8044b28d6b79ead1ba3c9c73f2cd1aa0aa5229d968795f246e8d08f9cf8102ed923e5e218f720efbc6c64c796a68837312,e323692331103d8387a51144a6a7aa96a40fbad612530e7563d7ea6a82261a995a4cac54ceb5c1c3ab0574eefb91d2d8cca3f4ae7286b13173001d0568620385,-pbft-storage-0-1000-300000000-3
info|2020-11-19 20:59:09.810972|[g:1][LedgerParam][initIniConfig]initTxPoolConfig/initSyncConfig/initTxExecuteConfig,configFile=conf/group.1.ini
info|2020-11-19 20:59:09.814245|[g:1][LedgerParam][initStorageConfig],stateType=storage,storageDB=rocksdb,storagePath=data//group1/block/RocksDB,baseDir=data//group1,dbtype=mysql,dbip=127.0.0.1,dbport=3306,dbcharset=utf8mb4,initconnections=15,maxconnections=50,scrollThreshold=2000
info|2020-11-19 20:59:09.814279|[g:1][LedgerParam][initTxPoolConfig],txPoolLimit=150000,memorySizeLimit(MB)=512,notifyWorkerNum=2
info|2020-11-19 20:59:09.814297|[g:1][LedgerParam][initSyncConfig],idleWaitMs=200
info|2020-11-19 20:59:09.814316|[g:1][LedgerParam][initSyncConfig],enableSendTxsByTree=true,enableSendBlockStatusByTree=true
info|2020-11-19 20:59:09.814334|[g:1][LedgerParam][initSyncConfig],gossipInterval=1000
info|2020-11-19 20:59:09.814355|[g:1][LedgerParam][initSyncConfig],enableSendBlockStatusByTree=true,gossipInterval=1000,gossipPeers=3,syncTreeWidth=3,maxQueueSizeForBlockSync=536870912,txsStatusGossipMaxPeers=5
info|2020-11-19 20:59:09.814372|[g:1][LedgerParam][InitTxExecuteConfig],enableParallel=true
info|2020-11-19 20:59:09.814398|[g:1][LedgerParam][initConsensusIniConfig],maxTTL=2,minBlockGenerationTime=500,enablDynamicBlockSize=true,blockSizeIncreaseRatio=0.5,enableTTLOptimize=true,enablePrepareWithTxsHash=true
info|2020-11-19 20:59:09.814427|[g:1][LedgerParam][initRPBFTConsensusIniConfig],broadcastPrepareByTree=true,prepareStatusBroadcastPercent=33,maxRequestMissedTxsWaitTime=100,maxRequestPrepareWaitTime=100
info|2020-11-19 20:59:09.814445|[g:1][LedgerParam][initFlowControlConfig],maxQPS=9223372036854775807,outGoingBandwidth(Bytes)=9223372036854775807
info|2020-11-19 20:59:09.814460|[g:1][LedgerParam]parseSDKAllowList,sdkAllowList=[],enableSDKAllowListControl=false
info|2020-11-19 20:59:09.814486|[g:1][LEDGER][initLedger][DBInitializer]
info|2020-11-19 20:59:09.814506|[g:1][LEDGER]setSDKAllowList,groupId=1,sdkAllowListSize=0
info|2020-11-19 20:59:09.814523|[g:1][CHANNEL]registerSDKAllowListByGroupId,groupId=1,size=0
info|2020-11-19 20:59:09.814538|[g:1][CHANNEL]Disable group-level sdk permission control for sdk allowlist is empty
info|2020-11-19 20:59:09.814551|[g:1][DBINITIALIZER] [initStorageDB]
info|2020-11-19 20:59:09.814565|[g:1][DBINITIALIZER] [initRocksDBStorage]
info|2020-11-19 20:59:09.817005|[g:1][ROCKSDB]open rocksDB handler,path=data//group1/block/RocksDB
info|2020-11-19 20:59:09.840889|[NETWORK][Host]P2P Recv Connect, From=127.0.0.1:33630
info|2020-11-19 20:59:09.840943|[NETWORK][Host]P2P StartAccept,Host=0.0.0.0:30303
info|2020-11-19 20:59:09.911698|[g:1][g:1][STORAGE][CachedStorage]Init flushStorage thread
info|2020-11-19 20:59:09.911852|[g:1][DBINITIALIZER] [init CachedStorage],maxCapacity=32,maxForwardBlock=10
info|2020-11-19 20:59:09.911880|[g:1][LEDGER][initLedger][initBlockChain]
info|2020-11-19 20:59:09.916338|[g:1][LEDGER]set enableHexBlock to be false,version=33947648
info|2020-11-19 20:59:09.917869|[g:1][BLOCKCHAIN][#checkAndBuildGenesisBlock],shouldBuild=false
info|2020-11-19 20:59:09.926184|[g:1][BLOCKCHAIN][#checkAndBuildGenesisBlock]Already have the 0th block, 0th groupMark is equal to file groupMark.
info|2020-11-19 20:59:09.926217|[g:1][LEDGER][initLedger]initBlockChain SUCC
info|2020-11-19 20:59:09.926280|[g:1][DBINITIALIZER] [createStateFactory],type=storage
info|2020-11-19 20:59:09.926310|[g:1][DBINITIALIZER] createStorageState SUCC
info|2020-11-19 20:59:09.926326|[g:1][DBINITIALIZER] [createStateFactory SUCC]
info|2020-11-19 20:59:09.926342|[g:1][DBINITIALIZER] createExecutiveContext...
info|2020-11-19 20:59:09.926368|[g:1][LEDGER]createGasMetric,vmFlagType=0
info|2020-11-19 20:59:09.926385|[g:1][LEDGER]createGasMetric
info|2020-11-19 20:59:09.926408|[g:1][DBINITIALIZER] create precompiledGasFactory and precompiledResultFactory
info|2020-11-19 20:59:09.926424|[g:1][DBINITIALIZER] createExecutiveContext SUCC
info|2020-11-19 20:59:09.926440|[g:1][DBINITIALIZER] [setSyncNumForCachedStorage],syncNum=48
info|2020-11-19 20:59:09.926457|[g:1][LEDGER][initNetworkBandWidthLimiter: outGoingBandwidthLimit has been disabled],groupId=1
info|2020-11-19 20:59:09.926473|[g:1][LEDGER][QPSLimit has been disabled],groupId=1
info|2020-11-19 20:59:09.926489|[g:1][LEDGER][initLedger][initBlockVerifier]
info|2020-11-19 20:59:09.926507|[g:1][LEDGER][initLedger][initBlockVerifier SUCC],evmFlags=0
info|2020-11-19 20:59:09.926523|[g:1][LEDGER][initLedger][initTxPool],txPoolLimit=150000
info|2020-11-19 20:59:09.941345|[NETWORK][Host]P2P Recv Connect, From=127.0.0.1:33636
info|2020-11-19 20:59:09.941400|[NETWORK][Host]P2P StartAccept,Host=0.0.0.0:30303
info|2020-11-19 20:59:09.956120|[NETWORK][Host]handshakeServer succ,remote endpoint=127.0.0.1:33622
info|2020-11-19 20:59:09.956183|[NETWORK][Host]startPeerSession, Remote=127.0.0.1:33622,local endpoint=127.0.0.1:30303,nodeID=e3236923...
info|2020-11-19 20:59:09.962465|[g:1][LEDGER][initLedger]initTxPool SUCC
info|2020-11-19 20:59:09.962492|[g:1][LEDGER][initLedger][initSync],idleWaitMs=200,gossipInterval=1000,gossipPeers=3
info|2020-11-19 20:59:09.962509|[g:1][LEDGER]Init sync master,enableSendBlockStatusByTree=true,enableSendTxsByTree=true
info|2020-11-19 20:59:09.966799|[g:1][LEDGER][initLedger]initSync SUCC
info|2020-11-19 20:59:09.966824|[g:1][LEDGER][initLedger][consensusInitFactory]
info|2020-11-19 20:59:09.966839|[g:1][LEDGER][initLedger][createPBFTSealer]
info|2020-11-19 20:59:09.966853|[g:1][LEDGER][initLedger][createPBFTSealer],baseDir=data//group1,Protocol=65544
info|2020-11-19 20:59:09.966873|[g:1][LEDGER][initLedger]createPBFTSealer for PBFT or rPBFT,consensusType=pbft
info|2020-11-19 20:59:09.966888|[g:1][LEDGER]createConsensusEngine: create PBFTEngine
info|2020-11-19 20:59:09.966903|[g:1][CONSENSUS][PBFT]Register handler for PBFTEngine
info|2020-11-19 20:59:09.975296|[g:1][CONSENSUS][PBFT]setMinBlockGenerationTime,minBlockGenerationTime=500,consensusTime=1000
info|2020-11-19 20:59:09.975334|[g:1][LEDGER][initEventLogFilterManager]initEventLogFilterManager SUCC
info|2020-11-19 20:59:09.975355|[LedgerInitializer init group succ],groupID=1
info|2020-11-19 20:59:09.976541|[INITIALIZER][RPCInitializer JsonrpcHttpServer started],jsonrpc_IP=127.0.0.1,jsonrpc_listen_port=8548,ipv6=false
info|2020-11-19 20:59:09.976568|[g:1][LEDGER]startAll...
info|2020-11-19 20:59:09.998181|[g:1][GossipBlockStatus]start GossipBlockStatus succ
info|2020-11-19 20:59:09.998246|[g:1][CONSENSUS][ConsensusEngine][Start ConsensusEngineBase]
info|2020-11-19 20:59:10.000742|[g:1][CONSENSUS][PBFT]^^^^^^^^Report,num=48,sealerIdx=1,hash=650f46d9...,next=49,tx=1,nodeIdx=3
info|2020-11-19 20:59:10.005232|[g:1][ROCKSDB]open rocksDB handler,path=data//group1/pbftMsgBackup/RocksDB
info|2020-11-19 20:59:10.008846|[NETWORK][Host]handshakeClient succ,local endpoint=127.0.0.1:33622
info|2020-11-19 20:59:10.008902|[NETWORK][Host]startPeerSession, Remote=127.0.0.1:30303,local endpoint=127.0.0.1:33622,nodeID=e3236923...
info|2020-11-19 20:59:10.032754|[NETWORK][Host]P2P Recv Connect, From=127.0.0.1:33642
info|2020-11-19 20:59:10.032855|[NETWORK][Host]P2P StartAccept,Host=0.0.0.0:30303
info|2020-11-19 20:59:10.033033|[NETWORK][Host]handshakeClient succ,local endpoint=127.0.0.1:37096
info|2020-11-19 20:59:10.033112|[P2P][Service] Connection established,nodeID=097c5791...,endpoint=127.0.0.1:30302
info|2020-11-19 20:59:10.033136|[NETWORK][Host]startPeerSession, Remote=127.0.0.1:30302,local endpoint=127.0.0.1:37096,nodeID=097c5791...
info|2020-11-19 20:59:10.033859|[NETWORK][Host]handshakeClient succ,local endpoint=127.0.0.1:45670
info|2020-11-19 20:59:10.034156|[P2P][Service] Connection established,nodeID=5ae2db1c...,endpoint=127.0.0.1:30301
info|2020-11-19 20:59:10.034184|[NETWORK][Host]startPeerSession, Remote=127.0.0.1:30301,local endpoint=127.0.0.1:45670,nodeID=5ae2db1c...
info|2020-11-19 20:59:10.034264|[NETWORK][Host]handshakeClient succ,local endpoint=127.0.0.1:37194
info|2020-11-19 20:59:10.034312|[P2P][Service] Connection established,nodeID=2fba64b0...,endpoint=127.0.0.1:30300
info|2020-11-19 20:59:10.034333|[NETWORK][Host]startPeerSession, Remote=127.0.0.1:30300,local endpoint=127.0.0.1:37194,nodeID=2fba64b0...
info|2020-11-19 20:59:10.056874|[g:1][CONSENSUS][PBFT][PBFT init env successfully]
info|2020-11-19 20:59:10.056901|[g:1][CONSENSUS][PBFT][Start PBFTEngine...]
info|2020-11-19 20:59:10.056915|[g:1][CONSENSUS][SEALER][Start sealer module]
info|2020-11-19 20:59:10.065060|[NETWORK][Host]handshakeServer succ,remote endpoint=127.0.0.1:33636
info|2020-11-19 20:59:10.065113|[NETWORK][Host]startPeerSession, Remote=127.0.0.1:33636,local endpoint=127.0.0.1:30303,nodeID=2fba64b0...
info|2020-11-19 20:59:10.065234|[g:1][EVENT][EventLogFilterManager]start,m_maxBlockRange=0,m_maxBlockPerLoopFilter=3
info|2020-11-19 20:59:10.071648|[g:1][NodeTimeMaintenance]updateTimeInfo: update median time offset,updatedMedianTimeOffset=-23,peer=2fba64b0...,peerTime=1605837550048,peerOffset=-23,utcTime=1605837550071
info|2020-11-19 20:59:10.076166|[NETWORK][Host]handshakeServer succ,remote endpoint=127.0.0.1:33630
info|2020-11-19 20:59:10.077395|[NETWORK][Host]startPeerSession, Remote=127.0.0.1:33630,local endpoint=127.0.0.1:30303,nodeID=097c5791...
info|2020-11-19 20:59:10.090223|[g:1][NodeTimeMaintenance]updateTimeInfo: update median time offset,updatedMedianTimeOffset=-27,peer=097c5791...,peerTime=1605837550058,peerOffset=-32,utcTime=1605837550090
info|2020-11-19 20:59:10.094476|[NETWORK][Host]handshakeServer succ,remote endpoint=127.0.0.1:33642
info|2020-11-19 20:59:10.094551|[NETWORK][Host]startPeerSession, Remote=127.0.0.1:33642,local endpoint=127.0.0.1:30303,nodeID=5ae2db1c...
info|2020-11-19 20:59:10.095052|[g:1][NodeTimeMaintenance]updateTimeInfo: update median time offset,updatedMedianTimeOffset=-32,peer=5ae2db1c...,peerTime=1605837550048,peerOffset=-47,utcTime=1605837550095
info|2020-11-19 20:59:11.165796|[g:1][CONSENSUS]addRawPrepare,height=49,reqIdx=0,hash=e8a8c581...,time=0
info|2020-11-19 20:59:11.179764|[g:1][CONSENSUS][PBFT]checkTimeout Succ,view=0,toView=1,nodeIdx=3,changeCycle=1,myNode=e3236923...,timecost=1.644
info|2020-11-19 20:59:11.180727|[g:1][CONSENSUS][PBFT]checkAndChangeView: Reach consensus,org_view=0,cur_changeCycle=1,to_view=1
info|2020-11-19 20:59:12.246271|[g:1][CONSENSUS]addRawPrepare,height=49,reqIdx=1,hash=0ab9faa6...,time=0
info|2020-11-19 20:59:12.246556|[g:1][CONSENSUS][PBFT]checkTimeout Succ,view=1,toView=2,nodeIdx=3,changeCycle=1,myNode=e3236923...,timecost=0.217
info|2020-11-19 20:59:12.249893|[g:1][CONSENSUS][PBFT]checkAndChangeView: Reach consensus,org_view=1,cur_changeCycle=1,to_view=2
info|2020-11-19 20:59:13.254802|[g:1][CONSENSUS]addRawPrepare,height=49,reqIdx=2,hash=c2e4f9ea...,time=0
info|2020-11-19 20:59:13.255138|[g:1][CONSENSUS][PBFT]checkTimeout Succ,view=2,toView=3,nodeIdx=3,changeCycle=1,myNode=e3236923...,timecost=0.307
info|2020-11-19 20:59:13.257511|[g:1][CONSENSUS][PBFT]checkAndChangeView: Reach consensus,org_view=2,cur_changeCycle=1,to_view=3
info|2020-11-19 20:59:14.258965|[g:1][CONSENSUS][SEALER]++++++++++++++++ Generating seal on,blkNum=49,tx=0,nodeIdx=3,hash=e508e00c...
info|2020-11-19 20:59:14.266070|[g:1][CONSENSUS][PBFT]checkTimeout Succ,view=3,toView=4,nodeIdx=3,changeCycle=1,myNode=e3236923...,timecost=0.261
info|2020-11-19 20:59:14.267887|[g:1][CONSENSUS][PBFT]checkAndChangeView: Reach consensus,org_view=3,cur_changeCycle=1,to_view=4
info|2020-11-19 20:59:15.268940|[g:1][CONSENSUS]addRawPrepare,height=49,reqIdx=0,hash=6425b89b...,time=0
info|2020-11-19 20:59:15.269310|[g:1][CONSENSUS][PBFT]checkTimeout Succ,view=4,toView=5,nodeIdx=3,changeCycle=1,myNode=e3236923...,timecost=0.262
info|2020-11-19 20:59:15.274122|[g:1][CONSENSUS][PBFT]checkAndChangeView: Reach consensus,org_view=4,cur_changeCycle=1,to_view=5
info|2020-11-19 20:59:16.277879|[g:1][CONSENSUS]addRawPrepare,height=49,reqIdx=1,hash=3f346a0e...,time=0
info|2020-11-19 20:59:16.278162|[g:1][CONSENSUS][PBFT]checkTimeout Succ,view=5,toView=6,nodeIdx=3,changeCycle=1,myNode=e3236923...,timecost=0.217
info|2020-11-19 20:59:16.281545|[g:1][CONSENSUS][PBFT]checkAndChangeView: Reach consensus,org_view=5,cur_changeCycle=1,to_view=6
info|2020-11-19 20:59:17.287347|[g:1][CONSENSUS]addRawPrepare,height=49,reqIdx=2,hash=8fb8b3a3...,time=0
info|2020-11-19 20:59:17.287619|[g:1][CONSENSUS][PBFT]checkTimeout Succ,view=6,toView=7,nodeIdx=3,changeCycle=1,myNode=e3236923...,timecost=0.221
info|2020-11-19 20:59:17.288271|[g:1][CONSENSUS][PBFT]checkAndChangeView: Reach consensus,org_view=6,cur_changeCycle=1,to_view=7
info|2020-11-19 20:59:18.289584|[g:1][CONSENSUS][SEALER]++++++++++++++++ Generating seal on,blkNum=49,tx=0,nodeIdx=3,hash=41049bae...
info|2020-11-19 20:59:18.298823|[g:1][CONSENSUS][PBFT]checkTimeout Succ,view=7,toView=8,nodeIdx=3,changeCycle=1,myNode=e3236923...,timecost=0.207
info|2020-11-19 20:59:18.300696|[g:1][CONSENSUS][PBFT]checkAndChangeView: Reach consensus,org_view=7,cur_changeCycle=1,to_view=8
info|2020-11-19 20:59:19.300091|[g:1][CONSENSUS]addRawPrepare,height=49,reqIdx=0,hash=4f3ae2e0...,time=0
info|2020-11-19 20:59:19.300359|[g:1][CONSENSUS][PBFT]checkTimeout Succ,view=8,toView=9,nodeIdx=3,changeCycle=1,myNode=e3236923...,timecost=0.2
info|2020-11-19 20:59:19.310529|[g:1][CONSENSUS][PBFT]checkAndChangeView: Reach consensus,org_view=8,cur_changeCycle=1,to_view=9
info|2020-11-19 20:59:19.781769|[P2P][Service] heartBeat,connected count=3
info|2020-11-19 20:59:20.320477|[g:1][CONSENSUS]addRawPrepare,height=49,reqIdx=1,hash=e654b366...,time=0
info|2020-11-19 20:59:20.320872|[g:1][CONSENSUS][PBFT]checkTimeout Succ,view=9,toView=10,nodeIdx=3,changeCycle=1,myNode=e3236923...,timecost=0.344
info|2020-11-19 20:59:20.324556|[g:1][CONSENSUS][PBFT]checkAndChangeView: Reach consensus,org_view=9,cur_changeCycle=1,to_view=10
info|2020-11-19 20:59:21.327022|[g:1][CONSENSUS]addRawPrepare,height=49,reqIdx=2,hash=239edf66...,time=0
info|2020-11-19 20:59:21.327273|[g:1][CONSENSUS][PBFT]checkTimeout Succ,view=10,toView=11,nodeIdx=3,changeCycle=1,myNode=e3236923...,timecost=0.226
info|2020-11-19 20:59:21.330697|[g:1][CONSENSUS][PBFT]checkAndChangeView: Reach consensus,org_view=10,cur_changeCycle=1,to_view=11
info|2020-11-19 20:59:22.332287|[g:1][CONSENSUS][SEALER]++++++++++++++++ Generating seal on,blkNum=49,tx=0,nodeIdx=3,hash=202e39e3...
info|2020-11-19 20:59:22.338037|[g:1][CONSENSUS][PBFT]checkTimeout Succ,view=11,toView=12,nodeIdx=3,changeCycle=1,myNode=e3236923...,timecost=0.199
info|2020-11-19 20:59:22.339131|[g:1][CONSENSUS][PBFT]checkAndChangeView: Reach consensus,org_view=11,cur_changeCycle=1,to_view=12
info|2020-11-19 20:59:23.340383|[g:1][CONSENSUS]addRawPrepare,height=49,reqIdx=0,hash=3e360dc7...,time=0
info|2020-11-19 20:59:23.340576|[g:1][CONSENSUS][PBFT]checkTimeout Succ,view=12,toView=13,nodeIdx=3,changeCycle=1,myNode=e3236923...,timecost=0.169
info|2020-11-19 20:59:23.343158|[g:1][CONSENSUS][PBFT]checkAndChangeView: Reach consensus,org_view=12,cur_changeCycle=1,to_view=13
info|2020-11-19 20:59:24.346366|[g:1][CONSENSUS]addRawPrepare,height=49,reqIdx=1,hash=8189eb70...,time=0
info|2020-11-19 20:59:24.346587|[g:1][CONSENSUS][PBFT]checkTimeout Succ,view=13,toView=14,nodeIdx=3,changeCycle=1,myNode=e3236923...,timecost=0.198
info|2020-11-19 20:59:24.348774|[g:1][CONSENSUS][PBFT]checkAndChangeView: Reach consensus,org_view=13,cur_changeCycle=1,to_view=14
info|2020-11-19 20:59:25.353643|[g:1][CONSENSUS]addRawPrepare,height=49,reqIdx=2,hash=456882ef...,time=0
info|2020-11-19 20:59:25.353950|[g:1][CONSENSUS][PBFT]checkTimeout Succ,view=14,toView=15,nodeIdx=3,changeCycle=1,myNode=e3236923...,timecost=0.274
info|2020-11-19 20:59:25.356737|[g:1][CONSENSUS][PBFT]checkAndChangeView: Reach consensus,org_view=14,cur_changeCycle=1,to_view=15
info|2020-11-19 20:59:26.358916|[g:1][CONSENSUS][SEALER]++++++++++++++++ Generating seal on,blkNum=49,tx=0,nodeIdx=3,hash=3a383846...
info|2020-11-19 20:59:26.370809|[g:1][CONSENSUS][PBFT]checkTimeout Succ,view=15,toView=16,nodeIdx=3,changeCycle=1,myNode=e3236923...,timecost=0.38
info|2020-11-19 20:59:26.373167|[g:1][CONSENSUS][PBFT]checkAndChangeView: Reach consensus,org_view=15,cur_changeCycle=1,to_view=16
info|2020-11-19 20:59:27.372480|[g:1][CONSENSUS]addRawPrepare,height=49,reqIdx=0,hash=28fefcfd...,time=0
info|2020-11-19 20:59:27.375840|[g:1][CONSENSUS][PBFT]checkTimeout Succ,view=16,toView=17,nodeIdx=3,changeCycle=1,myNode=e3236923...,timecost=3.316
info|2020-11-19 20:59:27.381505|[g:1][CONSENSUS][PBFT]checkAndChangeView: Reach consensus,org_view=16,cur_changeCycle=1,to_view=17
info|2020-11-19 20:59:28.388156|[g:1][CONSENSUS]addRawPrepare,height=49,reqIdx=1,hash=d8946fa3...,time=0
info|2020-11-19 20:59:28.392081|[g:1][CONSENSUS][PBFT]checkTimeout Succ,view=17,toView=18,nodeIdx=3,changeCycle=1,myNode=e3236923...,timecost=3.853
info|2020-11-19 20:59:28.398186|[g:1][CONSENSUS][PBFT]checkAndChangeView: Reach consensus,org_view=17,cur_changeCycle=1,to_view=18
info|2020-11-19 20:59:29.404026|[g:1][CONSENSUS]addRawPrepare,height=49,reqIdx=2,hash=57069437...,time=0
info|2020-11-19 20:59:29.404458|[g:1][CONSENSUS][PBFT]checkTimeout Succ,view=18,toView=19,nodeIdx=3,changeCycle=1,myNode=e3236923...,timecost=0.386
info|2020-11-19 20:59:29.409955|[g:1][CONSENSUS][PBFT]checkAndChangeView: Reach consensus,org_view=18,cur_changeCycle=1,to_view=19
info|2020-11-19 20:59:29.781883|[P2P][Service] heartBeat,connected count=3
info|2020-11-19 20:59:30.410994|[g:1][CONSENSUS][SEALER]++++++++++++++++ Generating seal on,blkNum=49,tx=0,nodeIdx=3,hash=5bbf35db...
info|2020-11-19 20:59:30.419498|[g:1][CONSENSUS][PBFT]checkTimeout Succ,view=19,toView=20,nodeIdx=3,changeCycle=1,myNode=e3236923...,timecost=0.223
info|2020-11-19 20:59:30.420548|[g:1][CONSENSUS][PBFT]checkAndChangeView: Reach consensus,org_view=19,cur_changeCycle=1,to_view=20
info|2020-11-19 20:59:31.422001|[g:1][CONSENSUS]addRawPrepare,height=49,reqIdx=0,hash=92da9e72...,time=1
info|2020-11-19 20:59:31.422366|[g:1][CONSENSUS][PBFT]checkTimeout Succ,view=20,toView=21,nodeIdx=3,changeCycle=1,myNode=e3236923...,timecost=0.309
info|2020-11-19 20:59:31.427611|[g:1][CONSENSUS][PBFT]checkAndChangeView: Reach consensus,org_view=20,cur_changeCycle=1,to_view=21
info|2020-11-19 20:59:32.430239|[g:1][CONSENSUS]addRawPrepare,height=49,reqIdx=1,hash=663d4364...,time=0
info|2020-11-19 20:59:32.430572|[g:1][CONSENSUS][PBFT]checkTimeout Succ,view=21,toView=22,nodeIdx=3,changeCycle=1,myNode=e3236923...,timecost=0.304
info|2020-11-19 20:59:32.433562|[g:1][CONSENSUS][PBFT]checkAndChangeView: Reach consensus,org_view=21,cur_changeCycle=1,to_view=22
info|2020-11-19 20:59:33.436455|[g:1][CONSENSUS]addRawPrepare,height=49,reqIdx=2,hash=05ddd064...,time=0
info|2020-11-19 20:59:33.436744|[g:1][CONSENSUS][PBFT]checkTimeout Succ,view=22,toView=23,nodeIdx=3,changeCycle=1,myNode=e3236923...,timecost=0.258
info|2020-11-19 20:59:33.439632|[g:1][CONSENSUS][PBFT]checkAndChangeView: Reach consensus,org_view=22,cur_changeCycle=1,to_view=23
info|2020-11-19 20:59:34.441138|[g:1][CONSENSUS][SEALER]++++++++++++++++ Generating seal on,blkNum=49,tx=0,nodeIdx=3,hash=46f6d21a...
info|2020-11-19 20:59:34.449347|[g:1][CONSENSUS][PBFT]checkTimeout Succ,view=23,toView=24,nodeIdx=3,changeCycle=1,myNode=e3236923...,timecost=0.32
info|2020-11-19 20:59:34.450861|[g:1][CONSENSUS][PBFT]checkAndChangeView: Reach consensus,org_view=23,cur_changeCycle=1,to_view=24
info|2020-11-19 20:59:35.452205|[g:1][CONSENSUS]addRawPrepare,height=49,reqIdx=0,hash=efe5ea83...,time=0
info|2020-11-19 20:59:35.452554|[g:1][CONSENSUS][PBFT]checkTimeout Succ,view=24,toView=25,nodeIdx=3,changeCycle=1,myNode=e3236923...,timecost=0.32
info|2020-11-19 20:59:35.456357|[g:1][CONSENSUS][PBFT]checkAndChangeView: Reach consensus,org_view=24,cur_changeCycle=1,to_view=25
info|2020-11-19 20:59:36.460001|[g:1][CONSENSUS]addRawPrepare,height=49,reqIdx=1,hash=3a3bfa48...,time=1
info|2020-11-19 20:59:36.460316|[g:1][CONSENSUS][PBFT]checkTimeout Succ,view=25,toView=26,nodeIdx=3,changeCycle=1,myNode=e3236923...,timecost=0.282
info|2020-11-19 20:59:36.462793|[g:1][CONSENSUS][PBFT]checkAndChangeView: Reach consensus,org_view=25,cur_changeCycle=1,to_view=26
info|2020-11-19 20:59:37.467228|[g:1][CONSENSUS]addRawPrepare,height=49,reqIdx=2,hash=7c09fffc...,time=0
info|2020-11-19 20:59:37.467472|[g:1][CONSENSUS][PBFT]checkTimeout Succ,view=26,toView=27,nodeIdx=3,changeCycle=1,myNode=e3236923...,timecost=0.217
info|2020-11-19 20:59:37.472669|[g:1][CONSENSUS][PBFT]checkAndChangeView: Reach consensus,org_view=26,cur_changeCycle=1,to_view=27
info|2020-11-19 20:59:38.475939|[g:1][CONSENSUS][SEALER]++++++++++++++++ Generating seal on,blkNum=49,tx=0,nodeIdx=3,hash=12405340...
info|2020-11-19 20:59:38.487056|[g:1][CONSENSUS][PBFT]checkTimeout Succ,view=27,toView=28,nodeIdx=3,changeCycle=1,myNode=e3236923...,timecost=0.193
info|2020-11-19 20:59:38.488121|[g:1][CONSENSUS][PBFT]checkAndChangeView: Reach consensus,org_view=27,cur_changeCycle=1,to_view=28
info|2020-11-19 20:59:39.488642|[g:1][CONSENSUS]addRawPrepare,height=49,reqIdx=0,hash=3647582e...,time=0
info|2020-11-19 20:59:39.488921|[g:1][CONSENSUS][PBFT]checkTimeout Succ,view=28,toView=29,nodeIdx=3,changeCycle=1,myNode=e3236923...,timecost=0.241
info|2020-11-19 20:59:39.493642|[g:1][CONSENSUS][PBFT]checkAndChangeView: Reach consensus,org_view=28,cur_changeCycle=1,to_view=29
info|2020-11-19 20:59:39.781972|[P2P][Service] heartBeat,connected count=3
info|2020-11-19 20:59:40.497150|[g:1][CONSENSUS]addRawPrepare,height=49,reqIdx=1,hash=558a593b...,time=0
info|2020-11-19 20:59:40.497468|[g:1][CONSENSUS][PBFT]checkTimeout Succ,view=29,toView=30,nodeIdx=3,changeCycle=1,myNode=e3236923...,timecost=0.287
info|2020-11-19 20:59:40.500898|[g:1][CONSENSUS][PBFT]checkAndChangeView: Reach consensus,org_view=29,cur_changeCycle=1,to_view=30
info|2020-11-19 20:59:41.502364|[g:1][CONSENSUS]addRawPrepare,height=49,reqIdx=2,hash=be00e2ba...,time=0
info|2020-11-19 20:59:41.502698|[g:1][CONSENSUS][PBFT]checkTimeout Succ,view=30,toView=31,nodeIdx=3,changeCycle=1,myNode=e3236923...,timecost=0.3
info|2020-11-19 20:59:41.506105|[g:1][CONSENSUS][PBFT]checkAndChangeView: Reach consensus,org_view=30,cur_changeCycle=1,to_view=31
info|2020-11-19 20:59:42.507691|[g:1][CONSENSUS][SEALER]++++++++++++++++ Generating seal on,blkNum=49,tx=0,nodeIdx=3,hash=19dc9ae1...
info|2020-11-19 20:59:42.514859|[g:1][CONSENSUS][PBFT]checkTimeout Succ,view=31,toView=32,nodeIdx=3,changeCycle=1,myNode=e3236923...,timecost=0.234
info|2020-11-19 20:59:42.516226|[g:1][CONSENSUS][PBFT]checkAndChangeView: Reach consensus,org_view=31,cur_changeCycle=1,to_view=32
info|2020-11-19 20:59:43.516722|[g:1][CONSENSUS]addRawPrepare,height=49,reqIdx=0,hash=3e17ceba...,time=0
info|2020-11-19 20:59:43.516984|[g:1][CONSENSUS][PBFT]checkTimeout Succ,view=32,toView=33,nodeIdx=3,changeCycle=1,myNode=e3236923...,timecost=0.23
info|2020-11-19 20:59:43.519740|[g:1][CONSENSUS][PBFT]checkAndChangeView: Reach consensus,org_view=32,cur_changeCycle=1,to_view=33
info|2020-11-19 20:59:44.525034|[g:1][CONSENSUS]addRawPrepare,height=49,reqIdx=1,hash=8a843e03...,time=0
info|2020-11-19 20:59:44.525316|[g:1][CONSENSUS][PBFT]checkTimeout Succ,view=33,toView=34,nodeIdx=3,changeCycle=1,myNode=e3236923...,timecost=0.253
info|2020-11-19 20:59:44.528578|[g:1][CONSENSUS][PBFT]checkAndChangeView: Reach consensus,org_view=33,cur_changeCycle=1,to_view=34
info|2020-11-19 20:59:45.533837|[g:1][CONSENSUS]addRawPrepare,height=49,reqIdx=2,hash=cb4d1d50...,time=0
info|2020-11-19 20:59:45.534151|[g:1][CONSENSUS][PBFT]checkTimeout Succ,view=34,toView=35,nodeIdx=3,changeCycle=1,myNode=e3236923...,timecost=0.279
info|2020-11-19 20:59:45.536494|[g:1][CONSENSUS][PBFT]checkAndChangeView: Reach consensus,org_view=34,cur_changeCycle=1,to_view=35
info|2020-11-19 20:59:46.537852|[g:1][CONSENSUS][SEALER]++++++++++++++++ Generating seal on,blkNum=49,tx=0,nodeIdx=3,hash=cb08d191...
info|2020-11-19 20:59:46.545320|[g:1][CONSENSUS][PBFT]checkTimeout Succ,view=35,toView=36,nodeIdx=3,changeCycle=1,myNode=e3236923...,timecost=0.241
info|2020-11-19 20:59:46.546770|[g:1][CONSENSUS][PBFT]checkAndChangeView: Reach consensus,org_view=35,cur_changeCycle=1,to_view=36
info|2020-11-19 20:59:47.547385|[g:1][CONSENSUS]addRawPrepare,height=49,reqIdx=0,hash=433deaab...,time=0
info|2020-11-19 20:59:47.547678|[g:1][CONSENSUS][PBFT]checkTimeout Succ,view=36,toView=37,nodeIdx=3,changeCycle=1,myNode=e3236923...,timecost=0.258
info|2020-11-19 20:59:47.550452|[g:1][CONSENSUS][PBFT]checkAndChangeView: Reach consensus,org_view=36,cur_changeCycle=1,to_view=37
info|2020-11-19 20:59:48.555185|[g:1][CONSENSUS]addRawPrepare,height=49,reqIdx=1,hash=0b3142f3...,time=0
info|2020-11-19 20:59:48.555438|[g:1][CONSENSUS][PBFT]checkTimeout Succ,view=37,toView=38,nodeIdx=3,changeCycle=1,myNode=e3236923...,timecost=0.219
info|2020-11-19 20:59:48.563783|[g:1][CONSENSUS][PBFT]checkAndChangeView: Reach consensus,org_view=37,cur_changeCycle=1,to_view=38
info|2020-11-19 20:59:49.570571|[g:1][CONSENSUS]addRawPrepare,height=49,reqIdx=2,hash=ca7671ac...,time=0
info|2020-11-19 20:59:49.576587|[g:1][CONSENSUS][PBFT]checkTimeout Succ,view=38,toView=39,nodeIdx=3,changeCycle=1,myNode=e3236923...,timecost=5.97
info|2020-11-19 20:59:49.577291|[g:1][CONSENSUS][PBFT]checkAndChangeView: Reach consensus,org_view=38,cur_changeCycle=1,to_view=39
info|2020-11-19 20:59:49.782043|[P2P][Service] heartBeat,connected count=3
info|2020-11-19 20:59:50.578088|[g:1][CONSENSUS][SEALER]++++++++++++++++ Generating seal on,blkNum=49,tx=0,nodeIdx=3,hash=a78d549d...
info|2020-11-19 20:59:50.587178|[g:1][CONSENSUS][PBFT]checkTimeout Succ,view=39,toView=40,nodeIdx=3,changeCycle=1,myNode=e3236923...,timecost=0.227
info|2020-11-19 20:59:50.588534|[g:1][CONSENSUS][PBFT]checkAndChangeView: Reach consensus,org_view=39,cur_changeCycle=1,to_view=40
info|2020-11-19 20:59:51.588468|[g:1][CONSENSUS]addRawPrepare,height=49,reqIdx=0,hash=cb873a5f...,time=0
info|2020-11-19 20:59:51.588719|[g:1][CONSENSUS][PBFT]checkTimeout Succ,view=40,toView=41,nodeIdx=3,changeCycle=1,myNode=e3236923...,timecost=0.212
info|2020-11-19 20:59:51.592862|[g:1][CONSENSUS][PBFT]checkAndChangeView: Reach consensus,org_view=40,cur_changeCycle=1,to_view=41
info|2020-11-19 20:59:52.599704|[g:1][CONSENSUS]addRawPrepare,height=49,reqIdx=1,hash=f117392d...,time=0
info|2020-11-19 20:59:52.600035|[g:1][CONSENSUS][PBFT]checkTimeout Succ,view=41,toView=42,nodeIdx=3,changeCycle=1,myNode=e3236923...,timecost=0.298
info|2020-11-19 20:59:52.604549|[g:1][CONSENSUS][PBFT]checkAndChangeView: Reach consensus,org_view=41,cur_changeCycle=1,to_view=42
info|2020-11-19 20:59:53.605930|[g:1][CONSENSUS]addRawPrepare,height=49,reqIdx=2,hash=78f6a81f...,time=0
info|2020-11-19 20:59:53.606209|[g:1][CONSENSUS][PBFT]checkTimeout Succ,view=42,toView=43,nodeIdx=3,changeCycle=1,myNode=e3236923...,timecost=0.245
info|2020-11-19 20:59:53.608558|[g:1][CONSENSUS][PBFT]checkAndChangeView: Reach consensus,org_view=42,cur_changeCycle=1,to_view=43
info|2020-11-19 20:59:54.609864|[g:1][CONSENSUS][SEALER]++++++++++++++++ Generating seal on,blkNum=49,tx=0,nodeIdx=3,hash=76ca7a26...
info|2020-11-19 20:59:54.618686|[g:1][CONSENSUS][PBFT]checkTimeout Succ,view=43,toView=44,nodeIdx=3,changeCycle=1,myNode=e3236923...,timecost=0.727
info|2020-11-19 20:59:54.619851|[g:1][CONSENSUS][PBFT]checkAndChangeView: Reach consensus,org_view=43,cur_changeCycle=1,to_view=44
info|2020-11-19 20:59:55.621362|[g:1][CONSENSUS]addRawPrepare,height=49,reqIdx=0,hash=cd1c6e11...,time=0
info|2020-11-19 20:59:55.621694|[g:1][CONSENSUS][PBFT]checkTimeout Succ,view=44,toView=45,nodeIdx=3,changeCycle=1,myNode=e3236923...,timecost=0.256
info|2020-11-19 20:59:55.625084|[g:1][CONSENSUS][PBFT]checkAndChangeView: Reach consensus,org_view=44,cur_changeCycle=1,to_view=45
info|2020-11-19 20:59:56.631105|[g:1][CONSENSUS]addRawPrepare,height=49,reqIdx=1,hash=ded06d03...,time=0
info|2020-11-19 20:59:56.631439|[g:1][CONSENSUS][PBFT]checkTimeout Succ,view=45,toView=46,nodeIdx=3,changeCycle=1,myNode=e3236923...,timecost=0.291
info|2020-11-19 20:59:56.635275|[g:1][CONSENSUS][PBFT]checkAndChangeView: Reach consensus,org_view=45,cur_changeCycle=1,to_view=46
info|2020-11-19 20:59:57.638315|[g:1][CONSENSUS]addRawPrepare,height=49,reqIdx=2,hash=bf02c7d6...,time=0
info|2020-11-19 20:59:57.638570|[g:1][CONSENSUS][PBFT]checkTimeout Succ,view=46,toView=47,nodeIdx=3,changeCycle=1,myNode=e3236923...,timecost=0.224
info|2020-11-19 20:59:57.640739|[g:1][CONSENSUS][PBFT]checkAndChangeView: Reach consensus,org_view=46,cur_changeCycle=1,to_view=47
info|2020-11-19 20:59:58.643473|[g:1][CONSENSUS][SEALER]++++++++++++++++ Generating seal on,blkNum=49,tx=0,nodeIdx=3,hash=72edfb85...
info|2020-11-19 20:59:58.652002|[g:1][CONSENSUS][PBFT]checkTimeout Succ,view=47,toView=48,nodeIdx=3,changeCycle=1,myNode=e3236923...,timecost=0.285
info|2020-11-19 20:59:58.653629|[g:1][CONSENSUS][PBFT]checkAndChangeView: Reach consensus,org_view=47,cur_changeCycle=1,to_view=48
info|2020-11-19 20:59:59.652949|[g:1][CONSENSUS]addRawPrepare,height=49,reqIdx=0,hash=b7b23696...,time=0
info|2020-11-19 20:59:59.653236|[g:1][CONSENSUS][PBFT]checkTimeout Succ,view=48,toView=49,nodeIdx=3,changeCycle=1,myNode=e3236923...,timecost=0.253
info|2020-11-19 20:59:59.656319|[g:1][CONSENSUS][PBFT]checkAndChangeView: Reach consensus,org_view=48,cur_changeCycle=1,to_view=49
info|2020-11-19 20:59:59.782498|[P2P][Service] heartBeat,connected count=3
