info|2020-11-25 04:49:40.575796|[INITIALIZER][initGlobalConfig],enableCompress=true,compatibilityVersion=2.6.0,versionNumber=33947648,enableStat=false,chainId=1,useSMCrypto=false
info|2020-11-25 04:49:40.577226|[INITIALIZER][SecureInitializer]loading privateKey
info|2020-11-25 04:49:40.681708|[INITIALIZER][SecureInitializer]get pub of node,nodeID=5ae2db1c257ad0d1f68828d95b30668d270f7da75bd4d0c1aee9d5ada6da0fd0eb53b893d1c8a518e4884ea58fabfa5ea1c62f120045f1e512aa93b7df7a08f6
info|2020-11-25 04:49:40.683544|[INITIALIZER][SecureInitializer]use user certificate,file=conf//node.crt
info|2020-11-25 04:49:40.687725|[INITIALIZER][SecureInitializer]use ca certificate,file=conf//ca.crt
info|2020-11-25 04:49:40.687821|[INITIALIZER][SecureInitializer]use ca,file=conf//
info|2020-11-25 04:49:40.688644|[NETWORK][Host]Connecting to node,endpoint=127.0.0.1:30300
info|2020-11-25 04:49:40.689471|[NETWORK][Host]P2P StartAccept,Host=0.0.0.0:30301
info|2020-11-25 04:49:40.693782|[NETWORK][Host]Connecting to node,endpoint=127.0.0.1:30301
info|2020-11-25 04:49:40.693840|[NETWORK][Host]Connecting to node,endpoint=127.0.0.1:30302
info|2020-11-25 04:49:40.693881|[NETWORK][Host]Connecting to node,endpoint=127.0.0.1:30303
info|2020-11-25 04:49:40.693922|[P2P][Service] heartBeat,connected count=0
info|2020-11-25 04:49:40.693959|[INITIALIZER][RPCInitializer],network_security.check_cert_issuer=true
info|2020-11-25 04:49:40.695703|[CHANNEL]ChannelRPCServer started
info|2020-11-25 04:49:40.696678|[INITIALIZER][RPCInitializer]ChannelRPCHttpServer started.
info|2020-11-25 04:49:40.696707|[INITIALIZER][LedgerInitializer]initConfig
info|2020-11-25 04:49:40.696726|[LedgerInitializer],groupConfigPath=conf/
info|2020-11-25 04:49:40.703212|[NETWORK][Host]P2P Recv Connect, From=127.0.0.1:51568
info|2020-11-25 04:49:40.703285|[NETWORK][Host]P2P StartAccept,Host=0.0.0.0:30301
info|2020-11-25 04:49:40.705179|[NETWORK][Host]P2P Recv Connect, From=127.0.0.1:51576
info|2020-11-25 04:49:40.705228|[NETWORK][Host]P2P StartAccept,Host=0.0.0.0:30301
info|2020-11-25 04:49:40.706830|[NETWORK][ASIO]asyncResolveConnect,endpoint=127.0.0.1:30300
info|2020-11-25 04:49:40.710997|[INITIALIZER][initSingleLedger] [GroupId], LedgerConstructor:  1,configFileName=conf/group.1.genesis,dataDir=data/
info|2020-11-25 04:49:40.711099|[g:1][LedgerParam][parseGenesisConfig]initConsensusConfig/initStorageConfig/initTxConfig,configFile=conf/group.1.genesis
info|2020-11-25 04:49:40.715116|[NETWORK][ASIO]asyncResolveConnect,endpoint=127.0.0.1:30301
info|2020-11-25 04:49:40.715158|[NETWORK][ASIO]asyncResolveConnect,endpoint=127.0.0.1:30302
info|2020-11-25 04:49:40.715189|[NETWORK][ASIO]asyncResolveConnect,endpoint=127.0.0.1:30303
info|2020-11-25 04:49:40.722390|[g:1][LedgerParam][initConsensusConfig],type=pbft,consensusTimeout=3,maxTxNum=1000,txGasLimit=300000000
info|2020-11-25 04:49:40.722416|[g:1][LedgerParam][parsePublicKeyListOfSection],sectionName=consensus,it.first=2fba64b0e957aa63f4fe34a6e01bda1e7c3cde666f7675b1985bb6c6f478a76b839242c0b4c0827c30e43b3d1e946c863eb58a7dc8e4eae3e3dd439a78bba140
info|2020-11-25 04:49:40.722432|[g:1][LedgerParam][parsePublicKeyListOfSection],sectionName=consensus,it.first=5ae2db1c257ad0d1f68828d95b30668d270f7da75bd4d0c1aee9d5ada6da0fd0eb53b893d1c8a518e4884ea58fabfa5ea1c62f120045f1e512aa93b7df7a08f6
info|2020-11-25 04:49:40.722446|[g:1][LedgerParam][parsePublicKeyListOfSection],sectionName=consensus,it.first=097c5791ab496e86ce3fca3b4f86fb8044b28d6b79ead1ba3c9c73f2cd1aa0aa5229d968795f246e8d08f9cf8102ed923e5e218f720efbc6c64c796a68837312
info|2020-11-25 04:49:40.722460|[g:1][LedgerParam][parsePublicKeyListOfSection],sectionName=consensus,it.first=e323692331103d8387a51144a6a7aa96a40fbad612530e7563d7ea6a82261a995a4cac54ceb5c1c3ab0574eefb91d2d8cca3f4ae7286b13173001d0568620385
info|2020-11-25 04:49:40.722466|[g:1][LedgerParam][parsePublicKeyListOfSection],totalPubKeySize=4
info|2020-11-25 04:49:40.722482|[g:1][LedgerParam][max_block_range],maxBlockRange=0,maxBlockPerProcess=3
info|2020-11-25 04:49:40.722489|[g:1][LedgerParam][parseGenesisConfig],timestamp=1605763987000
info|2020-11-25 04:49:40.722498|[g:1][LedgerParam]setEVMFlags,enableFreeStorageVMSchedule=false,evmFlags=0
info|2020-11-25 04:49:40.722512|[g:1][LedgerParam]store evmFlag,evmFlag=0
info|2020-11-25 04:49:40.722517|[g:1][LedgerParam]store consensus time,consensusTimeout=3
info|2020-11-25 04:49:40.722526|[g:1][LedgerParam][initMark],genesisMark=1-2fba64b0e957aa63f4fe34a6e01bda1e7c3cde666f7675b1985bb6c6f478a76b839242c0b4c0827c30e43b3d1e946c863eb58a7dc8e4eae3e3dd439a78bba140,5ae2db1c257ad0d1f68828d95b30668d270f7da75bd4d0c1aee9d5ada6da0fd0eb53b893d1c8a518e4884ea58fabfa5ea1c62f120045f1e512aa93b7df7a08f6,097c5791ab496e86ce3fca3b4f86fb8044b28d6b79ead1ba3c9c73f2cd1aa0aa5229d968795f246e8d08f9cf8102ed923e5e218f720efbc6c64c796a68837312,e323692331103d8387a51144a6a7aa96a40fbad612530e7563d7ea6a82261a995a4cac54ceb5c1c3ab0574eefb91d2d8cca3f4ae7286b13173001d0568620385,-pbft-storage-0-1000-300000000-3
info|2020-11-25 04:49:40.722532|[g:1][LedgerParam][initIniConfig]initTxPoolConfig/initSyncConfig/initTxExecuteConfig,configFile=conf/group.1.ini
info|2020-11-25 04:49:40.724463|[NETWORK][Host]P2P Recv Connect, From=127.0.0.1:51588
info|2020-11-25 04:49:40.724499|[NETWORK][Host]P2P StartAccept,Host=0.0.0.0:30301
info|2020-11-25 04:49:40.727719|[NETWORK][Host]P2P Recv Connect, From=127.0.0.1:51594
info|2020-11-25 04:49:40.728566|[NETWORK][Host]P2P StartAccept,Host=0.0.0.0:30301
info|2020-11-25 04:49:40.738733|[g:1][LedgerParam][initStorageConfig],stateType=storage,storageDB=rocksdb,storagePath=data//group1/block/RocksDB,baseDir=data//group1,dbtype=mysql,dbip=127.0.0.1,dbport=3306,dbcharset=utf8mb4,initconnections=15,maxconnections=50,scrollThreshold=2000
info|2020-11-25 04:49:40.738756|[g:1][LedgerParam][initTxPoolConfig],txPoolLimit=150000,memorySizeLimit(MB)=512,notifyWorkerNum=2
info|2020-11-25 04:49:40.738763|[g:1][LedgerParam][initSyncConfig],idleWaitMs=200
info|2020-11-25 04:49:40.738772|[g:1][LedgerParam][initSyncConfig],enableSendTxsByTree=true,enableSendBlockStatusByTree=true
info|2020-11-25 04:49:40.738779|[g:1][LedgerParam][initSyncConfig],gossipInterval=1000
info|2020-11-25 04:49:40.738789|[g:1][LedgerParam][initSyncConfig],enableSendBlockStatusByTree=true,gossipInterval=1000,gossipPeers=3,syncTreeWidth=3,maxQueueSizeForBlockSync=536870912,txsStatusGossipMaxPeers=5
info|2020-11-25 04:49:40.738794|[g:1][LedgerParam][InitTxExecuteConfig],enableParallel=true
info|2020-11-25 04:49:40.738815|[g:1][LedgerParam][initConsensusIniConfig],maxTTL=2,minBlockGenerationTime=500,enablDynamicBlockSize=true,blockSizeIncreaseRatio=0.5,enableTTLOptimize=true,enablePrepareWithTxsHash=true
info|2020-11-25 04:49:40.738834|[g:1][LedgerParam][initRPBFTConsensusIniConfig],broadcastPrepareByTree=true,prepareStatusBroadcastPercent=33,maxRequestMissedTxsWaitTime=100,maxRequestPrepareWaitTime=100
info|2020-11-25 04:49:40.738840|[g:1][LedgerParam][initFlowControlConfig],maxQPS=9223372036854775807,outGoingBandwidth(Bytes)=9223372036854775807
info|2020-11-25 04:49:40.738846|[g:1][LedgerParam]parseSDKAllowList,sdkAllowList=[],enableSDKAllowListControl=false
info|2020-11-25 04:49:40.738861|[g:1][LEDGER][initLedger][DBInitializer]
info|2020-11-25 04:49:40.738869|[g:1][LEDGER]setSDKAllowList,groupId=1,sdkAllowListSize=0
info|2020-11-25 04:49:40.738877|[g:1][CHANNEL]registerSDKAllowListByGroupId,groupId=1,size=0
info|2020-11-25 04:49:40.738881|[g:1][CHANNEL]Disable group-level sdk permission control for sdk allowlist is empty
info|2020-11-25 04:49:40.738885|[g:1][DBINITIALIZER] [initStorageDB]
info|2020-11-25 04:49:40.738888|[g:1][DBINITIALIZER] [initRocksDBStorage]
info|2020-11-25 04:49:40.739735|[g:1][ROCKSDB]open rocksDB handler,path=data//group1/block/RocksDB
info|2020-11-25 04:49:40.739862|[NETWORK][Host]P2P Recv Connect, From=127.0.0.1:51600
info|2020-11-25 04:49:40.739912|[NETWORK][Host]P2P StartAccept,Host=0.0.0.0:30301
info|2020-11-25 04:49:40.807114|[g:1][g:1][STORAGE][CachedStorage]Init flushStorage thread
info|2020-11-25 04:49:40.807390|[g:1][DBINITIALIZER] [init CachedStorage],maxCapacity=32,maxForwardBlock=10
info|2020-11-25 04:49:40.807415|[g:1][LEDGER][initLedger][initBlockChain]
info|2020-11-25 04:49:40.842037|[g:1][LEDGER]set enableHexBlock to be false,version=33947648
info|2020-11-25 04:49:40.842070|[g:1][BLOCKCHAIN][#checkAndBuildGenesisBlock],shouldBuild=false
info|2020-11-25 04:49:40.862628|[g:1][BLOCKCHAIN][#checkAndBuildGenesisBlock]Already have the 0th block, 0th groupMark is equal to file groupMark.
info|2020-11-25 04:49:40.862654|[g:1][LEDGER][initLedger]initBlockChain SUCC
info|2020-11-25 04:49:40.862755|[g:1][DBINITIALIZER] [createStateFactory],type=storage
info|2020-11-25 04:49:40.862777|[g:1][DBINITIALIZER] createStorageState SUCC
info|2020-11-25 04:49:40.862790|[g:1][DBINITIALIZER] [createStateFactory SUCC]
info|2020-11-25 04:49:40.862803|[g:1][DBINITIALIZER] createExecutiveContext...
info|2020-11-25 04:49:40.862830|[g:1][LEDGER]createGasMetric,vmFlagType=0
info|2020-11-25 04:49:40.862845|[g:1][LEDGER]createGasMetric
info|2020-11-25 04:49:40.862864|[g:1][DBINITIALIZER] create precompiledGasFactory and precompiledResultFactory
info|2020-11-25 04:49:40.862877|[g:1][DBINITIALIZER] createExecutiveContext SUCC
info|2020-11-25 04:49:40.862890|[g:1][DBINITIALIZER] [setSyncNumForCachedStorage],syncNum=159
info|2020-11-25 04:49:40.862904|[g:1][LEDGER][initNetworkBandWidthLimiter: outGoingBandwidthLimit has been disabled],groupId=1
info|2020-11-25 04:49:40.862918|[g:1][LEDGER][QPSLimit has been disabled],groupId=1
info|2020-11-25 04:49:40.862931|[g:1][LEDGER][initLedger][initBlockVerifier]
info|2020-11-25 04:49:40.862945|[g:1][LEDGER][initLedger][initBlockVerifier SUCC],evmFlags=0
info|2020-11-25 04:49:40.862960|[g:1][LEDGER][initLedger][initTxPool],txPoolLimit=150000
info|2020-11-25 04:49:40.882622|[NETWORK][Host]handshakeServer succ,remote endpoint=127.0.0.1:51594
info|2020-11-25 04:49:40.909359|[NETWORK][Host]startPeerSession, Remote=127.0.0.1:51594,local endpoint=127.0.0.1:30301,nodeID=5ae2db1c...
info|2020-11-25 04:49:40.911939|[NETWORK][Host]handshakeClient succ,local endpoint=127.0.0.1:51594
info|2020-11-25 04:49:40.936635|[NETWORK][Host]startPeerSession, Remote=127.0.0.1:30301,local endpoint=127.0.0.1:51594,nodeID=5ae2db1c...
info|2020-11-25 04:49:40.936715|[NETWORK][Host]handshakeServer succ,remote endpoint=127.0.0.1:51600
info|2020-11-25 04:49:40.936791|[P2P][Service] Connection established,nodeID=07351151...,endpoint=127.0.0.1:51600
info|2020-11-25 04:49:40.936814|[NETWORK][Host]startPeerSession, Remote=127.0.0.1:51600,local endpoint=127.0.0.1:30301,nodeID=07351151...
info|2020-11-25 04:49:40.936847|[NETWORK][Host]handshakeServer succ,remote endpoint=127.0.0.1:51568
info|2020-11-25 04:49:40.936892|[P2P][Service] Connection established,nodeID=097c5791...,endpoint=127.0.0.1:51568
info|2020-11-25 04:49:40.936913|[NETWORK][Host]startPeerSession, Remote=127.0.0.1:51568,local endpoint=127.0.0.1:30301,nodeID=097c5791...
info|2020-11-25 04:49:40.969700|[g:1][LEDGER][initLedger]initTxPool SUCC
info|2020-11-25 04:49:40.969729|[g:1][LEDGER][initLedger][initSync],idleWaitMs=200,gossipInterval=1000,gossipPeers=3
info|2020-11-25 04:49:40.969744|[g:1][LEDGER]Init sync master,enableSendBlockStatusByTree=true,enableSendTxsByTree=true
info|2020-11-25 04:49:40.981016|[g:1][LEDGER][initLedger]initSync SUCC
info|2020-11-25 04:49:40.981044|[g:1][LEDGER][initLedger][consensusInitFactory]
info|2020-11-25 04:49:40.981059|[g:1][LEDGER][initLedger][createPBFTSealer]
info|2020-11-25 04:49:40.981071|[g:1][LEDGER][initLedger][createPBFTSealer],baseDir=data//group1,Protocol=65544
info|2020-11-25 04:49:40.981087|[g:1][LEDGER][initLedger]createPBFTSealer for PBFT or rPBFT,consensusType=pbft
info|2020-11-25 04:49:40.981100|[g:1][LEDGER]createConsensusEngine: create PBFTEngine
info|2020-11-25 04:49:40.981117|[g:1][CONSENSUS][PBFT]Register handler for PBFTEngine
info|2020-11-25 04:49:40.982385|[g:1][CONSENSUS][PBFT]setMinBlockGenerationTime,minBlockGenerationTime=500,consensusTime=1000
info|2020-11-25 04:49:40.982413|[g:1][LEDGER][initEventLogFilterManager]initEventLogFilterManager SUCC
info|2020-11-25 04:49:40.982429|[LedgerInitializer init group succ],groupID=1
info|2020-11-25 04:49:40.983443|[INITIALIZER][RPCInitializer JsonrpcHttpServer started],jsonrpc_IP=127.0.0.1,jsonrpc_listen_port=8546,ipv6=false
info|2020-11-25 04:49:40.983474|[g:1][LEDGER]startAll...
info|2020-11-25 04:49:40.984110|[NETWORK][Host]handshakeServer succ,remote endpoint=127.0.0.1:51588
info|2020-11-25 04:49:40.984174|[P2P][Service] Connection established,nodeID=2fba64b0...,endpoint=127.0.0.1:51588
info|2020-11-25 04:49:40.984195|[NETWORK][Host]startPeerSession, Remote=127.0.0.1:51588,local endpoint=127.0.0.1:30301,nodeID=2fba64b0...
info|2020-11-25 04:49:40.984231|[NETWORK][Host]handshakeServer succ,remote endpoint=127.0.0.1:51576
info|2020-11-25 04:49:40.984274|[P2P][Service] Connection established,nodeID=e3236923...,endpoint=127.0.0.1:51576
info|2020-11-25 04:49:40.984296|[NETWORK][Host]startPeerSession, Remote=127.0.0.1:51576,local endpoint=127.0.0.1:30301,nodeID=e3236923...
info|2020-11-25 04:49:41.019717|[g:1][GossipBlockStatus]start GossipBlockStatus succ
info|2020-11-25 04:49:41.019732|[g:1][CONSENSUS][ConsensusEngine][Start ConsensusEngineBase]
info|2020-11-25 04:49:41.020302|[g:1][CONSENSUS][PBFT]^^^^^^^^Report,num=159,sealerIdx=3,hash=8a804b61...,next=160,tx=1,nodeIdx=2
info|2020-11-25 04:49:41.021187|[g:1][ROCKSDB]open rocksDB handler,path=data//group1/pbftMsgBackup/RocksDB
info|2020-11-25 04:49:41.068371|[NETWORK][Host]handshakeClient succ,local endpoint=127.0.0.1:46480
info|2020-11-25 04:49:41.068431|[NETWORK][Host]startPeerSession, Remote=127.0.0.1:30300,local endpoint=127.0.0.1:46480,nodeID=2fba64b0...
info|2020-11-25 04:49:41.068801|[NETWORK][Host]handshakeClient succ,local endpoint=127.0.0.1:38012
info|2020-11-25 04:49:41.068844|[NETWORK][Host]startPeerSession, Remote=127.0.0.1:30303,local endpoint=127.0.0.1:38012,nodeID=e3236923...
info|2020-11-25 04:49:41.069032|[g:1][NodeTimeMaintenance]updateTimeInfo: update median time offset,updatedMedianTimeOffset=-71,peer=e3236923...,peerTime=1606297780998,peerOffset=-71,utcTime=1606297781069
info|2020-11-25 04:49:41.079436|[g:1][NodeTimeMaintenance]updateTimeInfo: update median time offset,updatedMedianTimeOffset=-39,peer=097c5791...,peerTime=1606297781072,peerOffset=-7,utcTime=1606297781079
info|2020-11-25 04:49:41.079486|[g:1][CONSENSUS][PBFT][PBFT init env successfully]
info|2020-11-25 04:49:41.079504|[g:1][CONSENSUS][PBFT][Start PBFTEngine...]
info|2020-11-25 04:49:41.079518|[g:1][CONSENSUS][SEALER][Start sealer module]
info|2020-11-25 04:49:41.080614|[g:1][NodeTimeMaintenance]updateTimeInfo: update median time offset,updatedMedianTimeOffset=-7,peer=2fba64b0...,peerTime=1606297781077,peerOffset=-3,utcTime=1606297781080
info|2020-11-25 04:49:41.085259|[NETWORK][Host]handshakeClient succ,local endpoint=127.0.0.1:41550
info|2020-11-25 04:49:41.085311|[NETWORK][Host]startPeerSession, Remote=127.0.0.1:30302,local endpoint=127.0.0.1:41550,nodeID=097c5791...
info|2020-11-25 04:49:41.086617|[g:1][EVENT][EventLogFilterManager]start,m_maxBlockRange=0,m_maxBlockPerLoopFilter=3
warning|2020-11-25 04:49:41.131517|[NETWORK][Session]doRead error,endpoint=127.0.0.1:51600,message=short read
info|2020-11-25 04:49:41.131531|[NETWORK][Session]drop, call and erase all callbackFunc in this session!,endpoint=127.0.0.1:51600
warning|2020-11-25 04:49:41.131538|[NETWORK][Session][drop] closing remote 127.0.0.1:51600,reason=Low-level TCP communication error.,endpoint=127.0.0.1:51600
warning|2020-11-25 04:49:41.131566|[NETWORK][Session][drop] shutdown failed ,errorValue=9,message=Bad file descriptor
warning|2020-11-25 04:49:41.131678|[P2P][Service] disconnect error P2PSession,nodeID=07351151...,endpoint=127.0.0.1:51600,errorCode=3,what=Disconnect
warning|2020-11-25 04:49:41.131687|[P2P][Service] onDisconnect,errorCode=3,what=Dynamic exception type: dev::network::NetworkException
std::exception::what: Disconnect

info|2020-11-25 04:49:42.107330|[g:1][CONSENSUS]addRawPrepare,height=160,reqIdx=3,hash=b7769c1a...,time=0
info|2020-11-25 04:49:42.118983|[g:1][CONSENSUS][PBFT]checkTimeout Succ,view=0,toView=1,nodeIdx=2,changeCycle=1,myNode=5ae2db1c...,timecost=3.385
info|2020-11-25 04:49:42.120574|[g:1][CONSENSUS][PBFT]checkAndChangeView: Reach consensus,org_view=0,cur_changeCycle=1,to_view=1
info|2020-11-25 04:49:43.122780|[g:1][CONSENSUS]addRawPrepare,height=160,reqIdx=0,hash=246a3f60...,time=0
info|2020-11-25 04:49:43.123055|[g:1][CONSENSUS][PBFT]checkTimeout Succ,view=1,toView=2,nodeIdx=2,changeCycle=1,myNode=5ae2db1c...,timecost=0.239
info|2020-11-25 04:49:43.125950|[g:1][CONSENSUS][PBFT]checkAndChangeView: Reach consensus,org_view=1,cur_changeCycle=1,to_view=2
info|2020-11-25 04:49:44.130894|[g:1][CONSENSUS]addRawPrepare,height=160,reqIdx=1,hash=0e82c15f...,time=0
info|2020-11-25 04:49:44.131197|[g:1][CONSENSUS][PBFT]checkTimeout Succ,view=2,toView=3,nodeIdx=2,changeCycle=1,myNode=5ae2db1c...,timecost=0.237
info|2020-11-25 04:49:44.133295|[g:1][CONSENSUS][PBFT]checkAndChangeView: Reach consensus,org_view=2,cur_changeCycle=1,to_view=3
info|2020-11-25 04:49:45.135074|[g:1][CONSENSUS][SEALER]++++++++++++++++ Generating seal on,blkNum=160,tx=0,nodeIdx=2,hash=57102373...
info|2020-11-25 04:49:45.143761|[g:1][CONSENSUS][PBFT]checkTimeout Succ,view=3,toView=4,nodeIdx=2,changeCycle=1,myNode=5ae2db1c...,timecost=0.286
info|2020-11-25 04:49:45.145432|[g:1][CONSENSUS][PBFT]checkAndChangeView: Reach consensus,org_view=3,cur_changeCycle=1,to_view=4
info|2020-11-25 04:49:46.146917|[g:1][CONSENSUS]addRawPrepare,height=160,reqIdx=3,hash=65ac87ba...,time=0
info|2020-11-25 04:49:46.147231|[g:1][CONSENSUS][PBFT]checkTimeout Succ,view=4,toView=5,nodeIdx=2,changeCycle=1,myNode=5ae2db1c...,timecost=0.269
info|2020-11-25 04:49:46.152124|[g:1][CONSENSUS][PBFT]checkAndChangeView: Reach consensus,org_view=4,cur_changeCycle=1,to_view=5
info|2020-11-25 04:49:47.154525|[g:1][CONSENSUS]addRawPrepare,height=160,reqIdx=0,hash=92a2ec66...,time=0
info|2020-11-25 04:49:47.154851|[g:1][CONSENSUS][PBFT]checkTimeout Succ,view=5,toView=6,nodeIdx=2,changeCycle=1,myNode=5ae2db1c...,timecost=0.281
info|2020-11-25 04:49:47.158370|[g:1][CONSENSUS][PBFT]checkAndChangeView: Reach consensus,org_view=5,cur_changeCycle=1,to_view=6
info|2020-11-25 04:49:48.164556|[g:1][CONSENSUS]addRawPrepare,height=160,reqIdx=1,hash=b4ddaf7b...,time=0
info|2020-11-25 04:49:48.164874|[g:1][CONSENSUS][PBFT]checkTimeout Succ,view=6,toView=7,nodeIdx=2,changeCycle=1,myNode=5ae2db1c...,timecost=0.288
info|2020-11-25 04:49:48.168379|[g:1][CONSENSUS][PBFT]checkAndChangeView: Reach consensus,org_view=6,cur_changeCycle=1,to_view=7
info|2020-11-25 04:49:49.170486|[g:1][CONSENSUS][SEALER]++++++++++++++++ Generating seal on,blkNum=160,tx=0,nodeIdx=2,hash=1bff84d0...
info|2020-11-25 04:49:49.179514|[g:1][CONSENSUS][PBFT]checkTimeout Succ,view=7,toView=8,nodeIdx=2,changeCycle=1,myNode=5ae2db1c...,timecost=0.314
info|2020-11-25 04:49:49.181425|[g:1][CONSENSUS][PBFT]checkAndChangeView: Reach consensus,org_view=7,cur_changeCycle=1,to_view=8
info|2020-11-25 04:49:50.180638|[g:1][CONSENSUS]addRawPrepare,height=160,reqIdx=3,hash=708e2d0f...,time=0
info|2020-11-25 04:49:50.180970|[g:1][CONSENSUS][PBFT]checkTimeout Succ,view=8,toView=9,nodeIdx=2,changeCycle=1,myNode=5ae2db1c...,timecost=0.286
info|2020-11-25 04:49:50.187135|[g:1][CONSENSUS][PBFT]checkAndChangeView: Reach consensus,org_view=8,cur_changeCycle=1,to_view=9
info|2020-11-25 04:49:50.694012|[P2P][Service] heartBeat,connected count=3
info|2020-11-25 04:49:51.192087|[g:1][CONSENSUS]addRawPrepare,height=160,reqIdx=0,hash=add321d8...,time=0
info|2020-11-25 04:49:51.192379|[g:1][CONSENSUS][PBFT]checkTimeout Succ,view=9,toView=10,nodeIdx=2,changeCycle=1,myNode=5ae2db1c...,timecost=0.256
info|2020-11-25 04:49:51.195469|[g:1][CONSENSUS][PBFT]checkAndChangeView: Reach consensus,org_view=9,cur_changeCycle=1,to_view=10
info|2020-11-25 04:49:52.200485|[g:1][CONSENSUS]addRawPrepare,height=160,reqIdx=1,hash=7f2a911b...,time=0
info|2020-11-25 04:49:52.200803|[g:1][CONSENSUS][PBFT]checkTimeout Succ,view=10,toView=11,nodeIdx=2,changeCycle=1,myNode=5ae2db1c...,timecost=0.278
info|2020-11-25 04:49:52.204659|[g:1][CONSENSUS][PBFT]checkAndChangeView: Reach consensus,org_view=10,cur_changeCycle=1,to_view=11
info|2020-11-25 04:49:53.206057|[g:1][CONSENSUS][SEALER]++++++++++++++++ Generating seal on,blkNum=160,tx=0,nodeIdx=2,hash=a22c0560...
info|2020-11-25 04:49:53.213423|[g:1][CONSENSUS][PBFT]checkTimeout Succ,view=11,toView=12,nodeIdx=2,changeCycle=1,myNode=5ae2db1c...,timecost=0.263
info|2020-11-25 04:49:53.214769|[g:1][CONSENSUS][PBFT]checkAndChangeView: Reach consensus,org_view=11,cur_changeCycle=1,to_view=12
info|2020-11-25 04:49:54.215287|[g:1][CONSENSUS]addRawPrepare,height=160,reqIdx=3,hash=13b9621e...,time=0
info|2020-11-25 04:49:54.215640|[g:1][CONSENSUS][PBFT]checkTimeout Succ,view=12,toView=13,nodeIdx=2,changeCycle=1,myNode=5ae2db1c...,timecost=0.317
info|2020-11-25 04:49:54.220716|[g:1][CONSENSUS][PBFT]checkAndChangeView: Reach consensus,org_view=12,cur_changeCycle=1,to_view=13
info|2020-11-25 04:49:55.222340|[g:1][CONSENSUS]addRawPrepare,height=160,reqIdx=0,hash=f9ee8fb7...,time=0
info|2020-11-25 04:49:55.222643|[g:1][CONSENSUS][PBFT]checkTimeout Succ,view=13,toView=14,nodeIdx=2,changeCycle=1,myNode=5ae2db1c...,timecost=0.266
info|2020-11-25 04:49:55.225959|[g:1][CONSENSUS][PBFT]checkAndChangeView: Reach consensus,org_view=13,cur_changeCycle=1,to_view=14
info|2020-11-25 04:49:56.234541|[g:1][CONSENSUS]addRawPrepare,height=160,reqIdx=1,hash=2c971054...,time=0
info|2020-11-25 04:49:56.234795|[g:1][CONSENSUS][PBFT]checkTimeout Succ,view=14,toView=15,nodeIdx=2,changeCycle=1,myNode=5ae2db1c...,timecost=0.218
info|2020-11-25 04:49:56.238621|[g:1][CONSENSUS][PBFT]checkAndChangeView: Reach consensus,org_view=14,cur_changeCycle=1,to_view=15
info|2020-11-25 04:49:57.240914|[g:1][CONSENSUS][SEALER]++++++++++++++++ Generating seal on,blkNum=160,tx=0,nodeIdx=2,hash=23d5c126...
info|2020-11-25 04:49:57.248154|[g:1][CONSENSUS][PBFT]checkTimeout Succ,view=15,toView=16,nodeIdx=2,changeCycle=1,myNode=5ae2db1c...,timecost=0.301
info|2020-11-25 04:49:57.251570|[g:1][CONSENSUS][PBFT]checkAndChangeView: Reach consensus,org_view=15,cur_changeCycle=1,to_view=16
info|2020-11-25 04:49:58.250725|[g:1][CONSENSUS]addRawPrepare,height=160,reqIdx=3,hash=edf667e7...,time=0
info|2020-11-25 04:49:58.251076|[g:1][CONSENSUS][PBFT]checkTimeout Succ,view=16,toView=17,nodeIdx=2,changeCycle=1,myNode=5ae2db1c...,timecost=0.31
info|2020-11-25 04:49:58.257373|[g:1][CONSENSUS][PBFT]checkAndChangeView: Reach consensus,org_view=16,cur_changeCycle=1,to_view=17
info|2020-11-25 04:49:59.261660|[g:1][CONSENSUS]addRawPrepare,height=160,reqIdx=0,hash=805bdb3b...,time=0
info|2020-11-25 04:49:59.261956|[g:1][CONSENSUS][PBFT]checkTimeout Succ,view=17,toView=18,nodeIdx=2,changeCycle=1,myNode=5ae2db1c...,timecost=0.262
info|2020-11-25 04:49:59.265007|[g:1][CONSENSUS][PBFT]checkAndChangeView: Reach consensus,org_view=17,cur_changeCycle=1,to_view=18
info|2020-11-25 04:50:00.271190|[g:1][CONSENSUS]addRawPrepare,height=160,reqIdx=1,hash=3ca4859e...,time=0
info|2020-11-25 04:50:00.271485|[g:1][CONSENSUS][PBFT]checkTimeout Succ,view=18,toView=19,nodeIdx=2,changeCycle=1,myNode=5ae2db1c...,timecost=0.254
info|2020-11-25 04:50:00.273736|[g:1][CONSENSUS][PBFT]checkAndChangeView: Reach consensus,org_view=18,cur_changeCycle=1,to_view=19
info|2020-11-25 04:50:00.694072|[P2P][Service] heartBeat,connected count=3
info|2020-11-25 04:50:01.275784|[g:1][CONSENSUS][SEALER]++++++++++++++++ Generating seal on,blkNum=160,tx=0,nodeIdx=2,hash=9817d0ad...
info|2020-11-25 04:50:01.289553|[g:1][CONSENSUS][PBFT]checkTimeout Succ,view=19,toView=20,nodeIdx=2,changeCycle=1,myNode=5ae2db1c...,timecost=0.377
info|2020-11-25 04:50:01.291857|[g:1][CONSENSUS][PBFT]checkAndChangeView: Reach consensus,org_view=19,cur_changeCycle=1,to_view=20
info|2020-11-25 04:50:02.290469|[g:1][CONSENSUS]addRawPrepare,height=160,reqIdx=3,hash=8a0466bc...,time=0
info|2020-11-25 04:50:02.290780|[g:1][CONSENSUS][PBFT]checkTimeout Succ,view=20,toView=21,nodeIdx=2,changeCycle=1,myNode=5ae2db1c...,timecost=0.265
info|2020-11-25 04:50:02.296405|[g:1][CONSENSUS][PBFT]checkAndChangeView: Reach consensus,org_view=20,cur_changeCycle=1,to_view=21
info|2020-11-25 04:50:03.298207|[g:1][CONSENSUS]addRawPrepare,height=160,reqIdx=0,hash=bde4a481...,time=0
info|2020-11-25 04:50:03.298487|[g:1][CONSENSUS][PBFT]checkTimeout Succ,view=21,toView=22,nodeIdx=2,changeCycle=1,myNode=5ae2db1c...,timecost=0.246
info|2020-11-25 04:50:03.301422|[g:1][CONSENSUS][PBFT]checkAndChangeView: Reach consensus,org_view=21,cur_changeCycle=1,to_view=22
info|2020-11-25 04:50:04.306556|[g:1][CONSENSUS]addRawPrepare,height=160,reqIdx=1,hash=943b3d29...,time=0
info|2020-11-25 04:50:04.306931|[g:1][CONSENSUS][PBFT]checkTimeout Succ,view=22,toView=23,nodeIdx=2,changeCycle=1,myNode=5ae2db1c...,timecost=0.341
info|2020-11-25 04:50:04.309308|[g:1][CONSENSUS][PBFT]checkAndChangeView: Reach consensus,org_view=22,cur_changeCycle=1,to_view=23
info|2020-11-25 04:50:05.312558|[g:1][CONSENSUS][SEALER]++++++++++++++++ Generating seal on,blkNum=160,tx=0,nodeIdx=2,hash=2c1c9b78...
info|2020-11-25 04:50:05.319775|[g:1][CONSENSUS][PBFT]checkTimeout Succ,view=23,toView=24,nodeIdx=2,changeCycle=1,myNode=5ae2db1c...,timecost=0.254
info|2020-11-25 04:50:05.321250|[g:1][CONSENSUS][PBFT]checkAndChangeView: Reach consensus,org_view=23,cur_changeCycle=1,to_view=24
info|2020-11-25 04:50:06.320739|[g:1][CONSENSUS]addRawPrepare,height=160,reqIdx=3,hash=46dc6562...,time=0
info|2020-11-25 04:50:06.320996|[g:1][CONSENSUS][PBFT]checkTimeout Succ,view=24,toView=25,nodeIdx=2,changeCycle=1,myNode=5ae2db1c...,timecost=0.222
info|2020-11-25 04:50:06.328202|[g:1][CONSENSUS][PBFT]checkAndChangeView: Reach consensus,org_view=24,cur_changeCycle=1,to_view=25
info|2020-11-25 04:50:07.328153|[g:1][CONSENSUS]addRawPrepare,height=160,reqIdx=0,hash=17b14d9d...,time=0
info|2020-11-25 04:50:07.328463|[g:1][CONSENSUS][PBFT]checkTimeout Succ,view=25,toView=26,nodeIdx=2,changeCycle=1,myNode=5ae2db1c...,timecost=0.276
info|2020-11-25 04:50:07.332907|[g:1][CONSENSUS][PBFT]checkAndChangeView: Reach consensus,org_view=25,cur_changeCycle=1,to_view=26
info|2020-11-25 04:50:08.337448|[g:1][CONSENSUS]addRawPrepare,height=160,reqIdx=1,hash=25ccacc7...,time=0
info|2020-11-25 04:50:08.337756|[g:1][CONSENSUS][PBFT]checkTimeout Succ,view=26,toView=27,nodeIdx=2,changeCycle=1,myNode=5ae2db1c...,timecost=0.274
info|2020-11-25 04:50:08.340117|[g:1][CONSENSUS][PBFT]checkAndChangeView: Reach consensus,org_view=26,cur_changeCycle=1,to_view=27
info|2020-11-25 04:50:09.342678|[g:1][CONSENSUS][SEALER]++++++++++++++++ Generating seal on,blkNum=160,tx=0,nodeIdx=2,hash=a02c53ff...
info|2020-11-25 04:50:09.352059|[g:1][CONSENSUS][PBFT]checkTimeout Succ,view=27,toView=28,nodeIdx=2,changeCycle=1,myNode=5ae2db1c...,timecost=0.2
info|2020-11-25 04:50:09.353934|[g:1][CONSENSUS][PBFT]checkAndChangeView: Reach consensus,org_view=27,cur_changeCycle=1,to_view=28
info|2020-11-25 04:50:10.352666|[g:1][CONSENSUS]addRawPrepare,height=160,reqIdx=3,hash=32ce5ff2...,time=0
info|2020-11-25 04:50:10.352926|[g:1][CONSENSUS][PBFT]checkTimeout Succ,view=28,toView=29,nodeIdx=2,changeCycle=1,myNode=5ae2db1c...,timecost=0.227
info|2020-11-25 04:50:10.358716|[g:1][CONSENSUS][PBFT]checkAndChangeView: Reach consensus,org_view=28,cur_changeCycle=1,to_view=29
info|2020-11-25 04:50:10.694146|[P2P][Service] heartBeat,connected count=3
info|2020-11-25 04:50:11.361899|[g:1][CONSENSUS]addRawPrepare,height=160,reqIdx=0,hash=73b4e53d...,time=0
info|2020-11-25 04:50:11.362233|[g:1][CONSENSUS][PBFT]checkTimeout Succ,view=29,toView=30,nodeIdx=2,changeCycle=1,myNode=5ae2db1c...,timecost=0.302
info|2020-11-25 04:50:11.366324|[g:1][CONSENSUS][PBFT]checkAndChangeView: Reach consensus,org_view=29,cur_changeCycle=1,to_view=30
info|2020-11-25 04:50:12.370713|[g:1][CONSENSUS]addRawPrepare,height=160,reqIdx=1,hash=d4e16811...,time=0
info|2020-11-25 04:50:12.370977|[g:1][CONSENSUS][PBFT]checkTimeout Succ,view=30,toView=31,nodeIdx=2,changeCycle=1,myNode=5ae2db1c...,timecost=0.229
info|2020-11-25 04:50:12.374146|[g:1][CONSENSUS][PBFT]checkAndChangeView: Reach consensus,org_view=30,cur_changeCycle=1,to_view=31
info|2020-11-25 04:50:13.375267|[g:1][CONSENSUS][SEALER]++++++++++++++++ Generating seal on,blkNum=160,tx=0,nodeIdx=2,hash=268e70ae...
info|2020-11-25 04:50:13.382653|[g:1][CONSENSUS][PBFT]checkTimeout Succ,view=31,toView=32,nodeIdx=2,changeCycle=1,myNode=5ae2db1c...,timecost=0.352
info|2020-11-25 04:50:13.384898|[g:1][CONSENSUS][PBFT]checkAndChangeView: Reach consensus,org_view=31,cur_changeCycle=1,to_view=32
info|2020-11-25 04:50:14.383512|[g:1][CONSENSUS]addRawPrepare,height=160,reqIdx=3,hash=6cdbca95...,time=0
info|2020-11-25 04:50:14.383824|[g:1][CONSENSUS][PBFT]checkTimeout Succ,view=32,toView=33,nodeIdx=2,changeCycle=1,myNode=5ae2db1c...,timecost=0.277
info|2020-11-25 04:50:14.391584|[g:1][CONSENSUS][PBFT]checkAndChangeView: Reach consensus,org_view=32,cur_changeCycle=1,to_view=33
info|2020-11-25 04:50:15.395529|[g:1][CONSENSUS]addRawPrepare,height=160,reqIdx=0,hash=c8aaf402...,time=0
info|2020-11-25 04:50:15.395804|[g:1][CONSENSUS][PBFT]checkTimeout Succ,view=33,toView=34,nodeIdx=2,changeCycle=1,myNode=5ae2db1c...,timecost=0.241
info|2020-11-25 04:50:15.404228|[g:1][CONSENSUS][PBFT]checkAndChangeView: Reach consensus,org_view=33,cur_changeCycle=1,to_view=34
info|2020-11-25 04:50:16.407350|[g:1][CONSENSUS]addRawPrepare,height=160,reqIdx=1,hash=8f700636...,time=0
info|2020-11-25 04:50:16.424031|[g:1][CONSENSUS][PBFT]checkTimeout Succ,view=34,toView=35,nodeIdx=2,changeCycle=1,myNode=5ae2db1c...,timecost=16.648
info|2020-11-25 04:50:16.425091|[g:1][CONSENSUS][PBFT]checkAndChangeView: Reach consensus,org_view=34,cur_changeCycle=1,to_view=35
info|2020-11-25 04:50:17.425271|[g:1][CONSENSUS][SEALER]++++++++++++++++ Generating seal on,blkNum=160,tx=0,nodeIdx=2,hash=5a57192f...
info|2020-11-25 04:50:17.432010|[g:1][CONSENSUS][PBFT]checkTimeout Succ,view=35,toView=36,nodeIdx=2,changeCycle=1,myNode=5ae2db1c...,timecost=0.228
info|2020-11-25 04:50:17.433353|[g:1][CONSENSUS][PBFT]checkAndChangeView: Reach consensus,org_view=35,cur_changeCycle=1,to_view=36
info|2020-11-25 04:50:18.432480|[g:1][CONSENSUS]addRawPrepare,height=160,reqIdx=3,hash=b4078859...,time=0
info|2020-11-25 04:50:18.432851|[g:1][CONSENSUS][PBFT]checkTimeout Succ,view=36,toView=37,nodeIdx=2,changeCycle=1,myNode=5ae2db1c...,timecost=0.334
info|2020-11-25 04:50:18.437926|[g:1][CONSENSUS][PBFT]checkAndChangeView: Reach consensus,org_view=36,cur_changeCycle=1,to_view=37
info|2020-11-25 04:50:19.439814|[g:1][CONSENSUS]addRawPrepare,height=160,reqIdx=0,hash=9292dec6...,time=0
info|2020-11-25 04:50:19.440098|[g:1][CONSENSUS][PBFT]checkTimeout Succ,view=37,toView=38,nodeIdx=2,changeCycle=1,myNode=5ae2db1c...,timecost=0.253
info|2020-11-25 04:50:19.447532|[g:1][CONSENSUS][PBFT]checkAndChangeView: Reach consensus,org_view=37,cur_changeCycle=1,to_view=38
info|2020-11-25 04:50:20.450069|[g:1][CONSENSUS]addRawPrepare,height=160,reqIdx=1,hash=4d7db231...,time=0
info|2020-11-25 04:50:20.450413|[g:1][CONSENSUS][PBFT]checkTimeout Succ,view=38,toView=39,nodeIdx=2,changeCycle=1,myNode=5ae2db1c...,timecost=0.291
info|2020-11-25 04:50:20.455834|[g:1][CONSENSUS][PBFT]checkAndChangeView: Reach consensus,org_view=38,cur_changeCycle=1,to_view=39
info|2020-11-25 04:50:20.695678|[P2P][Service] heartBeat,connected count=3
info|2020-11-25 04:50:21.458690|[g:1][CONSENSUS][SEALER]++++++++++++++++ Generating seal on,blkNum=160,tx=0,nodeIdx=2,hash=7bd5717b...
info|2020-11-25 04:50:21.471239|[g:1][CONSENSUS][PBFT]checkTimeout Succ,view=39,toView=40,nodeIdx=2,changeCycle=1,myNode=5ae2db1c...,timecost=0.818
info|2020-11-25 04:50:21.472899|[g:1][CONSENSUS][PBFT]checkAndChangeView: Reach consensus,org_view=39,cur_changeCycle=1,to_view=40
info|2020-11-25 04:50:22.471295|[g:1][CONSENSUS]addRawPrepare,height=160,reqIdx=3,hash=0488ddb0...,time=0
info|2020-11-25 04:50:22.471639|[g:1][CONSENSUS][PBFT]checkTimeout Succ,view=40,toView=41,nodeIdx=2,changeCycle=1,myNode=5ae2db1c...,timecost=0.305
info|2020-11-25 04:50:22.490079|[g:1][CONSENSUS][PBFT]checkAndChangeView: Reach consensus,org_view=40,cur_changeCycle=1,to_view=41
info|2020-11-25 04:50:23.477378|[g:1][CONSENSUS]addRawPrepare,height=160,reqIdx=0,hash=80ff0a9c...,time=0
info|2020-11-25 04:50:23.481861|[g:1][CONSENSUS][PBFT]checkTimeout Succ,view=41,toView=42,nodeIdx=2,changeCycle=1,myNode=5ae2db1c...,timecost=4.458
info|2020-11-25 04:50:23.482633|[g:1][CONSENSUS][PBFT]checkAndChangeView: Reach consensus,org_view=41,cur_changeCycle=1,to_view=42
info|2020-11-25 04:50:24.491344|[g:1][CONSENSUS]addRawPrepare,height=160,reqIdx=1,hash=90f3dfd4...,time=0
info|2020-11-25 04:50:24.491907|[g:1][CONSENSUS][PBFT]checkTimeout Succ,view=42,toView=43,nodeIdx=2,changeCycle=1,myNode=5ae2db1c...,timecost=0.486
info|2020-11-25 04:50:24.499029|[g:1][CONSENSUS][PBFT]checkAndChangeView: Reach consensus,org_view=42,cur_changeCycle=1,to_view=43
info|2020-11-25 04:50:25.499573|[g:1][CONSENSUS][SEALER]++++++++++++++++ Generating seal on,blkNum=160,tx=0,nodeIdx=2,hash=cab72631...
info|2020-11-25 04:50:25.511073|[g:1][CONSENSUS][PBFT]checkTimeout Succ,view=43,toView=44,nodeIdx=2,changeCycle=1,myNode=5ae2db1c...,timecost=0.233
info|2020-11-25 04:50:25.512500|[g:1][CONSENSUS][PBFT]checkAndChangeView: Reach consensus,org_view=43,cur_changeCycle=1,to_view=44
info|2020-11-25 04:50:26.511420|[g:1][CONSENSUS]addRawPrepare,height=160,reqIdx=3,hash=a4977b79...,time=0
info|2020-11-25 04:50:26.511727|[g:1][CONSENSUS][PBFT]checkTimeout Succ,view=44,toView=45,nodeIdx=2,changeCycle=1,myNode=5ae2db1c...,timecost=0.264
info|2020-11-25 04:50:26.518070|[g:1][CONSENSUS][PBFT]checkAndChangeView: Reach consensus,org_view=44,cur_changeCycle=1,to_view=45
info|2020-11-25 04:50:27.520442|[g:1][CONSENSUS]addRawPrepare,height=160,reqIdx=0,hash=9becb766...,time=0
info|2020-11-25 04:50:27.520754|[g:1][CONSENSUS][PBFT]checkTimeout Succ,view=45,toView=46,nodeIdx=2,changeCycle=1,myNode=5ae2db1c...,timecost=0.246
info|2020-11-25 04:50:27.524410|[g:1][CONSENSUS][PBFT]checkAndChangeView: Reach consensus,org_view=45,cur_changeCycle=1,to_view=46
info|2020-11-25 04:50:28.529371|[g:1][CONSENSUS]addRawPrepare,height=160,reqIdx=1,hash=61bfde44...,time=0
info|2020-11-25 04:50:28.529656|[g:1][CONSENSUS][PBFT]checkTimeout Succ,view=46,toView=47,nodeIdx=2,changeCycle=1,myNode=5ae2db1c...,timecost=0.249
info|2020-11-25 04:50:28.533069|[g:1][CONSENSUS][PBFT]checkAndChangeView: Reach consensus,org_view=46,cur_changeCycle=1,to_view=47
info|2020-11-25 04:50:29.533541|[g:1][CONSENSUS][SEALER]++++++++++++++++ Generating seal on,blkNum=160,tx=0,nodeIdx=2,hash=e644b7ef...
info|2020-11-25 04:50:29.542208|[g:1][CONSENSUS][PBFT]checkTimeout Succ,view=47,toView=48,nodeIdx=2,changeCycle=1,myNode=5ae2db1c...,timecost=0.918
info|2020-11-25 04:50:29.545067|[g:1][CONSENSUS][PBFT]checkAndChangeView: Reach consensus,org_view=47,cur_changeCycle=1,to_view=48
info|2020-11-25 04:50:30.543642|[g:1][CONSENSUS]addRawPrepare,height=160,reqIdx=3,hash=352231ae...,time=0
info|2020-11-25 04:50:30.543985|[g:1][CONSENSUS][PBFT]checkTimeout Succ,view=48,toView=49,nodeIdx=2,changeCycle=1,myNode=5ae2db1c...,timecost=0.301
info|2020-11-25 04:50:30.549377|[g:1][CONSENSUS][PBFT]checkAndChangeView: Reach consensus,org_view=48,cur_changeCycle=1,to_view=49
info|2020-11-25 04:50:30.695915|[P2P][Service] heartBeat,connected count=3
info|2020-11-25 04:50:31.551033|[g:1][CONSENSUS]addRawPrepare,height=160,reqIdx=0,hash=8f1832af...,time=0
info|2020-11-25 04:50:31.551297|[g:1][CONSENSUS][PBFT]checkTimeout Succ,view=49,toView=50,nodeIdx=2,changeCycle=1,myNode=5ae2db1c...,timecost=0.225
info|2020-11-25 04:50:31.558867|[g:1][CONSENSUS][PBFT]checkAndChangeView: Reach consensus,org_view=49,cur_changeCycle=1,to_view=50
info|2020-11-25 04:50:32.562990|[g:1][CONSENSUS]addRawPrepare,height=160,reqIdx=1,hash=8522c8a0...,time=0
info|2020-11-25 04:50:32.563319|[g:1][CONSENSUS][PBFT]checkTimeout Succ,view=50,toView=51,nodeIdx=2,changeCycle=1,myNode=5ae2db1c...,timecost=0.291
info|2020-11-25 04:50:32.567552|[g:1][CONSENSUS][PBFT]checkAndChangeView: Reach consensus,org_view=50,cur_changeCycle=1,to_view=51
info|2020-11-25 04:50:33.568129|[g:1][CONSENSUS][SEALER]++++++++++++++++ Generating seal on,blkNum=160,tx=0,nodeIdx=2,hash=1c2f6b20...
info|2020-11-25 04:50:33.575497|[g:1][CONSENSUS][PBFT]checkTimeout Succ,view=51,toView=52,nodeIdx=2,changeCycle=1,myNode=5ae2db1c...,timecost=0.27
info|2020-11-25 04:50:33.577229|[g:1][CONSENSUS][PBFT]checkAndChangeView: Reach consensus,org_view=51,cur_changeCycle=1,to_view=52
info|2020-11-25 04:50:34.575875|[g:1][CONSENSUS]addRawPrepare,height=160,reqIdx=3,hash=987d6428...,time=0
info|2020-11-25 04:50:34.581628|[g:1][CONSENSUS][PBFT]checkTimeout Succ,view=52,toView=53,nodeIdx=2,changeCycle=1,myNode=5ae2db1c...,timecost=2.347
info|2020-11-25 04:50:34.582305|[g:1][CONSENSUS][PBFT]checkAndChangeView: Reach consensus,org_view=52,cur_changeCycle=1,to_view=53
info|2020-11-25 04:50:35.588971|[g:1][CONSENSUS]addRawPrepare,height=160,reqIdx=0,hash=74b9faf4...,time=0
info|2020-11-25 04:50:35.589304|[g:1][CONSENSUS][PBFT]checkTimeout Succ,view=53,toView=54,nodeIdx=2,changeCycle=1,myNode=5ae2db1c...,timecost=0.292
info|2020-11-25 04:50:35.598598|[g:1][CONSENSUS][PBFT]checkAndChangeView: Reach consensus,org_view=53,cur_changeCycle=1,to_view=54
info|2020-11-25 04:50:36.602365|[g:1][CONSENSUS]addRawPrepare,height=160,reqIdx=1,hash=9f92dd6d...,time=0
info|2020-11-25 04:50:36.608914|[g:1][CONSENSUS][PBFT]checkTimeout Succ,view=54,toView=55,nodeIdx=2,changeCycle=1,myNode=5ae2db1c...,timecost=6.509
info|2020-11-25 04:50:36.617282|[g:1][CONSENSUS][PBFT]checkAndChangeView: Reach consensus,org_view=54,cur_changeCycle=1,to_view=55
info|2020-11-25 04:50:37.618367|[g:1][CONSENSUS][SEALER]++++++++++++++++ Generating seal on,blkNum=160,tx=0,nodeIdx=2,hash=e22d5deb...
info|2020-11-25 04:50:37.625738|[g:1][CONSENSUS][PBFT]checkTimeout Succ,view=55,toView=56,nodeIdx=2,changeCycle=1,myNode=5ae2db1c...,timecost=0.233
info|2020-11-25 04:50:37.627308|[g:1][CONSENSUS][PBFT]checkAndChangeView: Reach consensus,org_view=55,cur_changeCycle=1,to_view=56
info|2020-11-25 04:50:38.628916|[g:1][CONSENSUS]addRawPrepare,height=160,reqIdx=3,hash=cd6681cc...,time=0
info|2020-11-25 04:50:38.629209|[g:1][CONSENSUS][PBFT]checkTimeout Succ,view=56,toView=57,nodeIdx=2,changeCycle=1,myNode=5ae2db1c...,timecost=0.258
info|2020-11-25 04:50:38.633888|[g:1][CONSENSUS][PBFT]checkAndChangeView: Reach consensus,org_view=56,cur_changeCycle=1,to_view=57
info|2020-11-25 04:50:39.633725|[g:1][CONSENSUS]addRawPrepare,height=160,reqIdx=0,hash=f727bcf8...,time=0
info|2020-11-25 04:50:39.634159|[g:1][CONSENSUS][PBFT]checkTimeout Succ,view=57,toView=58,nodeIdx=2,changeCycle=1,myNode=5ae2db1c...,timecost=0.389
info|2020-11-25 04:50:39.641037|[g:1][CONSENSUS][PBFT]checkAndChangeView: Reach consensus,org_view=57,cur_changeCycle=1,to_view=58
info|2020-11-25 04:50:40.645835|[g:1][CONSENSUS]addRawPrepare,height=160,reqIdx=1,hash=6880f622...,time=0
info|2020-11-25 04:50:40.646202|[g:1][CONSENSUS][PBFT]checkTimeout Succ,view=58,toView=59,nodeIdx=2,changeCycle=1,myNode=5ae2db1c...,timecost=0.334
info|2020-11-25 04:50:40.648313|[g:1][CONSENSUS][PBFT]checkAndChangeView: Reach consensus,org_view=58,cur_changeCycle=1,to_view=59
info|2020-11-25 04:50:40.696104|[P2P][Service] heartBeat,connected count=3
info|2020-11-25 04:50:41.650163|[g:1][CONSENSUS][SEALER]++++++++++++++++ Generating seal on,blkNum=160,tx=0,nodeIdx=2,hash=11cfe6cc...
info|2020-11-25 04:50:41.659657|[g:1][CONSENSUS][PBFT]checkTimeout Succ,view=59,toView=60,nodeIdx=2,changeCycle=1,myNode=5ae2db1c...,timecost=0.264
info|2020-11-25 04:50:41.660825|[g:1][CONSENSUS][PBFT]checkAndChangeView: Reach consensus,org_view=59,cur_changeCycle=1,to_view=60
info|2020-11-25 04:50:42.659304|[g:1][CONSENSUS]addRawPrepare,height=160,reqIdx=3,hash=31f394bf...,time=2
info|2020-11-25 04:50:42.661922|[g:1][CONSENSUS][PBFT]checkTimeout Succ,view=60,toView=61,nodeIdx=2,changeCycle=1,myNode=5ae2db1c...,timecost=0.269
info|2020-11-25 04:50:42.662671|[g:1][CONSENSUS][PBFT]checkAndChangeView: Reach consensus,org_view=60,cur_changeCycle=1,to_view=61
info|2020-11-25 04:50:43.669923|[g:1][CONSENSUS]addRawPrepare,height=160,reqIdx=0,hash=1425c479...,time=0
info|2020-11-25 04:50:43.670200|[g:1][CONSENSUS][PBFT]checkTimeout Succ,view=61,toView=62,nodeIdx=2,changeCycle=1,myNode=5ae2db1c...,timecost=0.245
info|2020-11-25 04:50:43.673610|[g:1][CONSENSUS][PBFT]checkAndChangeView: Reach consensus,org_view=61,cur_changeCycle=1,to_view=62
info|2020-11-25 04:50:44.679461|[g:1][CONSENSUS]addRawPrepare,height=160,reqIdx=1,hash=737ee13c...,time=0
info|2020-11-25 04:50:44.680714|[g:1][CONSENSUS][PBFT]checkTimeout Succ,view=62,toView=63,nodeIdx=2,changeCycle=1,myNode=5ae2db1c...,timecost=1.227
info|2020-11-25 04:50:44.684539|[g:1][CONSENSUS][PBFT]checkAndChangeView: Reach consensus,org_view=62,cur_changeCycle=1,to_view=63
info|2020-11-25 04:50:45.685719|[g:1][CONSENSUS][SEALER]++++++++++++++++ Generating seal on,blkNum=160,tx=0,nodeIdx=2,hash=57cf51d0...
info|2020-11-25 04:50:45.693509|[g:1][CONSENSUS][PBFT]checkTimeout Succ,view=63,toView=64,nodeIdx=2,changeCycle=1,myNode=5ae2db1c...,timecost=0.246
info|2020-11-25 04:50:45.694568|[g:1][CONSENSUS][PBFT]checkAndChangeView: Reach consensus,org_view=63,cur_changeCycle=1,to_view=64
info|2020-11-25 04:50:46.691683|[g:1][CONSENSUS]addRawPrepare,height=160,reqIdx=3,hash=6038159d...,time=0
info|2020-11-25 04:50:46.691985|[g:1][CONSENSUS][PBFT]checkTimeout Succ,view=64,toView=65,nodeIdx=2,changeCycle=1,myNode=5ae2db1c...,timecost=0.299
info|2020-11-25 04:50:46.698080|[g:1][CONSENSUS][PBFT]checkAndChangeView: Reach consensus,org_view=64,cur_changeCycle=1,to_view=65
info|2020-11-25 04:50:47.702308|[g:1][CONSENSUS]addRawPrepare,height=160,reqIdx=0,hash=2e134e7f...,time=0
info|2020-11-25 04:50:47.702603|[g:1][CONSENSUS][PBFT]checkTimeout Succ,view=65,toView=66,nodeIdx=2,changeCycle=1,myNode=5ae2db1c...,timecost=0.256
info|2020-11-25 04:50:47.706289|[g:1][CONSENSUS][PBFT]checkAndChangeView: Reach consensus,org_view=65,cur_changeCycle=1,to_view=66
info|2020-11-25 04:50:48.710827|[g:1][CONSENSUS]addRawPrepare,height=160,reqIdx=1,hash=bd8fd6cc...,time=0
info|2020-11-25 04:50:48.711118|[g:1][CONSENSUS][PBFT]checkTimeout Succ,view=66,toView=67,nodeIdx=2,changeCycle=1,myNode=5ae2db1c...,timecost=0.257
info|2020-11-25 04:50:48.715530|[g:1][CONSENSUS][PBFT]checkAndChangeView: Reach consensus,org_view=66,cur_changeCycle=1,to_view=67
info|2020-11-25 04:50:49.717477|[g:1][CONSENSUS][SEALER]++++++++++++++++ Generating seal on,blkNum=160,tx=0,nodeIdx=2,hash=e6b9997e...
info|2020-11-25 04:50:49.726425|[g:1][CONSENSUS][PBFT]checkTimeout Succ,view=67,toView=68,nodeIdx=2,changeCycle=1,myNode=5ae2db1c...,timecost=0.371
info|2020-11-25 04:50:49.727920|[g:1][CONSENSUS][PBFT]checkAndChangeView: Reach consensus,org_view=67,cur_changeCycle=1,to_view=68
info|2020-11-25 04:50:50.696210|[P2P][Service] heartBeat,connected count=3
info|2020-11-25 04:50:50.728412|[g:1][CONSENSUS]addRawPrepare,height=160,reqIdx=3,hash=f5d260d0...,time=0
info|2020-11-25 04:50:50.728667|[g:1][CONSENSUS][PBFT]checkTimeout Succ,view=68,toView=69,nodeIdx=2,changeCycle=1,myNode=5ae2db1c...,timecost=0.221
info|2020-11-25 04:50:50.731357|[g:1][CONSENSUS][PBFT]checkAndChangeView: Reach consensus,org_view=68,cur_changeCycle=1,to_view=69
info|2020-11-25 04:50:51.734405|[g:1][CONSENSUS]addRawPrepare,height=160,reqIdx=0,hash=2f906293...,time=0
info|2020-11-25 04:50:51.734649|[g:1][CONSENSUS][PBFT]checkTimeout Succ,view=69,toView=70,nodeIdx=2,changeCycle=1,myNode=5ae2db1c...,timecost=0.211
info|2020-11-25 04:50:51.737761|[g:1][CONSENSUS][PBFT]checkAndChangeView: Reach consensus,org_view=69,cur_changeCycle=1,to_view=70
info|2020-11-25 04:50:52.743775|[g:1][CONSENSUS]addRawPrepare,height=160,reqIdx=1,hash=9a224a16...,time=0
info|2020-11-25 04:50:52.744091|[g:1][CONSENSUS][PBFT]checkTimeout Succ,view=70,toView=71,nodeIdx=2,changeCycle=1,myNode=5ae2db1c...,timecost=0.278
info|2020-11-25 04:50:52.746578|[g:1][CONSENSUS][PBFT]checkAndChangeView: Reach consensus,org_view=70,cur_changeCycle=1,to_view=71
info|2020-11-25 04:50:53.748137|[g:1][CONSENSUS][SEALER]++++++++++++++++ Generating seal on,blkNum=160,tx=0,nodeIdx=2,hash=3ddeb622...
info|2020-11-25 04:50:53.756667|[g:1][CONSENSUS][PBFT]checkTimeout Succ,view=71,toView=72,nodeIdx=2,changeCycle=1,myNode=5ae2db1c...,timecost=0.523
info|2020-11-25 04:50:53.760222|[g:1][CONSENSUS][PBFT]checkAndChangeView: Reach consensus,org_view=71,cur_changeCycle=1,to_view=72
info|2020-11-25 04:50:54.758337|[g:1][CONSENSUS]addRawPrepare,height=160,reqIdx=3,hash=287f217f...,time=0
info|2020-11-25 04:50:54.758594|[g:1][CONSENSUS][PBFT]checkTimeout Succ,view=72,toView=73,nodeIdx=2,changeCycle=1,myNode=5ae2db1c...,timecost=0.224
info|2020-11-25 04:50:54.762553|[g:1][CONSENSUS][PBFT]checkAndChangeView: Reach consensus,org_view=72,cur_changeCycle=1,to_view=73
info|2020-11-25 04:50:55.764595|[g:1][CONSENSUS]addRawPrepare,height=160,reqIdx=0,hash=e67244d1...,time=0
info|2020-11-25 04:50:55.764876|[g:1][CONSENSUS][PBFT]checkTimeout Succ,view=73,toView=74,nodeIdx=2,changeCycle=1,myNode=5ae2db1c...,timecost=0.247
info|2020-11-25 04:50:55.770466|[g:1][CONSENSUS][PBFT]checkAndChangeView: Reach consensus,org_view=73,cur_changeCycle=1,to_view=74
info|2020-11-25 04:50:56.773853|[g:1][CONSENSUS]addRawPrepare,height=160,reqIdx=1,hash=9e686add...,time=0
info|2020-11-25 04:50:56.774162|[g:1][CONSENSUS][PBFT]checkTimeout Succ,view=74,toView=75,nodeIdx=2,changeCycle=1,myNode=5ae2db1c...,timecost=0.276
info|2020-11-25 04:50:56.781065|[g:1][CONSENSUS][PBFT]checkAndChangeView: Reach consensus,org_view=74,cur_changeCycle=1,to_view=75
info|2020-11-25 04:50:57.782461|[g:1][CONSENSUS][SEALER]++++++++++++++++ Generating seal on,blkNum=160,tx=0,nodeIdx=2,hash=23d19bbd...
info|2020-11-25 04:50:57.791456|[g:1][CONSENSUS][PBFT]checkTimeout Succ,view=75,toView=76,nodeIdx=2,changeCycle=1,myNode=5ae2db1c...,timecost=0.266
info|2020-11-25 04:50:57.792723|[g:1][CONSENSUS][PBFT]checkAndChangeView: Reach consensus,org_view=75,cur_changeCycle=1,to_view=76
info|2020-11-25 04:50:58.793103|[g:1][CONSENSUS]addRawPrepare,height=160,reqIdx=3,hash=65f7c9ce...,time=0
info|2020-11-25 04:50:58.793391|[g:1][CONSENSUS][PBFT]checkTimeout Succ,view=76,toView=77,nodeIdx=2,changeCycle=1,myNode=5ae2db1c...,timecost=0.245
info|2020-11-25 04:50:58.801215|[g:1][CONSENSUS][PBFT]checkAndChangeView: Reach consensus,org_view=76,cur_changeCycle=1,to_view=77
info|2020-11-25 04:50:59.803082|[g:1][CONSENSUS]addRawPrepare,height=160,reqIdx=0,hash=137e649e...,time=0
info|2020-11-25 04:50:59.803422|[g:1][CONSENSUS][PBFT]checkTimeout Succ,view=77,toView=78,nodeIdx=2,changeCycle=1,myNode=5ae2db1c...,timecost=0.304
info|2020-11-25 04:50:59.807048|[g:1][CONSENSUS][PBFT]checkAndChangeView: Reach consensus,org_view=77,cur_changeCycle=1,to_view=78
info|2020-11-25 04:51:00.696488|[P2P][Service] heartBeat,connected count=3
info|2020-11-25 04:51:00.810434|[g:1][CONSENSUS]addRawPrepare,height=160,reqIdx=1,hash=f443d093...,time=0
info|2020-11-25 04:51:00.810718|[g:1][CONSENSUS][PBFT]checkTimeout Succ,view=78,toView=79,nodeIdx=2,changeCycle=1,myNode=5ae2db1c...,timecost=0.251
info|2020-11-25 04:51:00.822635|[g:1][CONSENSUS][PBFT]checkAndChangeView: Reach consensus,org_view=78,cur_changeCycle=1,to_view=79
info|2020-11-25 04:51:01.822334|[g:1][CONSENSUS][SEALER]++++++++++++++++ Generating seal on,blkNum=160,tx=0,nodeIdx=2,hash=30ce5e63...
info|2020-11-25 04:51:01.830471|[g:1][CONSENSUS][PBFT]checkTimeout Succ,view=79,toView=80,nodeIdx=2,changeCycle=1,myNode=5ae2db1c...,timecost=0.257
info|2020-11-25 04:51:01.831923|[g:1][CONSENSUS][PBFT]checkAndChangeView: Reach consensus,org_view=79,cur_changeCycle=1,to_view=80
info|2020-11-25 04:51:02.832258|[g:1][CONSENSUS]addRawPrepare,height=160,reqIdx=3,hash=fe28c5d6...,time=0
info|2020-11-25 04:51:02.840210|[g:1][CONSENSUS][PBFT]checkTimeout Succ,view=80,toView=81,nodeIdx=2,changeCycle=1,myNode=5ae2db1c...,timecost=7.915
info|2020-11-25 04:51:02.840908|[g:1][CONSENSUS][PBFT]checkAndChangeView: Reach consensus,org_view=80,cur_changeCycle=1,to_view=81
info|2020-11-25 04:51:03.847750|[g:1][CONSENSUS]addRawPrepare,height=160,reqIdx=0,hash=387eaea9...,time=0
info|2020-11-25 04:51:03.848034|[g:1][CONSENSUS][PBFT]checkTimeout Succ,view=81,toView=82,nodeIdx=2,changeCycle=1,myNode=5ae2db1c...,timecost=0.247
info|2020-11-25 04:51:03.855728|[g:1][CONSENSUS][PBFT]checkAndChangeView: Reach consensus,org_view=81,cur_changeCycle=1,to_view=82
info|2020-11-25 04:51:04.859316|[g:1][CONSENSUS]addRawPrepare,height=160,reqIdx=1,hash=be2b7a20...,time=0
info|2020-11-25 04:51:04.859671|[g:1][CONSENSUS][PBFT]checkTimeout Succ,view=82,toView=83,nodeIdx=2,changeCycle=1,myNode=5ae2db1c...,timecost=0.323
info|2020-11-25 04:51:04.862073|[g:1][CONSENSUS][PBFT]checkAndChangeView: Reach consensus,org_view=82,cur_changeCycle=1,to_view=83
info|2020-11-25 04:51:05.864020|[g:1][CONSENSUS][SEALER]++++++++++++++++ Generating seal on,blkNum=160,tx=0,nodeIdx=2,hash=9a7f15ab...
info|2020-11-25 04:51:05.878546|[g:1][CONSENSUS][PBFT]checkTimeout Succ,view=83,toView=84,nodeIdx=2,changeCycle=1,myNode=5ae2db1c...,timecost=0.27
info|2020-11-25 04:51:05.879920|[g:1][CONSENSUS][PBFT]checkAndChangeView: Reach consensus,org_view=83,cur_changeCycle=1,to_view=84
info|2020-11-25 04:51:06.879576|[g:1][CONSENSUS]addRawPrepare,height=160,reqIdx=3,hash=eb755c19...,time=0
info|2020-11-25 04:51:06.879980|[g:1][CONSENSUS][PBFT]checkTimeout Succ,view=84,toView=85,nodeIdx=2,changeCycle=1,myNode=5ae2db1c...,timecost=0.347
info|2020-11-25 04:51:06.889873|[g:1][CONSENSUS][PBFT]checkAndChangeView: Reach consensus,org_view=84,cur_changeCycle=1,to_view=85
info|2020-11-25 04:51:07.894939|[g:1][CONSENSUS]addRawPrepare,height=160,reqIdx=0,hash=a1459dfd...,time=0
info|2020-11-25 04:51:07.895189|[g:1][CONSENSUS][PBFT]checkTimeout Succ,view=85,toView=86,nodeIdx=2,changeCycle=1,myNode=5ae2db1c...,timecost=0.219
info|2020-11-25 04:51:07.897503|[g:1][CONSENSUS][PBFT]checkAndChangeView: Reach consensus,org_view=85,cur_changeCycle=1,to_view=86
info|2020-11-25 04:51:08.903008|[g:1][CONSENSUS]addRawPrepare,height=160,reqIdx=1,hash=d5824d10...,time=0
info|2020-11-25 04:51:08.903304|[g:1][CONSENSUS][PBFT]checkTimeout Succ,view=86,toView=87,nodeIdx=2,changeCycle=1,myNode=5ae2db1c...,timecost=0.259
info|2020-11-25 04:51:08.906990|[g:1][CONSENSUS][PBFT]checkAndChangeView: Reach consensus,org_view=86,cur_changeCycle=1,to_view=87
info|2020-11-25 04:51:09.907487|[g:1][CONSENSUS][SEALER]++++++++++++++++ Generating seal on,blkNum=160,tx=0,nodeIdx=2,hash=5a94ea16...
info|2020-11-25 04:51:09.915617|[g:1][CONSENSUS][PBFT]checkTimeout Succ,view=87,toView=88,nodeIdx=2,changeCycle=1,myNode=5ae2db1c...,timecost=0.31
info|2020-11-25 04:51:09.917249|[g:1][CONSENSUS][PBFT]checkAndChangeView: Reach consensus,org_view=87,cur_changeCycle=1,to_view=88
info|2020-11-25 04:51:10.696670|[P2P][Service] heartBeat,connected count=3
info|2020-11-25 04:51:10.917611|[g:1][CONSENSUS]addRawPrepare,height=160,reqIdx=3,hash=6c82906f...,time=0
info|2020-11-25 04:51:10.917960|[g:1][CONSENSUS][PBFT]checkTimeout Succ,view=88,toView=89,nodeIdx=2,changeCycle=1,myNode=5ae2db1c...,timecost=0.309
info|2020-11-25 04:51:10.923388|[g:1][CONSENSUS][PBFT]checkAndChangeView: Reach consensus,org_view=88,cur_changeCycle=1,to_view=89
info|2020-11-25 04:51:11.925493|[g:1][CONSENSUS]addRawPrepare,height=160,reqIdx=0,hash=a3e689eb...,time=0
info|2020-11-25 04:51:11.925788|[g:1][CONSENSUS][PBFT]checkTimeout Succ,view=89,toView=90,nodeIdx=2,changeCycle=1,myNode=5ae2db1c...,timecost=0.261
info|2020-11-25 04:51:11.931578|[g:1][CONSENSUS][PBFT]checkAndChangeView: Reach consensus,org_view=89,cur_changeCycle=1,to_view=90
info|2020-11-25 04:51:12.936363|[g:1][CONSENSUS]addRawPrepare,height=160,reqIdx=1,hash=35ae956c...,time=0
info|2020-11-25 04:51:12.936667|[g:1][CONSENSUS][PBFT]checkTimeout Succ,view=90,toView=91,nodeIdx=2,changeCycle=1,myNode=5ae2db1c...,timecost=0.262
info|2020-11-25 04:51:12.939878|[g:1][CONSENSUS][PBFT]checkAndChangeView: Reach consensus,org_view=90,cur_changeCycle=1,to_view=91
info|2020-11-25 04:51:13.943363|[g:1][CONSENSUS][SEALER]++++++++++++++++ Generating seal on,blkNum=160,tx=0,nodeIdx=2,hash=b4e4ea68...
info|2020-11-25 04:51:13.950965|[g:1][CONSENSUS][PBFT]checkTimeout Succ,view=91,toView=92,nodeIdx=2,changeCycle=1,myNode=5ae2db1c...,timecost=0.26
info|2020-11-25 04:51:13.952162|[g:1][CONSENSUS][PBFT]checkAndChangeView: Reach consensus,org_view=91,cur_changeCycle=1,to_view=92
info|2020-11-25 04:51:14.952586|[g:1][CONSENSUS]addRawPrepare,height=160,reqIdx=3,hash=9ebf19ac...,time=0
info|2020-11-25 04:51:14.952866|[g:1][CONSENSUS][PBFT]checkTimeout Succ,view=92,toView=93,nodeIdx=2,changeCycle=1,myNode=5ae2db1c...,timecost=0.241
info|2020-11-25 04:51:14.957675|[g:1][CONSENSUS][PBFT]checkAndChangeView: Reach consensus,org_view=92,cur_changeCycle=1,to_view=93
info|2020-11-25 04:51:15.959811|[g:1][CONSENSUS]addRawPrepare,height=160,reqIdx=0,hash=626c687c...,time=0
info|2020-11-25 04:51:15.960133|[g:1][CONSENSUS][PBFT]checkTimeout Succ,view=93,toView=94,nodeIdx=2,changeCycle=1,myNode=5ae2db1c...,timecost=0.288
info|2020-11-25 04:51:15.963948|[g:1][CONSENSUS][PBFT]checkAndChangeView: Reach consensus,org_view=93,cur_changeCycle=1,to_view=94
info|2020-11-25 04:51:16.967056|[g:1][CONSENSUS]addRawPrepare,height=160,reqIdx=1,hash=b4a96df5...,time=0
info|2020-11-25 04:51:16.967415|[g:1][CONSENSUS][PBFT]checkTimeout Succ,view=94,toView=95,nodeIdx=2,changeCycle=1,myNode=5ae2db1c...,timecost=0.323
info|2020-11-25 04:51:16.970941|[g:1][CONSENSUS][PBFT]checkAndChangeView: Reach consensus,org_view=94,cur_changeCycle=1,to_view=95
info|2020-11-25 04:51:17.973064|[g:1][CONSENSUS][SEALER]++++++++++++++++ Generating seal on,blkNum=160,tx=0,nodeIdx=2,hash=c318d75a...
info|2020-11-25 04:51:17.981543|[g:1][CONSENSUS][PBFT]checkTimeout Succ,view=95,toView=96,nodeIdx=2,changeCycle=1,myNode=5ae2db1c...,timecost=0.251
info|2020-11-25 04:51:17.983036|[g:1][CONSENSUS][PBFT]checkAndChangeView: Reach consensus,org_view=95,cur_changeCycle=1,to_view=96
info|2020-11-25 04:51:18.981760|[g:1][CONSENSUS]addRawPrepare,height=160,reqIdx=3,hash=016de1f3...,time=0
info|2020-11-25 04:51:18.982077|[g:1][CONSENSUS][PBFT]checkTimeout Succ,view=96,toView=97,nodeIdx=2,changeCycle=1,myNode=5ae2db1c...,timecost=0.28
info|2020-11-25 04:51:18.987150|[g:1][CONSENSUS][PBFT]checkAndChangeView: Reach consensus,org_view=96,cur_changeCycle=1,to_view=97
info|2020-11-25 04:51:19.989460|[g:1][CONSENSUS]addRawPrepare,height=160,reqIdx=0,hash=33b59f89...,time=0
info|2020-11-25 04:51:19.989804|[g:1][CONSENSUS][PBFT]checkTimeout Succ,view=97,toView=98,nodeIdx=2,changeCycle=1,myNode=5ae2db1c...,timecost=0.313
info|2020-11-25 04:51:19.992731|[g:1][CONSENSUS][PBFT]checkAndChangeView: Reach consensus,org_view=97,cur_changeCycle=1,to_view=98
info|2020-11-25 04:51:20.696742|[P2P][Service] heartBeat,connected count=3
info|2020-11-25 04:51:20.996310|[g:1][CONSENSUS]addRawPrepare,height=160,reqIdx=1,hash=99b8605e...,time=0
info|2020-11-25 04:51:20.998008|[g:1][CONSENSUS][PBFT]checkTimeout Succ,view=98,toView=99,nodeIdx=2,changeCycle=1,myNode=5ae2db1c...,timecost=1.666
info|2020-11-25 04:51:21.001063|[g:1][CONSENSUS][PBFT]checkAndChangeView: Reach consensus,org_view=98,cur_changeCycle=1,to_view=99
info|2020-11-25 04:51:22.001498|[g:1][CONSENSUS][SEALER]++++++++++++++++ Generating seal on,blkNum=160,tx=0,nodeIdx=2,hash=7a49d21c...
info|2020-11-25 04:51:22.009655|[g:1][CONSENSUS][PBFT]checkTimeout Succ,view=99,toView=100,nodeIdx=2,changeCycle=1,myNode=5ae2db1c...,timecost=0.252
info|2020-11-25 04:51:22.011142|[g:1][CONSENSUS][PBFT]checkAndChangeView: Reach consensus,org_view=99,cur_changeCycle=1,to_view=100
info|2020-11-25 04:51:23.010528|[g:1][CONSENSUS]addRawPrepare,height=160,reqIdx=3,hash=7f4541d5...,time=0
info|2020-11-25 04:51:23.010731|[g:1][CONSENSUS][PBFT]checkTimeout Succ,view=100,toView=101,nodeIdx=2,changeCycle=1,myNode=5ae2db1c...,timecost=0.173
info|2020-11-25 04:51:23.014565|[g:1][CONSENSUS][PBFT]checkAndChangeView: Reach consensus,org_view=100,cur_changeCycle=1,to_view=101
info|2020-11-25 04:51:24.018611|[g:1][CONSENSUS]addRawPrepare,height=160,reqIdx=0,hash=b56829d5...,time=0
info|2020-11-25 04:51:24.018884|[g:1][CONSENSUS][PBFT]checkTimeout Succ,view=101,toView=102,nodeIdx=2,changeCycle=1,myNode=5ae2db1c...,timecost=0.237
info|2020-11-25 04:51:24.022522|[g:1][CONSENSUS][PBFT]checkAndChangeView: Reach consensus,org_view=101,cur_changeCycle=1,to_view=102
info|2020-11-25 04:51:25.023241|[g:1][CONSENSUS]addRawPrepare,height=160,reqIdx=1,hash=774cc7d3...,time=0
info|2020-11-25 04:51:25.023565|[g:1][CONSENSUS][PBFT]checkTimeout Succ,view=102,toView=103,nodeIdx=2,changeCycle=1,myNode=5ae2db1c...,timecost=0.289
info|2020-11-25 04:51:25.026925|[g:1][CONSENSUS][PBFT]checkAndChangeView: Reach consensus,org_view=102,cur_changeCycle=1,to_view=103
info|2020-11-25 04:51:26.028702|[g:1][CONSENSUS][SEALER]++++++++++++++++ Generating seal on,blkNum=160,tx=0,nodeIdx=2,hash=a36e528b...
info|2020-11-25 04:51:26.035608|[g:1][CONSENSUS][PBFT]checkTimeout Succ,view=103,toView=104,nodeIdx=2,changeCycle=1,myNode=5ae2db1c...,timecost=0.26
info|2020-11-25 04:51:26.036981|[g:1][CONSENSUS][PBFT]checkAndChangeView: Reach consensus,org_view=103,cur_changeCycle=1,to_view=104
info|2020-11-25 04:51:27.036621|[g:1][CONSENSUS]addRawPrepare,height=160,reqIdx=3,hash=a94c3459...,time=0
info|2020-11-25 04:51:27.036893|[g:1][CONSENSUS][PBFT]checkTimeout Succ,view=104,toView=105,nodeIdx=2,changeCycle=1,myNode=5ae2db1c...,timecost=0.234
info|2020-11-25 04:51:27.042445|[g:1][CONSENSUS][PBFT]checkAndChangeView: Reach consensus,org_view=104,cur_changeCycle=1,to_view=105
info|2020-11-25 04:51:28.045260|[g:1][CONSENSUS]addRawPrepare,height=160,reqIdx=0,hash=13d89328...,time=0
info|2020-11-25 04:51:28.045590|[g:1][CONSENSUS][PBFT]checkTimeout Succ,view=105,toView=106,nodeIdx=2,changeCycle=1,myNode=5ae2db1c...,timecost=0.296
info|2020-11-25 04:51:28.049267|[g:1][CONSENSUS][PBFT]checkAndChangeView: Reach consensus,org_view=105,cur_changeCycle=1,to_view=106
info|2020-11-25 04:51:29.054638|[g:1][CONSENSUS]addRawPrepare,height=160,reqIdx=1,hash=030c2e5d...,time=0
info|2020-11-25 04:51:29.054932|[g:1][CONSENSUS][PBFT]checkTimeout Succ,view=106,toView=107,nodeIdx=2,changeCycle=1,myNode=5ae2db1c...,timecost=0.258
info|2020-11-25 04:51:29.057103|[g:1][CONSENSUS][PBFT]checkAndChangeView: Reach consensus,org_view=106,cur_changeCycle=1,to_view=107
info|2020-11-25 04:51:30.060063|[g:1][CONSENSUS][SEALER]++++++++++++++++ Generating seal on,blkNum=160,tx=0,nodeIdx=2,hash=3b66aa87...
info|2020-11-25 04:51:30.067342|[g:1][CONSENSUS][PBFT]checkTimeout Succ,view=107,toView=108,nodeIdx=2,changeCycle=1,myNode=5ae2db1c...,timecost=0.272
info|2020-11-25 04:51:30.068318|[g:1][CONSENSUS][PBFT]checkAndChangeView: Reach consensus,org_view=107,cur_changeCycle=1,to_view=108
info|2020-11-25 04:51:30.696840|[P2P][Service] heartBeat,connected count=3
info|2020-11-25 04:51:31.069238|[g:1][CONSENSUS]addRawPrepare,height=160,reqIdx=3,hash=845362a9...,time=0
info|2020-11-25 04:51:31.069604|[g:1][CONSENSUS][PBFT]checkTimeout Succ,view=108,toView=109,nodeIdx=2,changeCycle=1,myNode=5ae2db1c...,timecost=0.327
info|2020-11-25 04:51:31.074456|[g:1][CONSENSUS][PBFT]checkAndChangeView: Reach consensus,org_view=108,cur_changeCycle=1,to_view=109
info|2020-11-25 04:51:32.078654|[g:1][CONSENSUS]addRawPrepare,height=160,reqIdx=0,hash=96472794...,time=0
info|2020-11-25 04:51:32.078951|[g:1][CONSENSUS][PBFT]checkTimeout Succ,view=109,toView=110,nodeIdx=2,changeCycle=1,myNode=5ae2db1c...,timecost=0.261
info|2020-11-25 04:51:32.081675|[g:1][CONSENSUS][PBFT]checkAndChangeView: Reach consensus,org_view=109,cur_changeCycle=1,to_view=110
info|2020-11-25 04:51:33.086996|[g:1][CONSENSUS]addRawPrepare,height=160,reqIdx=1,hash=3acd1ea9...,time=1
info|2020-11-25 04:51:33.087247|[g:1][CONSENSUS][PBFT]checkTimeout Succ,view=110,toView=111,nodeIdx=2,changeCycle=1,myNode=5ae2db1c...,timecost=0.219
info|2020-11-25 04:51:33.090065|[g:1][CONSENSUS][PBFT]checkAndChangeView: Reach consensus,org_view=110,cur_changeCycle=1,to_view=111
info|2020-11-25 04:51:34.091332|[g:1][CONSENSUS][SEALER]++++++++++++++++ Generating seal on,blkNum=160,tx=0,nodeIdx=2,hash=e34e3eea...
info|2020-11-25 04:51:34.098256|[g:1][CONSENSUS][PBFT]checkTimeout Succ,view=111,toView=112,nodeIdx=2,changeCycle=1,myNode=5ae2db1c...,timecost=0.233
info|2020-11-25 04:51:34.099567|[g:1][CONSENSUS][PBFT]checkAndChangeView: Reach consensus,org_view=111,cur_changeCycle=1,to_view=112
info|2020-11-25 04:51:35.099259|[g:1][CONSENSUS]addRawPrepare,height=160,reqIdx=3,hash=9fc9d32b...,time=0
info|2020-11-25 04:51:35.099530|[g:1][CONSENSUS][PBFT]checkTimeout Succ,view=112,toView=113,nodeIdx=2,changeCycle=1,myNode=5ae2db1c...,timecost=0.237
info|2020-11-25 04:51:35.102113|[g:1][CONSENSUS][PBFT]checkAndChangeView: Reach consensus,org_view=112,cur_changeCycle=1,to_view=113
info|2020-11-25 04:51:36.107094|[g:1][CONSENSUS]addRawPrepare,height=160,reqIdx=0,hash=a1214246...,time=0
info|2020-11-25 04:51:36.107375|[g:1][CONSENSUS][PBFT]checkTimeout Succ,view=113,toView=114,nodeIdx=2,changeCycle=1,myNode=5ae2db1c...,timecost=0.245
info|2020-11-25 04:51:36.110216|[g:1][CONSENSUS][PBFT]checkAndChangeView: Reach consensus,org_view=113,cur_changeCycle=1,to_view=114
info|2020-11-25 04:51:37.114369|[g:1][CONSENSUS]addRawPrepare,height=160,reqIdx=1,hash=8b07d04a...,time=0
info|2020-11-25 04:51:37.114690|[g:1][CONSENSUS][PBFT]checkTimeout Succ,view=114,toView=115,nodeIdx=2,changeCycle=1,myNode=5ae2db1c...,timecost=0.282
info|2020-11-25 04:51:37.120386|[g:1][CONSENSUS][PBFT]checkAndChangeView: Reach consensus,org_view=114,cur_changeCycle=1,to_view=115
info|2020-11-25 04:51:38.121361|[g:1][CONSENSUS][SEALER]++++++++++++++++ Generating seal on,blkNum=160,tx=0,nodeIdx=2,hash=23736f97...
info|2020-11-25 04:51:38.129872|[g:1][CONSENSUS][PBFT]checkTimeout Succ,view=115,toView=116,nodeIdx=2,changeCycle=1,myNode=5ae2db1c...,timecost=0.306
info|2020-11-25 04:51:38.131240|[g:1][CONSENSUS][PBFT]checkAndChangeView: Reach consensus,org_view=115,cur_changeCycle=1,to_view=116
info|2020-11-25 04:51:39.130854|[g:1][CONSENSUS]addRawPrepare,height=160,reqIdx=3,hash=4a2c533c...,time=0
info|2020-11-25 04:51:39.131142|[g:1][CONSENSUS][PBFT]checkTimeout Succ,view=116,toView=117,nodeIdx=2,changeCycle=1,myNode=5ae2db1c...,timecost=0.249
info|2020-11-25 04:51:39.136425|[g:1][CONSENSUS][PBFT]checkAndChangeView: Reach consensus,org_view=116,cur_changeCycle=1,to_view=117
info|2020-11-25 04:51:40.138418|[g:1][CONSENSUS]addRawPrepare,height=160,reqIdx=0,hash=aeaf3bbc...,time=0
info|2020-11-25 04:51:40.138732|[g:1][CONSENSUS][PBFT]checkTimeout Succ,view=117,toView=118,nodeIdx=2,changeCycle=1,myNode=5ae2db1c...,timecost=0.284
info|2020-11-25 04:51:40.141632|[g:1][CONSENSUS][PBFT]checkAndChangeView: Reach consensus,org_view=117,cur_changeCycle=1,to_view=118
info|2020-11-25 04:51:40.696902|[P2P][Service] heartBeat,connected count=3
info|2020-11-25 04:51:41.147790|[g:1][CONSENSUS]addRawPrepare,height=160,reqIdx=1,hash=1b46ba74...,time=0
info|2020-11-25 04:51:41.148061|[g:1][CONSENSUS][PBFT]checkTimeout Succ,view=118,toView=119,nodeIdx=2,changeCycle=1,myNode=5ae2db1c...,timecost=0.235
info|2020-11-25 04:51:41.151846|[g:1][CONSENSUS][PBFT]checkAndChangeView: Reach consensus,org_view=118,cur_changeCycle=1,to_view=119
info|2020-11-25 04:51:42.152172|[g:1][CONSENSUS][SEALER]++++++++++++++++ Generating seal on,blkNum=160,tx=0,nodeIdx=2,hash=53e3c6fa...
info|2020-11-25 04:51:42.160234|[g:1][CONSENSUS][PBFT]checkTimeout Succ,view=119,toView=120,nodeIdx=2,changeCycle=1,myNode=5ae2db1c...,timecost=0.276
info|2020-11-25 04:51:42.161636|[g:1][CONSENSUS][PBFT]checkAndChangeView: Reach consensus,org_view=119,cur_changeCycle=1,to_view=120
info|2020-11-25 04:51:43.161308|[g:1][CONSENSUS]addRawPrepare,height=160,reqIdx=3,hash=201b3e32...,time=0
info|2020-11-25 04:51:43.161624|[g:1][CONSENSUS][PBFT]checkTimeout Succ,view=120,toView=121,nodeIdx=2,changeCycle=1,myNode=5ae2db1c...,timecost=0.244
info|2020-11-25 04:51:43.166027|[g:1][CONSENSUS][PBFT]checkAndChangeView: Reach consensus,org_view=120,cur_changeCycle=1,to_view=121
info|2020-11-25 04:51:44.169480|[g:1][CONSENSUS]addRawPrepare,height=160,reqIdx=0,hash=7f284355...,time=0
info|2020-11-25 04:51:44.169849|[g:1][CONSENSUS][PBFT]checkTimeout Succ,view=121,toView=122,nodeIdx=2,changeCycle=1,myNode=5ae2db1c...,timecost=0.333
info|2020-11-25 04:51:44.176245|[g:1][CONSENSUS][PBFT]checkAndChangeView: Reach consensus,org_view=121,cur_changeCycle=1,to_view=122
info|2020-11-25 04:51:45.175232|[g:1][CONSENSUS]addRawPrepare,height=160,reqIdx=1,hash=59767c86...,time=0
info|2020-11-25 04:51:45.175526|[g:1][CONSENSUS][PBFT]checkTimeout Succ,view=122,toView=123,nodeIdx=2,changeCycle=1,myNode=5ae2db1c...,timecost=0.264
info|2020-11-25 04:51:45.179039|[g:1][CONSENSUS][PBFT]checkAndChangeView: Reach consensus,org_view=122,cur_changeCycle=1,to_view=123
info|2020-11-25 04:51:46.179708|[g:1][CONSENSUS][SEALER]++++++++++++++++ Generating seal on,blkNum=160,tx=0,nodeIdx=2,hash=03813d00...
info|2020-11-25 04:51:46.187246|[g:1][CONSENSUS][PBFT]checkTimeout Succ,view=123,toView=124,nodeIdx=2,changeCycle=1,myNode=5ae2db1c...,timecost=0.24
info|2020-11-25 04:51:46.188467|[g:1][CONSENSUS][PBFT]checkAndChangeView: Reach consensus,org_view=123,cur_changeCycle=1,to_view=124
info|2020-11-25 04:51:47.188417|[g:1][CONSENSUS]addRawPrepare,height=160,reqIdx=3,hash=ffed4187...,time=0
info|2020-11-25 04:51:47.188697|[g:1][CONSENSUS][PBFT]checkTimeout Succ,view=124,toView=125,nodeIdx=2,changeCycle=1,myNode=5ae2db1c...,timecost=0.243
info|2020-11-25 04:51:47.193198|[g:1][CONSENSUS][PBFT]checkAndChangeView: Reach consensus,org_view=124,cur_changeCycle=1,to_view=125
info|2020-11-25 04:51:48.198512|[g:1][CONSENSUS]addRawPrepare,height=160,reqIdx=0,hash=336d4b38...,time=0
info|2020-11-25 04:51:48.198820|[g:1][CONSENSUS][PBFT]checkTimeout Succ,view=125,toView=126,nodeIdx=2,changeCycle=1,myNode=5ae2db1c...,timecost=0.274
info|2020-11-25 04:51:48.203814|[g:1][CONSENSUS][PBFT]checkAndChangeView: Reach consensus,org_view=125,cur_changeCycle=1,to_view=126
info|2020-11-25 04:51:49.206859|[g:1][CONSENSUS]addRawPrepare,height=160,reqIdx=1,hash=2d9595d6...,time=0
info|2020-11-25 04:51:49.207205|[g:1][CONSENSUS][PBFT]checkTimeout Succ,view=126,toView=127,nodeIdx=2,changeCycle=1,myNode=5ae2db1c...,timecost=0.313
info|2020-11-25 04:51:49.210524|[g:1][CONSENSUS][PBFT]checkAndChangeView: Reach consensus,org_view=126,cur_changeCycle=1,to_view=127
info|2020-11-25 04:51:50.212499|[g:1][CONSENSUS][SEALER]++++++++++++++++ Generating seal on,blkNum=160,tx=0,nodeIdx=2,hash=08d60acb...
info|2020-11-25 04:51:50.221212|[g:1][CONSENSUS][PBFT]checkTimeout Succ,view=127,toView=128,nodeIdx=2,changeCycle=1,myNode=5ae2db1c...,timecost=0.273
info|2020-11-25 04:51:50.222744|[g:1][CONSENSUS][PBFT]checkAndChangeView: Reach consensus,org_view=127,cur_changeCycle=1,to_view=128
info|2020-11-25 04:51:50.696976|[P2P][Service] heartBeat,connected count=3
info|2020-11-25 04:51:51.222956|[g:1][CONSENSUS]addRawPrepare,height=160,reqIdx=3,hash=c6285465...,time=0
info|2020-11-25 04:51:51.223257|[g:1][CONSENSUS][PBFT]checkTimeout Succ,view=128,toView=129,nodeIdx=2,changeCycle=1,myNode=5ae2db1c...,timecost=0.259
info|2020-11-25 04:51:51.228022|[g:1][CONSENSUS][PBFT]checkAndChangeView: Reach consensus,org_view=128,cur_changeCycle=1,to_view=129
info|2020-11-25 04:51:52.231332|[g:1][CONSENSUS]addRawPrepare,height=160,reqIdx=0,hash=20ab27f6...,time=0
info|2020-11-25 04:51:52.231626|[g:1][CONSENSUS][PBFT]checkTimeout Succ,view=129,toView=130,nodeIdx=2,changeCycle=1,myNode=5ae2db1c...,timecost=0.256
info|2020-11-25 04:51:52.237099|[g:1][CONSENSUS][PBFT]checkAndChangeView: Reach consensus,org_view=129,cur_changeCycle=1,to_view=130
info|2020-11-25 04:51:53.242024|[g:1][CONSENSUS]addRawPrepare,height=160,reqIdx=1,hash=3e64fb43...,time=0
info|2020-11-25 04:51:53.242326|[g:1][CONSENSUS][PBFT]checkTimeout Succ,view=130,toView=131,nodeIdx=2,changeCycle=1,myNode=5ae2db1c...,timecost=0.271
info|2020-11-25 04:51:53.244876|[g:1][CONSENSUS][PBFT]checkAndChangeView: Reach consensus,org_view=130,cur_changeCycle=1,to_view=131
info|2020-11-25 04:51:54.246277|[g:1][CONSENSUS][SEALER]++++++++++++++++ Generating seal on,blkNum=160,tx=0,nodeIdx=2,hash=e5939bd7...
info|2020-11-25 04:51:54.254220|[g:1][CONSENSUS][PBFT]checkTimeout Succ,view=131,toView=132,nodeIdx=2,changeCycle=1,myNode=5ae2db1c...,timecost=0.291
info|2020-11-25 04:51:54.255792|[g:1][CONSENSUS][PBFT]checkAndChangeView: Reach consensus,org_view=131,cur_changeCycle=1,to_view=132
info|2020-11-25 04:51:55.254702|[g:1][CONSENSUS]addRawPrepare,height=160,reqIdx=3,hash=4ade2113...,time=0
info|2020-11-25 04:51:55.255075|[g:1][CONSENSUS][PBFT]checkTimeout Succ,view=132,toView=133,nodeIdx=2,changeCycle=1,myNode=5ae2db1c...,timecost=0.329
info|2020-11-25 04:51:55.260313|[g:1][CONSENSUS][PBFT]checkAndChangeView: Reach consensus,org_view=132,cur_changeCycle=1,to_view=133
info|2020-11-25 04:51:56.265337|[g:1][CONSENSUS]addRawPrepare,height=160,reqIdx=0,hash=8e0006cd...,time=0
info|2020-11-25 04:51:56.265670|[g:1][CONSENSUS][PBFT]checkTimeout Succ,view=133,toView=134,nodeIdx=2,changeCycle=1,myNode=5ae2db1c...,timecost=0.298
info|2020-11-25 04:51:56.268609|[g:1][CONSENSUS][PBFT]checkAndChangeView: Reach consensus,org_view=133,cur_changeCycle=1,to_view=134
info|2020-11-25 04:51:57.274592|[g:1][CONSENSUS]addRawPrepare,height=160,reqIdx=1,hash=22e9b867...,time=0
info|2020-11-25 04:51:57.274842|[g:1][CONSENSUS][PBFT]checkTimeout Succ,view=134,toView=135,nodeIdx=2,changeCycle=1,myNode=5ae2db1c...,timecost=0.219
info|2020-11-25 04:51:57.279065|[g:1][CONSENSUS][PBFT]checkAndChangeView: Reach consensus,org_view=134,cur_changeCycle=1,to_view=135
info|2020-11-25 04:51:58.279757|[g:1][CONSENSUS][SEALER]++++++++++++++++ Generating seal on,blkNum=160,tx=0,nodeIdx=2,hash=dd040c6b...
info|2020-11-25 04:51:58.287317|[g:1][CONSENSUS][PBFT]checkTimeout Succ,view=135,toView=136,nodeIdx=2,changeCycle=1,myNode=5ae2db1c...,timecost=0.272
info|2020-11-25 04:51:58.288607|[g:1][CONSENSUS][PBFT]checkAndChangeView: Reach consensus,org_view=135,cur_changeCycle=1,to_view=136
info|2020-11-25 04:51:59.288768|[g:1][CONSENSUS]addRawPrepare,height=160,reqIdx=3,hash=0c6db3c1...,time=0
info|2020-11-25 04:51:59.289085|[g:1][CONSENSUS][PBFT]checkTimeout Succ,view=136,toView=137,nodeIdx=2,changeCycle=1,myNode=5ae2db1c...,timecost=0.274
info|2020-11-25 04:51:59.295149|[g:1][CONSENSUS][PBFT]checkAndChangeView: Reach consensus,org_view=136,cur_changeCycle=1,to_view=137
info|2020-11-25 04:52:00.298959|[g:1][CONSENSUS]addRawPrepare,height=160,reqIdx=0,hash=b1699ecf...,time=0
info|2020-11-25 04:52:00.299248|[g:1][CONSENSUS][PBFT]checkTimeout Succ,view=137,toView=138,nodeIdx=2,changeCycle=1,myNode=5ae2db1c...,timecost=0.253
info|2020-11-25 04:52:00.303140|[g:1][CONSENSUS][PBFT]checkAndChangeView: Reach consensus,org_view=137,cur_changeCycle=1,to_view=138
info|2020-11-25 04:52:00.697092|[P2P][Service] heartBeat,connected count=3
info|2020-11-25 04:52:01.307175|[g:1][CONSENSUS]addRawPrepare,height=160,reqIdx=1,hash=ef67615e...,time=0
info|2020-11-25 04:52:01.307638|[g:1][CONSENSUS][PBFT]checkTimeout Succ,view=138,toView=139,nodeIdx=2,changeCycle=1,myNode=5ae2db1c...,timecost=0.364
info|2020-11-25 04:52:01.313507|[g:1][CONSENSUS][PBFT]checkAndChangeView: Reach consensus,org_view=138,cur_changeCycle=1,to_view=139
info|2020-11-25 04:52:02.316954|[g:1][CONSENSUS][SEALER]++++++++++++++++ Generating seal on,blkNum=160,tx=0,nodeIdx=2,hash=b62fb7a7...
info|2020-11-25 04:52:02.326262|[g:1][CONSENSUS][PBFT]checkTimeout Succ,view=139,toView=140,nodeIdx=2,changeCycle=1,myNode=5ae2db1c...,timecost=0.358
info|2020-11-25 04:52:02.328115|[g:1][CONSENSUS][PBFT]checkAndChangeView: Reach consensus,org_view=139,cur_changeCycle=1,to_view=140
info|2020-11-25 04:52:03.327130|[g:1][CONSENSUS]addRawPrepare,height=160,reqIdx=3,hash=e77cdafe...,time=0
info|2020-11-25 04:52:03.327422|[g:1][CONSENSUS][PBFT]checkTimeout Succ,view=140,toView=141,nodeIdx=2,changeCycle=1,myNode=5ae2db1c...,timecost=0.251
info|2020-11-25 04:52:03.331907|[g:1][CONSENSUS][PBFT]checkAndChangeView: Reach consensus,org_view=140,cur_changeCycle=1,to_view=141
info|2020-11-25 04:52:04.336172|[g:1][CONSENSUS]addRawPrepare,height=160,reqIdx=0,hash=db6c08e0...,time=0
info|2020-11-25 04:52:04.336472|[g:1][CONSENSUS][PBFT]checkTimeout Succ,view=141,toView=142,nodeIdx=2,changeCycle=1,myNode=5ae2db1c...,timecost=0.26
info|2020-11-25 04:52:04.340416|[g:1][CONSENSUS][PBFT]checkAndChangeView: Reach consensus,org_view=141,cur_changeCycle=1,to_view=142
info|2020-11-25 04:52:05.345026|[g:1][CONSENSUS]addRawPrepare,height=160,reqIdx=1,hash=2c5038c9...,time=0
info|2020-11-25 04:52:05.345349|[g:1][CONSENSUS][PBFT]checkTimeout Succ,view=142,toView=143,nodeIdx=2,changeCycle=1,myNode=5ae2db1c...,timecost=0.291
info|2020-11-25 04:52:05.347749|[g:1][CONSENSUS][PBFT]checkAndChangeView: Reach consensus,org_view=142,cur_changeCycle=1,to_view=143
info|2020-11-25 04:52:06.349455|[g:1][CONSENSUS][SEALER]++++++++++++++++ Generating seal on,blkNum=160,tx=0,nodeIdx=2,hash=5ef2074a...
info|2020-11-25 04:52:06.357282|[g:1][CONSENSUS][PBFT]checkTimeout Succ,view=143,toView=144,nodeIdx=2,changeCycle=1,myNode=5ae2db1c...,timecost=0.268
info|2020-11-25 04:52:06.358827|[g:1][CONSENSUS][PBFT]checkAndChangeView: Reach consensus,org_view=143,cur_changeCycle=1,to_view=144
info|2020-11-25 04:52:07.359977|[g:1][CONSENSUS]addRawPrepare,height=160,reqIdx=3,hash=c642dde3...,time=0
info|2020-11-25 04:52:07.360300|[g:1][CONSENSUS][PBFT]checkTimeout Succ,view=144,toView=145,nodeIdx=2,changeCycle=1,myNode=5ae2db1c...,timecost=0.287
info|2020-11-25 04:52:07.364172|[g:1][CONSENSUS][PBFT]checkAndChangeView: Reach consensus,org_view=144,cur_changeCycle=1,to_view=145
info|2020-11-25 04:52:08.367522|[g:1][CONSENSUS]addRawPrepare,height=160,reqIdx=0,hash=abf63840...,time=0
info|2020-11-25 04:52:08.367818|[g:1][CONSENSUS][PBFT]checkTimeout Succ,view=145,toView=146,nodeIdx=2,changeCycle=1,myNode=5ae2db1c...,timecost=0.259
info|2020-11-25 04:52:08.370737|[g:1][CONSENSUS][PBFT]checkAndChangeView: Reach consensus,org_view=145,cur_changeCycle=1,to_view=146
info|2020-11-25 04:52:09.375155|[g:1][CONSENSUS]addRawPrepare,height=160,reqIdx=1,hash=ad70c4fa...,time=0
info|2020-11-25 04:52:09.375460|[g:1][CONSENSUS][PBFT]checkTimeout Succ,view=146,toView=147,nodeIdx=2,changeCycle=1,myNode=5ae2db1c...,timecost=0.269
info|2020-11-25 04:52:09.378586|[g:1][CONSENSUS][PBFT]checkAndChangeView: Reach consensus,org_view=146,cur_changeCycle=1,to_view=147
info|2020-11-25 04:52:10.379597|[g:1][CONSENSUS][SEALER]++++++++++++++++ Generating seal on,blkNum=160,tx=0,nodeIdx=2,hash=472b148d...
info|2020-11-25 04:52:10.391613|[g:1][CONSENSUS][PBFT]checkTimeout Succ,view=147,toView=148,nodeIdx=2,changeCycle=1,myNode=5ae2db1c...,timecost=0.273
info|2020-11-25 04:52:10.393480|[g:1][CONSENSUS][PBFT]checkAndChangeView: Reach consensus,org_view=147,cur_changeCycle=1,to_view=148
info|2020-11-25 04:52:10.697236|[P2P][Service] heartBeat,connected count=3
info|2020-11-25 04:52:11.392001|[g:1][CONSENSUS]addRawPrepare,height=160,reqIdx=3,hash=d4c207d6...,time=1
info|2020-11-25 04:52:11.392263|[g:1][CONSENSUS][PBFT]checkTimeout Succ,view=148,toView=149,nodeIdx=2,changeCycle=1,myNode=5ae2db1c...,timecost=0.225
info|2020-11-25 04:52:11.404181|[g:1][CONSENSUS][PBFT]checkAndChangeView: Reach consensus,org_view=148,cur_changeCycle=1,to_view=149
info|2020-11-25 04:52:12.405678|[g:1][CONSENSUS]addRawPrepare,height=160,reqIdx=0,hash=09de29e5...,time=0
info|2020-11-25 04:52:12.405920|[g:1][CONSENSUS][PBFT]checkTimeout Succ,view=149,toView=150,nodeIdx=2,changeCycle=1,myNode=5ae2db1c...,timecost=0.212
info|2020-11-25 04:52:12.411116|[g:1][CONSENSUS][PBFT]checkAndChangeView: Reach consensus,org_view=149,cur_changeCycle=1,to_view=150
info|2020-11-25 04:52:13.416987|[g:1][CONSENSUS]addRawPrepare,height=160,reqIdx=1,hash=be1ff4f1...,time=0
info|2020-11-25 04:52:13.417291|[g:1][CONSENSUS][PBFT]checkTimeout Succ,view=150,toView=151,nodeIdx=2,changeCycle=1,myNode=5ae2db1c...,timecost=0.268
info|2020-11-25 04:52:13.423912|[g:1][CONSENSUS][PBFT]checkAndChangeView: Reach consensus,org_view=150,cur_changeCycle=1,to_view=151
info|2020-11-25 04:52:14.425480|[g:1][CONSENSUS][SEALER]++++++++++++++++ Generating seal on,blkNum=160,tx=0,nodeIdx=2,hash=d9c38eda...
info|2020-11-25 04:52:14.434093|[g:1][CONSENSUS][PBFT]checkTimeout Succ,view=151,toView=152,nodeIdx=2,changeCycle=1,myNode=5ae2db1c...,timecost=0.283
info|2020-11-25 04:52:14.435589|[g:1][CONSENSUS][PBFT]checkAndChangeView: Reach consensus,org_view=151,cur_changeCycle=1,to_view=152
info|2020-11-25 04:52:15.434037|[g:1][CONSENSUS]addRawPrepare,height=160,reqIdx=3,hash=a0bad4e7...,time=0
info|2020-11-25 04:52:15.434337|[g:1][CONSENSUS][PBFT]checkTimeout Succ,view=152,toView=153,nodeIdx=2,changeCycle=1,myNode=5ae2db1c...,timecost=0.268
info|2020-11-25 04:52:15.441149|[g:1][CONSENSUS][PBFT]checkAndChangeView: Reach consensus,org_view=152,cur_changeCycle=1,to_view=153
info|2020-11-25 04:52:16.444308|[g:1][CONSENSUS]addRawPrepare,height=160,reqIdx=0,hash=1aa81830...,time=0
info|2020-11-25 04:52:16.444639|[g:1][CONSENSUS][PBFT]checkTimeout Succ,view=153,toView=154,nodeIdx=2,changeCycle=1,myNode=5ae2db1c...,timecost=0.289
info|2020-11-25 04:52:16.448345|[g:1][CONSENSUS][PBFT]checkAndChangeView: Reach consensus,org_view=153,cur_changeCycle=1,to_view=154
info|2020-11-25 04:52:17.453624|[g:1][CONSENSUS]addRawPrepare,height=160,reqIdx=1,hash=f26c58af...,time=0
info|2020-11-25 04:52:17.453945|[g:1][CONSENSUS][PBFT]checkTimeout Succ,view=154,toView=155,nodeIdx=2,changeCycle=1,myNode=5ae2db1c...,timecost=0.29
info|2020-11-25 04:52:17.496474|[g:1][CONSENSUS][PBFT]checkAndChangeView: Reach consensus,org_view=154,cur_changeCycle=1,to_view=155
info|2020-11-25 04:52:18.496666|[g:1][CONSENSUS][SEALER]++++++++++++++++ Generating seal on,blkNum=160,tx=0,nodeIdx=2,hash=26f54e4a...
info|2020-11-25 04:52:18.505689|[g:1][CONSENSUS][PBFT]checkTimeout Succ,view=155,toView=156,nodeIdx=2,changeCycle=1,myNode=5ae2db1c...,timecost=0.245
info|2020-11-25 04:52:18.507628|[g:1][CONSENSUS][PBFT]checkAndChangeView: Reach consensus,org_view=155,cur_changeCycle=1,to_view=156
info|2020-11-25 04:52:19.508301|[g:1][CONSENSUS]addRawPrepare,height=160,reqIdx=3,hash=f8af0775...,time=0
info|2020-11-25 04:52:19.508564|[g:1][CONSENSUS][PBFT]checkTimeout Succ,view=156,toView=157,nodeIdx=2,changeCycle=1,myNode=5ae2db1c...,timecost=0.229
info|2020-11-25 04:52:19.513421|[g:1][CONSENSUS][PBFT]checkAndChangeView: Reach consensus,org_view=156,cur_changeCycle=1,to_view=157
info|2020-11-25 04:52:20.515042|[g:1][CONSENSUS]addRawPrepare,height=160,reqIdx=0,hash=ada0b13b...,time=0
info|2020-11-25 04:52:20.515372|[g:1][CONSENSUS][PBFT]checkTimeout Succ,view=157,toView=158,nodeIdx=2,changeCycle=1,myNode=5ae2db1c...,timecost=0.294
info|2020-11-25 04:52:20.520015|[g:1][CONSENSUS][PBFT]checkAndChangeView: Reach consensus,org_view=157,cur_changeCycle=1,to_view=158
info|2020-11-25 04:52:20.697917|[P2P][Service] heartBeat,connected count=3
info|2020-11-25 04:52:21.523923|[g:1][CONSENSUS]addRawPrepare,height=160,reqIdx=1,hash=ba9dc9cb...,time=0
info|2020-11-25 04:52:21.524286|[g:1][CONSENSUS][PBFT]checkTimeout Succ,view=158,toView=159,nodeIdx=2,changeCycle=1,myNode=5ae2db1c...,timecost=0.325
info|2020-11-25 04:52:21.529983|[g:1][CONSENSUS][PBFT]checkAndChangeView: Reach consensus,org_view=158,cur_changeCycle=1,to_view=159
info|2020-11-25 04:52:22.531136|[g:1][CONSENSUS][SEALER]++++++++++++++++ Generating seal on,blkNum=160,tx=0,nodeIdx=2,hash=cb7c557b...
info|2020-11-25 04:52:22.539006|[g:1][CONSENSUS][PBFT]checkTimeout Succ,view=159,toView=160,nodeIdx=2,changeCycle=1,myNode=5ae2db1c...,timecost=0.253
info|2020-11-25 04:52:22.540477|[g:1][CONSENSUS][PBFT]checkAndChangeView: Reach consensus,org_view=159,cur_changeCycle=1,to_view=160
info|2020-11-25 04:52:23.542195|[g:1][CONSENSUS]addRawPrepare,height=160,reqIdx=3,hash=b3b754fa...,time=0
info|2020-11-25 04:52:23.542595|[g:1][CONSENSUS][PBFT]checkTimeout Succ,view=160,toView=161,nodeIdx=2,changeCycle=1,myNode=5ae2db1c...,timecost=0.342
info|2020-11-25 04:52:23.549636|[g:1][CONSENSUS][PBFT]checkAndChangeView: Reach consensus,org_view=160,cur_changeCycle=1,to_view=161
info|2020-11-25 04:52:23.945990|[NETWORK][Host]P2P Recv Connect, From=127.0.0.1:51610
info|2020-11-25 04:52:23.946027|[NETWORK][Host]P2P StartAccept,Host=0.0.0.0:30301
info|2020-11-25 04:52:23.982230|[NETWORK][Host]handshakeServer succ,remote endpoint=127.0.0.1:51610
info|2020-11-25 04:52:23.982320|[P2P][Service] Connection established,nodeID=07351151...,endpoint=127.0.0.1:51610
info|2020-11-25 04:52:23.982346|[NETWORK][Host]startPeerSession, Remote=127.0.0.1:51610,local endpoint=127.0.0.1:30301,nodeID=07351151...
info|2020-11-25 04:52:24.551592|[g:1][CONSENSUS]addRawPrepare,height=160,reqIdx=0,hash=a1d1e9af...,time=0
info|2020-11-25 04:52:24.551898|[g:1][CONSENSUS][PBFT]checkTimeout Succ,view=161,toView=162,nodeIdx=2,changeCycle=1,myNode=5ae2db1c...,timecost=0.272
info|2020-11-25 04:52:24.555616|[g:1][CONSENSUS][PBFT]checkAndChangeView: Reach consensus,org_view=161,cur_changeCycle=1,to_view=162
info|2020-11-25 04:52:24.993136|[g:1][NodeTimeMaintenance]updateTimeInfo: update median time offset,updatedMedianTimeOffset=-5,peer=07351151...,peerTime=1606297944992,peerOffset=-1,utcTime=1606297944993
info|2020-11-25 04:52:25.560598|[g:1][CONSENSUS]addRawPrepare,height=160,reqIdx=1,hash=1fe3db56...,time=0
info|2020-11-25 04:52:25.560850|[g:1][CONSENSUS][PBFT]checkTimeout Succ,view=162,toView=163,nodeIdx=2,changeCycle=1,myNode=5ae2db1c...,timecost=0.22
info|2020-11-25 04:52:25.561519|[g:1][CONSENSUS][PBFT]checkAndChangeView: Reach consensus,org_view=162,cur_changeCycle=1,to_view=163
info|2020-11-25 04:52:26.562153|[g:1][CONSENSUS][SEALER]++++++++++++++++ Generating seal on,blkNum=160,tx=0,nodeIdx=2,hash=7c6d966a...
info|2020-11-25 04:52:26.569341|[g:1][CONSENSUS][PBFT]checkTimeout Succ,view=163,toView=164,nodeIdx=2,changeCycle=1,myNode=5ae2db1c...,timecost=0.251
info|2020-11-25 04:52:26.570747|[g:1][CONSENSUS][PBFT]checkAndChangeView: Reach consensus,org_view=163,cur_changeCycle=1,to_view=164
info|2020-11-25 04:52:27.573359|[g:1][CONSENSUS]addRawPrepare,height=160,reqIdx=3,hash=52f7fd52...,time=0
info|2020-11-25 04:52:27.573644|[g:1][CONSENSUS][PBFT]checkTimeout Succ,view=164,toView=165,nodeIdx=2,changeCycle=1,myNode=5ae2db1c...,timecost=0.255
info|2020-11-25 04:52:27.577078|[g:1][CONSENSUS][PBFT]checkAndChangeView: Reach consensus,org_view=164,cur_changeCycle=1,to_view=165
info|2020-11-25 04:52:28.579644|[g:1][CONSENSUS]addRawPrepare,height=160,reqIdx=0,hash=ac4fd7af...,time=0
info|2020-11-25 04:52:28.579934|[g:1][CONSENSUS][PBFT]checkTimeout Succ,view=165,toView=166,nodeIdx=2,changeCycle=1,myNode=5ae2db1c...,timecost=0.259
info|2020-11-25 04:52:28.586005|[g:1][CONSENSUS][PBFT]checkAndChangeView: Reach consensus,org_view=165,cur_changeCycle=1,to_view=166
info|2020-11-25 04:52:29.589435|[g:1][CONSENSUS]addRawPrepare,height=160,reqIdx=1,hash=31b0775c...,time=0
info|2020-11-25 04:52:29.589723|[g:1][CONSENSUS][PBFT]checkTimeout Succ,view=166,toView=167,nodeIdx=2,changeCycle=1,myNode=5ae2db1c...,timecost=0.256
info|2020-11-25 04:52:29.593974|[g:1][CONSENSUS][PBFT]checkAndChangeView: Reach consensus,org_view=166,cur_changeCycle=1,to_view=167
info|2020-11-25 04:52:30.595122|[g:1][CONSENSUS][SEALER]++++++++++++++++ Generating seal on,blkNum=160,tx=0,nodeIdx=2,hash=7a07d964...
info|2020-11-25 04:52:30.603163|[g:1][CONSENSUS][PBFT]checkTimeout Succ,view=167,toView=168,nodeIdx=2,changeCycle=1,myNode=5ae2db1c...,timecost=0.277
info|2020-11-25 04:52:30.604617|[g:1][CONSENSUS][PBFT]checkAndChangeView: Reach consensus,org_view=167,cur_changeCycle=1,to_view=168
info|2020-11-25 04:52:30.697981|[P2P][Service] heartBeat,connected count=4
info|2020-11-25 04:52:31.604260|[g:1][CONSENSUS]addRawPrepare,height=160,reqIdx=3,hash=459a9855...,time=0
info|2020-11-25 04:52:31.604593|[g:1][CONSENSUS][PBFT]checkTimeout Succ,view=168,toView=169,nodeIdx=2,changeCycle=1,myNode=5ae2db1c...,timecost=0.294
info|2020-11-25 04:52:31.609714|[g:1][CONSENSUS][PBFT]checkAndChangeView: Reach consensus,org_view=168,cur_changeCycle=1,to_view=169
info|2020-11-25 04:52:32.615459|[g:1][CONSENSUS]addRawPrepare,height=160,reqIdx=0,hash=a39b5d73...,time=0
info|2020-11-25 04:52:32.615741|[g:1][CONSENSUS][PBFT]checkTimeout Succ,view=169,toView=170,nodeIdx=2,changeCycle=1,myNode=5ae2db1c...,timecost=0.245
info|2020-11-25 04:52:32.616587|[g:1][CONSENSUS][PBFT]checkAndChangeView: Reach consensus,org_view=169,cur_changeCycle=1,to_view=170
info|2020-11-25 04:52:33.621265|[g:1][CONSENSUS]addRawPrepare,height=160,reqIdx=1,hash=6ccc31e9...,time=0
info|2020-11-25 04:52:33.621515|[g:1][CONSENSUS][PBFT]checkTimeout Succ,view=170,toView=171,nodeIdx=2,changeCycle=1,myNode=5ae2db1c...,timecost=0.218
info|2020-11-25 04:52:33.624293|[g:1][CONSENSUS][PBFT]checkAndChangeView: Reach consensus,org_view=170,cur_changeCycle=1,to_view=171
info|2020-11-25 04:52:34.624124|[g:1][CONSENSUS][SEALER]++++++++++++++++ Generating seal on,blkNum=160,tx=0,nodeIdx=2,hash=a7e276b3...
info|2020-11-25 04:52:34.633404|[g:1][CONSENSUS][PBFT]checkTimeout Succ,view=171,toView=172,nodeIdx=2,changeCycle=1,myNode=5ae2db1c...,timecost=0.291
info|2020-11-25 04:52:34.634866|[g:1][CONSENSUS][PBFT]checkAndChangeView: Reach consensus,org_view=171,cur_changeCycle=1,to_view=172
info|2020-11-25 04:52:35.493918|[LEDGER]stop sealer,groupID=1
info|2020-11-25 04:52:35.493931|[CONSENSUS][SEALER]Stop sealer module...
info|2020-11-25 04:52:35.499725|[CONSENSUS][ConsensusEngine][Stop ConsensusEngineBase]
info|2020-11-25 04:52:35.503310|[CONSENSUS][ConsensusEngine]ConsensusEngineBase stopped
info|2020-11-25 04:52:35.503330|[LEDGER]sealer stopped. stop sync,groupID=1
info|2020-11-25 04:52:35.503582|[g:1] [SYNC][id:5ae2db1c...]SyncMsgEngine stopped
info|2020-11-25 04:52:35.563438|[GossipBlockStatus]stop GossipBlockStatus succ
info|2020-11-25 04:52:36.237623|[SYNC][id:5ae2db1c...][g:1]SyncMaster stopped
info|2020-11-25 04:52:36.237638|[LEDGER]sync stopped. stop event filter manager,groupID=1
info|2020-11-25 04:52:36.295844|[EVENT][EventLogFilterManager]stop
info|2020-11-25 04:52:36.295860|[LEDGER]event filter manager stopped. stop tx pool,groupID=1
info|2020-11-25 04:52:36.296792|[LEDGER]removeNetworkStatHandlerByGroupID and removeGroupBandwidthLimiter for service,groupID=1
info|2020-11-25 04:52:36.296809|[CHANNEL]removeSDKAllowListByGroupId,groupId=1
info|2020-11-25 04:52:36.296816|[INITIALIZER]ledgerInitializer stopped
info|2020-11-25 04:52:37.297913|[INITIALIZER]ChannelRPCHttpServer deleted.
info|2020-11-25 04:52:37.299272|[INITIALIZER]JsonrpcHttpServer deleted.
info|2020-11-25 04:52:37.300067|[INITIALIZER]RPCInitializer stopped
info|2020-11-25 04:52:37.300107|[NETWORK][Host]Host exit
info|2020-11-25 04:52:37.301240|[INITIALIZER]P2PInitializer stopped
info|2020-11-25 04:52:37.301258|[LEDGER]stop sealer,groupID=1
info|2020-11-25 04:52:37.301265|[LEDGER]sealer stopped. stop sync,groupID=1
info|2020-11-25 04:52:37.301276|[g:1] [SYNC][id:5ae2db1c...]SyncMsgEngine stopped
info|2020-11-25 04:52:37.301287|[GossipBlockStatus]GossipBlockStatus already stopped
info|2020-11-25 04:52:37.301295|[SYNC][id:5ae2db1c...][g:1]SyncMaster stopped
info|2020-11-25 04:52:37.301302|[LEDGER]sync stopped. stop event filter manager,groupID=1
info|2020-11-25 04:52:37.301308|[LEDGER]event filter manager stopped. stop tx pool,groupID=1
info|2020-11-25 04:52:37.301316|[LEDGER]removeNetworkStatHandlerByGroupID and removeGroupBandwidthLimiter for service,groupID=1
info|2020-11-25 04:52:37.301326|[STORAGE]Stopping flushStorage thread
info|2020-11-25 04:52:37.867750|[STORAGE]flushStorage thread stopped.
info|2020-11-25 04:52:37.867766|[DBINITIALIZER] storage stopped
info|2020-11-25 04:52:37.870161|[g:1] [SYNC][id:5ae2db1c...]SyncMsgEngine stopped
info|2020-11-25 04:52:37.870337|[GossipBlockStatus]GossipBlockStatus already stopped
info|2020-11-25 04:52:37.870367|[SYNC][id:5ae2db1c...][g:1]SyncMaster stopped
info|2020-11-25 04:52:37.870447|[g:1] [SYNC][id:5ae2db1c...]SyncMsgEngine stopped
