info|2020-11-19 20:59:09.691015|[INITIALIZER][initGlobalConfig],enableCompress=true,compatibilityVersion=2.6.0,versionNumber=33947648,enableStat=false,chainId=1,useSMCrypto=false
info|2020-11-19 20:59:09.693502|[INITIALIZER][SecureInitializer]loading privateKey
info|2020-11-19 20:59:09.778398|[INITIALIZER][SecureInitializer]get pub of node,nodeID=5ae2db1c257ad0d1f68828d95b30668d270f7da75bd4d0c1aee9d5ada6da0fd0eb53b893d1c8a518e4884ea58fabfa5ea1c62f120045f1e512aa93b7df7a08f6
info|2020-11-19 20:59:09.779634|[INITIALIZER][SecureInitializer]use user certificate,file=conf//node.crt
info|2020-11-19 20:59:09.780696|[INITIALIZER][SecureInitializer]use ca certificate,file=conf//ca.crt
info|2020-11-19 20:59:09.780765|[INITIALIZER][SecureInitializer]use ca,file=conf//
info|2020-11-19 20:59:09.781005|[NETWORK][Host]Connecting to node,endpoint=127.0.0.1:30300
info|2020-11-19 20:59:09.781160|[NETWORK][Host]P2P StartAccept,Host=0.0.0.0:30301
info|2020-11-19 20:59:09.782163|[NETWORK][Host]Connecting to node,endpoint=127.0.0.1:30301
info|2020-11-19 20:59:09.782195|[NETWORK][Host]Connecting to node,endpoint=127.0.0.1:30302
info|2020-11-19 20:59:09.782219|[NETWORK][Host]Connecting to node,endpoint=127.0.0.1:30303
info|2020-11-19 20:59:09.782248|[P2P][Service] heartBeat,connected count=0
info|2020-11-19 20:59:09.782270|[INITIALIZER][RPCInitializer],network_security.check_cert_issuer=true
info|2020-11-19 20:59:09.784032|[CHANNEL]ChannelRPCServer started
info|2020-11-19 20:59:09.784040|[INITIALIZER][RPCInitializer]ChannelRPCHttpServer started.
info|2020-11-19 20:59:09.784049|[INITIALIZER][LedgerInitializer]initConfig
info|2020-11-19 20:59:09.784055|[LedgerInitializer],groupConfigPath=conf/
info|2020-11-19 20:59:09.793257|[INITIALIZER][initSingleLedger] [GroupId], LedgerConstructor:  1,configFileName=conf/group.1.genesis,dataDir=data/
info|2020-11-19 20:59:09.794724|[NETWORK][ASIO]asyncResolveConnect,endpoint=127.0.0.1:30300
info|2020-11-19 20:59:09.803753|[g:1][LedgerParam][parseGenesisConfig]initConsensusConfig/initStorageConfig/initTxConfig,configFile=conf/group.1.genesis
info|2020-11-19 20:59:09.803773|[g:1][LedgerParam][initConsensusConfig],type=pbft,consensusTimeout=3,maxTxNum=1000,txGasLimit=300000000
info|2020-11-19 20:59:09.803790|[g:1][LedgerParam][parsePublicKeyListOfSection],sectionName=consensus,it.first=2fba64b0e957aa63f4fe34a6e01bda1e7c3cde666f7675b1985bb6c6f478a76b839242c0b4c0827c30e43b3d1e946c863eb58a7dc8e4eae3e3dd439a78bba140
info|2020-11-19 20:59:09.803806|[g:1][LedgerParam][parsePublicKeyListOfSection],sectionName=consensus,it.first=5ae2db1c257ad0d1f68828d95b30668d270f7da75bd4d0c1aee9d5ada6da0fd0eb53b893d1c8a518e4884ea58fabfa5ea1c62f120045f1e512aa93b7df7a08f6
info|2020-11-19 20:59:09.803821|[g:1][LedgerParam][parsePublicKeyListOfSection],sectionName=consensus,it.first=097c5791ab496e86ce3fca3b4f86fb8044b28d6b79ead1ba3c9c73f2cd1aa0aa5229d968795f246e8d08f9cf8102ed923e5e218f720efbc6c64c796a68837312
info|2020-11-19 20:59:09.803839|[g:1][LedgerParam][parsePublicKeyListOfSection],sectionName=consensus,it.first=e323692331103d8387a51144a6a7aa96a40fbad612530e7563d7ea6a82261a995a4cac54ceb5c1c3ab0574eefb91d2d8cca3f4ae7286b13173001d0568620385
info|2020-11-19 20:59:09.803846|[g:1][LedgerParam][parsePublicKeyListOfSection],totalPubKeySize=4
info|2020-11-19 20:59:09.803862|[g:1][LedgerParam][max_block_range],maxBlockRange=0,maxBlockPerProcess=3
info|2020-11-19 20:59:09.803868|[g:1][LedgerParam][parseGenesisConfig],timestamp=1605763987000
info|2020-11-19 20:59:09.803878|[g:1][LedgerParam]setEVMFlags,enableFreeStorageVMSchedule=false,evmFlags=0
info|2020-11-19 20:59:09.803941|[g:1][LedgerParam]store evmFlag,evmFlag=0
info|2020-11-19 20:59:09.803948|[g:1][LedgerParam]store consensus time,consensusTimeout=3
info|2020-11-19 20:59:09.803952|[g:1][LedgerParam][initMark],genesisMark=1-2fba64b0e957aa63f4fe34a6e01bda1e7c3cde666f7675b1985bb6c6f478a76b839242c0b4c0827c30e43b3d1e946c863eb58a7dc8e4eae3e3dd439a78bba140,5ae2db1c257ad0d1f68828d95b30668d270f7da75bd4d0c1aee9d5ada6da0fd0eb53b893d1c8a518e4884ea58fabfa5ea1c62f120045f1e512aa93b7df7a08f6,097c5791ab496e86ce3fca3b4f86fb8044b28d6b79ead1ba3c9c73f2cd1aa0aa5229d968795f246e8d08f9cf8102ed923e5e218f720efbc6c64c796a68837312,e323692331103d8387a51144a6a7aa96a40fbad612530e7563d7ea6a82261a995a4cac54ceb5c1c3ab0574eefb91d2d8cca3f4ae7286b13173001d0568620385,-pbft-storage-0-1000-300000000-3
info|2020-11-19 20:59:09.803959|[g:1][LedgerParam][initIniConfig]initTxPoolConfig/initSyncConfig/initTxExecuteConfig,configFile=conf/group.1.ini
info|2020-11-19 20:59:09.804483|[g:1][LedgerParam][initStorageConfig],stateType=storage,storageDB=rocksdb,storagePath=data//group1/block/RocksDB,baseDir=data//group1,dbtype=mysql,dbip=127.0.0.1,dbport=3306,dbcharset=utf8mb4,initconnections=15,maxconnections=50,scrollThreshold=2000
info|2020-11-19 20:59:09.804503|[g:1][LedgerParam][initTxPoolConfig],txPoolLimit=150000,memorySizeLimit(MB)=512,notifyWorkerNum=2
info|2020-11-19 20:59:09.804510|[g:1][LedgerParam][initSyncConfig],idleWaitMs=200
info|2020-11-19 20:59:09.804519|[g:1][LedgerParam][initSyncConfig],enableSendTxsByTree=true,enableSendBlockStatusByTree=true
info|2020-11-19 20:59:09.804526|[g:1][LedgerParam][initSyncConfig],gossipInterval=1000
info|2020-11-19 20:59:09.804537|[g:1][LedgerParam][initSyncConfig],enableSendBlockStatusByTree=true,gossipInterval=1000,gossipPeers=3,syncTreeWidth=3,maxQueueSizeForBlockSync=536870912,txsStatusGossipMaxPeers=5
info|2020-11-19 20:59:09.804543|[g:1][LedgerParam][InitTxExecuteConfig],enableParallel=true
info|2020-11-19 20:59:09.804559|[g:1][LedgerParam][initConsensusIniConfig],maxTTL=2,minBlockGenerationTime=500,enablDynamicBlockSize=true,blockSizeIncreaseRatio=0.5,enableTTLOptimize=true,enablePrepareWithTxsHash=true
info|2020-11-19 20:59:09.804594|[g:1][LedgerParam][initRPBFTConsensusIniConfig],broadcastPrepareByTree=true,prepareStatusBroadcastPercent=33,maxRequestMissedTxsWaitTime=100,maxRequestPrepareWaitTime=100
info|2020-11-19 20:59:09.804600|[g:1][LedgerParam][initFlowControlConfig],maxQPS=9223372036854775807,outGoingBandwidth(Bytes)=9223372036854775807
info|2020-11-19 20:59:09.804605|[g:1][LedgerParam]parseSDKAllowList,sdkAllowList=[],enableSDKAllowListControl=false
info|2020-11-19 20:59:09.804620|[g:1][LEDGER][initLedger][DBInitializer]
info|2020-11-19 20:59:09.805523|[g:1][LEDGER]setSDKAllowList,groupId=1,sdkAllowListSize=0
info|2020-11-19 20:59:09.805537|[g:1][CHANNEL]registerSDKAllowListByGroupId,groupId=1,size=0
info|2020-11-19 20:59:09.805545|[g:1][CHANNEL]Disable group-level sdk permission control for sdk allowlist is empty
info|2020-11-19 20:59:09.805550|[g:1][DBINITIALIZER] [initStorageDB]
info|2020-11-19 20:59:09.805554|[g:1][DBINITIALIZER] [initRocksDBStorage]
info|2020-11-19 20:59:09.809342|[g:1][ROCKSDB]open rocksDB handler,path=data//group1/block/RocksDB
info|2020-11-19 20:59:09.839563|[NETWORK][ASIO]asyncResolveConnect,endpoint=127.0.0.1:30301
info|2020-11-19 20:59:09.839632|[NETWORK][ASIO]asyncResolveConnect,endpoint=127.0.0.1:30302
info|2020-11-19 20:59:09.841536|[NETWORK][ASIO]asyncResolveConnect,endpoint=127.0.0.1:30303
info|2020-11-19 20:59:09.842463|[NETWORK][Host]P2P Recv Connect, From=127.0.0.1:45670
info|2020-11-19 20:59:09.842516|[NETWORK][Host]P2P StartAccept,Host=0.0.0.0:30301
info|2020-11-19 20:59:09.848911|[NETWORK][Host]P2P Recv Connect, From=127.0.0.1:45678
info|2020-11-19 20:59:09.848973|[NETWORK][Host]P2P StartAccept,Host=0.0.0.0:30301
info|2020-11-19 20:59:09.865293|[NETWORK][Host]P2P Recv Connect, From=127.0.0.1:45684
info|2020-11-19 20:59:09.865351|[NETWORK][Host]P2P StartAccept,Host=0.0.0.0:30301
info|2020-11-19 20:59:09.865440|[NETWORK][Host]P2P Recv Connect, From=127.0.0.1:45690
info|2020-11-19 20:59:09.865482|[NETWORK][Host]P2P StartAccept,Host=0.0.0.0:30301
info|2020-11-19 20:59:09.912436|[g:1][g:1][STORAGE][CachedStorage]Init flushStorage thread
info|2020-11-19 20:59:09.912943|[g:1][DBINITIALIZER] [init CachedStorage],maxCapacity=32,maxForwardBlock=10
info|2020-11-19 20:59:09.912974|[g:1][LEDGER][initLedger][initBlockChain]
info|2020-11-19 20:59:09.916173|[g:1][LEDGER]set enableHexBlock to be false,version=33947648
info|2020-11-19 20:59:09.917702|[g:1][BLOCKCHAIN][#checkAndBuildGenesisBlock],shouldBuild=false
info|2020-11-19 20:59:09.926754|[g:1][BLOCKCHAIN][#checkAndBuildGenesisBlock]Already have the 0th block, 0th groupMark is equal to file groupMark.
info|2020-11-19 20:59:09.926787|[g:1][LEDGER][initLedger]initBlockChain SUCC
info|2020-11-19 20:59:09.926849|[g:1][DBINITIALIZER] [createStateFactory],type=storage
info|2020-11-19 20:59:09.926869|[g:1][DBINITIALIZER] createStorageState SUCC
info|2020-11-19 20:59:09.926885|[g:1][DBINITIALIZER] [createStateFactory SUCC]
info|2020-11-19 20:59:09.926900|[g:1][DBINITIALIZER] createExecutiveContext...
info|2020-11-19 20:59:09.926949|[g:1][LEDGER]createGasMetric,vmFlagType=0
info|2020-11-19 20:59:09.926979|[g:1][LEDGER]createGasMetric
info|2020-11-19 20:59:09.927006|[g:1][DBINITIALIZER] create precompiledGasFactory and precompiledResultFactory
info|2020-11-19 20:59:09.927023|[g:1][DBINITIALIZER] createExecutiveContext SUCC
info|2020-11-19 20:59:09.927039|[g:1][DBINITIALIZER] [setSyncNumForCachedStorage],syncNum=48
info|2020-11-19 20:59:09.927107|[g:1][LEDGER][initNetworkBandWidthLimiter: outGoingBandwidthLimit has been disabled],groupId=1
info|2020-11-19 20:59:09.927131|[g:1][LEDGER][QPSLimit has been disabled],groupId=1
info|2020-11-19 20:59:09.927147|[g:1][LEDGER][initLedger][initBlockVerifier]
info|2020-11-19 20:59:09.927165|[g:1][LEDGER][initLedger][initBlockVerifier SUCC],evmFlags=0
info|2020-11-19 20:59:09.927181|[g:1][LEDGER][initLedger][initTxPool],txPoolLimit=150000
info|2020-11-19 20:59:09.942885|[NETWORK][Host]handshakeClient succ,local endpoint=127.0.0.1:37190
info|2020-11-19 20:59:09.943145|[P2P][Service] Connection established,nodeID=2fba64b0...,endpoint=127.0.0.1:30300
info|2020-11-19 20:59:09.943184|[NETWORK][Host]startPeerSession, Remote=127.0.0.1:30300,local endpoint=127.0.0.1:37190,nodeID=2fba64b0...
info|2020-11-19 20:59:09.961728|[g:1][LEDGER][initLedger]initTxPool SUCC
info|2020-11-19 20:59:09.961760|[g:1][LEDGER][initLedger][initSync],idleWaitMs=200,gossipInterval=1000,gossipPeers=3
info|2020-11-19 20:59:09.961778|[g:1][LEDGER]Init sync master,enableSendBlockStatusByTree=true,enableSendTxsByTree=true
info|2020-11-19 20:59:09.967084|[g:1][LEDGER][initLedger]initSync SUCC
info|2020-11-19 20:59:09.967110|[g:1][LEDGER][initLedger][consensusInitFactory]
info|2020-11-19 20:59:09.967124|[g:1][LEDGER][initLedger][createPBFTSealer]
info|2020-11-19 20:59:09.967138|[g:1][LEDGER][initLedger][createPBFTSealer],baseDir=data//group1,Protocol=65544
info|2020-11-19 20:59:09.967155|[g:1][LEDGER][initLedger]createPBFTSealer for PBFT or rPBFT,consensusType=pbft
info|2020-11-19 20:59:09.967169|[g:1][LEDGER]createConsensusEngine: create PBFTEngine
info|2020-11-19 20:59:09.967185|[g:1][CONSENSUS][PBFT]Register handler for PBFTEngine
info|2020-11-19 20:59:09.969837|[NETWORK][Host]handshakeServer succ,remote endpoint=127.0.0.1:45690
info|2020-11-19 20:59:09.969912|[NETWORK][Host]startPeerSession, Remote=127.0.0.1:45690,local endpoint=127.0.0.1:30301,nodeID=5ae2db1c...
info|2020-11-19 20:59:09.976025|[g:1][CONSENSUS][PBFT]setMinBlockGenerationTime,minBlockGenerationTime=500,consensusTime=1000
info|2020-11-19 20:59:09.976059|[g:1][LEDGER][initEventLogFilterManager]initEventLogFilterManager SUCC
info|2020-11-19 20:59:09.976076|[LedgerInitializer init group succ],groupID=1
info|2020-11-19 20:59:09.976367|[INITIALIZER][RPCInitializer JsonrpcHttpServer started],jsonrpc_IP=127.0.0.1,jsonrpc_listen_port=8546,ipv6=false
info|2020-11-19 20:59:09.976393|[g:1][LEDGER]startAll...
info|2020-11-19 20:59:09.994595|[NETWORK][Host]handshakeClient succ,local endpoint=127.0.0.1:45690
info|2020-11-19 20:59:09.994670|[NETWORK][Host]startPeerSession, Remote=127.0.0.1:30301,local endpoint=127.0.0.1:45690,nodeID=5ae2db1c...
info|2020-11-19 20:59:09.994800|[NETWORK][Host]handshakeServer succ,remote endpoint=127.0.0.1:45670
info|2020-11-19 20:59:09.994865|[P2P][Service] Connection established,nodeID=e3236923...,endpoint=127.0.0.1:45670
info|2020-11-19 20:59:09.994888|[NETWORK][Host]startPeerSession, Remote=127.0.0.1:45670,local endpoint=127.0.0.1:30301,nodeID=e3236923...
info|2020-11-19 20:59:09.996393|[g:1][GossipBlockStatus]start GossipBlockStatus succ
info|2020-11-19 20:59:09.996416|[g:1][CONSENSUS][ConsensusEngine][Start ConsensusEngineBase]
info|2020-11-19 20:59:09.998461|[g:1][CONSENSUS][PBFT]^^^^^^^^Report,num=48,sealerIdx=1,hash=650f46d9...,next=49,tx=1,nodeIdx=2
info|2020-11-19 20:59:09.999181|[g:1][ROCKSDB]open rocksDB handler,path=data//group1/pbftMsgBackup/RocksDB
info|2020-11-19 20:59:10.048184|[g:1][CONSENSUS][PBFT][PBFT init env successfully]
info|2020-11-19 20:59:10.048217|[g:1][CONSENSUS][PBFT][Start PBFTEngine...]
info|2020-11-19 20:59:10.048231|[g:1][CONSENSUS][SEALER][Start sealer module]
info|2020-11-19 20:59:10.053332|[g:1][NodeTimeMaintenance]updateTimeInfo: update median time offset,updatedMedianTimeOffset=-70,peer=2fba64b0...,peerTime=1605837549983,peerOffset=-70,utcTime=1605837550053
info|2020-11-19 20:59:10.055599|[NETWORK][Host]handshakeServer succ,remote endpoint=127.0.0.1:45678
info|2020-11-19 20:59:10.055668|[P2P][Service] Connection established,nodeID=097c5791...,endpoint=127.0.0.1:45678
info|2020-11-19 20:59:10.055986|[NETWORK][Host]startPeerSession, Remote=127.0.0.1:45678,local endpoint=127.0.0.1:30301,nodeID=097c5791...
info|2020-11-19 20:59:10.056125|[NETWORK][Host]handshakeServer succ,remote endpoint=127.0.0.1:45684
info|2020-11-19 20:59:10.058226|[NETWORK][Host]startPeerSession, Remote=127.0.0.1:45684,local endpoint=127.0.0.1:30301,nodeID=2fba64b0...
info|2020-11-19 20:59:10.059821|[g:1][EVENT][EventLogFilterManager]start,m_maxBlockRange=0,m_maxBlockPerLoopFilter=3
info|2020-11-19 20:59:10.094945|[g:1][NodeTimeMaintenance]updateTimeInfo: update median time offset,updatedMedianTimeOffset=-53,peer=e3236923...,peerTime=1605837550057,peerOffset=-37,utcTime=1605837550094
info|2020-11-19 20:59:10.095154|[NETWORK][Host]handshakeClient succ,local endpoint=127.0.0.1:37116
info|2020-11-19 20:59:10.095193|[NETWORK][Host]startPeerSession, Remote=127.0.0.1:30302,local endpoint=127.0.0.1:37116,nodeID=097c5791...
info|2020-11-19 20:59:10.095296|[NETWORK][Host]handshakeClient succ,local endpoint=127.0.0.1:33642
info|2020-11-19 20:59:10.095331|[NETWORK][Host]startPeerSession, Remote=127.0.0.1:30303,local endpoint=127.0.0.1:33642,nodeID=e3236923...
info|2020-11-19 20:59:10.258573|[g:1][NodeTimeMaintenance]updateTimeInfo: update median time offset,updatedMedianTimeOffset=-37,peer=097c5791...,peerTime=1605837550258,peerOffset=0,utcTime=1605837550258
info|2020-11-19 20:59:11.154656|[g:1][CONSENSUS]addRawPrepare,height=49,reqIdx=0,hash=e8a8c581...,time=0
info|2020-11-19 20:59:11.177434|[g:1][CONSENSUS][PBFT]checkTimeout Succ,view=0,toView=1,nodeIdx=2,changeCycle=1,myNode=5ae2db1c...,timecost=1.332
info|2020-11-19 20:59:11.184736|[g:1][CONSENSUS][PBFT]checkAndChangeView: Reach consensus,org_view=0,cur_changeCycle=1,to_view=1
info|2020-11-19 20:59:12.245517|[g:1][CONSENSUS]addRawPrepare,height=49,reqIdx=1,hash=0ab9faa6...,time=0
info|2020-11-19 20:59:12.245874|[g:1][CONSENSUS][PBFT]checkTimeout Succ,view=1,toView=2,nodeIdx=2,changeCycle=1,myNode=5ae2db1c...,timecost=0.284
info|2020-11-19 20:59:12.250675|[g:1][CONSENSUS][PBFT]checkAndChangeView: Reach consensus,org_view=1,cur_changeCycle=1,to_view=2
info|2020-11-19 20:59:13.251728|[g:1][CONSENSUS][SEALER]++++++++++++++++ Generating seal on,blkNum=49,tx=0,nodeIdx=2,hash=c2e4f9ea...
info|2020-11-19 20:59:13.259711|[g:1][CONSENSUS][PBFT]checkTimeout Succ,view=2,toView=3,nodeIdx=2,changeCycle=1,myNode=5ae2db1c...,timecost=0.244
info|2020-11-19 20:59:13.261194|[g:1][CONSENSUS][PBFT]checkAndChangeView: Reach consensus,org_view=2,cur_changeCycle=1,to_view=3
info|2020-11-19 20:59:14.261768|[g:1][CONSENSUS]addRawPrepare,height=49,reqIdx=3,hash=e508e00c...,time=0
info|2020-11-19 20:59:14.262069|[g:1][CONSENSUS][PBFT]checkTimeout Succ,view=3,toView=4,nodeIdx=2,changeCycle=1,myNode=5ae2db1c...,timecost=0.266
info|2020-11-19 20:59:14.264901|[g:1][CONSENSUS][PBFT]checkAndChangeView: Reach consensus,org_view=3,cur_changeCycle=1,to_view=4
info|2020-11-19 20:59:15.269735|[g:1][CONSENSUS]addRawPrepare,height=49,reqIdx=0,hash=6425b89b...,time=0
info|2020-11-19 20:59:15.270066|[g:1][CONSENSUS][PBFT]checkTimeout Succ,view=4,toView=5,nodeIdx=2,changeCycle=1,myNode=5ae2db1c...,timecost=0.265
info|2020-11-19 20:59:15.273425|[g:1][CONSENSUS][PBFT]checkAndChangeView: Reach consensus,org_view=4,cur_changeCycle=1,to_view=5
info|2020-11-19 20:59:16.276986|[g:1][CONSENSUS]addRawPrepare,height=49,reqIdx=1,hash=3f346a0e...,time=0
info|2020-11-19 20:59:16.277314|[g:1][CONSENSUS][PBFT]checkTimeout Succ,view=5,toView=6,nodeIdx=2,changeCycle=1,myNode=5ae2db1c...,timecost=0.256
info|2020-11-19 20:59:16.282350|[g:1][CONSENSUS][PBFT]checkAndChangeView: Reach consensus,org_view=5,cur_changeCycle=1,to_view=6
info|2020-11-19 20:59:17.284011|[g:1][CONSENSUS][SEALER]++++++++++++++++ Generating seal on,blkNum=49,tx=0,nodeIdx=2,hash=8fb8b3a3...
info|2020-11-19 20:59:17.305061|[g:1][CONSENSUS][PBFT]checkTimeout Succ,view=6,toView=7,nodeIdx=2,changeCycle=1,myNode=5ae2db1c...,timecost=0.305
info|2020-11-19 20:59:17.308664|[g:1][CONSENSUS][PBFT]checkAndChangeView: Reach consensus,org_view=6,cur_changeCycle=1,to_view=7
info|2020-11-19 20:59:18.290510|[g:1][CONSENSUS]addRawPrepare,height=49,reqIdx=3,hash=41049bae...,time=0
info|2020-11-19 20:59:18.290749|[g:1][CONSENSUS][PBFT]checkTimeout Succ,view=7,toView=8,nodeIdx=2,changeCycle=1,myNode=5ae2db1c...,timecost=0.208
info|2020-11-19 20:59:18.297095|[g:1][CONSENSUS][PBFT]checkAndChangeView: Reach consensus,org_view=7,cur_changeCycle=1,to_view=8
info|2020-11-19 20:59:19.301602|[g:1][CONSENSUS]addRawPrepare,height=49,reqIdx=0,hash=4f3ae2e0...,time=0
info|2020-11-19 20:59:19.306288|[g:1][CONSENSUS][PBFT]checkTimeout Succ,view=8,toView=9,nodeIdx=2,changeCycle=1,myNode=5ae2db1c...,timecost=4.5
info|2020-11-19 20:59:19.310074|[g:1][CONSENSUS][PBFT]checkAndChangeView: Reach consensus,org_view=8,cur_changeCycle=1,to_view=9
info|2020-11-19 20:59:19.782471|[P2P][Service] heartBeat,connected count=3
info|2020-11-19 20:59:20.319242|[g:1][CONSENSUS]addRawPrepare,height=49,reqIdx=1,hash=e654b366...,time=0
info|2020-11-19 20:59:20.319632|[g:1][CONSENSUS][PBFT]checkTimeout Succ,view=9,toView=10,nodeIdx=2,changeCycle=1,myNode=5ae2db1c...,timecost=0.347
info|2020-11-19 20:59:20.323490|[g:1][CONSENSUS][PBFT]checkAndChangeView: Reach consensus,org_view=9,cur_changeCycle=1,to_view=10
info|2020-11-19 20:59:21.325484|[g:1][CONSENSUS][SEALER]++++++++++++++++ Generating seal on,blkNum=49,tx=0,nodeIdx=2,hash=239edf66...
info|2020-11-19 20:59:21.331230|[g:1][CONSENSUS][PBFT]checkTimeout Succ,view=10,toView=11,nodeIdx=2,changeCycle=1,myNode=5ae2db1c...,timecost=0.247
info|2020-11-19 20:59:21.332597|[g:1][CONSENSUS][PBFT]checkAndChangeView: Reach consensus,org_view=10,cur_changeCycle=1,to_view=11
info|2020-11-19 20:59:22.334314|[g:1][CONSENSUS]addRawPrepare,height=49,reqIdx=3,hash=202e39e3...,time=0
info|2020-11-19 20:59:22.334533|[g:1][CONSENSUS][PBFT]checkTimeout Succ,view=11,toView=12,nodeIdx=2,changeCycle=1,myNode=5ae2db1c...,timecost=0.19
info|2020-11-19 20:59:22.336868|[g:1][CONSENSUS][PBFT]checkAndChangeView: Reach consensus,org_view=11,cur_changeCycle=1,to_view=12
info|2020-11-19 20:59:23.340872|[g:1][CONSENSUS]addRawPrepare,height=49,reqIdx=0,hash=3e360dc7...,time=0
info|2020-11-19 20:59:23.341075|[g:1][CONSENSUS][PBFT]checkTimeout Succ,view=12,toView=13,nodeIdx=2,changeCycle=1,myNode=5ae2db1c...,timecost=0.179
info|2020-11-19 20:59:23.342526|[g:1][CONSENSUS][PBFT]checkAndChangeView: Reach consensus,org_view=12,cur_changeCycle=1,to_view=13
info|2020-11-19 20:59:24.345848|[g:1][CONSENSUS]addRawPrepare,height=49,reqIdx=1,hash=8189eb70...,time=0
info|2020-11-19 20:59:24.346088|[g:1][CONSENSUS][PBFT]checkTimeout Succ,view=13,toView=14,nodeIdx=2,changeCycle=1,myNode=5ae2db1c...,timecost=0.217
info|2020-11-19 20:59:24.349466|[g:1][CONSENSUS][PBFT]checkAndChangeView: Reach consensus,org_view=13,cur_changeCycle=1,to_view=14
info|2020-11-19 20:59:25.349979|[g:1][CONSENSUS][SEALER]++++++++++++++++ Generating seal on,blkNum=49,tx=0,nodeIdx=2,hash=456882ef...
info|2020-11-19 20:59:25.358256|[g:1][CONSENSUS][PBFT]checkTimeout Succ,view=14,toView=15,nodeIdx=2,changeCycle=1,myNode=5ae2db1c...,timecost=0.185
info|2020-11-19 20:59:25.359561|[g:1][CONSENSUS][PBFT]checkAndChangeView: Reach consensus,org_view=14,cur_changeCycle=1,to_view=15
info|2020-11-19 20:59:26.361269|[g:1][CONSENSUS]addRawPrepare,height=49,reqIdx=3,hash=3a383846...,time=0
info|2020-11-19 20:59:26.361699|[g:1][CONSENSUS][PBFT]checkTimeout Succ,view=15,toView=16,nodeIdx=2,changeCycle=1,myNode=5ae2db1c...,timecost=0.369
info|2020-11-19 20:59:26.369072|[g:1][CONSENSUS][PBFT]checkAndChangeView: Reach consensus,org_view=15,cur_changeCycle=1,to_view=16
info|2020-11-19 20:59:27.373450|[g:1][CONSENSUS]addRawPrepare,height=49,reqIdx=0,hash=28fefcfd...,time=0
info|2020-11-19 20:59:27.373949|[g:1][CONSENSUS][PBFT]checkTimeout Succ,view=16,toView=17,nodeIdx=2,changeCycle=1,myNode=5ae2db1c...,timecost=0.44
info|2020-11-19 20:59:27.382078|[g:1][CONSENSUS][PBFT]checkAndChangeView: Reach consensus,org_view=16,cur_changeCycle=1,to_view=17
info|2020-11-19 20:59:28.386789|[g:1][CONSENSUS]addRawPrepare,height=49,reqIdx=1,hash=d8946fa3...,time=0
info|2020-11-19 20:59:28.393686|[g:1][CONSENSUS][PBFT]checkTimeout Succ,view=17,toView=18,nodeIdx=2,changeCycle=1,myNode=5ae2db1c...,timecost=6.823
info|2020-11-19 20:59:28.398820|[g:1][CONSENSUS][PBFT]checkAndChangeView: Reach consensus,org_view=17,cur_changeCycle=1,to_view=18
info|2020-11-19 20:59:29.399844|[g:1][CONSENSUS][SEALER]++++++++++++++++ Generating seal on,blkNum=49,tx=0,nodeIdx=2,hash=57069437...
info|2020-11-19 20:59:29.411075|[g:1][CONSENSUS][PBFT]checkTimeout Succ,view=18,toView=19,nodeIdx=2,changeCycle=1,myNode=5ae2db1c...,timecost=0.398
info|2020-11-19 20:59:29.413155|[g:1][CONSENSUS][PBFT]checkAndChangeView: Reach consensus,org_view=18,cur_changeCycle=1,to_view=19
info|2020-11-19 20:59:29.782684|[P2P][Service] heartBeat,connected count=3
info|2020-11-19 20:59:30.415979|[g:1][CONSENSUS]addRawPrepare,height=49,reqIdx=3,hash=5bbf35db...,time=0
info|2020-11-19 20:59:30.416325|[g:1][CONSENSUS][PBFT]checkTimeout Succ,view=19,toView=20,nodeIdx=2,changeCycle=1,myNode=5ae2db1c...,timecost=0.315
info|2020-11-19 20:59:30.417034|[g:1][CONSENSUS][PBFT]checkAndChangeView: Reach consensus,org_view=19,cur_changeCycle=1,to_view=20
info|2020-11-19 20:59:31.422925|[g:1][CONSENSUS]addRawPrepare,height=49,reqIdx=0,hash=92da9e72...,time=1
info|2020-11-19 20:59:31.423358|[g:1][CONSENSUS][PBFT]checkTimeout Succ,view=20,toView=21,nodeIdx=2,changeCycle=1,myNode=5ae2db1c...,timecost=0.313
info|2020-11-19 20:59:31.426677|[g:1][CONSENSUS][PBFT]checkAndChangeView: Reach consensus,org_view=20,cur_changeCycle=1,to_view=21
info|2020-11-19 20:59:32.429584|[g:1][CONSENSUS]addRawPrepare,height=49,reqIdx=1,hash=663d4364...,time=0
info|2020-11-19 20:59:32.429858|[g:1][CONSENSUS][PBFT]checkTimeout Succ,view=21,toView=22,nodeIdx=2,changeCycle=1,myNode=5ae2db1c...,timecost=0.236
info|2020-11-19 20:59:32.432777|[g:1][CONSENSUS][PBFT]checkAndChangeView: Reach consensus,org_view=21,cur_changeCycle=1,to_view=22
info|2020-11-19 20:59:33.434029|[g:1][CONSENSUS][SEALER]++++++++++++++++ Generating seal on,blkNum=49,tx=0,nodeIdx=2,hash=05ddd064...
info|2020-11-19 20:59:33.441113|[g:1][CONSENSUS][PBFT]checkTimeout Succ,view=22,toView=23,nodeIdx=2,changeCycle=1,myNode=5ae2db1c...,timecost=0.269
info|2020-11-19 20:59:33.442469|[g:1][CONSENSUS][PBFT]checkAndChangeView: Reach consensus,org_view=22,cur_changeCycle=1,to_view=23
info|2020-11-19 20:59:34.444433|[g:1][CONSENSUS]addRawPrepare,height=49,reqIdx=3,hash=46f6d21a...,time=0
info|2020-11-19 20:59:34.444720|[g:1][CONSENSUS][PBFT]checkTimeout Succ,view=23,toView=24,nodeIdx=2,changeCycle=1,myNode=5ae2db1c...,timecost=0.252
info|2020-11-19 20:59:34.446917|[g:1][CONSENSUS][PBFT]checkAndChangeView: Reach consensus,org_view=23,cur_changeCycle=1,to_view=24
info|2020-11-19 20:59:35.452964|[g:1][CONSENSUS]addRawPrepare,height=49,reqIdx=0,hash=efe5ea83...,time=0
info|2020-11-19 20:59:35.453246|[g:1][CONSENSUS][PBFT]checkTimeout Succ,view=24,toView=25,nodeIdx=2,changeCycle=1,myNode=5ae2db1c...,timecost=0.249
info|2020-11-19 20:59:35.455533|[g:1][CONSENSUS][PBFT]checkAndChangeView: Reach consensus,org_view=24,cur_changeCycle=1,to_view=25
info|2020-11-19 20:59:36.459295|[g:1][CONSENSUS]addRawPrepare,height=49,reqIdx=1,hash=3a3bfa48...,time=0
info|2020-11-19 20:59:36.459593|[g:1][CONSENSUS][PBFT]checkTimeout Succ,view=25,toView=26,nodeIdx=2,changeCycle=1,myNode=5ae2db1c...,timecost=0.259
info|2020-11-19 20:59:36.463604|[g:1][CONSENSUS][PBFT]checkAndChangeView: Reach consensus,org_view=25,cur_changeCycle=1,to_view=26
info|2020-11-19 20:59:37.465201|[g:1][CONSENSUS][SEALER]++++++++++++++++ Generating seal on,blkNum=49,tx=0,nodeIdx=2,hash=7c09fffc...
info|2020-11-19 20:59:37.475169|[g:1][CONSENSUS][PBFT]checkTimeout Succ,view=26,toView=27,nodeIdx=2,changeCycle=1,myNode=5ae2db1c...,timecost=0.215
info|2020-11-19 20:59:37.476404|[g:1][CONSENSUS][PBFT]checkAndChangeView: Reach consensus,org_view=26,cur_changeCycle=1,to_view=27
info|2020-11-19 20:59:38.477840|[g:1][CONSENSUS]addRawPrepare,height=49,reqIdx=3,hash=12405340...,time=0
info|2020-11-19 20:59:38.478043|[g:1][CONSENSUS][PBFT]checkTimeout Succ,view=27,toView=28,nodeIdx=2,changeCycle=1,myNode=5ae2db1c...,timecost=0.177
info|2020-11-19 20:59:38.480129|[g:1][CONSENSUS][PBFT]checkAndChangeView: Reach consensus,org_view=27,cur_changeCycle=1,to_view=28
info|2020-11-19 20:59:39.490424|[g:1][CONSENSUS]addRawPrepare,height=49,reqIdx=0,hash=3647582e...,time=0
info|2020-11-19 20:59:39.490699|[g:1][CONSENSUS][PBFT]checkTimeout Succ,view=28,toView=29,nodeIdx=2,changeCycle=1,myNode=5ae2db1c...,timecost=0.24
info|2020-11-19 20:59:39.494138|[g:1][CONSENSUS][PBFT]checkAndChangeView: Reach consensus,org_view=28,cur_changeCycle=1,to_view=29
info|2020-11-19 20:59:39.782746|[P2P][Service] heartBeat,connected count=3
info|2020-11-19 20:59:40.496553|[g:1][CONSENSUS]addRawPrepare,height=49,reqIdx=1,hash=558a593b...,time=0
info|2020-11-19 20:59:40.498926|[g:1][CONSENSUS][PBFT]checkTimeout Succ,view=29,toView=30,nodeIdx=2,changeCycle=1,myNode=5ae2db1c...,timecost=2.34
info|2020-11-19 20:59:40.499763|[g:1][CONSENSUS][PBFT]checkAndChangeView: Reach consensus,org_view=29,cur_changeCycle=1,to_view=30
info|2020-11-19 20:59:41.499947|[g:1][CONSENSUS][SEALER]++++++++++++++++ Generating seal on,blkNum=49,tx=0,nodeIdx=2,hash=be00e2ba...
info|2020-11-19 20:59:41.508012|[g:1][CONSENSUS][PBFT]checkTimeout Succ,view=30,toView=31,nodeIdx=2,changeCycle=1,myNode=5ae2db1c...,timecost=0.283
info|2020-11-19 20:59:41.509094|[g:1][CONSENSUS][PBFT]checkAndChangeView: Reach consensus,org_view=30,cur_changeCycle=1,to_view=31
info|2020-11-19 20:59:42.510365|[g:1][CONSENSUS]addRawPrepare,height=49,reqIdx=3,hash=19dc9ae1...,time=0
info|2020-11-19 20:59:42.510663|[g:1][CONSENSUS][PBFT]checkTimeout Succ,view=31,toView=32,nodeIdx=2,changeCycle=1,myNode=5ae2db1c...,timecost=0.269
info|2020-11-19 20:59:42.513120|[g:1][CONSENSUS][PBFT]checkAndChangeView: Reach consensus,org_view=31,cur_changeCycle=1,to_view=32
info|2020-11-19 20:59:43.517423|[g:1][CONSENSUS]addRawPrepare,height=49,reqIdx=0,hash=3e17ceba...,time=0
info|2020-11-19 20:59:43.517686|[g:1][CONSENSUS][PBFT]checkTimeout Succ,view=32,toView=33,nodeIdx=2,changeCycle=1,myNode=5ae2db1c...,timecost=0.228
info|2020-11-19 20:59:43.520438|[g:1][CONSENSUS][PBFT]checkAndChangeView: Reach consensus,org_view=32,cur_changeCycle=1,to_view=33
info|2020-11-19 20:59:44.524360|[g:1][CONSENSUS]addRawPrepare,height=49,reqIdx=1,hash=8a843e03...,time=0
info|2020-11-19 20:59:44.524624|[g:1][CONSENSUS][PBFT]checkTimeout Succ,view=33,toView=34,nodeIdx=2,changeCycle=1,myNode=5ae2db1c...,timecost=0.23
info|2020-11-19 20:59:44.527174|[g:1][CONSENSUS][PBFT]checkAndChangeView: Reach consensus,org_view=33,cur_changeCycle=1,to_view=34
info|2020-11-19 20:59:45.529681|[g:1][CONSENSUS][SEALER]++++++++++++++++ Generating seal on,blkNum=49,tx=0,nodeIdx=2,hash=cb4d1d50...
info|2020-11-19 20:59:45.538953|[g:1][CONSENSUS][PBFT]checkTimeout Succ,view=34,toView=35,nodeIdx=2,changeCycle=1,myNode=5ae2db1c...,timecost=0.308
info|2020-11-19 20:59:45.540657|[g:1][CONSENSUS][PBFT]checkAndChangeView: Reach consensus,org_view=34,cur_changeCycle=1,to_view=35
info|2020-11-19 20:59:46.540536|[g:1][CONSENSUS]addRawPrepare,height=49,reqIdx=3,hash=cb08d191...,time=0
info|2020-11-19 20:59:46.540804|[g:1][CONSENSUS][PBFT]checkTimeout Succ,view=35,toView=36,nodeIdx=2,changeCycle=1,myNode=5ae2db1c...,timecost=0.236
info|2020-11-19 20:59:46.543078|[g:1][CONSENSUS][PBFT]checkAndChangeView: Reach consensus,org_view=35,cur_changeCycle=1,to_view=36
info|2020-11-19 20:59:47.548121|[g:1][CONSENSUS]addRawPrepare,height=49,reqIdx=0,hash=433deaab...,time=0
info|2020-11-19 20:59:47.548417|[g:1][CONSENSUS][PBFT]checkTimeout Succ,view=36,toView=37,nodeIdx=2,changeCycle=1,myNode=5ae2db1c...,timecost=0.258
info|2020-11-19 20:59:47.551125|[g:1][CONSENSUS][PBFT]checkAndChangeView: Reach consensus,org_view=36,cur_changeCycle=1,to_view=37
info|2020-11-19 20:59:48.554402|[g:1][CONSENSUS]addRawPrepare,height=49,reqIdx=1,hash=0b3142f3...,time=0
info|2020-11-19 20:59:48.554680|[g:1][CONSENSUS][PBFT]checkTimeout Succ,view=37,toView=38,nodeIdx=2,changeCycle=1,myNode=5ae2db1c...,timecost=0.246
info|2020-11-19 20:59:48.564019|[g:1][CONSENSUS][PBFT]checkAndChangeView: Reach consensus,org_view=37,cur_changeCycle=1,to_view=38
info|2020-11-19 20:59:49.564803|[g:1][CONSENSUS][SEALER]++++++++++++++++ Generating seal on,blkNum=49,tx=0,nodeIdx=2,hash=ca7671ac...
info|2020-11-19 20:59:49.579695|[g:1][CONSENSUS][PBFT]checkTimeout Succ,view=38,toView=39,nodeIdx=2,changeCycle=1,myNode=5ae2db1c...,timecost=1.385
info|2020-11-19 20:59:49.582660|[g:1][CONSENSUS][PBFT]checkAndChangeView: Reach consensus,org_view=38,cur_changeCycle=1,to_view=39
info|2020-11-19 20:59:49.782806|[P2P][Service] heartBeat,connected count=3
info|2020-11-19 20:59:50.582515|[g:1][CONSENSUS]addRawPrepare,height=49,reqIdx=3,hash=a78d549d...,time=0
info|2020-11-19 20:59:50.582783|[g:1][CONSENSUS][PBFT]checkTimeout Succ,view=39,toView=40,nodeIdx=2,changeCycle=1,myNode=5ae2db1c...,timecost=0.232
info|2020-11-19 20:59:50.585741|[g:1][CONSENSUS][PBFT]checkAndChangeView: Reach consensus,org_view=39,cur_changeCycle=1,to_view=40
info|2020-11-19 20:59:51.589095|[g:1][CONSENSUS]addRawPrepare,height=49,reqIdx=0,hash=cb873a5f...,time=0
info|2020-11-19 20:59:51.589427|[g:1][CONSENSUS][PBFT]checkTimeout Succ,view=40,toView=41,nodeIdx=2,changeCycle=1,myNode=5ae2db1c...,timecost=0.218
info|2020-11-19 20:59:51.596669|[g:1][CONSENSUS][PBFT]checkAndChangeView: Reach consensus,org_view=40,cur_changeCycle=1,to_view=41
info|2020-11-19 20:59:52.601409|[g:1][CONSENSUS]addRawPrepare,height=49,reqIdx=1,hash=f117392d...,time=0
info|2020-11-19 20:59:52.601692|[g:1][CONSENSUS][PBFT]checkTimeout Succ,view=41,toView=42,nodeIdx=2,changeCycle=1,myNode=5ae2db1c...,timecost=0.247
info|2020-11-19 20:59:52.602505|[g:1][CONSENSUS][PBFT]checkAndChangeView: Reach consensus,org_view=41,cur_changeCycle=1,to_view=42
info|2020-11-19 20:59:53.603138|[g:1][CONSENSUS][SEALER]++++++++++++++++ Generating seal on,blkNum=49,tx=0,nodeIdx=2,hash=78f6a81f...
info|2020-11-19 20:59:53.610974|[g:1][CONSENSUS][PBFT]checkTimeout Succ,view=42,toView=43,nodeIdx=2,changeCycle=1,myNode=5ae2db1c...,timecost=0.271
info|2020-11-19 20:59:53.613149|[g:1][CONSENSUS][PBFT]checkAndChangeView: Reach consensus,org_view=42,cur_changeCycle=1,to_view=43
info|2020-11-19 20:59:54.612941|[g:1][CONSENSUS]addRawPrepare,height=49,reqIdx=3,hash=76ca7a26...,time=0
info|2020-11-19 20:59:54.613232|[g:1][CONSENSUS][PBFT]checkTimeout Succ,view=43,toView=44,nodeIdx=2,changeCycle=1,myNode=5ae2db1c...,timecost=0.256
info|2020-11-19 20:59:54.615712|[g:1][CONSENSUS][PBFT]checkAndChangeView: Reach consensus,org_view=43,cur_changeCycle=1,to_view=44
info|2020-11-19 20:59:55.622101|[g:1][CONSENSUS]addRawPrepare,height=49,reqIdx=0,hash=cd1c6e11...,time=0
info|2020-11-19 20:59:55.622410|[g:1][CONSENSUS][PBFT]checkTimeout Succ,view=44,toView=45,nodeIdx=2,changeCycle=1,myNode=5ae2db1c...,timecost=0.277
info|2020-11-19 20:59:55.626259|[g:1][CONSENSUS][PBFT]checkAndChangeView: Reach consensus,org_view=44,cur_changeCycle=1,to_view=45
info|2020-11-19 20:59:56.630262|[g:1][CONSENSUS]addRawPrepare,height=49,reqIdx=1,hash=ded06d03...,time=0
info|2020-11-19 20:59:56.630608|[g:1][CONSENSUS][PBFT]checkTimeout Succ,view=45,toView=46,nodeIdx=2,changeCycle=1,myNode=5ae2db1c...,timecost=0.297
info|2020-11-19 20:59:56.636118|[g:1][CONSENSUS][PBFT]checkAndChangeView: Reach consensus,org_view=45,cur_changeCycle=1,to_view=46
info|2020-11-19 20:59:57.635760|[g:1][CONSENSUS][SEALER]++++++++++++++++ Generating seal on,blkNum=49,tx=0,nodeIdx=2,hash=bf02c7d6...
info|2020-11-19 20:59:57.643038|[g:1][CONSENSUS][PBFT]checkTimeout Succ,view=46,toView=47,nodeIdx=2,changeCycle=1,myNode=5ae2db1c...,timecost=0.314
info|2020-11-19 20:59:57.645570|[g:1][CONSENSUS][PBFT]checkAndChangeView: Reach consensus,org_view=46,cur_changeCycle=1,to_view=47
info|2020-11-19 20:59:58.646566|[g:1][CONSENSUS]addRawPrepare,height=49,reqIdx=3,hash=72edfb85...,time=0
info|2020-11-19 20:59:58.646962|[g:1][CONSENSUS][PBFT]checkTimeout Succ,view=47,toView=48,nodeIdx=2,changeCycle=1,myNode=5ae2db1c...,timecost=0.352
info|2020-11-19 20:59:58.651125|[g:1][CONSENSUS][PBFT]checkAndChangeView: Reach consensus,org_view=47,cur_changeCycle=1,to_view=48
info|2020-11-19 20:59:59.653687|[g:1][CONSENSUS]addRawPrepare,height=49,reqIdx=0,hash=b7b23696...,time=0
info|2020-11-19 20:59:59.653979|[g:1][CONSENSUS][PBFT]checkTimeout Succ,view=48,toView=49,nodeIdx=2,changeCycle=1,myNode=5ae2db1c...,timecost=0.255
info|2020-11-19 20:59:59.659162|[g:1][CONSENSUS][PBFT]checkAndChangeView: Reach consensus,org_view=48,cur_changeCycle=1,to_view=49
info|2020-11-19 20:59:59.782876|[P2P][Service] heartBeat,connected count=3
